Log file open, 08/25/24 18:37:22
LogWindows: Failed to load 'aqProf.dll' (GetLastError=126)
LogWindows: File 'aqProf.dll' does not exist
LogWindows: Failed to load 'VtuneApi.dll' (GetLastError=126)
LogWindows: File 'VtuneApi.dll' does not exist
LogWindows: Failed to load 'VtuneApi32e.dll' (GetLastError=126)
LogWindows: File 'VtuneApi32e.dll' does not exist
LogConsoleResponse: Display: Failed to find resolution value strings in scalability ini. Falling back to default.
LogInit: Display: Running engine for game: MarilaOubreaks
LogPakFile: Registered encryption key '00000000000000000000000000000000': 0 pak files mounted, 0 remain pending
LogPlatformFile: Not using cached read wrapper
LogTaskGraph: Started task graph with 5 named threads and 35 total threads with 3 sets of task threads.
LogStats: Stats thread started at 0.542462
LogD3D11RHI: Loaded GFSDK_Aftermath_Lib.x64.dll
LogICUInternationalization: ICU TimeZone Detection - Raw Offset: +8:00, Platform Override: ''
LogPluginManager: Mounting plugin Paper2D
LogPluginManager: Mounting plugin AISupport
LogPluginManager: Mounting plugin LightPropagationVolume
LogPluginManager: Mounting plugin ActorLayerUtilities
LogPluginManager: Mounting plugin AnimationSharing
LogPluginManager: Mounting plugin CLionSourceCodeAccess
LogPluginManager: Mounting plugin CodeLiteSourceCodeAccess
LogPluginManager: Mounting plugin GitSourceControl
LogPluginManager: Mounting plugin KDevelopSourceCodeAccess
LogPluginManager: Mounting plugin NullSourceCodeAccess
LogPluginManager: Mounting plugin PerforceSourceControl
LogPluginManager: Mounting plugin SubversionSourceControl
LogPluginManager: Mounting plugin UObjectPlugin
LogPluginManager: Mounting plugin VisualStudioCodeSourceCodeAccess
LogPluginManager: Mounting plugin VisualStudioSourceCodeAccess
LogPluginManager: Mounting plugin XCodeSourceCodeAccess
LogPluginManager: Mounting plugin AssetManagerEditor
LogPluginManager: Mounting plugin CryptoKeys
LogPluginManager: Mounting plugin DataValidation
LogPluginManager: Mounting plugin FacialAnimation
LogPluginManager: Mounting plugin GameplayTagsEditor
LogPluginManager: Mounting plugin MacGraphicsSwitching
LogPluginManager: Mounting plugin MaterialAnalyzer
LogPluginManager: Mounting plugin MobileLauncherProfileWizard
LogPluginManager: Mounting plugin PluginBrowser
LogPluginManager: Mounting plugin SpeedTreeImporter
LogPluginManager: Mounting plugin DatasmithContent
LogPluginManager: Mounting plugin VariantManagerContent
LogPluginManager: Mounting plugin AlembicImporter
LogPluginManager: Mounting plugin AppleImageUtils
LogPluginManager: Mounting plugin AppleVision
LogPluginManager: Mounting plugin BackChannel
LogPluginManager: Mounting plugin CharacterAI
LogPluginManager: Mounting plugin GeometryCache
LogPluginManager: Mounting plugin HTML5Networking
LogPluginManager: Mounting plugin ProxyLODPlugin
LogPluginManager: Mounting plugin SkeletalReduction
LogPluginManager: Mounting plugin MagicLeap
LogPluginManager: Mounting plugin MagicLeapMedia
LogPluginManager: Mounting plugin AndroidMedia
LogPluginManager: Mounting plugin AvfMedia
LogPluginManager: Mounting plugin ImgMedia
LogPluginManager: Mounting plugin LinearTimecode
LogPluginManager: Mounting plugin MediaCompositing
LogPluginManager: Mounting plugin MediaPlayerEditor
LogPluginManager: Mounting plugin WebMMedia
LogPluginManager: Mounting plugin WmfMedia
LogPluginManager: Mounting plugin TcpMessaging
LogPluginManager: Mounting plugin UdpMessaging
LogPluginManager: Mounting plugin ActorSequence
LogPluginManager: Mounting plugin LevelSequenceEditor
LogPluginManager: Mounting plugin MatineeToLevelSequence
LogPluginManager: Mounting plugin NetcodeUnitTest
LogPluginManager: Mounting plugin NUTUnrealEngine4
LogPluginManager: Mounting plugin OnlineSubsystemGooglePlay
LogPluginManager: Mounting plugin OnlineSubsystemIOS
LogPluginManager: Mounting plugin OnlineSubsystem
LogPluginManager: Mounting plugin OnlineSubsystemNull
LogPluginManager: Mounting plugin OnlineSubsystemUtils
LogPluginManager: Mounting plugin LauncherChunkInstaller
LogPluginManager: Mounting plugin AndroidDeviceProfileSelector
LogPluginManager: Mounting plugin AndroidMoviePlayer
LogPluginManager: Mounting plugin AndroidPermission
LogPluginManager: Mounting plugin AppleMoviePlayer
LogPluginManager: Mounting plugin ArchVisCharacter
LogPluginManager: Mounting plugin AudioCapture
LogPluginManager: Mounting plugin CableComponent
LogPluginManager: Mounting plugin CustomMeshComponent
LogPluginManager: Mounting plugin EditableMesh
LogPluginManager: Mounting plugin ExampleDeviceProfileSelector
LogPluginManager: Mounting plugin Firebase
LogPluginManager: Mounting plugin GoogleCloudMessaging
LogPluginManager: Mounting plugin IOSDeviceProfileSelector
LogPluginManager: Mounting plugin LinuxDeviceProfileSelector
LogPluginManager: Mounting plugin LocationServicesBPLibrary
LogPluginManager: Mounting plugin MobilePatchingUtils
LogPluginManager: Mounting plugin OculusVR
LogPluginManager: Mounting plugin PhysXVehicles
LogPluginManager: Mounting plugin ProceduralMeshComponent
LogPluginManager: Mounting plugin RuntimePhysXCooking
LogPluginManager: Mounting plugin SignificanceManager
LogPluginManager: Mounting plugin SteamVR
LogPluginManager: Mounting plugin WebMMoviePlayer
LogPluginManager: Mounting plugin WindowsMoviePlayer
LogInit: Using libcurl 7.55.1-DEV
LogInit:  - built for x86_64-pc-win32
LogInit:  - supports SSL with OpenSSL/1.1.1
LogInit:  - supports HTTP deflate (compression) using libz 1.2.8
LogInit:  - other features:
LogInit:      CURL_VERSION_SSL
LogInit:      CURL_VERSION_LIBZ
LogInit:      CURL_VERSION_IPV6
LogInit:      CURL_VERSION_ASYNCHDNS
LogInit:      CURL_VERSION_LARGEFILE
LogInit:      CURL_VERSION_IDN
LogInit:  CurlRequestOptions (configurable via config and command line):
LogInit:  - bVerifyPeer = true  - Libcurl will verify peer certificate
LogInit:  - bUseHttpProxy = false  - Libcurl will NOT use HTTP proxy
LogInit:  - bDontReuseConnections = false  - Libcurl will reuse connections
LogInit:  - MaxHostConnections = 16  - Libcurl will limit the number of connections to a host
LogInit:  - LocalHostAddr = Default
LogInit:  - BufferSize = 65536
LogInit: WinSock: version 1.1 (2.2), MaxSocks=32767, MaxUdp=65467
LogInit: Build: ++UE4+Release-4.22-CL-7053642
LogInit: Engine Version: 4.22.3-7053642+++UE4+Release-4.22
LogInit: Compatible Engine Version: 4.22.0-5660361+++UE4+Release-4.22
LogInit: Net CL: 5660361
LogInit: OS: Windows 10 (Release 2009) (), CPU: AMD Ryzen 5 5500U with Radeon Graphics         , GPU: AMD Radeon(TM) Graphics
LogInit: Compiled (64-bit): Jun 18 2019 03:09:11
LogInit: Compiled with Visual C++: 19.16.27025.01
LogInit: Build Configuration: Development
LogInit: Branch Name: ++UE4+Release-4.22
LogInit: Command Line: 
LogInit: Base Directory: C:/Program Files/Epic Games/UE_4.22/Engine/Binaries/Win64/
LogInit: Installed Engine Build: 1
LogDevObjectVersion: Number of dev versions registered: 23
LogDevObjectVersion:   Dev-Blueprints (B0D832E4-1F89-4F0D-ACCF-7EB736FD4AA2): 10
LogDevObjectVersion:   Dev-Build (E1C64328-A22C-4D53-A36C-8E866417BD8C): 0
LogDevObjectVersion:   Dev-Core (375EC13C-06E4-48FB-B500-84F0262A717E): 3
LogDevObjectVersion:   Dev-Editor (E4B068ED-F494-42E9-A231-DA0B2E46BB41): 30
LogDevObjectVersion:   Dev-Framework (CFFC743F-43B0-4480-9391-14DF171D2073): 35
LogDevObjectVersion:   Dev-Mobile (B02B49B5-BB20-44E9-A304-32B752E40360): 2
LogDevObjectVersion:   Dev-Networking (A4E4105C-59A1-49B5-A7C5-40C4547EDFEE): 0
LogDevObjectVersion:   Dev-Online (39C831C9-5AE6-47DC-9A44-9C173E1C8E7C): 0
LogDevObjectVersion:   Dev-Physics (78F01B33-EBEA-4F98-B9B4-84EACCB95AA2): 0
LogDevObjectVersion:   Dev-Platform (6631380F-2D4D-43E0-8009-CF276956A95A): 0
LogDevObjectVersion:   Dev-Rendering (12F88B9F-8875-4AFC-A67C-D90C383ABD29): 28
LogDevObjectVersion:   Dev-Sequencer (7B5AE74C-D270-4C10-A958-57980B212A5A): 11
LogDevObjectVersion:   Dev-VR (D7296918-1DD6-4BDD-9DE2-64A83CC13884): 2
LogDevObjectVersion:   Dev-LoadTimes (C2A15278-BFE7-4AFE-6C17-90FF531DF755): 1
LogDevObjectVersion:   Private-Geometry (6EACA3D4-40EC-4CC1-B786-8BED09428FC5): 3
LogDevObjectVersion:   Dev-AnimPhys (29E575DD-E0A3-4627-9D10-D276232CDCEA): 17
LogDevObjectVersion:   Dev-Anim (AF43A65D-7FD3-4947-9873-3E8ED9C1BB05): 2
LogDevObjectVersion:   Dev-ReflectionCapture (6B266CEC-1EC7-4B8F-A30B-E4D90942FC07): 1
LogDevObjectVersion:   Dev-Automation (0DF73D61-A23F-47EA-B727-89E90C41499A): 1
LogDevObjectVersion:   FortniteMain (601D1886-AC64-4F84-AA16-D3DE0DEAC7D6): 25
LogDevObjectVersion:   Dev-Enterprise (9DFFBCD6-494F-0158-E221-12823C92A888): 6
LogDevObjectVersion:   Dev-Niagara (F2AED0AC-9AFE-416F-8664-AA7FFA26D6FC): 1
LogDevObjectVersion:   Dev-Destruction (174F1F0B-B4C6-45A5-B13F-2EE8D0FB917D): 2
LogInit: Presizing for max 16777216 objects, including 0 objects not considered by GC, pre-allocating 0 bytes for permanent pool.
LogInit: Object subsystem initialized
LogConfig: Setting CVar [[con.DebugEarlyDefault:1]]
LogConfig: Setting CVar [[r.setres:1280x720]]
[2024.08.25-10.37.22:612][  0]LogConfig: Setting CVar [[r.VSync:0]]
[2024.08.25-10.37.22:612][  0]LogConfig: Setting CVar [[r.RHICmdBypass:0]]
[2024.08.25-10.37.22:612][  0]LogConfig: Applying CVar settings from Section [/Script/Engine.RendererSettings] File [C:/Users/markr/MarilaOutbreak/ManilaOutbreak-Game/MarilaOubreaks/Saved/Config/Windows/Engine.ini]
[2024.08.25-10.37.22:612][  0]LogConfig: Setting CVar [[r.GPUCrashDebugging:0]]
[2024.08.25-10.37.22:612][  0]LogConfig: Applying CVar settings from Section [/Script/Engine.RendererOverrideSettings] File [C:/Users/markr/MarilaOutbreak/ManilaOutbreak-Game/MarilaOubreaks/Saved/Config/Windows/Engine.ini]
[2024.08.25-10.37.22:612][  0]LogConfig: Applying CVar settings from Section [/Script/Engine.StreamingSettings] File [C:/Users/markr/MarilaOutbreak/ManilaOutbreak-Game/MarilaOubreaks/Saved/Config/Windows/Engine.ini]
[2024.08.25-10.37.22:612][  0]LogConfig: Setting CVar [[s.MinBulkDataSizeForAsyncLoading:131072]]
[2024.08.25-10.37.22:612][  0]LogConfig: Setting CVar [[s.AsyncLoadingThreadEnabled:0]]
[2024.08.25-10.37.22:612][  0]LogConfig: Setting CVar [[s.EventDrivenLoaderEnabled:1]]
[2024.08.25-10.37.22:612][  0]LogConfig: Setting CVar [[s.WarnIfTimeLimitExceeded:0]]
[2024.08.25-10.37.22:612][  0]LogConfig: Setting CVar [[s.TimeLimitExceededMultiplier:1.5]]
[2024.08.25-10.37.22:612][  0]LogConfig: Setting CVar [[s.TimeLimitExceededMinTime:0.005]]
[2024.08.25-10.37.22:612][  0]LogConfig: Setting CVar [[s.UseBackgroundLevelStreaming:1]]
[2024.08.25-10.37.22:612][  0]LogConfig: Setting CVar [[s.PriorityAsyncLoadingExtraTime:15.0]]
[2024.08.25-10.37.22:612][  0]LogConfig: Setting CVar [[s.LevelStreamingActorsUpdateTimeLimit:5.0]]
[2024.08.25-10.37.22:612][  0]LogConfig: Setting CVar [[s.PriorityLevelStreamingActorsUpdateExtraTime:5.0]]
[2024.08.25-10.37.22:612][  0]LogConfig: Setting CVar [[s.LevelStreamingComponentsRegistrationGranularity:10]]
[2024.08.25-10.37.22:612][  0]LogConfig: Setting CVar [[s.UnregisterComponentsTimeLimit:1.0]]
[2024.08.25-10.37.22:612][  0]LogConfig: Setting CVar [[s.LevelStreamingComponentsUnregistrationGranularity:5]]
[2024.08.25-10.37.22:612][  0]LogConfig: Applying CVar settings from Section [/Script/Engine.GarbageCollectionSettings] File [C:/Users/markr/MarilaOutbreak/ManilaOutbreak-Game/MarilaOubreaks/Saved/Config/Windows/Engine.ini]
[2024.08.25-10.37.22:612][  0]LogConfig: Setting CVar [[gc.MaxObjectsNotConsideredByGC:1]]
[2024.08.25-10.37.22:612][  0]LogConfig: Setting CVar [[gc.SizeOfPermanentObjectPool:0]]
[2024.08.25-10.37.22:612][  0]LogConfig: Setting CVar [[gc.FlushStreamingOnGC:0]]
[2024.08.25-10.37.22:612][  0]LogConfig: Setting CVar [[gc.NumRetriesBeforeForcingGC:10]]
[2024.08.25-10.37.22:612][  0]LogConfig: Setting CVar [[gc.AllowParallelGC:1]]
[2024.08.25-10.37.22:612][  0]LogConfig: Setting CVar [[gc.TimeBetweenPurgingPendingKillObjects:61.1]]
[2024.08.25-10.37.22:612][  0]LogConfig: Setting CVar [[gc.MaxObjectsInEditor:16777216]]
[2024.08.25-10.37.22:612][  0]LogConfig: Setting CVar [[gc.IncrementalBeginDestroyEnabled:1]]
[2024.08.25-10.37.22:612][  0]LogConfig: Setting CVar [[gc.CreateGCClusters:1]]
[2024.08.25-10.37.22:612][  0]LogConfig: Setting CVar [[gc.MinGCClusterSize:5]]
[2024.08.25-10.37.22:612][  0]LogConfig: Setting CVar [[gc.ActorClusteringEnabled:0]]
[2024.08.25-10.37.22:612][  0]LogConfig: Setting CVar [[gc.BlueprintClusteringEnabled:0]]
[2024.08.25-10.37.22:612][  0]LogConfig: Setting CVar [[gc.UseDisregardForGCOnDedicatedServers:0]]
[2024.08.25-10.37.22:612][  0]LogConfig: Applying CVar settings from Section [/Script/Engine.NetworkSettings] File [C:/Users/markr/MarilaOutbreak/ManilaOutbreak-Game/MarilaOubreaks/Saved/Config/Windows/Engine.ini]
[2024.08.25-10.37.22:612][  0]LogConfig: Applying CVar settings from Section [/Script/UnrealEd.CookerSettings] File [C:/Users/markr/MarilaOutbreak/ManilaOutbreak-Game/MarilaOubreaks/Saved/Config/Windows/Engine.ini]
[2024.08.25-10.37.22:616][  0]LogConfig: Applying CVar settings from Section [ViewDistanceQuality@3] File [C:/Users/markr/MarilaOutbreak/ManilaOutbreak-Game/MarilaOubreaks/Saved/Config/Windows/Scalability.ini]
[2024.08.25-10.37.22:616][  0]LogConfig: Setting CVar [[r.SkeletalMeshLODBias:0]]
[2024.08.25-10.37.22:616][  0]LogConfig: Setting CVar [[r.ViewDistanceScale:1.0]]
[2024.08.25-10.37.22:616][  0]LogConfig: Applying CVar settings from Section [AntiAliasingQuality@3] File [C:/Users/markr/MarilaOutbreak/ManilaOutbreak-Game/MarilaOubreaks/Saved/Config/Windows/Scalability.ini]
[2024.08.25-10.37.22:616][  0]LogConfig: Setting CVar [[r.PostProcessAAQuality:4]]
[2024.08.25-10.37.22:616][  0]LogConfig: Applying CVar settings from Section [ShadowQuality@3] File [C:/Users/markr/MarilaOutbreak/ManilaOutbreak-Game/MarilaOubreaks/Saved/Config/Windows/Scalability.ini]
[2024.08.25-10.37.22:616][  0]LogConfig: Setting CVar [[r.LightFunctionQuality:1]]
[2024.08.25-10.37.22:616][  0]LogConfig: Setting CVar [[r.ShadowQuality:5]]
[2024.08.25-10.37.22:616][  0]LogConfig: Setting CVar [[r.Shadow.CSM.MaxCascades:10]]
[2024.08.25-10.37.22:616][  0]LogConfig: Setting CVar [[r.Shadow.MaxResolution:2048]]
[2024.08.25-10.37.22:616][  0]LogConfig: Setting CVar [[r.Shadow.MaxCSMResolution:2048]]
[2024.08.25-10.37.22:616][  0]LogConfig: Setting CVar [[r.Shadow.RadiusThreshold:0.01]]
[2024.08.25-10.37.22:616][  0]LogConfig: Setting CVar [[r.Shadow.DistanceScale:1.0]]
[2024.08.25-10.37.22:616][  0]LogConfig: Setting CVar [[r.Shadow.CSM.TransitionScale:1.0]]
[2024.08.25-10.37.22:616][  0]LogConfig: Setting CVar [[r.Shadow.PreShadowResolutionFactor:1.0]]
[2024.08.25-10.37.22:616][  0]LogConfig: Setting CVar [[r.DistanceFieldShadowing:1]]
[2024.08.25-10.37.22:616][  0]LogConfig: Setting CVar [[r.DistanceFieldAO:1]]
[2024.08.25-10.37.22:616][  0]LogConfig: Setting CVar [[r.AOQuality:2]]
[2024.08.25-10.37.22:616][  0]LogConfig: Setting CVar [[r.VolumetricFog:1]]
[2024.08.25-10.37.22:616][  0]LogConfig: Setting CVar [[r.VolumetricFog.GridPixelSize:8]]
[2024.08.25-10.37.22:616][  0]LogConfig: Setting CVar [[r.VolumetricFog.GridSizeZ:128]]
[2024.08.25-10.37.22:616][  0]LogConfig: Setting CVar [[r.VolumetricFog.HistoryMissSupersampleCount:4]]
[2024.08.25-10.37.22:616][  0]LogConfig: Setting CVar [[r.LightMaxDrawDistanceScale:1]]
[2024.08.25-10.37.22:616][  0]LogConfig: Setting CVar [[r.CapsuleShadows:1]]
[2024.08.25-10.37.22:616][  0]LogConfig: Applying CVar settings from Section [PostProcessQuality@3] File [C:/Users/markr/MarilaOutbreak/ManilaOutbreak-Game/MarilaOubreaks/Saved/Config/Windows/Scalability.ini]
[2024.08.25-10.37.22:616][  0]LogConfig: Setting CVar [[r.MotionBlurQuality:4]]
[2024.08.25-10.37.22:616][  0]LogConfig: Setting CVar [[r.AmbientOcclusionMipLevelFactor:0.4]]
[2024.08.25-10.37.22:616][  0]LogConfig: Setting CVar [[r.AmbientOcclusionMaxQuality:100]]
[2024.08.25-10.37.22:616][  0]LogConfig: Setting CVar [[r.AmbientOcclusionLevels:-1]]
[2024.08.25-10.37.22:616][  0]LogConfig: Setting CVar [[r.AmbientOcclusionRadiusScale:1.0]]
[2024.08.25-10.37.22:616][  0]LogConfig: Setting CVar [[r.DepthOfFieldQuality:2]]
[2024.08.25-10.37.22:616][  0]LogConfig: Setting CVar [[r.RenderTargetPoolMin:400]]
[2024.08.25-10.37.22:616][  0]LogConfig: Setting CVar [[r.LensFlareQuality:2]]
[2024.08.25-10.37.22:616][  0]LogConfig: Setting CVar [[r.SceneColorFringeQuality:1]]
[2024.08.25-10.37.22:616][  0]LogConfig: Setting CVar [[r.EyeAdaptationQuality:2]]
[2024.08.25-10.37.22:616][  0]LogConfig: Setting CVar [[r.BloomQuality:5]]
[2024.08.25-10.37.22:616][  0]LogConfig: Setting CVar [[r.FastBlurThreshold:100]]
[2024.08.25-10.37.22:616][  0]LogConfig: Setting CVar [[r.Upscale.Quality:3]]
[2024.08.25-10.37.22:616][  0]LogConfig: Setting CVar [[r.Tonemapper.GrainQuantization:1]]
[2024.08.25-10.37.22:616][  0]LogConfig: Setting CVar [[r.LightShaftQuality:1]]
[2024.08.25-10.37.22:616][  0]LogConfig: Setting CVar [[r.Filter.SizeScale:1]]
[2024.08.25-10.37.22:616][  0]LogConfig: Setting CVar [[r.Tonemapper.Quality:5]]
[2024.08.25-10.37.22:616][  0]LogConfig: Setting CVar [[r.DOF.Gather.AccumulatorQuality:1        ; higher gathering accumulator quality]]
[2024.08.25-10.37.22:616][  0]LogConfig: Setting CVar [[r.DOF.Gather.PostfilterMethod:1          ; Median3x3 postfilering method]]
[2024.08.25-10.37.22:616][  0]LogConfig: Setting CVar [[r.DOF.Gather.EnableBokehSettings:0       ; no bokeh simulation when gathering]]
[2024.08.25-10.37.22:616][  0]LogConfig: Setting CVar [[r.DOF.Gather.RingCount:4                 ; medium number of samples when gathering]]
[2024.08.25-10.37.22:616][  0]LogConfig: Setting CVar [[r.DOF.Scatter.ForegroundCompositing:1    ; additive foreground scattering]]
[2024.08.25-10.37.22:616][  0]LogConfig: Setting CVar [[r.DOF.Scatter.BackgroundCompositing:2    ; additive background scattering]]
[2024.08.25-10.37.22:616][  0]LogConfig: Setting CVar [[r.DOF.Scatter.EnableBokehSettings:1      ; bokeh simulation when scattering]]
[2024.08.25-10.37.22:616][  0]LogConfig: Setting CVar [[r.DOF.Scatter.MaxSpriteRatio:0.1         ; only a maximum of 10% of scattered bokeh]]
[2024.08.25-10.37.22:616][  0]LogConfig: Setting CVar [[r.DOF.Recombine.Quality:1                ; cheap slight out of focus]]
[2024.08.25-10.37.22:616][  0]LogConfig: Setting CVar [[r.DOF.Recombine.EnableBokehSettings:0    ; no bokeh simulation on slight out of focus]]
[2024.08.25-10.37.22:616][  0]LogConfig: Setting CVar [[r.DOF.TemporalAAQuality:1                ; more stable temporal accumulation]]
[2024.08.25-10.37.22:616][  0]LogConfig: Setting CVar [[r.DOF.Kernel.MaxForegroundRadius:0.025]]
[2024.08.25-10.37.22:616][  0]LogConfig: Setting CVar [[r.DOF.Kernel.MaxBackgroundRadius:0.025]]
[2024.08.25-10.37.22:616][  0]LogConfig: Applying CVar settings from Section [TextureQuality@3] File [C:/Users/markr/MarilaOutbreak/ManilaOutbreak-Game/MarilaOubreaks/Saved/Config/Windows/Scalability.ini]
[2024.08.25-10.37.22:616][  0]LogConfig: Setting CVar [[r.Streaming.MipBias:0]]
[2024.08.25-10.37.22:616][  0]LogConfig: Setting CVar [[r.Streaming.AmortizeCPUToGPUCopy:0]]
[2024.08.25-10.37.22:616][  0]LogConfig: Setting CVar [[r.Streaming.MaxNumTexturesToStreamPerFrame:0]]
[2024.08.25-10.37.22:616][  0]LogConfig: Setting CVar [[r.Streaming.Boost:1]]
[2024.08.25-10.37.22:616][  0]LogConfig: Setting CVar [[r.MaxAnisotropy:8]]
[2024.08.25-10.37.22:616][  0]LogConfig: Setting CVar [[r.Streaming.LimitPoolSizeToVRAM:0]]
[2024.08.25-10.37.22:616][  0]LogConfig: Setting CVar [[r.Streaming.PoolSize:1000]]
[2024.08.25-10.37.22:616][  0]LogConfig: Setting CVar [[r.Streaming.MaxEffectiveScreenSize:0]]
[2024.08.25-10.37.22:616][  0]LogConfig: Applying CVar settings from Section [EffectsQuality@3] File [C:/Users/markr/MarilaOutbreak/ManilaOutbreak-Game/MarilaOubreaks/Saved/Config/Windows/Scalability.ini]
[2024.08.25-10.37.22:616][  0]LogConfig: Setting CVar [[r.TranslucencyLightingVolumeDim:64]]
[2024.08.25-10.37.22:616][  0]LogConfig: Setting CVar [[r.RefractionQuality:2]]
[2024.08.25-10.37.22:616][  0]LogConfig: Setting CVar [[r.SSR.Quality:3]]
[2024.08.25-10.37.22:616][  0]LogConfig: Setting CVar [[r.SceneColorFormat:4]]
[2024.08.25-10.37.22:616][  0]LogConfig: Setting CVar [[r.DetailMode:2]]
[2024.08.25-10.37.22:616][  0]LogConfig: Setting CVar [[r.TranslucencyVolumeBlur:1]]
[2024.08.25-10.37.22:616][  0]LogConfig: Setting CVar [[r.MaterialQualityLevel:1 ; High quality]]
[2024.08.25-10.37.22:616][  0]LogConfig: Setting CVar [[r.SSS.Scale:1]]
[2024.08.25-10.37.22:616][  0]LogConfig: Setting CVar [[r.SSS.SampleSet:2]]
[2024.08.25-10.37.22:616][  0]LogConfig: Setting CVar [[r.SSS.Quality:1]]
[2024.08.25-10.37.22:616][  0]LogConfig: Setting CVar [[r.SSS.HalfRes:1]]
[2024.08.25-10.37.22:616][  0]LogConfig: Setting CVar [[r.EmitterSpawnRateScale:1.0]]
[2024.08.25-10.37.22:616][  0]LogConfig: Setting CVar [[r.ParticleLightQuality:2]]
[2024.08.25-10.37.22:616][  0]LogConfig: Applying CVar settings from Section [FoliageQuality@3] File [C:/Users/markr/MarilaOutbreak/ManilaOutbreak-Game/MarilaOubreaks/Saved/Config/Windows/Scalability.ini]
[2024.08.25-10.37.22:616][  0]LogConfig: Setting CVar [[foliage.DensityScale:1.0]]
[2024.08.25-10.37.22:616][  0]LogConfig: Setting CVar [[grass.DensityScale:1.0]]
[2024.08.25-10.37.22:616][  0]LogInit: Selected Device Profile: [Windows]
[2024.08.25-10.37.22:616][  0]LogInit: Applying CVar settings loaded from the selected device profile: [Windows]
[2024.08.25-10.37.22:624][  0]LogHAL: Display: Platform has ~ 8 GB [7879598080 / 8589934592 / 8], which maps to Default [LargestMinGB=32, LargerMinGB=12, DefaultMinGB=8, SmallerMinGB=6, SmallestMinGB=0)
[2024.08.25-10.37.22:624][  0]LogConfig: Setting CVar [[r.Vulkan.UseRealUBs:0		; Required until we fix HLR fall-out]]
[2024.08.25-10.37.22:624][  0]LogInit: Going up to parent DeviceProfile []
[2024.08.25-10.37.22:624][  0]LogConfig: Applying CVar settings from Section [ViewDistanceQuality@2] File [C:/Users/markr/MarilaOutbreak/ManilaOutbreak-Game/MarilaOubreaks/Saved/Config/Windows/Scalability.ini]
[2024.08.25-10.37.22:624][  0]LogConfig: Setting CVar [[r.SkeletalMeshLODBias:0]]
[2024.08.25-10.37.22:624][  0]LogConfig: Setting CVar [[r.ViewDistanceScale:0.8]]
[2024.08.25-10.37.22:624][  0]LogConfig: Applying CVar settings from Section [AntiAliasingQuality@2] File [C:/Users/markr/MarilaOutbreak/ManilaOutbreak-Game/MarilaOubreaks/Saved/Config/Windows/Scalability.ini]
[2024.08.25-10.37.22:624][  0]LogConfig: Setting CVar [[r.PostProcessAAQuality:3]]
[2024.08.25-10.37.22:624][  0]LogConfig: Applying CVar settings from Section [ShadowQuality@2] File [C:/Users/markr/MarilaOutbreak/ManilaOutbreak-Game/MarilaOubreaks/Saved/Config/Windows/Scalability.ini]
[2024.08.25-10.37.22:624][  0]LogConfig: Setting CVar [[r.LightFunctionQuality:1]]
[2024.08.25-10.37.22:624][  0]LogConfig: Setting CVar [[r.ShadowQuality:5]]
[2024.08.25-10.37.22:624][  0]LogConfig: Setting CVar [[r.Shadow.CSM.MaxCascades:4]]
[2024.08.25-10.37.22:624][  0]LogConfig: Setting CVar [[r.Shadow.MaxResolution:1024]]
[2024.08.25-10.37.22:624][  0]LogConfig: Setting CVar [[r.Shadow.MaxCSMResolution:2048]]
[2024.08.25-10.37.22:624][  0]LogConfig: Setting CVar [[r.Shadow.RadiusThreshold:0.04]]
[2024.08.25-10.37.22:624][  0]LogConfig: Setting CVar [[r.Shadow.DistanceScale:0.85]]
[2024.08.25-10.37.22:624][  0]LogConfig: Setting CVar [[r.Shadow.CSM.TransitionScale:0.8]]
[2024.08.25-10.37.22:624][  0]LogConfig: Setting CVar [[r.Shadow.PreShadowResolutionFactor:0.5]]
[2024.08.25-10.37.22:624][  0]LogConfig: Setting CVar [[r.DistanceFieldShadowing:1]]
[2024.08.25-10.37.22:624][  0]LogConfig: Setting CVar [[r.DistanceFieldAO:1]]
[2024.08.25-10.37.22:624][  0]LogConfig: Setting CVar [[r.AOQuality:1]]
[2024.08.25-10.37.22:624][  0]LogConfig: Setting CVar [[r.VolumetricFog:1]]
[2024.08.25-10.37.22:624][  0]LogConfig: Setting CVar [[r.VolumetricFog.GridPixelSize:16]]
[2024.08.25-10.37.22:624][  0]LogConfig: Setting CVar [[r.VolumetricFog.GridSizeZ:64]]
[2024.08.25-10.37.22:624][  0]LogConfig: Setting CVar [[r.VolumetricFog.HistoryMissSupersampleCount:4]]
[2024.08.25-10.37.22:624][  0]LogConfig: Setting CVar [[r.LightMaxDrawDistanceScale:1]]
[2024.08.25-10.37.22:624][  0]LogConfig: Setting CVar [[r.CapsuleShadows:1]]
[2024.08.25-10.37.22:624][  0]LogConfig: Applying CVar settings from Section [PostProcessQuality@2] File [C:/Users/markr/MarilaOutbreak/ManilaOutbreak-Game/MarilaOubreaks/Saved/Config/Windows/Scalability.ini]
[2024.08.25-10.37.22:624][  0]LogConfig: Setting CVar [[r.MotionBlurQuality:3]]
[2024.08.25-10.37.22:624][  0]LogConfig: Setting CVar [[r.AmbientOcclusionMipLevelFactor:0.6]]
[2024.08.25-10.37.22:624][  0]LogConfig: Setting CVar [[r.AmbientOcclusionMaxQuality:100]]
[2024.08.25-10.37.22:624][  0]LogConfig: Setting CVar [[r.AmbientOcclusionLevels:-1]]
[2024.08.25-10.37.22:624][  0]LogConfig: Setting CVar [[r.AmbientOcclusionRadiusScale:1.5]]
[2024.08.25-10.37.22:624][  0]LogConfig: Setting CVar [[r.DepthOfFieldQuality:2]]
[2024.08.25-10.37.22:624][  0]LogConfig: Setting CVar [[r.RenderTargetPoolMin:400]]
[2024.08.25-10.37.22:624][  0]LogConfig: Setting CVar [[r.LensFlareQuality:2]]
[2024.08.25-10.37.22:624][  0]LogConfig: Setting CVar [[r.SceneColorFringeQuality:1]]
[2024.08.25-10.37.22:624][  0]LogConfig: Setting CVar [[r.EyeAdaptationQuality:2]]
[2024.08.25-10.37.22:624][  0]LogConfig: Setting CVar [[r.BloomQuality:5]]
[2024.08.25-10.37.22:624][  0]LogConfig: Setting CVar [[r.FastBlurThreshold:3]]
[2024.08.25-10.37.22:624][  0]LogConfig: Setting CVar [[r.Upscale.Quality:2]]
[2024.08.25-10.37.22:624][  0]LogConfig: Setting CVar [[r.Tonemapper.GrainQuantization:1]]
[2024.08.25-10.37.22:624][  0]LogConfig: Setting CVar [[r.LightShaftQuality:1]]
[2024.08.25-10.37.22:624][  0]LogConfig: Setting CVar [[r.Filter.SizeScale:0.8]]
[2024.08.25-10.37.22:624][  0]LogConfig: Setting CVar [[r.Tonemapper.Quality:5]]
[2024.08.25-10.37.22:624][  0]LogConfig: Setting CVar [[r.DOF.Gather.AccumulatorQuality:0        ; lower gathering accumulator quality]]
[2024.08.25-10.37.22:624][  0]LogConfig: Setting CVar [[r.DOF.Gather.PostfilterMethod:2          ; Max3x3 postfilering method]]
[2024.08.25-10.37.22:624][  0]LogConfig: Setting CVar [[r.DOF.Gather.EnableBokehSettings:0       ; no bokeh simulation when gathering]]
[2024.08.25-10.37.22:624][  0]LogConfig: Setting CVar [[r.DOF.Gather.RingCount:4                 ; medium number of samples when gathering]]
[2024.08.25-10.37.22:624][  0]LogConfig: Setting CVar [[r.DOF.Scatter.ForegroundCompositing:1    ; additive foreground scattering]]
[2024.08.25-10.37.22:624][  0]LogConfig: Setting CVar [[r.DOF.Scatter.BackgroundCompositing:1    ; no background occlusion]]
[2024.08.25-10.37.22:624][  0]LogConfig: Setting CVar [[r.DOF.Scatter.EnableBokehSettings:0      ; no bokeh simulation when scattering]]
[2024.08.25-10.37.22:624][  0]LogConfig: Setting CVar [[r.DOF.Scatter.MaxSpriteRatio:0.04        ; only a maximum of 4% of scattered bokeh]]
[2024.08.25-10.37.22:624][  0]LogConfig: Setting CVar [[r.DOF.Recombine.Quality:0                ; no slight out of focus]]
[2024.08.25-10.37.22:624][  0]LogConfig: Setting CVar [[r.DOF.TemporalAAQuality:0                ; faster temporal accumulation]]
[2024.08.25-10.37.22:624][  0]LogConfig: Setting CVar [[r.DOF.Kernel.MaxForegroundRadius:0.012   ; required because of AccumulatorQuality=0]]
[2024.08.25-10.37.22:624][  0]LogConfig: Setting CVar [[r.DOF.Kernel.MaxBackgroundRadius:0.012   ; required because of AccumulatorQuality=0]]
[2024.08.25-10.37.22:624][  0]LogConfig: Applying CVar settings from Section [TextureQuality@2] File [C:/Users/markr/MarilaOutbreak/ManilaOutbreak-Game/MarilaOubreaks/Saved/Config/Windows/Scalability.ini]
[2024.08.25-10.37.22:624][  0]LogConfig: Setting CVar [[r.Streaming.MipBias:0]]
[2024.08.25-10.37.22:624][  0]LogConfig: Setting CVar [[r.Streaming.AmortizeCPUToGPUCopy:0]]
[2024.08.25-10.37.22:624][  0]LogConfig: Setting CVar [[r.Streaming.MaxNumTexturesToStreamPerFrame:0]]
[2024.08.25-10.37.22:624][  0]LogConfig: Setting CVar [[r.Streaming.Boost:1]]
[2024.08.25-10.37.22:624][  0]LogConfig: Setting CVar [[r.MaxAnisotropy:4]]
[2024.08.25-10.37.22:624][  0]LogConfig: Setting CVar [[r.Streaming.LimitPoolSizeToVRAM:1]]
[2024.08.25-10.37.22:624][  0]LogConfig: Setting CVar [[r.Streaming.PoolSize:800]]
[2024.08.25-10.37.22:624][  0]LogConfig: Setting CVar [[r.Streaming.MaxEffectiveScreenSize:0]]
[2024.08.25-10.37.22:624][  0]LogConfig: Applying CVar settings from Section [EffectsQuality@2] File [C:/Users/markr/MarilaOutbreak/ManilaOutbreak-Game/MarilaOubreaks/Saved/Config/Windows/Scalability.ini]
[2024.08.25-10.37.22:624][  0]LogConfig: Setting CVar [[r.TranslucencyLightingVolumeDim:48]]
[2024.08.25-10.37.22:624][  0]LogConfig: Setting CVar [[r.RefractionQuality:2]]
[2024.08.25-10.37.22:624][  0]LogConfig: Setting CVar [[r.SSR.Quality:2]]
[2024.08.25-10.37.22:624][  0]LogConfig: Setting CVar [[r.SceneColorFormat:3]]
[2024.08.25-10.37.22:624][  0]LogConfig: Setting CVar [[r.DetailMode:1]]
[2024.08.25-10.37.22:624][  0]LogConfig: Setting CVar [[r.TranslucencyVolumeBlur:1]]
[2024.08.25-10.37.22:625][  0]LogConfig: Setting CVar [[r.MaterialQualityLevel:1 ; High quality]]
[2024.08.25-10.37.22:625][  0]LogConfig: Setting CVar [[r.SSS.Scale:1]]
[2024.08.25-10.37.22:625][  0]LogConfig: Setting CVar [[r.SSS.SampleSet:1]]
[2024.08.25-10.37.22:625][  0]LogConfig: Setting CVar [[r.SSS.Quality:-1]]
[2024.08.25-10.37.22:625][  0]LogConfig: Setting CVar [[r.SSS.HalfRes:1]]
[2024.08.25-10.37.22:625][  0]LogConfig: Setting CVar [[r.EmitterSpawnRateScale:0.5]]
[2024.08.25-10.37.22:625][  0]LogConfig: Setting CVar [[r.ParticleLightQuality:1]]
[2024.08.25-10.37.22:625][  0]LogConfig: Applying CVar settings from Section [FoliageQuality@2] File [C:/Users/markr/MarilaOutbreak/ManilaOutbreak-Game/MarilaOubreaks/Saved/Config/Windows/Scalability.ini]
[2024.08.25-10.37.22:625][  0]LogConfig: Setting CVar [[foliage.DensityScale:0.8]]
[2024.08.25-10.37.22:625][  0]LogConfig: Setting CVar [[grass.DensityScale:0.8]]
[2024.08.25-10.37.22:625][  0]LogConfig: Applying CVar settings from Section [Startup] File [../../../Engine/Config/ConsoleVariables.ini]
[2024.08.25-10.37.22:625][  0]LogConfig: Setting CVar [[net.UseAdaptiveNetUpdateFrequency:0]]
[2024.08.25-10.37.22:625][  0]LogConfig: Setting CVar [[p.chaos.AllowCreatePhysxBodies:1]]
[2024.08.25-10.37.22:625][  0]LogConfig: Applying CVar settings from Section [ConsoleVariables] File [C:/Users/markr/MarilaOutbreak/ManilaOutbreak-Game/MarilaOubreaks/Saved/Config/Windows/Engine.ini]
[2024.08.25-10.37.22:625][  0]LogInit: Computer: FEEDER
[2024.08.25-10.37.22:625][  0]LogInit: User: markr
[2024.08.25-10.37.22:625][  0]LogInit: CPU Page size=4096, Cores=6
[2024.08.25-10.37.22:625][  0]LogInit: High frequency timer resolution =10.000000 MHz
[2024.08.25-10.37.22:625][  0]LogMemory: Memory total: Physical=7.3GB (8GB approx)
[2024.08.25-10.37.22:625][  0]LogMemory: Platform Memory Stats for Windows
[2024.08.25-10.37.22:625][  0]LogMemory: Process Physical Memory: 102.04 MB used, 102.04 MB peak
[2024.08.25-10.37.22:625][  0]LogMemory: Process Virtual Memory: 96.96 MB used, 96.96 MB peak
[2024.08.25-10.37.22:625][  0]LogMemory: Physical Memory: 6016.44 MB used,  1498.13 MB free, 7514.57 MB total
[2024.08.25-10.37.22:625][  0]LogMemory: Virtual Memory: 4675.68 MB used,  134213056.00 MB free, 134217728.00 MB total
[2024.08.25-10.37.22:664][  0]LogInit: Using OS detected language (en-US).
[2024.08.25-10.37.22:665][  0]LogInit: Using OS detected locale (en-PH).
[2024.08.25-10.37.22:665][  0]LogTextLocalizationManager: No specific localization for 'en-US' exists, so the 'en' localization will be used.
[2024.08.25-10.37.22:830][  0]LogInit: Setting process to per monitor DPI aware
[2024.08.25-10.37.22:876][  0]LogSlate: New Slate User Created.  User Index 0, Is Virtual User: 0
[2024.08.25-10.37.22:876][  0]LogSlate: Slate User Registered.  User Index 0, Is Virtual User: 0
[2024.08.25-10.37.23:055][  0]LogHMD: Failed to initialize OpenVR with code 110
[2024.08.25-10.37.23:055][  0]LogD3D11RHI: D3D11 adapters:
[2024.08.25-10.37.23:232][  0]LogD3D11RHI:    0. 'NVIDIA GeForce RTX 3050 Laptop GPU' (Feature Level 11_0)
[2024.08.25-10.37.23:232][  0]LogD3D11RHI:       3964/0/3757 MB DedicatedVideo/DedicatedSystem/SharedSystem, Outputs:1, VendorId:0x10de
[2024.08.25-10.37.23:300][  0]LogD3D11RHI:    1. 'AMD Radeon(TM) Graphics' (Feature Level 11_0)
[2024.08.25-10.37.23:300][  0]LogD3D11RHI:       495/0/3757 MB DedicatedVideo/DedicatedSystem/SharedSystem, Outputs:0, VendorId:0x1002
[2024.08.25-10.37.23:303][  0]LogD3D11RHI:    2. 'Microsoft Basic Render Driver' (Feature Level 11_0)
[2024.08.25-10.37.23:303][  0]LogD3D11RHI:       0/0/3757 MB DedicatedVideo/DedicatedSystem/SharedSystem, Outputs:0, VendorId:0x1414
[2024.08.25-10.37.23:303][  0]LogD3D11RHI: Chosen D3D11 Adapter: 0
[2024.08.25-10.37.23:314][  0]LogD3D11RHI: Creating new Direct3DDevice
[2024.08.25-10.37.23:315][  0]LogD3D11RHI:     GPU DeviceId: 0x25a2 (for the marketing name, search the web for "GPU Device Id")
[2024.08.25-10.37.23:315][  0]LogWindows: EnumDisplayDevices:
[2024.08.25-10.37.23:315][  0]LogWindows:    0. 'AMD Radeon(TM) Graphics' (P:1 D:1)
[2024.08.25-10.37.23:315][  0]LogWindows:    1. 'AMD Radeon(TM) Graphics' (P:0 D:0)
[2024.08.25-10.37.23:317][  0]LogWindows:    2. 'AMD Radeon(TM) Graphics' (P:0 D:0)
[2024.08.25-10.37.23:317][  0]LogWindows: DebugString: PrimaryIsNotTheChoosenAdapter PrimaryIsNotTheChoosenAdapter PrimaryIsNotTheChoosenAdapter FoundDriverCount:0 
[2024.08.25-10.37.23:317][  0]LogD3D11RHI:     Adapter Name: NVIDIA GeForce RTX 3050 Laptop GPU
[2024.08.25-10.37.23:317][  0]LogD3D11RHI:   Driver Version: Unknown (internal:Unknown, unified:Unknown)
[2024.08.25-10.37.23:317][  0]LogD3D11RHI:      Driver Date: Unknown
[2024.08.25-10.37.23:317][  0]LogRHI: Texture pool is 2774 MB (70% of 3964 MB)
[2024.08.25-10.37.23:440][  0]LogD3D11RHI: Async texture creation enabled
[2024.08.25-10.37.23:451][  0]LogRendererCore: FGlobalReadBuffer::InitRHI
[2024.08.25-10.37.23:451][  0]LogRendererCore: FGlobalReadBuffer::InitRHI
[2024.08.25-10.37.23:451][  0]LogRendererCore: FGlobalReadBuffer::InitRHI
[2024.08.25-10.37.23:461][  0]LogD3D11RHI: GPU Timing Frequency: 1000.000000 (Debug: 2 1)
[2024.08.25-10.37.23:812][  0]LogTemp: Display: Module 'AllDesktopTargetPlatform' loaded TargetPlatform 'AllDesktop'
[2024.08.25-10.37.23:828][  0]LogTemp: Display: Module 'MacClientTargetPlatform' loaded TargetPlatform 'MacClient'
[2024.08.25-10.37.23:845][  0]LogTemp: Display: Module 'MacNoEditorTargetPlatform' loaded TargetPlatform 'MacNoEditor'
[2024.08.25-10.37.23:860][  0]LogTemp: Display: Module 'MacServerTargetPlatform' loaded TargetPlatform 'MacServer'
[2024.08.25-10.37.23:876][  0]LogTemp: Display: Module 'MacTargetPlatform' loaded TargetPlatform 'Mac'
[2024.08.25-10.37.23:894][  0]LogTemp: Display: Module 'WindowsClientTargetPlatform' loaded TargetPlatform 'WindowsClient'
[2024.08.25-10.37.23:909][  0]LogTemp: Display: Module 'WindowsNoEditorTargetPlatform' loaded TargetPlatform 'WindowsNoEditor'
[2024.08.25-10.37.23:927][  0]LogTemp: Display: Module 'WindowsServerTargetPlatform' loaded TargetPlatform 'WindowsServer'
[2024.08.25-10.37.23:934][  0]LogTemp: Display: Module 'WindowsTargetPlatform' loaded TargetPlatform 'Windows'
[2024.08.25-10.37.24:035][  0]LogTemp: Display: Module 'AndroidTargetPlatform' loaded TargetPlatform 'Android'
[2024.08.25-10.37.24:035][  0]LogTemp: Display: Module 'AndroidTargetPlatform' loaded TargetPlatform 'Android_ASTC'
[2024.08.25-10.37.24:035][  0]LogTemp: Display: Module 'AndroidTargetPlatform' loaded TargetPlatform 'Android_ATC'
[2024.08.25-10.37.24:035][  0]LogTemp: Display: Module 'AndroidTargetPlatform' loaded TargetPlatform 'Android_DXT'
[2024.08.25-10.37.24:035][  0]LogTemp: Display: Module 'AndroidTargetPlatform' loaded TargetPlatform 'Android_ETC1'
[2024.08.25-10.37.24:035][  0]LogTemp: Display: Module 'AndroidTargetPlatform' loaded TargetPlatform 'Android_ETC1a'
[2024.08.25-10.37.24:035][  0]LogTemp: Display: Module 'AndroidTargetPlatform' loaded TargetPlatform 'Android_ETC2'
[2024.08.25-10.37.24:035][  0]LogTemp: Display: Module 'AndroidTargetPlatform' loaded TargetPlatform 'Android_PVRTC'
[2024.08.25-10.37.24:035][  0]LogTemp: Display: Module 'AndroidTargetPlatform' loaded TargetPlatform 'AndroidClient'
[2024.08.25-10.37.24:035][  0]LogTemp: Display: Module 'AndroidTargetPlatform' loaded TargetPlatform 'Android_ASTCClient'
[2024.08.25-10.37.24:035][  0]LogTemp: Display: Module 'AndroidTargetPlatform' loaded TargetPlatform 'Android_ATCClient'
[2024.08.25-10.37.24:035][  0]LogTemp: Display: Module 'AndroidTargetPlatform' loaded TargetPlatform 'Android_DXTClient'
[2024.08.25-10.37.24:035][  0]LogTemp: Display: Module 'AndroidTargetPlatform' loaded TargetPlatform 'Android_ETC1Client'
[2024.08.25-10.37.24:035][  0]LogTemp: Display: Module 'AndroidTargetPlatform' loaded TargetPlatform 'Android_ETC1aClient'
[2024.08.25-10.37.24:035][  0]LogTemp: Display: Module 'AndroidTargetPlatform' loaded TargetPlatform 'Android_ETC2Client'
[2024.08.25-10.37.24:035][  0]LogTemp: Display: Module 'AndroidTargetPlatform' loaded TargetPlatform 'Android_PVRTCClient'
[2024.08.25-10.37.24:035][  0]LogTemp: Display: Module 'AndroidTargetPlatform' loaded TargetPlatform 'Android_Multi'
[2024.08.25-10.37.24:035][  0]LogTemp: Display: Module 'AndroidTargetPlatform' loaded TargetPlatform 'Android_MultiClient'
[2024.08.25-10.37.24:039][  0]LogTemp: Display: Module 'HTML5TargetPlatform' loaded TargetPlatform 'HTML5'
[2024.08.25-10.37.24:096][  0]LogTemp: Display: Module 'IOSTargetPlatform' loaded TargetPlatform 'IOSClient'
[2024.08.25-10.37.24:096][  0]LogTemp: Display: Module 'IOSTargetPlatform' loaded TargetPlatform 'IOS'
[2024.08.25-10.37.24:120][  0]LogTemp: Display: Module 'TVOSTargetPlatform' loaded TargetPlatform 'TVOSClient'
[2024.08.25-10.37.24:120][  0]LogTemp: Display: Module 'TVOSTargetPlatform' loaded TargetPlatform 'TVOS'
[2024.08.25-10.37.24:132][  0]LogTemp: Display: Module 'LinuxClientTargetPlatform' loaded TargetPlatform 'LinuxClient'
[2024.08.25-10.37.24:145][  0]LogTemp: Display: Module 'LinuxNoEditorTargetPlatform' loaded TargetPlatform 'LinuxNoEditor'
[2024.08.25-10.37.24:157][  0]LogTemp: Display: Module 'LinuxServerTargetPlatform' loaded TargetPlatform 'LinuxServer'
[2024.08.25-10.37.24:174][  0]LogTemp: Display: Module 'LinuxTargetPlatform' loaded TargetPlatform 'Linux'
[2024.08.25-10.37.24:218][  0]LogTemp: Display: Module 'LuminTargetPlatform' loaded TargetPlatform 'Lumin'
[2024.08.25-10.37.24:218][  0]LogTemp: Display: Module 'LuminTargetPlatform' loaded TargetPlatform 'LuminClient'
[2024.08.25-10.37.24:218][  0]LogTargetPlatformManager: Display: Building Assets For Windows
[2024.08.25-10.37.24:227][  0]LogAudioDebug: Display: Lib vorbis DLL was dynamically loaded.
[2024.08.25-10.37.24:281][  0]LogShaderCompilers: Guid format shader working directory is -34 characters bigger than the processId version (../../../../../../Users/markr/MarilaOutbreak/ManilaOutbreak-Game/MarilaOubreaks/Intermediate/Shaders/WorkingDirectory/10884/).
[2024.08.25-10.37.24:281][  0]LogShaderCompilers: Cleaned the shader compiler working directory 'C:/Users/markr/AppData/Local/Temp/UnrealShaderWorkingDir/FFF2278B4DE4609A949015BAF25A90FF/'.
[2024.08.25-10.37.24:283][  0]LogXGEController: Cannot use XGE Controller as Incredibuild is not installed on this machine.
[2024.08.25-10.37.24:283][  0]LogShaderCompilers: Cannot use XGE Shader Compiler as Incredibuild is not installed on this machine.
[2024.08.25-10.37.24:283][  0]LogShaderCompilers: Display: Using Local Shader Compiler.
[2024.08.25-10.37.24:727][  0]LogDerivedDataCache: Display: Max Cache Size: 512 MB
[2024.08.25-10.37.24:776][  0]LogDerivedDataCache: Loaded boot cache 0.05s 71MB C:/Users/markr/AppData/Local/UnrealEngine/4.22/DerivedDataCache/Boot.ddc.
[2024.08.25-10.37.24:776][  0]LogDerivedDataCache: Display: Loaded Boot cache: C:/Users/markr/AppData/Local/UnrealEngine/4.22/DerivedDataCache/Boot.ddc
[2024.08.25-10.37.24:777][  0]LogDerivedDataCache: FDerivedDataBackendGraph:  Pak pak cache file ../../../../../../Users/markr/MarilaOutbreak/ManilaOutbreak-Game/MarilaOubreaks/DerivedDataCache/DDC.ddp not found, will not use a pak cache.
[2024.08.25-10.37.24:777][  0]LogDerivedDataCache: Unable to find inner node Pak for hierarchical cache Hierarchy.
[2024.08.25-10.37.24:777][  0]LogDerivedDataCache: FDerivedDataBackendGraph:  CompressedPak pak cache file ../../../../../../Users/markr/MarilaOutbreak/ManilaOutbreak-Game/MarilaOubreaks/DerivedDataCache/Compressed.ddp not found, will not use a pak cache.
[2024.08.25-10.37.24:777][  0]LogDerivedDataCache: Unable to find inner node CompressedPak for hierarchical cache Hierarchy.
[2024.08.25-10.37.24:789][  0]LogDerivedDataCache: Display: Pak cache opened for reading ../../../Engine/DerivedDataCache/Compressed.ddp.
[2024.08.25-10.37.24:789][  0]LogDerivedDataCache: FDerivedDataBackendGraph:  EnterprisePak pak cache file ../../../Enterprise/DerivedDataCache/Compressed.ddp not found, will not use a pak cache.
[2024.08.25-10.37.24:789][  0]LogDerivedDataCache: Unable to find inner node EnterprisePak for hierarchical cache Hierarchy.
[2024.08.25-10.37.24:802][  0]LogDerivedDataCache: Using Local data cache path C:/Users/markr/AppData/Local/UnrealEngine/Common/DerivedDataCache: Writable
[2024.08.25-10.37.24:802][  0]LogDerivedDataCache: Shared data cache path not found in *engine.ini, will not use an Shared cache.
[2024.08.25-10.37.24:802][  0]LogDerivedDataCache: Unable to find inner node Shared for hierarchical cache Hierarchy.
[2024.08.25-10.37.24:824][  0]LogMaterial: Verifying Global Shaders for PCD3D_SM5
[2024.08.25-10.37.24:824][  0]LogSlate: Using FreeType 2.6.0
[2024.08.25-10.37.24:825][  0]LogSlate: SlateFontServices - WITH_FREETYPE: 1, WITH_HARFBUZZ: 1
[2024.08.25-10.37.24:908][  0]LogAssetRegistry: FAssetRegistry took 0.0349 seconds to start up
[2024.08.25-10.37.25:237][  0]LogInit: Selected Device Profile: [Windows]
[2024.08.25-10.37.25:354][  0]LogMeshReduction: Using QuadricMeshReduction for automatic static mesh reduction
[2024.08.25-10.37.25:354][  0]LogMeshReduction: Using SimplygonMeshReduction for automatic skeletal mesh reduction
[2024.08.25-10.37.25:354][  0]LogMeshReduction: Using ProxyLODMeshReduction for automatic mesh merging
[2024.08.25-10.37.25:354][  0]LogMeshReduction: No distributed automatic mesh merging module available
[2024.08.25-10.37.25:354][  0]LogMeshMerging: No distributed automatic mesh merging module available
[2024.08.25-10.37.25:367][  0]LogNetVersion: MarilaOubreaks 1.0.0, NetCL: 5660361, EngineNetVer: 10, GameNetVer: 0 (Checksum: 2523874334)
[2024.08.25-10.37.25:791][  0]LogPackageLocalizationCache: Processed 10 localized package path(s) for 1 prioritized culture(s) in 0.056920 seconds
[2024.08.25-10.37.25:803][  0]LogUObjectArray: 42205 objects as part of root set at end of initial load.
[2024.08.25-10.37.25:803][  0]LogUObjectAllocator: 7325032 out of 0 bytes used by permanent object pool.
[2024.08.25-10.37.25:803][  0]LogUObjectArray: CloseDisregardForGC: 0/0 objects in disregard for GC pool
[2024.08.25-10.37.26:592][  0]LogTcpMessaging: Initializing TcpMessaging bridge
[2024.08.25-10.37.26:607][  0]LogUdpMessaging: Initializing bridge on interface 0.0.0.0:0 to multicast group 230.0.0.1:6666.
[2024.08.25-10.37.26:722][  0]SourceControl: Source control is disabled
[2024.08.25-10.37.26:722][  0]SourceControl: Source control is disabled
[2024.08.25-10.37.26:724][  0]SourceControl: Source control is disabled
[2024.08.25-10.37.26:725][  0]SourceControl: Source control is disabled
[2024.08.25-10.37.26:815][  0]LogAndroidPermission: UAndroidPermissionCallbackProxy::GetInstance
[2024.08.25-10.37.26:898][  0]LogOcInput: OculusInput pre-init called
[2024.08.25-10.37.27:476][  0]LogEngine: Initializing Engine...
[2024.08.25-10.37.27:477][  0]LogHMD: Failed to initialize OpenVR with code 110
[2024.08.25-10.37.27:478][  0]LogStats: UGameplayTagsManager::InitializeManager -  0.000 s
[2024.08.25-10.37.27:665][  0]LogInit: Initializing FReadOnlyCVARCache
[2024.08.25-10.37.27:687][  0]LogAIModule: Creating AISystem for world Untitled
[2024.08.25-10.37.27:699][  0]LogInit: XAudio2 using 'Speakers (Realtek(R) Audio)' : 2 channels at 48 kHz using 32 bits per sample (channel mask 0x3)
[2024.08.25-10.37.27:725][  0]LogInit: FAudioDevice initialized.
[2024.08.25-10.37.27:725][  0]LogNetVersion: Set ProjectVersion to 1.0.0.0. Version Checksum will be recalculated on next use.
[2024.08.25-10.37.27:796][  0]LogDerivedDataCache: Saved boot cache 0.07s 71MB C:/Users/markr/AppData/Local/UnrealEngine/4.22/DerivedDataCache/Boot.ddc.
[2024.08.25-10.37.27:800][  0]LogInit: Texture streaming: Enabled
[2024.08.25-10.37.27:824][  0]LogEngineSessionManager: EngineSessionManager initialized
[2024.08.25-10.37.28:726][  0]LogMaterial: Verifying Global Shaders for PCD3D_SM4
[2024.08.25-10.37.28:727][  0]LogInit: Transaction tracking system initialized
[2024.08.25-10.37.28:752][  0]BlueprintLog: New page: Editor Load
[2024.08.25-10.37.28:842][  0]LocalizationService: Localization service is disabled
[2024.08.25-10.37.30:027][  0]LogCook: Display: Max memory allowance for cook 16384mb min free memory 0mb
[2024.08.25-10.37.30:027][  0]LogCook: Display: Mobile HDR setting 1
[2024.08.25-10.37.30:228][  0]LogFileCache: Scanning file cache for directory 'C:/Users/markr/MarilaOutbreak/ManilaOutbreak-Game/MarilaOubreaks/Content/' took 0.03s
[2024.08.25-10.37.30:228][  0]SourceControl: Source control is disabled
[2024.08.25-10.37.30:228][  0]Cmd: MAP LOAD FILE="../../../../../../Users/markr/MarilaOutbreak/ManilaOutbreak-Game/MarilaOubreaks/Content/ThirdPersonBP/Maps/ThirdPersonExampleMap.umap" TEMPLATE=0 SHOWPROGRESS=1 FEATURELEVEL=3
[2024.08.25-10.37.30:229][  0]LogEditorServer: Warning: Can't find file '../../../../../../Users/markr/MarilaOutbreak/ManilaOutbreak-Game/MarilaOubreaks/Content/ThirdPersonBP/Maps/ThirdPersonExampleMap.umap'
[2024.08.25-10.37.30:229][  0]Cmd: MAP CHECKDEP NOCLEARLOG
[2024.08.25-10.37.30:229][  0]MapCheck: Map check complete: 0 Error(s), 0 Warning(s), took 0.107ms to complete.
[2024.08.25-10.37.30:229][  0]LogFileHelpers: Loading map 'ThirdPersonExampleMap' took 0.000
[2024.08.25-10.37.30:324][  0]LogWorld: Changing Feature Level (Enum) from 3 to 2
[2024.08.25-10.37.30:369][  0]LogSlate: Updating window title bar state: overlay mode, drag disabled, window buttons hidden, title bar hidden
[2024.08.25-10.37.30:376][  0]LogSlate: Updating window title bar state: overlay mode, drag disabled, window buttons hidden, title bar hidden
[2024.08.25-10.37.30:384][  0]LogSlate: Updating window title bar state: overlay mode, drag disabled, window buttons hidden, title bar hidden
[2024.08.25-10.37.30:391][  0]LogSlate: Updating window title bar state: overlay mode, drag disabled, window buttons hidden, title bar hidden
[2024.08.25-10.37.30:397][  0]LogCollectionManager: Loaded 0 collections in 0.001633 seconds
[2024.08.25-10.37.30:416][  0]LogFileCache: Scanning file cache for directory 'C:/Users/markr/MarilaOutbreak/ManilaOutbreak-Game/MarilaOubreaks/Saved/Collections/' took 0.01s
[2024.08.25-10.37.30:416][  0]LogFileCache: Scanning file cache for directory 'C:/Users/markr/MarilaOutbreak/ManilaOutbreak-Game/MarilaOubreaks/Content/Developers/markr/Collections/' took 0.00s
[2024.08.25-10.37.30:416][  0]LogFileCache: Scanning file cache for directory 'C:/Users/markr/MarilaOutbreak/ManilaOutbreak-Game/MarilaOubreaks/Content/Collections/' took 0.00s
[2024.08.25-10.37.30:416][  0]LogCollectionManager: Rebuilt the GUID cache for 0 collections in 0.000000 seconds
[2024.08.25-10.37.30:425][  0]LogContentBrowser: Native class hierarchy populated in 0.0085 seconds. Added 2732 classes and 659 folders.
[2024.08.25-10.37.30:433][  0]LogContentBrowser: Native class hierarchy updated for 'WidgetCarousel' in 0.0002 seconds. Added 0 classes and 0 folders.
[2024.08.25-10.37.30:439][  0]LogPakFile: Registered encryption key '00000000000000000000000000000000': 0 pak files mounted, 0 remain pending
[2024.08.25-10.37.30:441][  0]LogPakFile: Registered encryption key '00000000000000000000000000000000': 0 pak files mounted, 0 remain pending
[2024.08.25-10.37.30:443][  0]LogPakFile: Registered encryption key '00000000000000000000000000000000': 0 pak files mounted, 0 remain pending
[2024.08.25-10.37.30:446][  0]LogPakFile: Registered encryption key '00000000000000000000000000000000': 0 pak files mounted, 0 remain pending
[2024.08.25-10.37.30:447][  0]LogPakFile: Registered encryption key '00000000000000000000000000000000': 0 pak files mounted, 0 remain pending
[2024.08.25-10.37.30:449][  0]LogPakFile: Registered encryption key '00000000000000000000000000000000': 0 pak files mounted, 0 remain pending
[2024.08.25-10.37.30:453][  0]LogPakFile: Registered encryption key '00000000000000000000000000000000': 0 pak files mounted, 0 remain pending
[2024.08.25-10.37.30:455][  0]LogPakFile: Registered encryption key '00000000000000000000000000000000': 0 pak files mounted, 0 remain pending
[2024.08.25-10.37.30:457][  0]LogPakFile: Registered encryption key '00000000000000000000000000000000': 0 pak files mounted, 0 remain pending
[2024.08.25-10.37.30:457][  0]LogPakFile: Registered encryption key '00000000000000000000000000000000': 0 pak files mounted, 0 remain pending
[2024.08.25-10.37.30:460][  0]LogPakFile: Registered encryption key '00000000000000000000000000000000': 0 pak files mounted, 0 remain pending
[2024.08.25-10.37.30:461][  0]LogPakFile: Registered encryption key '00000000000000000000000000000000': 0 pak files mounted, 0 remain pending
[2024.08.25-10.37.30:463][  0]LogPakFile: Registered encryption key '00000000000000000000000000000000': 0 pak files mounted, 0 remain pending
[2024.08.25-10.37.30:465][  0]LogPakFile: Registered encryption key '00000000000000000000000000000000': 0 pak files mounted, 0 remain pending
[2024.08.25-10.37.30:466][  0]LogPakFile: Registered encryption key '00000000000000000000000000000000': 0 pak files mounted, 0 remain pending
[2024.08.25-10.37.30:467][  0]LogPakFile: Registered encryption key '00000000000000000000000000000000': 0 pak files mounted, 0 remain pending
[2024.08.25-10.37.30:470][  0]LogPakFile: Registered encryption key '00000000000000000000000000000000': 0 pak files mounted, 0 remain pending
[2024.08.25-10.37.30:472][  0]LogPakFile: Registered encryption key '00000000000000000000000000000000': 0 pak files mounted, 0 remain pending
[2024.08.25-10.37.30:473][  0]LogPakFile: Registered encryption key '00000000000000000000000000000000': 0 pak files mounted, 0 remain pending
[2024.08.25-10.37.30:475][  0]LogPakFile: Registered encryption key '00000000000000000000000000000000': 0 pak files mounted, 0 remain pending
[2024.08.25-10.37.30:477][  0]LogPakFile: Registered encryption key '00000000000000000000000000000000': 0 pak files mounted, 0 remain pending
[2024.08.25-10.37.30:478][  0]LogPakFile: Registered encryption key '00000000000000000000000000000000': 0 pak files mounted, 0 remain pending
[2024.08.25-10.37.30:479][  0]LogPakFile: Registered encryption key '00000000000000000000000000000000': 0 pak files mounted, 0 remain pending
[2024.08.25-10.37.30:480][  0]LogPakFile: Registered encryption key '00000000000000000000000000000000': 0 pak files mounted, 0 remain pending
[2024.08.25-10.37.30:482][  0]LogPakFile: Registered encryption key '00000000000000000000000000000000': 0 pak files mounted, 0 remain pending
[2024.08.25-10.37.30:484][  0]LogPakFile: Registered encryption key '00000000000000000000000000000000': 0 pak files mounted, 0 remain pending
[2024.08.25-10.37.30:628][  0]LogContentBrowser: Native class hierarchy updated for 'AddContentDialog' in 0.0003 seconds. Added 0 classes and 0 folders.
[2024.08.25-10.37.30:641][  0]LogContentBrowser: Native class hierarchy updated for 'SceneOutliner' in 0.0004 seconds. Added 1 classes and 2 folders.
[2024.08.25-10.37.30:704][  0]LogSlate: Took 0.000550 seconds to synchronously load lazily loaded font '../../../Engine/Content/Slate/Fonts/Roboto-Regular.ttf' (155K)
[2024.08.25-10.37.30:707][  0]LogSlate: Took 0.000370 seconds to synchronously load lazily loaded font '../../../Engine/Content/Slate/Fonts/Roboto-Bold.ttf' (160K)
[2024.08.25-10.37.30:716][  0]LogSlate: Took 0.001636 seconds to synchronously load lazily loaded font '../../../Engine/Content/Editor/Slate/Fonts/FontAwesome.ttf' (139K)
[2024.08.25-10.37.30:790][  0]LogRenderer: Reallocating scene render targets to support 968x384 Format 9 NumSamples 1 (Frame:1).
[2024.08.25-10.37.31:051][  0]LogContentBrowser: Native class hierarchy updated for 'HierarchicalLODOutliner' in 0.0003 seconds. Added 0 classes and 0 folders.
[2024.08.25-10.37.31:051][  0]LogLoad: (Engine Initialization) Total time: 10.47 seconds
[2024.08.25-10.37.31:051][  0]LogLoad: (Engine Initialization) Total Blueprint compile time: 0.00 seconds
[2024.08.25-10.37.31:123][  0]LogAssetRegistry: Asset discovery search completed in 6.2389 seconds
[2024.08.25-10.37.31:125][  0]LogCollectionManager: Rebuilt the object cache for 0 collections in 0.000000 seconds (found 0 objects)
[2024.08.25-10.37.31:125][  0]LogCollectionManager: Fixed up redirectors for 0 collections in 0.000057 seconds (updated 0 objects)
[2024.08.25-10.37.31:125][  0]LogContentStreaming: Texture pool size now 800 MB
[2024.08.25-10.37.31:151][  0]LogSlate: Took 0.000591 seconds to synchronously load lazily loaded font '../../../Engine/Content/Slate/Fonts/Roboto-Light.ttf' (167K)
[2024.08.25-10.37.31:174][  1]LogFileCache: Retrieving MD5 hashes for directory 'C:/Users/markr/MarilaOutbreak/ManilaOutbreak-Game/MarilaOubreaks/Content/' took 0.09s
[2024.08.25-10.37.32:089][ 53]LogSlate: Took 0.000310 seconds to synchronously load lazily loaded font '../../../Engine/Content/Slate/Fonts/Roboto-Light.ttf' (167K)
[2024.08.25-10.37.33:999][164]LogSlate: FSceneViewport::OnFocusLost() reason 0
[2024.08.25-10.37.35:634][261]LogSlate: FSceneViewport::OnFocusLost() reason 0
[2024.08.25-10.37.47:740][978]LogBlueprint: Warning: [Compiler Bars] Invalid property 'Characters' class, replaced with Object.  Please fix or remove.
[2024.08.25-10.37.47:740][978]LogBlueprint: Warning: [Compiler Bars] Invalid property 'Character_Reference' class, replaced with Object.  Please fix or remove.
[2024.08.25-10.37.47:740][978]LogBlueprint: Warning: [Compiler Bars] Invalid property 'Characters' class, replaced with Object.  Please fix or remove.
[2024.08.25-10.37.47:740][978]LogBlueprint: Warning: [Compiler Bars] Invalid property 'Character_Reference' class, replaced with Object.  Please fix or remove.
[2024.08.25-10.37.47:742][978]LogBlueprint: Warning: [Compiler Bars] [0027.16] Compile of Bars successful, but with 4 Warning(s) [in 2 ms] (/Game/BArs/Bars.Bars)
[2024.08.25-10.37.48:082][978]LogAIModule: Creating AISystem for world ThirdPersonExampleMap
[2024.08.25-10.37.48:106][978]LogAssetEditorManager: Opening Asset editor for World /Game/Assets/ThirdPersonBP/Maps/ThirdPersonExampleMap.ThirdPersonExampleMap
[2024.08.25-10.37.48:138][978]LogUObjectHash: Compacting FUObjectHashTables data took   2.18ms
[2024.08.25-10.37.48:139][978]Cmd: MAP LOAD FILE="../../../../../../Users/markr/MarilaOutbreak/ManilaOutbreak-Game/MarilaOubreaks/Content/Assets/ThirdPersonBP/Maps/ThirdPersonExampleMap.umap" TEMPLATE=0 SHOWPROGRESS=1 FEATURELEVEL=3
[2024.08.25-10.37.48:140][978]LightingResults: New page: Lighting Build
[2024.08.25-10.37.48:142][978]LogContentBrowser: Native class hierarchy updated for 'StatsViewer' in 0.0003 seconds. Added 5 classes and 0 folders.
[2024.08.25-10.37.48:142][978]LoadErrors: New page: Loading map: ThirdPersonExampleMap.umap
[2024.08.25-10.37.48:143][978]MapCheck: New page: Map Check
[2024.08.25-10.37.48:144][978]LightingResults: New page: Lighting Build
[2024.08.25-10.37.48:168][978]LogUObjectHash: Compacting FUObjectHashTables data took   1.51ms
[2024.08.25-10.37.48:258][978]LogEditorServer: Finished looking for orphan Actors (0.000 secs)
[2024.08.25-10.37.48:286][978]LogUObjectHash: Compacting FUObjectHashTables data took   1.56ms
[2024.08.25-10.37.48:315][978]Cmd: MAP CHECKDEP NOCLEARLOG
[2024.08.25-10.37.48:318][978]MapCheck: Map check complete: 0 Error(s), 0 Warning(s), took 2.688ms to complete.
[2024.08.25-10.37.48:318][978]LogFileHelpers: Loading map 'ThirdPersonExampleMap' took 0.180
[2024.08.25-10.37.50:548][ 99]LogUObjectHash: Compacting FUObjectHashTables data took   0.74ms
[2024.08.25-10.37.50:724][ 99]LogSavePackage: Moving '../../../../../../Users/markr/MarilaOutbreak/ManilaOutbreak-Game/MarilaOubreaks/Saved/ThirdPersonExampleMap84713BA742BB27CE93EACFB21D512EAB.tmp' to '../../../../../../Users/markr/MarilaOutbreak/ManilaOutbreak-Game/MarilaOubreaks/Content/Assets/ThirdPersonBP/Maps/ThirdPersonExampleMap.umap'
[2024.08.25-10.37.50:977][ 99]LogSavePackage: Moving '../../../../../../Users/markr/MarilaOutbreak/ManilaOutbreak-Game/MarilaOubreaks/Saved/ThirdPersonExampleMap_BuiltData80B09341446A377CBF3A5A9A25102AEA.tmp' to '../../../../../../Users/markr/MarilaOutbreak/ManilaOutbreak-Game/MarilaOubreaks/Content/Assets/ThirdPersonBP/Maps/ThirdPersonExampleMap_BuiltData.uasset'
[2024.08.25-10.40.24:991][300]LogContentBrowser: Verbose: The majority of assets in the view are of type: Skeleton
[2024.08.25-10.40.36:429][300]LogSlate: Window 'Create Animation Blueprint' being destroyed
[2024.08.25-10.41.07:150][238]LogAssetEditorManager: Opening Asset editor for AnimBlueprint /Game/Animations/Player_Anim.Player_Anim
[2024.08.25-10.41.07:173][238]LogContentBrowser: Native class hierarchy updated for 'SkeletonEditor' in 0.0003 seconds. Added 1 classes and 2 folders.
[2024.08.25-10.41.07:393][238]LogActorComponent: RegisterComponentWithWorld: (/Engine/Transient.World_2:PersistentLevel.AnimationEditorPreviewActor_0.DebugSkelMeshComponent_0) Already registered. Aborting.
[2024.08.25-10.41.07:400][238]LogContentBrowser: Native class hierarchy updated for 'PinnedCommandList' in 0.0003 seconds. Added 1 classes and 0 folders.
[2024.08.25-10.41.07:714][238]LogContentBrowser: Native class hierarchy updated for 'BlueprintGraph' in 0.0006 seconds. Added 121 classes and 0 folders.
[2024.08.25-10.41.08:474][238]LogSkeletalMesh: USkeletalMeshComponent::InitArticulated : Bodies already created (/Engine/Transient.World_2:PersistentLevel.AnimationEditorPreviewActor_0.DebugSkelMeshComponent_0) - call TermArticulated first.
[2024.08.25-10.41.08:813][238]LogSlate: Took 0.000567 seconds to synchronously load lazily loaded font '../../../Engine/Content/Slate/Fonts/Roboto-BoldCondensed.ttf' (158K)
[2024.08.25-10.41.14:035][528]LogSlate: Took 0.002309 seconds to synchronously load lazily loaded font '../../../Engine/Content/Slate/Fonts/Roboto-Italic.ttf' (157K)
[2024.08.25-10.44.57:574][461]LogContentBrowser: Verbose: The majority of assets in the view are of type: AnimSequence
[2024.08.25-10.45.52:976][540]LogAssetEditorManager: Opening Asset editor for AnimSequence /Game/Animations/Character/Jumping_Down__1_.Jumping_Down__1_
[2024.08.25-10.45.52:981][540]LogBlueprintActionDatabase: Requesting refresh due to module change: AnimationEditor (loaded)
[2024.08.25-10.45.52:994][540]LogActorComponent: RegisterComponentWithWorld: (/Engine/Transient.World_6:PersistentLevel.AnimationEditorPreviewActor_0.DebugSkelMeshComponent_0) Already registered. Aborting.
[2024.08.25-10.45.53:029][540]LogSkeletalMesh: USkeletalMeshComponent::InitArticulated : Bodies already created (/Engine/Transient.World_6:PersistentLevel.AnimationEditorPreviewActor_0.DebugSkelMeshComponent_0) - call TermArticulated first.
[2024.08.25-10.45.53:731][540]LogRenderer: Reallocating scene render targets to support 968x444 Format 9 NumSamples 1 (Frame:1).
[2024.08.25-10.45.53:731][540]LogContentBrowser: Verbose: The majority of assets in the view are of type: AnimSequence
[2024.08.25-10.45.59:565][851]LogAssetEditorManager: Opening Asset editor for AnimSequence /Game/Animations/Character/Jump__1_.Jump__1_
[2024.08.25-10.45.59:577][851]LogActorComponent: RegisterComponentWithWorld: (/Engine/Transient.World_10:PersistentLevel.AnimationEditorPreviewActor_0.DebugSkelMeshComponent_0) Already registered. Aborting.
[2024.08.25-10.45.59:609][851]LogSkeletalMesh: USkeletalMeshComponent::InitArticulated : Bodies already created (/Engine/Transient.World_10:PersistentLevel.AnimationEditorPreviewActor_0.DebugSkelMeshComponent_0) - call TermArticulated first.
[2024.08.25-10.45.59:968][851]LogContentBrowser: Verbose: The majority of assets in the view are of type: AnimSequence
[2024.08.25-10.46.04:850][104]LogAssetEditorManager: Opening Asset editor for AnimSequence /Game/Animations/Character/Jump__2_.Jump__2_
[2024.08.25-10.46.04:863][104]LogActorComponent: RegisterComponentWithWorld: (/Engine/Transient.World_13:PersistentLevel.AnimationEditorPreviewActor_0.DebugSkelMeshComponent_0) Already registered. Aborting.
[2024.08.25-10.46.04:891][104]LogSkeletalMesh: USkeletalMeshComponent::InitArticulated : Bodies already created (/Engine/Transient.World_13:PersistentLevel.AnimationEditorPreviewActor_0.DebugSkelMeshComponent_0) - call TermArticulated first.
[2024.08.25-10.46.05:236][104]LogContentBrowser: Verbose: The majority of assets in the view are of type: AnimSequence
[2024.08.25-10.46.10:543][378]LogSlate: FSceneViewport::OnFocusLost() reason 0
[2024.08.25-10.46.16:332][700]LogAssetEditorManager: Opening Asset editor for AnimSequence /Game/Animations/Character/Jump__2_.Jump__2_
[2024.08.25-10.46.16:350][700]LogActorComponent: RegisterComponentWithWorld: (/Engine/Transient.World_16:PersistentLevel.AnimationEditorPreviewActor_0.DebugSkelMeshComponent_0) Already registered. Aborting.
[2024.08.25-10.46.16:378][700]LogSkeletalMesh: USkeletalMeshComponent::InitArticulated : Bodies already created (/Engine/Transient.World_16:PersistentLevel.AnimationEditorPreviewActor_0.DebugSkelMeshComponent_0) - call TermArticulated first.
[2024.08.25-10.46.16:703][700]LogContentBrowser: Verbose: The majority of assets in the view are of type: AnimSequence
[2024.08.25-10.46.47:616][946]LogAssetEditorManager: Opening Asset editor for AnimSequence /Game/Animations/Character/Jumping_Down__1_.Jumping_Down__1_
[2024.08.25-10.46.47:633][946]LogActorComponent: RegisterComponentWithWorld: (/Engine/Transient.World_19:PersistentLevel.AnimationEditorPreviewActor_0.DebugSkelMeshComponent_0) Already registered. Aborting.
[2024.08.25-10.46.47:662][946]LogSkeletalMesh: USkeletalMeshComponent::InitArticulated : Bodies already created (/Engine/Transient.World_19:PersistentLevel.AnimationEditorPreviewActor_0.DebugSkelMeshComponent_0) - call TermArticulated first.
[2024.08.25-10.46.48:007][946]LogContentBrowser: Verbose: The majority of assets in the view are of type: AnimSequence
[2024.08.25-10.46.52:821][202]LogAssetEditorManager: Opening Asset editor for AnimSequence /Game/Animations/Character/Jump__1_.Jump__1_
[2024.08.25-10.46.52:838][202]LogActorComponent: RegisterComponentWithWorld: (/Engine/Transient.World_22:PersistentLevel.AnimationEditorPreviewActor_0.DebugSkelMeshComponent_0) Already registered. Aborting.
[2024.08.25-10.46.52:865][202]LogSkeletalMesh: USkeletalMeshComponent::InitArticulated : Bodies already created (/Engine/Transient.World_22:PersistentLevel.AnimationEditorPreviewActor_0.DebugSkelMeshComponent_0) - call TermArticulated first.
[2024.08.25-10.46.53:209][202]LogContentBrowser: Verbose: The majority of assets in the view are of type: AnimSequence
[2024.08.25-10.47.22:337][882]LogAssetEditorManager: Opening Asset editor for AnimSequence /Game/Animations/Character/Jump__2_.Jump__2_
[2024.08.25-10.47.22:353][882]LogActorComponent: RegisterComponentWithWorld: (/Engine/Transient.World_25:PersistentLevel.AnimationEditorPreviewActor_0.DebugSkelMeshComponent_0) Already registered. Aborting.
[2024.08.25-10.47.22:382][882]LogSkeletalMesh: USkeletalMeshComponent::InitArticulated : Bodies already created (/Engine/Transient.World_25:PersistentLevel.AnimationEditorPreviewActor_0.DebugSkelMeshComponent_0) - call TermArticulated first.
[2024.08.25-10.47.22:709][882]LogContentBrowser: Verbose: The majority of assets in the view are of type: AnimSequence
[2024.08.25-10.47.29:734][259]LogSlate: FSceneViewport::OnFocusLost() reason 0
[2024.08.25-10.48.08:077][373]LogAssetEditorManager: Opening Asset editor for AnimSequence /Game/Animations/Character/Jump__2_.Jump__2_
[2024.08.25-10.48.23:221][175]LogAssetEditorManager: Opening Asset editor for AnimSequence /Game/Animations/Character/Jump__1_.Jump__1_
[2024.08.25-10.48.23:236][175]LogActorComponent: RegisterComponentWithWorld: (/Engine/Transient.World_30:PersistentLevel.AnimationEditorPreviewActor_0.DebugSkelMeshComponent_0) Already registered. Aborting.
[2024.08.25-10.48.23:268][175]LogSkeletalMesh: USkeletalMeshComponent::InitArticulated : Bodies already created (/Engine/Transient.World_30:PersistentLevel.AnimationEditorPreviewActor_0.DebugSkelMeshComponent_0) - call TermArticulated first.
[2024.08.25-10.48.23:604][175]LogContentBrowser: Verbose: The majority of assets in the view are of type: AnimSequence
[2024.08.25-10.48.47:877][580]LogContentBrowser: Verbose: The majority of assets in the view are of type: None
[2024.08.25-10.48.51:084][772]LogContentBrowser: Verbose: The majority of assets in the view are of type: AnimSequence
[2024.08.25-10.48.53:605][914]LogAssetEditorManager: Opening Asset editor for AnimSequence /Game/Animations/Character/Jump__2_.Jump__2_
[2024.08.25-10.48.53:620][914]LogActorComponent: RegisterComponentWithWorld: (/Engine/Transient.World_33:PersistentLevel.AnimationEditorPreviewActor_0.DebugSkelMeshComponent_0) Already registered. Aborting.
[2024.08.25-10.48.53:649][914]LogSkeletalMesh: USkeletalMeshComponent::InitArticulated : Bodies already created (/Engine/Transient.World_33:PersistentLevel.AnimationEditorPreviewActor_0.DebugSkelMeshComponent_0) - call TermArticulated first.
[2024.08.25-10.48.53:993][914]LogContentBrowser: Verbose: The majority of assets in the view are of type: AnimSequence
[2024.08.25-10.49.02:571][387]LogSlate: FSceneViewport::OnFocusLost() reason 0
[2024.08.25-10.49.05:360][535]LogAssetEditorManager: Opening Asset editor for AnimSequence /Game/Animations/Character/Jump__1_.Jump__1_
[2024.08.25-10.49.05:376][535]LogActorComponent: RegisterComponentWithWorld: (/Engine/Transient.World_36:PersistentLevel.AnimationEditorPreviewActor_0.DebugSkelMeshComponent_0) Already registered. Aborting.
[2024.08.25-10.49.05:405][535]LogSkeletalMesh: USkeletalMeshComponent::InitArticulated : Bodies already created (/Engine/Transient.World_36:PersistentLevel.AnimationEditorPreviewActor_0.DebugSkelMeshComponent_0) - call TermArticulated first.
[2024.08.25-10.49.05:741][535]LogContentBrowser: Verbose: The majority of assets in the view are of type: AnimSequence
[2024.08.25-10.49.14:548][ 13]LogSlate: FSceneViewport::OnFocusLost() reason 0
[2024.08.25-10.49.51:459][302]LogUObjectHash: Compacting FUObjectHashTables data took   7.53ms
[2024.08.25-10.49.51:459][302]LogFileHelpers: Editor autosave (incl. sublevels) for '/Game/Assets/ThirdPersonBP/Maps/ThirdPersonExampleMap' took 0.146
[2024.08.25-10.49.51:462][302]OBJ SavePackage: Generating thumbnails for [1] asset(s) in package [/Game/Animations/Player_Anim] ([1] browsable assets)...
[2024.08.25-10.49.51:488][302]OBJ SavePackage:     Rendered thumbnail for [AnimBlueprint /Game/Animations/Player_Anim.Player_Anim]
[2024.08.25-10.49.51:488][302]OBJ SavePackage: Finished generating thumbnails for package [/Game/Animations/Player_Anim]
[2024.08.25-10.49.51:511][302]LogSavePackage: Moving '../../../../../../Users/markr/MarilaOutbreak/ManilaOutbreak-Game/MarilaOubreaks/Saved/Player_Anim_Auto18ADDEF6948E0038D561A7DB4FAC5C58C.tmp' to '../../../../../../Users/markr/MarilaOutbreak/ManilaOutbreak-Game/MarilaOubreaks/Saved/Autosaves/Game/Animations/Player_Anim_Auto1.uasset'
[2024.08.25-10.49.51:512][302]LogFileHelpers: Auto-saving content packages took 0.052
[2024.08.25-10.51.54:566][ 16]LogAssetEditorManager: Opening Asset editor for AnimSequence /Game/Animations/Character/Jump__2_.Jump__2_
[2024.08.25-10.51.54:582][ 16]LogActorComponent: RegisterComponentWithWorld: (/Engine/Transient.World_39:PersistentLevel.AnimationEditorPreviewActor_0.DebugSkelMeshComponent_0) Already registered. Aborting.
[2024.08.25-10.51.54:611][ 16]LogSkeletalMesh: USkeletalMeshComponent::InitArticulated : Bodies already created (/Engine/Transient.World_39:PersistentLevel.AnimationEditorPreviewActor_0.DebugSkelMeshComponent_0) - call TermArticulated first.
[2024.08.25-10.51.54:957][ 16]LogContentBrowser: Verbose: The majority of assets in the view are of type: AnimSequence
[2024.08.25-10.59.51:893][464]LogUObjectHash: Compacting FUObjectHashTables data took   3.91ms
[2024.08.25-10.59.51:893][464]LogFileHelpers: Editor autosave (incl. sublevels) for '/Game/Assets/ThirdPersonBP/Maps/ThirdPersonExampleMap' took 0.053
[2024.08.25-10.59.51:895][464]OBJ SavePackage: Generating thumbnails for [1] asset(s) in package [/Game/Animations/Player_Anim] ([1] browsable assets)...
[2024.08.25-10.59.51:919][464]OBJ SavePackage:     Rendered thumbnail for [AnimBlueprint /Game/Animations/Player_Anim.Player_Anim]
[2024.08.25-10.59.51:919][464]OBJ SavePackage: Finished generating thumbnails for package [/Game/Animations/Player_Anim]
[2024.08.25-10.59.51:943][464]LogSavePackage: Moving '../../../../../../Users/markr/MarilaOutbreak/ManilaOutbreak-Game/MarilaOubreaks/Saved/Player_Anim_Auto2CEEAEBA349EB6D1D197B55913E1AE6ED.tmp' to '../../../../../../Users/markr/MarilaOutbreak/ManilaOutbreak-Game/MarilaOubreaks/Saved/Autosaves/Game/Animations/Player_Anim_Auto2.uasset'
[2024.08.25-10.59.51:943][464]LogFileHelpers: Auto-saving content packages took 0.049
[2024.08.25-11.01.09:316][406]BlueprintLog: New page: Compile Player_Anim
[2024.08.25-11.01.09:531][406]LogUObjectHash: Compacting FUObjectHashTables data took   2.96ms
[2024.08.25-11.01.58:773][841]LogSlate: Window 'Player_Anim' being destroyed
[2024.08.25-11.02.27:181][111]LogSlate: Window 'Pick Skeleton' being destroyed
[2024.08.25-11.02.39:849][852]LogAssetEditorManager: Opening Asset editor for BlendSpace /Game/Animations/Player_Anim_BS.Player_Anim_BS
[2024.08.25-11.02.39:865][852]LogActorComponent: RegisterComponentWithWorld: (/Engine/Transient.World_43:PersistentLevel.AnimationEditorPreviewActor_0.DebugSkelMeshComponent_0) Already registered. Aborting.
[2024.08.25-11.02.39:892][852]LogSkeletalMesh: USkeletalMeshComponent::InitArticulated : Bodies already created (/Engine/Transient.World_43:PersistentLevel.AnimationEditorPreviewActor_0.DebugSkelMeshComponent_0) - call TermArticulated first.
[2024.08.25-11.02.40:207][852]LogContentBrowser: Verbose: The majority of assets in the view are of type: AnimSequence
[2024.08.25-11.04.47:474][892]LogFactory: FactoryCreateFile: StaticMesh with FbxFactory (0 0 C:\Users\markr\Downloads\Jump Up.fbx)
[2024.08.25-11.04.47:517][892]LogFbx: Loading FBX Scene from C:\Users\markr\Downloads\Jump Up.fbx
[2024.08.25-11.04.47:577][892]LogFbx: FBX Scene Loaded Succesfully
[2024.08.25-11.04.56:189][892]LogSlate: Window 'FBX Import Options' being destroyed
[2024.08.25-11.04.56:245][892]LogFbx: =================================================
[2024.08.25-11.04.56:245][892]LogFbx: Dumping Node START [Cube] 
[2024.08.25-11.04.56:245][892]LogFbx: 	Total Deformer Count 539845888.
[2024.08.25-11.04.56:246][892]LogFbx: 		[Node 1] Skin (Type Skin).
[2024.08.25-11.04.56:246][892]LogFbx: =================================================
[2024.08.25-11.04.56:246][892]LogFbx: 	Attribute (Mesh) Type (4).
[2024.08.25-11.04.56:246][892]LogFbx: 		[Node Attribute Child 1] Cube (Type Mesh).
[2024.08.25-11.04.56:246][892]LogFbx: Dumping Node END [Cube]
[2024.08.25-11.04.56:247][892]LogFbx: =================================================
[2024.08.25-11.04.56:247][892]LogFbx: Dumping Node START [Cube] 
[2024.08.25-11.04.56:247][892]LogFbx: 	Total Deformer Count 539845888.
[2024.08.25-11.04.56:247][892]LogFbx: 		[Node 1] Skin (Type Skin).
[2024.08.25-11.04.56:247][892]LogFbx: =================================================
[2024.08.25-11.04.56:247][892]LogFbx: 	Attribute (Mesh) Type (4).
[2024.08.25-11.04.56:247][892]LogFbx: 		[Node Attribute Child 1] Cube (Type Mesh).
[2024.08.25-11.04.56:247][892]LogFbx: Dumping Node END [Cube]
[2024.08.25-11.04.56:248][892]LogFbx: SortedLinks :(0) Hips
[2024.08.25-11.04.56:248][892]LogFbx: SortedLinks :(1) Spine
[2024.08.25-11.04.56:248][892]LogFbx: SortedLinks :(2) Spine1
[2024.08.25-11.04.56:248][892]LogFbx: SortedLinks :(3) Spine2
[2024.08.25-11.04.56:248][892]LogFbx: SortedLinks :(4) Neck
[2024.08.25-11.04.56:248][892]LogFbx: SortedLinks :(5) Head
[2024.08.25-11.04.56:248][892]LogFbx: SortedLinks :(6) HeadTop_End
[2024.08.25-11.04.56:248][892]LogFbx: SortedLinks :(7) LeftShoulder
[2024.08.25-11.04.56:248][892]LogFbx: SortedLinks :(8) LeftArm
[2024.08.25-11.04.56:248][892]LogFbx: SortedLinks :(9) LeftForeArm
[2024.08.25-11.04.56:248][892]LogFbx: SortedLinks :(10) LeftHand
[2024.08.25-11.04.56:248][892]LogFbx: SortedLinks :(11) LeftHandThumb1
[2024.08.25-11.04.56:248][892]LogFbx: SortedLinks :(12) LeftHandThumb2
[2024.08.25-11.04.56:248][892]LogFbx: SortedLinks :(13) LeftHandThumb3
[2024.08.25-11.04.56:248][892]LogFbx: SortedLinks :(14) LeftHandThumb4
[2024.08.25-11.04.56:248][892]LogFbx: SortedLinks :(15) LeftHandIndex1
[2024.08.25-11.04.56:248][892]LogFbx: SortedLinks :(16) LeftHandIndex2
[2024.08.25-11.04.56:248][892]LogFbx: SortedLinks :(17) LeftHandIndex3
[2024.08.25-11.04.56:248][892]LogFbx: SortedLinks :(18) LeftHandIndex4
[2024.08.25-11.04.56:248][892]LogFbx: SortedLinks :(19) LeftHandMiddle1
[2024.08.25-11.04.56:248][892]LogFbx: SortedLinks :(20) LeftHandMiddle2
[2024.08.25-11.04.56:248][892]LogFbx: SortedLinks :(21) LeftHandMiddle3
[2024.08.25-11.04.56:248][892]LogFbx: SortedLinks :(22) LeftHandMiddle4
[2024.08.25-11.04.56:248][892]LogFbx: SortedLinks :(23) LeftHandRing1
[2024.08.25-11.04.56:248][892]LogFbx: SortedLinks :(24) LeftHandRing2
[2024.08.25-11.04.56:248][892]LogFbx: SortedLinks :(25) LeftHandRing3
[2024.08.25-11.04.56:248][892]LogFbx: SortedLinks :(26) LeftHandRing4
[2024.08.25-11.04.56:248][892]LogFbx: SortedLinks :(27) LeftHandPinky1
[2024.08.25-11.04.56:248][892]LogFbx: SortedLinks :(28) LeftHandPinky2
[2024.08.25-11.04.56:248][892]LogFbx: SortedLinks :(29) LeftHandPinky3
[2024.08.25-11.04.56:248][892]LogFbx: SortedLinks :(30) LeftHandPinky4
[2024.08.25-11.04.56:248][892]LogFbx: SortedLinks :(31) RightShoulder
[2024.08.25-11.04.56:248][892]LogFbx: SortedLinks :(32) RightArm
[2024.08.25-11.04.56:248][892]LogFbx: SortedLinks :(33) RightForeArm
[2024.08.25-11.04.56:248][892]LogFbx: SortedLinks :(34) RightHand
[2024.08.25-11.04.56:248][892]LogFbx: SortedLinks :(35) RightHandThumb1
[2024.08.25-11.04.56:248][892]LogFbx: SortedLinks :(36) RightHandThumb2
[2024.08.25-11.04.56:248][892]LogFbx: SortedLinks :(37) RightHandThumb3
[2024.08.25-11.04.56:248][892]LogFbx: SortedLinks :(38) RightHandThumb4
[2024.08.25-11.04.56:248][892]LogFbx: SortedLinks :(39) RightHandIndex1
[2024.08.25-11.04.56:248][892]LogFbx: SortedLinks :(40) RightHandIndex2
[2024.08.25-11.04.56:248][892]LogFbx: SortedLinks :(41) RightHandIndex3
[2024.08.25-11.04.56:248][892]LogFbx: SortedLinks :(42) RightHandIndex4
[2024.08.25-11.04.56:248][892]LogFbx: SortedLinks :(43) RightHandMiddle1
[2024.08.25-11.04.56:248][892]LogFbx: SortedLinks :(44) RightHandMiddle2
[2024.08.25-11.04.56:248][892]LogFbx: SortedLinks :(45) RightHandMiddle3
[2024.08.25-11.04.56:248][892]LogFbx: SortedLinks :(46) RightHandMiddle4
[2024.08.25-11.04.56:248][892]LogFbx: SortedLinks :(47) RightHandRing1
[2024.08.25-11.04.56:248][892]LogFbx: SortedLinks :(48) RightHandRing2
[2024.08.25-11.04.56:248][892]LogFbx: SortedLinks :(49) RightHandRing3
[2024.08.25-11.04.56:248][892]LogFbx: SortedLinks :(50) RightHandRing4
[2024.08.25-11.04.56:249][892]LogFbx: SortedLinks :(51) RightHandPinky1
[2024.08.25-11.04.56:249][892]LogFbx: SortedLinks :(52) RightHandPinky2
[2024.08.25-11.04.56:249][892]LogFbx: SortedLinks :(53) RightHandPinky3
[2024.08.25-11.04.56:249][892]LogFbx: SortedLinks :(54) RightHandPinky4
[2024.08.25-11.04.56:249][892]LogFbx: SortedLinks :(55) LeftUpLeg
[2024.08.25-11.04.56:249][892]LogFbx: SortedLinks :(56) LeftLeg
[2024.08.25-11.04.56:249][892]LogFbx: SortedLinks :(57) LeftFoot
[2024.08.25-11.04.56:249][892]LogFbx: SortedLinks :(58) LeftToeBase
[2024.08.25-11.04.56:249][892]LogFbx: SortedLinks :(59) LeftToe_End
[2024.08.25-11.04.56:249][892]LogFbx: SortedLinks :(60) RightUpLeg
[2024.08.25-11.04.56:249][892]LogFbx: SortedLinks :(61) RightLeg
[2024.08.25-11.04.56:249][892]LogFbx: SortedLinks :(62) RightFoot
[2024.08.25-11.04.56:249][892]LogFbx: SortedLinks :(63) RightToeBase
[2024.08.25-11.04.56:249][892]LogFbx: SortedLinks :(64) RightToe_End
[2024.08.25-11.04.56:250][892]LogFbx: Parsing AnimStack mixamo.com
[2024.08.25-11.04.56:255][892]LogLinker: Can't find file '/Game/Animations/Character/Jump_Up'
[2024.08.25-11.04.56:255][892]LogLinker: Can't find file '/Game/Animations/Character/Jump_Up'
[2024.08.25-11.04.58:741][892]LogAnimationCompression: Building Anim DDC data for AnimSequence /Game/Animations/Character/Jump_Up.Jump_Up
[2024.08.25-11.04.58:745][892]LogAnimationCompression: Recompressing (AnimSequence /Engine/Transient.Jump_Up) using current/default (AnimCompress_BitwiseCompressOnly_0) bFirstRecompressUsingCurrentOrDefault(1) bTryAlternateCompressor(0) IsCompressedDataValid(0)
[2024.08.25-11.04.58:815][892]LogFactory: FactoryCreateFile: AnimSequence with FbxFactory (0 0 C:\Users\markr\Downloads\Jump Down.fbx)
[2024.08.25-11.04.58:833][892]LogFbx: Loading FBX Scene from C:\Users\markr\Downloads\Jump Down.fbx
[2024.08.25-11.04.58:885][892]LogFbx: FBX Scene Loaded Succesfully
[2024.08.25-11.04.58:892][892]LogFbx: =================================================
[2024.08.25-11.04.58:892][892]LogFbx: Dumping Node START [Cube] 
[2024.08.25-11.04.58:892][892]LogFbx: 	Total Deformer Count 539845936.
[2024.08.25-11.04.58:892][892]LogFbx: 		[Node 1] Skin (Type Skin).
[2024.08.25-11.04.58:892][892]LogFbx: =================================================
[2024.08.25-11.04.58:892][892]LogFbx: 	Attribute (Mesh) Type (4).
[2024.08.25-11.04.58:892][892]LogFbx: 		[Node Attribute Child 1] Cube (Type Mesh).
[2024.08.25-11.04.58:892][892]LogFbx: Dumping Node END [Cube]
[2024.08.25-11.04.58:893][892]LogFbx: =================================================
[2024.08.25-11.04.58:893][892]LogFbx: Dumping Node START [Cube] 
[2024.08.25-11.04.58:893][892]LogFbx: 	Total Deformer Count 539845936.
[2024.08.25-11.04.58:893][892]LogFbx: 		[Node 1] Skin (Type Skin).
[2024.08.25-11.04.58:893][892]LogFbx: =================================================
[2024.08.25-11.04.58:893][892]LogFbx: 	Attribute (Mesh) Type (4).
[2024.08.25-11.04.58:893][892]LogFbx: 		[Node Attribute Child 1] Cube (Type Mesh).
[2024.08.25-11.04.58:893][892]LogFbx: Dumping Node END [Cube]
[2024.08.25-11.04.58:893][892]LogFbx: SortedLinks :(0) Hips
[2024.08.25-11.04.58:893][892]LogFbx: SortedLinks :(1) Spine
[2024.08.25-11.04.58:893][892]LogFbx: SortedLinks :(2) Spine1
[2024.08.25-11.04.58:893][892]LogFbx: SortedLinks :(3) Spine2
[2024.08.25-11.04.58:893][892]LogFbx: SortedLinks :(4) Neck
[2024.08.25-11.04.58:893][892]LogFbx: SortedLinks :(5) Head
[2024.08.25-11.04.58:893][892]LogFbx: SortedLinks :(6) HeadTop_End
[2024.08.25-11.04.58:893][892]LogFbx: SortedLinks :(7) LeftShoulder
[2024.08.25-11.04.58:893][892]LogFbx: SortedLinks :(8) LeftArm
[2024.08.25-11.04.58:893][892]LogFbx: SortedLinks :(9) LeftForeArm
[2024.08.25-11.04.58:893][892]LogFbx: SortedLinks :(10) LeftHand
[2024.08.25-11.04.58:893][892]LogFbx: SortedLinks :(11) LeftHandThumb1
[2024.08.25-11.04.58:894][892]LogFbx: SortedLinks :(12) LeftHandThumb2
[2024.08.25-11.04.58:894][892]LogFbx: SortedLinks :(13) LeftHandThumb3
[2024.08.25-11.04.58:894][892]LogFbx: SortedLinks :(14) LeftHandThumb4
[2024.08.25-11.04.58:894][892]LogFbx: SortedLinks :(15) LeftHandIndex1
[2024.08.25-11.04.58:894][892]LogFbx: SortedLinks :(16) LeftHandIndex2
[2024.08.25-11.04.58:894][892]LogFbx: SortedLinks :(17) LeftHandIndex3
[2024.08.25-11.04.58:894][892]LogFbx: SortedLinks :(18) LeftHandIndex4
[2024.08.25-11.04.58:894][892]LogFbx: SortedLinks :(19) LeftHandMiddle1
[2024.08.25-11.04.58:894][892]LogFbx: SortedLinks :(20) LeftHandMiddle2
[2024.08.25-11.04.58:894][892]LogFbx: SortedLinks :(21) LeftHandMiddle3
[2024.08.25-11.04.58:894][892]LogFbx: SortedLinks :(22) LeftHandMiddle4
[2024.08.25-11.04.58:894][892]LogFbx: SortedLinks :(23) LeftHandRing1
[2024.08.25-11.04.58:894][892]LogFbx: SortedLinks :(24) LeftHandRing2
[2024.08.25-11.04.58:894][892]LogFbx: SortedLinks :(25) LeftHandRing3
[2024.08.25-11.04.58:894][892]LogFbx: SortedLinks :(26) LeftHandRing4
[2024.08.25-11.04.58:894][892]LogFbx: SortedLinks :(27) LeftHandPinky1
[2024.08.25-11.04.58:894][892]LogFbx: SortedLinks :(28) LeftHandPinky2
[2024.08.25-11.04.58:894][892]LogFbx: SortedLinks :(29) LeftHandPinky3
[2024.08.25-11.04.58:894][892]LogFbx: SortedLinks :(30) LeftHandPinky4
[2024.08.25-11.04.58:894][892]LogFbx: SortedLinks :(31) RightShoulder
[2024.08.25-11.04.58:894][892]LogFbx: SortedLinks :(32) RightArm
[2024.08.25-11.04.58:894][892]LogFbx: SortedLinks :(33) RightForeArm
[2024.08.25-11.04.58:894][892]LogFbx: SortedLinks :(34) RightHand
[2024.08.25-11.04.58:894][892]LogFbx: SortedLinks :(35) RightHandThumb1
[2024.08.25-11.04.58:894][892]LogFbx: SortedLinks :(36) RightHandThumb2
[2024.08.25-11.04.58:894][892]LogFbx: SortedLinks :(37) RightHandThumb3
[2024.08.25-11.04.58:894][892]LogFbx: SortedLinks :(38) RightHandThumb4
[2024.08.25-11.04.58:894][892]LogFbx: SortedLinks :(39) RightHandIndex1
[2024.08.25-11.04.58:894][892]LogFbx: SortedLinks :(40) RightHandIndex2
[2024.08.25-11.04.58:894][892]LogFbx: SortedLinks :(41) RightHandIndex3
[2024.08.25-11.04.58:894][892]LogFbx: SortedLinks :(42) RightHandIndex4
[2024.08.25-11.04.58:894][892]LogFbx: SortedLinks :(43) RightHandMiddle1
[2024.08.25-11.04.58:894][892]LogFbx: SortedLinks :(44) RightHandMiddle2
[2024.08.25-11.04.58:894][892]LogFbx: SortedLinks :(45) RightHandMiddle3
[2024.08.25-11.04.58:894][892]LogFbx: SortedLinks :(46) RightHandMiddle4
[2024.08.25-11.04.58:894][892]LogFbx: SortedLinks :(47) RightHandRing1
[2024.08.25-11.04.58:894][892]LogFbx: SortedLinks :(48) RightHandRing2
[2024.08.25-11.04.58:894][892]LogFbx: SortedLinks :(49) RightHandRing3
[2024.08.25-11.04.58:894][892]LogFbx: SortedLinks :(50) RightHandRing4
[2024.08.25-11.04.58:894][892]LogFbx: SortedLinks :(51) RightHandPinky1
[2024.08.25-11.04.58:894][892]LogFbx: SortedLinks :(52) RightHandPinky2
[2024.08.25-11.04.58:894][892]LogFbx: SortedLinks :(53) RightHandPinky3
[2024.08.25-11.04.58:894][892]LogFbx: SortedLinks :(54) RightHandPinky4
[2024.08.25-11.04.58:894][892]LogFbx: SortedLinks :(55) LeftUpLeg
[2024.08.25-11.04.58:894][892]LogFbx: SortedLinks :(56) LeftLeg
[2024.08.25-11.04.58:894][892]LogFbx: SortedLinks :(57) LeftFoot
[2024.08.25-11.04.58:894][892]LogFbx: SortedLinks :(58) LeftToeBase
[2024.08.25-11.04.58:894][892]LogFbx: SortedLinks :(59) LeftToe_End
[2024.08.25-11.04.58:894][892]LogFbx: SortedLinks :(60) RightUpLeg
[2024.08.25-11.04.58:894][892]LogFbx: SortedLinks :(61) RightLeg
[2024.08.25-11.04.58:894][892]LogFbx: SortedLinks :(62) RightFoot
[2024.08.25-11.04.58:894][892]LogFbx: SortedLinks :(63) RightToeBase
[2024.08.25-11.04.58:894][892]LogFbx: SortedLinks :(64) RightToe_End
[2024.08.25-11.04.58:894][892]LogFbx: Parsing AnimStack mixamo.com
[2024.08.25-11.04.58:895][892]LogLinker: Can't find file '/Game/Animations/Character/Jump_Down'
[2024.08.25-11.04.58:895][892]LogLinker: Can't find file '/Game/Animations/Character/Jump_Down'
[2024.08.25-11.04.59:141][892]LogAnimationCompression: Building Anim DDC data for AnimSequence /Game/Animations/Character/Jump_Down.Jump_Down
[2024.08.25-11.04.59:142][892]LogAnimationCompression: Recompressing (AnimSequence /Engine/Transient.Jump_Down) using current/default (AnimCompress_BitwiseCompressOnly_0) bFirstRecompressUsingCurrentOrDefault(1) bTryAlternateCompressor(0) IsCompressedDataValid(0)
[2024.08.25-11.05.23:940][357]LogAssetEditorManager: Opening Asset editor for AnimSequence /Game/Animations/Character/Jump_Up.Jump_Up
[2024.08.25-11.05.27:788][566]LogAssetEditorManager: Opening Asset editor for AnimSequence /Game/Animations/Character/Jump_Up.Jump_Up
[2024.08.25-11.05.27:804][566]LogActorComponent: RegisterComponentWithWorld: (/Engine/Transient.World_46:PersistentLevel.AnimationEditorPreviewActor_0.DebugSkelMeshComponent_0) Already registered. Aborting.
[2024.08.25-11.05.27:831][566]LogSkeletalMesh: USkeletalMeshComponent::InitArticulated : Bodies already created (/Engine/Transient.World_46:PersistentLevel.AnimationEditorPreviewActor_0.DebugSkelMeshComponent_0) - call TermArticulated first.
[2024.08.25-11.05.28:159][566]LogContentBrowser: Verbose: The majority of assets in the view are of type: AnimSequence
[2024.08.25-11.05.31:576][757]LogAssetEditorManager: Opening Asset editor for AnimSequence /Game/Animations/Character/Jump_Down.Jump_Down
[2024.08.25-11.05.31:593][757]LogActorComponent: RegisterComponentWithWorld: (/Engine/Transient.World_49:PersistentLevel.AnimationEditorPreviewActor_0.DebugSkelMeshComponent_0) Already registered. Aborting.
[2024.08.25-11.05.31:619][757]LogSkeletalMesh: USkeletalMeshComponent::InitArticulated : Bodies already created (/Engine/Transient.World_49:PersistentLevel.AnimationEditorPreviewActor_0.DebugSkelMeshComponent_0) - call TermArticulated first.
[2024.08.25-11.05.31:935][757]LogContentBrowser: Verbose: The majority of assets in the view are of type: AnimSequence
[2024.08.25-11.05.44:544][497]BlueprintLog: New page: Compile Player_Anim
[2024.08.25-11.05.44:778][497]LogUObjectHash: Compacting FUObjectHashTables data took   4.00ms
[2024.08.25-11.05.45:583][541]Cmd: OBJ SAVEPACKAGE PACKAGE="/Game/Animations/Player_Anim" FILE="../../../../../../Users/markr/MarilaOutbreak/ManilaOutbreak-Game/MarilaOubreaks/Content/Animations/Player_Anim.uasset" SILENT=true
[2024.08.25-11.05.45:612][541]LogSavePackage: Moving '../../../../../../Users/markr/MarilaOutbreak/ManilaOutbreak-Game/MarilaOubreaks/Saved/Player_AnimB4E6F8294AC5C2AA5BC1C881F51F9B1B.tmp' to '../../../../../../Users/markr/MarilaOutbreak/ManilaOutbreak-Game/MarilaOubreaks/Content/Animations/Player_Anim.uasset'
