Log file open, 09/08/24 02:59:59
LogWindows: Failed to load 'aqProf.dll' (GetLastError=126)
LogWindows: File 'aqProf.dll' does not exist
LogWindows: Failed to load 'VtuneApi.dll' (GetLastError=126)
LogWindows: File 'VtuneApi.dll' does not exist
LogWindows: Failed to load 'VtuneApi32e.dll' (GetLastError=126)
LogWindows: File 'VtuneApi32e.dll' does not exist
LogConsoleResponse: Display: Failed to find resolution value strings in scalability ini. Falling back to default.
LogInit: Display: Running engine for game: MarilaOubreaks
LogPakFile: Registered encryption key '00000000000000000000000000000000': 0 pak files mounted, 0 remain pending
LogPlatformFile: Not using cached read wrapper
LogTaskGraph: Started task graph with 5 named threads and 14 total threads with 3 sets of task threads.
LogStats: Stats thread started at 0.351639
LogD3D11RHI: Loaded GFSDK_Aftermath_Lib.x64.dll
LogICUInternationalization: ICU TimeZone Detection - Raw Offset: +8:00, Platform Override: ''
LogPluginManager: Mounting plugin Paper2D
LogPluginManager: Mounting plugin AISupport
LogPluginManager: Mounting plugin LightPropagationVolume
LogPluginManager: Mounting plugin ActorLayerUtilities
LogPluginManager: Mounting plugin AnimationSharing
LogPluginManager: Mounting plugin CLionSourceCodeAccess
LogPluginManager: Mounting plugin CodeLiteSourceCodeAccess
LogPluginManager: Mounting plugin GitSourceControl
LogPluginManager: Mounting plugin KDevelopSourceCodeAccess
LogPluginManager: Mounting plugin NullSourceCodeAccess
LogPluginManager: Mounting plugin PerforceSourceControl
LogPluginManager: Mounting plugin SubversionSourceControl
LogPluginManager: Mounting plugin UObjectPlugin
LogPluginManager: Mounting plugin VisualStudioCodeSourceCodeAccess
LogPluginManager: Mounting plugin VisualStudioSourceCodeAccess
LogPluginManager: Mounting plugin XCodeSourceCodeAccess
LogPluginManager: Mounting plugin AssetManagerEditor
LogPluginManager: Mounting plugin CryptoKeys
LogPluginManager: Mounting plugin DataValidation
LogPluginManager: Mounting plugin FacialAnimation
LogPluginManager: Mounting plugin GameplayTagsEditor
LogPluginManager: Mounting plugin MacGraphicsSwitching
LogPluginManager: Mounting plugin MaterialAnalyzer
LogPluginManager: Mounting plugin MobileLauncherProfileWizard
LogPluginManager: Mounting plugin PluginBrowser
LogPluginManager: Mounting plugin SpeedTreeImporter
LogPluginManager: Mounting plugin DatasmithContent
LogPluginManager: Mounting plugin VariantManagerContent
LogPluginManager: Mounting plugin AlembicImporter
LogPluginManager: Mounting plugin AppleImageUtils
LogPluginManager: Mounting plugin AppleVision
LogPluginManager: Mounting plugin BackChannel
LogPluginManager: Mounting plugin CharacterAI
LogPluginManager: Mounting plugin GeometryCache
LogPluginManager: Mounting plugin HTML5Networking
LogPluginManager: Mounting plugin ProxyLODPlugin
LogPluginManager: Mounting plugin SkeletalReduction
LogPluginManager: Mounting plugin Niagara
LogPluginManager: Mounting plugin MagicLeap
LogPluginManager: Mounting plugin MagicLeapMedia
LogPluginManager: Mounting plugin AndroidMedia
LogPluginManager: Mounting plugin AvfMedia
LogPluginManager: Mounting plugin ImgMedia
LogPluginManager: Mounting plugin LinearTimecode
LogPluginManager: Mounting plugin MediaCompositing
LogPluginManager: Mounting plugin MediaPlayerEditor
LogPluginManager: Mounting plugin WebMMedia
LogPluginManager: Mounting plugin WmfMedia
LogPluginManager: Mounting plugin TcpMessaging
LogPluginManager: Mounting plugin UdpMessaging
LogPluginManager: Mounting plugin ActorSequence
LogPluginManager: Mounting plugin LevelSequenceEditor
LogPluginManager: Mounting plugin MatineeToLevelSequence
LogPluginManager: Mounting plugin NetcodeUnitTest
LogPluginManager: Mounting plugin NUTUnrealEngine4
LogPluginManager: Mounting plugin OnlineSubsystemGooglePlay
LogPluginManager: Mounting plugin OnlineSubsystemIOS
LogPluginManager: Mounting plugin OnlineSubsystem
LogPluginManager: Mounting plugin OnlineSubsystemNull
LogPluginManager: Mounting plugin OnlineSubsystemUtils
LogPluginManager: Mounting plugin LauncherChunkInstaller
LogPluginManager: Mounting plugin AndroidDeviceProfileSelector
LogPluginManager: Mounting plugin AndroidMoviePlayer
LogPluginManager: Mounting plugin AndroidPermission
LogPluginManager: Mounting plugin AppleMoviePlayer
LogPluginManager: Mounting plugin ArchVisCharacter
LogPluginManager: Mounting plugin AudioCapture
LogPluginManager: Mounting plugin CableComponent
LogPluginManager: Mounting plugin CustomMeshComponent
LogPluginManager: Mounting plugin EditableMesh
LogPluginManager: Mounting plugin ExampleDeviceProfileSelector
LogPluginManager: Mounting plugin Firebase
LogPluginManager: Mounting plugin GoogleCloudMessaging
LogPluginManager: Mounting plugin IOSDeviceProfileSelector
LogPluginManager: Mounting plugin LinuxDeviceProfileSelector
LogPluginManager: Mounting plugin LocationServicesBPLibrary
LogPluginManager: Mounting plugin MobilePatchingUtils
LogPluginManager: Mounting plugin OculusVR
LogPluginManager: Mounting plugin PhysXVehicles
LogPluginManager: Mounting plugin ProceduralMeshComponent
LogPluginManager: Mounting plugin RuntimePhysXCooking
LogPluginManager: Mounting plugin SignificanceManager
LogPluginManager: Mounting plugin SteamVR
LogPluginManager: Mounting plugin WebMMoviePlayer
LogPluginManager: Mounting plugin WindowsMoviePlayer
LogInit: Using libcurl 7.55.1-DEV
LogInit:  - built for x86_64-pc-win32
LogInit:  - supports SSL with OpenSSL/1.1.1
LogInit:  - supports HTTP deflate (compression) using libz 1.2.8
LogInit:  - other features:
LogInit:      CURL_VERSION_SSL
LogInit:      CURL_VERSION_LIBZ
LogInit:      CURL_VERSION_IPV6
LogInit:      CURL_VERSION_ASYNCHDNS
LogInit:      CURL_VERSION_LARGEFILE
LogInit:      CURL_VERSION_IDN
LogInit:  CurlRequestOptions (configurable via config and command line):
LogInit:  - bVerifyPeer = true  - Libcurl will verify peer certificate
LogInit:  - bUseHttpProxy = false  - Libcurl will NOT use HTTP proxy
LogInit:  - bDontReuseConnections = false  - Libcurl will reuse connections
LogInit:  - MaxHostConnections = 16  - Libcurl will limit the number of connections to a host
LogInit:  - LocalHostAddr = Default
LogInit:  - BufferSize = 65536
LogInit: WinSock: version 1.1 (2.2), MaxSocks=32767, MaxUdp=65467
LogInit: Build: ++UE4+Release-4.22-CL-7053642
LogInit: Engine Version: 4.22.3-7053642+++UE4+Release-4.22
LogInit: Compatible Engine Version: 4.22.0-5660361+++UE4+Release-4.22
LogInit: Net CL: 5660361
LogInit: OS: Windows 10 (Release 2009) (), CPU: Intel(R) Pentium(R) Silver N6000 @ 1.10GHz, GPU: Intel(R) UHD Graphics
LogInit: Compiled (64-bit): Jun 18 2019 03:09:11
LogInit: Compiled with Visual C++: 19.16.27025.01
LogInit: Build Configuration: Development
LogInit: Branch Name: ++UE4+Release-4.22
LogInit: Command Line: 
LogInit: Base Directory: C:/Program Files/Epic Games/UE_4.22/Engine/Binaries/Win64/
LogInit: Installed Engine Build: 1
LogDevObjectVersion: Number of dev versions registered: 23
LogDevObjectVersion:   Dev-Blueprints (B0D832E4-1F89-4F0D-ACCF-7EB736FD4AA2): 10
LogDevObjectVersion:   Dev-Build (E1C64328-A22C-4D53-A36C-8E866417BD8C): 0
LogDevObjectVersion:   Dev-Core (375EC13C-06E4-48FB-B500-84F0262A717E): 3
LogDevObjectVersion:   Dev-Editor (E4B068ED-F494-42E9-A231-DA0B2E46BB41): 30
LogDevObjectVersion:   Dev-Framework (CFFC743F-43B0-4480-9391-14DF171D2073): 35
LogDevObjectVersion:   Dev-Mobile (B02B49B5-BB20-44E9-A304-32B752E40360): 2
LogDevObjectVersion:   Dev-Networking (A4E4105C-59A1-49B5-A7C5-40C4547EDFEE): 0
LogDevObjectVersion:   Dev-Online (39C831C9-5AE6-47DC-9A44-9C173E1C8E7C): 0
LogDevObjectVersion:   Dev-Physics (78F01B33-EBEA-4F98-B9B4-84EACCB95AA2): 0
LogDevObjectVersion:   Dev-Platform (6631380F-2D4D-43E0-8009-CF276956A95A): 0
LogDevObjectVersion:   Dev-Rendering (12F88B9F-8875-4AFC-A67C-D90C383ABD29): 28
LogDevObjectVersion:   Dev-Sequencer (7B5AE74C-D270-4C10-A958-57980B212A5A): 11
LogDevObjectVersion:   Dev-VR (D7296918-1DD6-4BDD-9DE2-64A83CC13884): 2
LogDevObjectVersion:   Dev-LoadTimes (C2A15278-BFE7-4AFE-6C17-90FF531DF755): 1
LogDevObjectVersion:   Private-Geometry (6EACA3D4-40EC-4CC1-B786-8BED09428FC5): 3
LogDevObjectVersion:   Dev-AnimPhys (29E575DD-E0A3-4627-9D10-D276232CDCEA): 17
LogDevObjectVersion:   Dev-Anim (AF43A65D-7FD3-4947-9873-3E8ED9C1BB05): 2
LogDevObjectVersion:   Dev-ReflectionCapture (6B266CEC-1EC7-4B8F-A30B-E4D90942FC07): 1
LogDevObjectVersion:   Dev-Automation (0DF73D61-A23F-47EA-B727-89E90C41499A): 1
LogDevObjectVersion:   FortniteMain (601D1886-AC64-4F84-AA16-D3DE0DEAC7D6): 25
LogDevObjectVersion:   Dev-Enterprise (9DFFBCD6-494F-0158-E221-12823C92A888): 6
LogDevObjectVersion:   Dev-Niagara (F2AED0AC-9AFE-416F-8664-AA7FFA26D6FC): 1
LogDevObjectVersion:   Dev-Destruction (174F1F0B-B4C6-45A5-B13F-2EE8D0FB917D): 2
LogInit: Presizing for max 16777216 objects, including 0 objects not considered by GC, pre-allocating 0 bytes for permanent pool.
LogInit: Object subsystem initialized
LogConfig: Setting CVar [[con.DebugEarlyDefault:1]]
LogConfig: Setting CVar [[r.setres:1280x720]]
[2024.09.07-18.59.59:979][  0]LogConfig: Setting CVar [[r.VSync:0]]
[2024.09.07-18.59.59:979][  0]LogConfig: Setting CVar [[r.RHICmdBypass:0]]
[2024.09.07-18.59.59:979][  0]LogConfig: Applying CVar settings from Section [/Script/Engine.RendererSettings] File [C:/Users/alexi/Downloads/New_Marilao/ManilaOutbreak-Game/MarilaOubreaks/Saved/Config/Windows/Engine.ini]
[2024.09.07-18.59.59:979][  0]LogConfig: Setting CVar [[r.GPUCrashDebugging:0]]
[2024.09.07-18.59.59:979][  0]LogConfig: Applying CVar settings from Section [/Script/Engine.RendererOverrideSettings] File [C:/Users/alexi/Downloads/New_Marilao/ManilaOutbreak-Game/MarilaOubreaks/Saved/Config/Windows/Engine.ini]
[2024.09.07-18.59.59:979][  0]LogConfig: Applying CVar settings from Section [/Script/Engine.StreamingSettings] File [C:/Users/alexi/Downloads/New_Marilao/ManilaOutbreak-Game/MarilaOubreaks/Saved/Config/Windows/Engine.ini]
[2024.09.07-18.59.59:979][  0]LogConfig: Setting CVar [[s.MinBulkDataSizeForAsyncLoading:131072]]
[2024.09.07-18.59.59:979][  0]LogConfig: Setting CVar [[s.AsyncLoadingThreadEnabled:0]]
[2024.09.07-18.59.59:980][  0]LogConfig: Setting CVar [[s.EventDrivenLoaderEnabled:1]]
[2024.09.07-18.59.59:980][  0]LogConfig: Setting CVar [[s.WarnIfTimeLimitExceeded:0]]
[2024.09.07-18.59.59:980][  0]LogConfig: Setting CVar [[s.TimeLimitExceededMultiplier:1.5]]
[2024.09.07-18.59.59:980][  0]LogConfig: Setting CVar [[s.TimeLimitExceededMinTime:0.005]]
[2024.09.07-18.59.59:980][  0]LogConfig: Setting CVar [[s.UseBackgroundLevelStreaming:1]]
[2024.09.07-18.59.59:980][  0]LogConfig: Setting CVar [[s.PriorityAsyncLoadingExtraTime:15.0]]
[2024.09.07-18.59.59:980][  0]LogConfig: Setting CVar [[s.LevelStreamingActorsUpdateTimeLimit:5.0]]
[2024.09.07-18.59.59:980][  0]LogConfig: Setting CVar [[s.PriorityLevelStreamingActorsUpdateExtraTime:5.0]]
[2024.09.07-18.59.59:980][  0]LogConfig: Setting CVar [[s.LevelStreamingComponentsRegistrationGranularity:10]]
[2024.09.07-18.59.59:980][  0]LogConfig: Setting CVar [[s.UnregisterComponentsTimeLimit:1.0]]
[2024.09.07-18.59.59:980][  0]LogConfig: Setting CVar [[s.LevelStreamingComponentsUnregistrationGranularity:5]]
[2024.09.07-18.59.59:980][  0]LogConfig: Applying CVar settings from Section [/Script/Engine.GarbageCollectionSettings] File [C:/Users/alexi/Downloads/New_Marilao/ManilaOutbreak-Game/MarilaOubreaks/Saved/Config/Windows/Engine.ini]
[2024.09.07-18.59.59:980][  0]LogConfig: Setting CVar [[gc.MaxObjectsNotConsideredByGC:1]]
[2024.09.07-18.59.59:980][  0]LogConfig: Setting CVar [[gc.SizeOfPermanentObjectPool:0]]
[2024.09.07-18.59.59:980][  0]LogConfig: Setting CVar [[gc.FlushStreamingOnGC:0]]
[2024.09.07-18.59.59:980][  0]LogConfig: Setting CVar [[gc.NumRetriesBeforeForcingGC:10]]
[2024.09.07-18.59.59:980][  0]LogConfig: Setting CVar [[gc.AllowParallelGC:1]]
[2024.09.07-18.59.59:980][  0]LogConfig: Setting CVar [[gc.TimeBetweenPurgingPendingKillObjects:61.1]]
[2024.09.07-18.59.59:980][  0]LogConfig: Setting CVar [[gc.MaxObjectsInEditor:16777216]]
[2024.09.07-18.59.59:980][  0]LogConfig: Setting CVar [[gc.IncrementalBeginDestroyEnabled:1]]
[2024.09.07-18.59.59:980][  0]LogConfig: Setting CVar [[gc.CreateGCClusters:1]]
[2024.09.07-18.59.59:980][  0]LogConfig: Setting CVar [[gc.MinGCClusterSize:5]]
[2024.09.07-18.59.59:980][  0]LogConfig: Setting CVar [[gc.ActorClusteringEnabled:0]]
[2024.09.07-18.59.59:980][  0]LogConfig: Setting CVar [[gc.BlueprintClusteringEnabled:0]]
[2024.09.07-18.59.59:980][  0]LogConfig: Setting CVar [[gc.UseDisregardForGCOnDedicatedServers:0]]
[2024.09.07-18.59.59:980][  0]LogConfig: Applying CVar settings from Section [/Script/Engine.NetworkSettings] File [C:/Users/alexi/Downloads/New_Marilao/ManilaOutbreak-Game/MarilaOubreaks/Saved/Config/Windows/Engine.ini]
[2024.09.07-18.59.59:980][  0]LogConfig: Applying CVar settings from Section [/Script/UnrealEd.CookerSettings] File [C:/Users/alexi/Downloads/New_Marilao/ManilaOutbreak-Game/MarilaOubreaks/Saved/Config/Windows/Engine.ini]
[2024.09.07-18.59.59:985][  0]LogConfig: Applying CVar settings from Section [ViewDistanceQuality@3] File [C:/Users/alexi/Downloads/New_Marilao/ManilaOutbreak-Game/MarilaOubreaks/Saved/Config/Windows/Scalability.ini]
[2024.09.07-18.59.59:985][  0]LogConfig: Setting CVar [[r.SkeletalMeshLODBias:0]]
[2024.09.07-18.59.59:985][  0]LogConfig: Setting CVar [[r.ViewDistanceScale:1.0]]
[2024.09.07-18.59.59:985][  0]LogConfig: Applying CVar settings from Section [AntiAliasingQuality@3] File [C:/Users/alexi/Downloads/New_Marilao/ManilaOutbreak-Game/MarilaOubreaks/Saved/Config/Windows/Scalability.ini]
[2024.09.07-18.59.59:985][  0]LogConfig: Setting CVar [[r.PostProcessAAQuality:4]]
[2024.09.07-18.59.59:985][  0]LogConfig: Applying CVar settings from Section [ShadowQuality@3] File [C:/Users/alexi/Downloads/New_Marilao/ManilaOutbreak-Game/MarilaOubreaks/Saved/Config/Windows/Scalability.ini]
[2024.09.07-18.59.59:985][  0]LogConfig: Setting CVar [[r.LightFunctionQuality:1]]
[2024.09.07-18.59.59:985][  0]LogConfig: Setting CVar [[r.ShadowQuality:5]]
[2024.09.07-18.59.59:985][  0]LogConfig: Setting CVar [[r.Shadow.CSM.MaxCascades:10]]
[2024.09.07-18.59.59:985][  0]LogConfig: Setting CVar [[r.Shadow.MaxResolution:2048]]
[2024.09.07-18.59.59:985][  0]LogConfig: Setting CVar [[r.Shadow.MaxCSMResolution:2048]]
[2024.09.07-18.59.59:985][  0]LogConfig: Setting CVar [[r.Shadow.RadiusThreshold:0.01]]
[2024.09.07-18.59.59:986][  0]LogConfig: Setting CVar [[r.Shadow.DistanceScale:1.0]]
[2024.09.07-18.59.59:986][  0]LogConfig: Setting CVar [[r.Shadow.CSM.TransitionScale:1.0]]
[2024.09.07-18.59.59:986][  0]LogConfig: Setting CVar [[r.Shadow.PreShadowResolutionFactor:1.0]]
[2024.09.07-18.59.59:986][  0]LogConfig: Setting CVar [[r.DistanceFieldShadowing:1]]
[2024.09.07-18.59.59:986][  0]LogConfig: Setting CVar [[r.DistanceFieldAO:1]]
[2024.09.07-18.59.59:986][  0]LogConfig: Setting CVar [[r.AOQuality:2]]
[2024.09.07-18.59.59:986][  0]LogConfig: Setting CVar [[r.VolumetricFog:1]]
[2024.09.07-18.59.59:986][  0]LogConfig: Setting CVar [[r.VolumetricFog.GridPixelSize:8]]
[2024.09.07-18.59.59:986][  0]LogConfig: Setting CVar [[r.VolumetricFog.GridSizeZ:128]]
[2024.09.07-18.59.59:986][  0]LogConfig: Setting CVar [[r.VolumetricFog.HistoryMissSupersampleCount:4]]
[2024.09.07-18.59.59:986][  0]LogConfig: Setting CVar [[r.LightMaxDrawDistanceScale:1]]
[2024.09.07-18.59.59:986][  0]LogConfig: Setting CVar [[r.CapsuleShadows:1]]
[2024.09.07-18.59.59:986][  0]LogConfig: Applying CVar settings from Section [PostProcessQuality@3] File [C:/Users/alexi/Downloads/New_Marilao/ManilaOutbreak-Game/MarilaOubreaks/Saved/Config/Windows/Scalability.ini]
[2024.09.07-18.59.59:986][  0]LogConfig: Setting CVar [[r.MotionBlurQuality:4]]
[2024.09.07-18.59.59:986][  0]LogConfig: Setting CVar [[r.AmbientOcclusionMipLevelFactor:0.4]]
[2024.09.07-18.59.59:986][  0]LogConfig: Setting CVar [[r.AmbientOcclusionMaxQuality:100]]
[2024.09.07-18.59.59:986][  0]LogConfig: Setting CVar [[r.AmbientOcclusionLevels:-1]]
[2024.09.07-18.59.59:986][  0]LogConfig: Setting CVar [[r.AmbientOcclusionRadiusScale:1.0]]
[2024.09.07-18.59.59:986][  0]LogConfig: Setting CVar [[r.DepthOfFieldQuality:2]]
[2024.09.07-18.59.59:986][  0]LogConfig: Setting CVar [[r.RenderTargetPoolMin:400]]
[2024.09.07-18.59.59:986][  0]LogConfig: Setting CVar [[r.LensFlareQuality:2]]
[2024.09.07-18.59.59:986][  0]LogConfig: Setting CVar [[r.SceneColorFringeQuality:1]]
[2024.09.07-18.59.59:986][  0]LogConfig: Setting CVar [[r.EyeAdaptationQuality:2]]
[2024.09.07-18.59.59:986][  0]LogConfig: Setting CVar [[r.BloomQuality:5]]
[2024.09.07-18.59.59:986][  0]LogConfig: Setting CVar [[r.FastBlurThreshold:100]]
[2024.09.07-18.59.59:986][  0]LogConfig: Setting CVar [[r.Upscale.Quality:3]]
[2024.09.07-18.59.59:986][  0]LogConfig: Setting CVar [[r.Tonemapper.GrainQuantization:1]]
[2024.09.07-18.59.59:986][  0]LogConfig: Setting CVar [[r.LightShaftQuality:1]]
[2024.09.07-18.59.59:986][  0]LogConfig: Setting CVar [[r.Filter.SizeScale:1]]
[2024.09.07-18.59.59:986][  0]LogConfig: Setting CVar [[r.Tonemapper.Quality:5]]
[2024.09.07-18.59.59:986][  0]LogConfig: Setting CVar [[r.DOF.Gather.AccumulatorQuality:1        ; higher gathering accumulator quality]]
[2024.09.07-18.59.59:986][  0]LogConfig: Setting CVar [[r.DOF.Gather.PostfilterMethod:1          ; Median3x3 postfilering method]]
[2024.09.07-18.59.59:986][  0]LogConfig: Setting CVar [[r.DOF.Gather.EnableBokehSettings:0       ; no bokeh simulation when gathering]]
[2024.09.07-18.59.59:986][  0]LogConfig: Setting CVar [[r.DOF.Gather.RingCount:4                 ; medium number of samples when gathering]]
[2024.09.07-18.59.59:986][  0]LogConfig: Setting CVar [[r.DOF.Scatter.ForegroundCompositing:1    ; additive foreground scattering]]
[2024.09.07-18.59.59:987][  0]LogConfig: Setting CVar [[r.DOF.Scatter.BackgroundCompositing:2    ; additive background scattering]]
[2024.09.07-18.59.59:987][  0]LogConfig: Setting CVar [[r.DOF.Scatter.EnableBokehSettings:1      ; bokeh simulation when scattering]]
[2024.09.07-18.59.59:987][  0]LogConfig: Setting CVar [[r.DOF.Scatter.MaxSpriteRatio:0.1         ; only a maximum of 10% of scattered bokeh]]
[2024.09.07-18.59.59:987][  0]LogConfig: Setting CVar [[r.DOF.Recombine.Quality:1                ; cheap slight out of focus]]
[2024.09.07-18.59.59:987][  0]LogConfig: Setting CVar [[r.DOF.Recombine.EnableBokehSettings:0    ; no bokeh simulation on slight out of focus]]
[2024.09.07-18.59.59:987][  0]LogConfig: Setting CVar [[r.DOF.TemporalAAQuality:1                ; more stable temporal accumulation]]
[2024.09.07-18.59.59:987][  0]LogConfig: Setting CVar [[r.DOF.Kernel.MaxForegroundRadius:0.025]]
[2024.09.07-18.59.59:987][  0]LogConfig: Setting CVar [[r.DOF.Kernel.MaxBackgroundRadius:0.025]]
[2024.09.07-18.59.59:987][  0]LogConfig: Applying CVar settings from Section [TextureQuality@3] File [C:/Users/alexi/Downloads/New_Marilao/ManilaOutbreak-Game/MarilaOubreaks/Saved/Config/Windows/Scalability.ini]
[2024.09.07-18.59.59:987][  0]LogConfig: Setting CVar [[r.Streaming.MipBias:0]]
[2024.09.07-18.59.59:987][  0]LogConfig: Setting CVar [[r.Streaming.AmortizeCPUToGPUCopy:0]]
[2024.09.07-18.59.59:987][  0]LogConfig: Setting CVar [[r.Streaming.MaxNumTexturesToStreamPerFrame:0]]
[2024.09.07-18.59.59:987][  0]LogConfig: Setting CVar [[r.Streaming.Boost:1]]
[2024.09.07-18.59.59:987][  0]LogConfig: Setting CVar [[r.MaxAnisotropy:8]]
[2024.09.07-18.59.59:987][  0]LogConfig: Setting CVar [[r.Streaming.LimitPoolSizeToVRAM:0]]
[2024.09.07-18.59.59:987][  0]LogConfig: Setting CVar [[r.Streaming.PoolSize:1000]]
[2024.09.07-18.59.59:987][  0]LogConfig: Setting CVar [[r.Streaming.MaxEffectiveScreenSize:0]]
[2024.09.07-18.59.59:987][  0]LogConfig: Applying CVar settings from Section [EffectsQuality@3] File [C:/Users/alexi/Downloads/New_Marilao/ManilaOutbreak-Game/MarilaOubreaks/Saved/Config/Windows/Scalability.ini]
[2024.09.07-18.59.59:987][  0]LogConfig: Setting CVar [[r.TranslucencyLightingVolumeDim:64]]
[2024.09.07-18.59.59:987][  0]LogConfig: Setting CVar [[r.RefractionQuality:2]]
[2024.09.07-18.59.59:987][  0]LogConfig: Setting CVar [[r.SSR.Quality:3]]
[2024.09.07-18.59.59:987][  0]LogConfig: Setting CVar [[r.SceneColorFormat:4]]
[2024.09.07-18.59.59:987][  0]LogConfig: Setting CVar [[r.DetailMode:2]]
[2024.09.07-18.59.59:987][  0]LogConfig: Setting CVar [[r.TranslucencyVolumeBlur:1]]
[2024.09.07-18.59.59:987][  0]LogConfig: Setting CVar [[r.MaterialQualityLevel:1 ; High quality]]
[2024.09.07-18.59.59:987][  0]LogConfig: Setting CVar [[r.SSS.Scale:1]]
[2024.09.07-18.59.59:987][  0]LogConfig: Setting CVar [[r.SSS.SampleSet:2]]
[2024.09.07-18.59.59:987][  0]LogConfig: Setting CVar [[r.SSS.Quality:1]]
[2024.09.07-18.59.59:987][  0]LogConfig: Setting CVar [[r.SSS.HalfRes:1]]
[2024.09.07-18.59.59:987][  0]LogConfig: Setting CVar [[r.EmitterSpawnRateScale:1.0]]
[2024.09.07-18.59.59:987][  0]LogConfig: Setting CVar [[r.ParticleLightQuality:2]]
[2024.09.07-18.59.59:987][  0]LogConfig: Applying CVar settings from Section [FoliageQuality@3] File [C:/Users/alexi/Downloads/New_Marilao/ManilaOutbreak-Game/MarilaOubreaks/Saved/Config/Windows/Scalability.ini]
[2024.09.07-18.59.59:987][  0]LogConfig: Setting CVar [[foliage.DensityScale:1.0]]
[2024.09.07-18.59.59:987][  0]LogConfig: Setting CVar [[grass.DensityScale:1.0]]
[2024.09.07-18.59.59:988][  0]LogInit: Selected Device Profile: [Windows]
[2024.09.07-18.59.59:988][  0]LogInit: Applying CVar settings loaded from the selected device profile: [Windows]
[2024.09.07-19.00.00:009][  0]LogHAL: Display: Platform has ~ 8 GB [8386174976 / 8589934592 / 8], which maps to Default [LargestMinGB=32, LargerMinGB=12, DefaultMinGB=8, SmallerMinGB=6, SmallestMinGB=0)
[2024.09.07-19.00.00:009][  0]LogConfig: Setting CVar [[r.Vulkan.UseRealUBs:0		; Required until we fix HLR fall-out]]
[2024.09.07-19.00.00:009][  0]LogInit: Going up to parent DeviceProfile []
[2024.09.07-19.00.00:009][  0]LogConfig: Applying CVar settings from Section [ViewDistanceQuality@3] File [C:/Users/alexi/Downloads/New_Marilao/ManilaOutbreak-Game/MarilaOubreaks/Saved/Config/Windows/Scalability.ini]
[2024.09.07-19.00.00:009][  0]LogConfig: Setting CVar [[r.SkeletalMeshLODBias:0]]
[2024.09.07-19.00.00:009][  0]LogConfig: Setting CVar [[r.ViewDistanceScale:1.0]]
[2024.09.07-19.00.00:010][  0]LogConfig: Applying CVar settings from Section [AntiAliasingQuality@3] File [C:/Users/alexi/Downloads/New_Marilao/ManilaOutbreak-Game/MarilaOubreaks/Saved/Config/Windows/Scalability.ini]
[2024.09.07-19.00.00:010][  0]LogConfig: Setting CVar [[r.PostProcessAAQuality:4]]
[2024.09.07-19.00.00:010][  0]LogConfig: Applying CVar settings from Section [ShadowQuality@3] File [C:/Users/alexi/Downloads/New_Marilao/ManilaOutbreak-Game/MarilaOubreaks/Saved/Config/Windows/Scalability.ini]
[2024.09.07-19.00.00:010][  0]LogConfig: Setting CVar [[r.LightFunctionQuality:1]]
[2024.09.07-19.00.00:010][  0]LogConfig: Setting CVar [[r.ShadowQuality:5]]
[2024.09.07-19.00.00:010][  0]LogConfig: Setting CVar [[r.Shadow.CSM.MaxCascades:10]]
[2024.09.07-19.00.00:010][  0]LogConfig: Setting CVar [[r.Shadow.MaxResolution:2048]]
[2024.09.07-19.00.00:010][  0]LogConfig: Setting CVar [[r.Shadow.MaxCSMResolution:2048]]
[2024.09.07-19.00.00:010][  0]LogConfig: Setting CVar [[r.Shadow.RadiusThreshold:0.01]]
[2024.09.07-19.00.00:010][  0]LogConfig: Setting CVar [[r.Shadow.DistanceScale:1.0]]
[2024.09.07-19.00.00:010][  0]LogConfig: Setting CVar [[r.Shadow.CSM.TransitionScale:1.0]]
[2024.09.07-19.00.00:010][  0]LogConfig: Setting CVar [[r.Shadow.PreShadowResolutionFactor:1.0]]
[2024.09.07-19.00.00:010][  0]LogConfig: Setting CVar [[r.DistanceFieldShadowing:1]]
[2024.09.07-19.00.00:010][  0]LogConfig: Setting CVar [[r.DistanceFieldAO:1]]
[2024.09.07-19.00.00:010][  0]LogConfig: Setting CVar [[r.AOQuality:2]]
[2024.09.07-19.00.00:010][  0]LogConfig: Setting CVar [[r.VolumetricFog:1]]
[2024.09.07-19.00.00:010][  0]LogConfig: Setting CVar [[r.VolumetricFog.GridPixelSize:8]]
[2024.09.07-19.00.00:010][  0]LogConfig: Setting CVar [[r.VolumetricFog.GridSizeZ:128]]
[2024.09.07-19.00.00:010][  0]LogConfig: Setting CVar [[r.VolumetricFog.HistoryMissSupersampleCount:4]]
[2024.09.07-19.00.00:010][  0]LogConfig: Setting CVar [[r.LightMaxDrawDistanceScale:1]]
[2024.09.07-19.00.00:010][  0]LogConfig: Setting CVar [[r.CapsuleShadows:1]]
[2024.09.07-19.00.00:010][  0]LogConfig: Applying CVar settings from Section [PostProcessQuality@3] File [C:/Users/alexi/Downloads/New_Marilao/ManilaOutbreak-Game/MarilaOubreaks/Saved/Config/Windows/Scalability.ini]
[2024.09.07-19.00.00:010][  0]LogConfig: Setting CVar [[r.MotionBlurQuality:4]]
[2024.09.07-19.00.00:010][  0]LogConfig: Setting CVar [[r.AmbientOcclusionMipLevelFactor:0.4]]
[2024.09.07-19.00.00:010][  0]LogConfig: Setting CVar [[r.AmbientOcclusionMaxQuality:100]]
[2024.09.07-19.00.00:010][  0]LogConfig: Setting CVar [[r.AmbientOcclusionLevels:-1]]
[2024.09.07-19.00.00:010][  0]LogConfig: Setting CVar [[r.AmbientOcclusionRadiusScale:1.0]]
[2024.09.07-19.00.00:010][  0]LogConfig: Setting CVar [[r.DepthOfFieldQuality:2]]
[2024.09.07-19.00.00:010][  0]LogConfig: Setting CVar [[r.RenderTargetPoolMin:400]]
[2024.09.07-19.00.00:011][  0]LogConfig: Setting CVar [[r.LensFlareQuality:2]]
[2024.09.07-19.00.00:011][  0]LogConfig: Setting CVar [[r.SceneColorFringeQuality:1]]
[2024.09.07-19.00.00:011][  0]LogConfig: Setting CVar [[r.EyeAdaptationQuality:2]]
[2024.09.07-19.00.00:011][  0]LogConfig: Setting CVar [[r.BloomQuality:5]]
[2024.09.07-19.00.00:011][  0]LogConfig: Setting CVar [[r.FastBlurThreshold:100]]
[2024.09.07-19.00.00:011][  0]LogConfig: Setting CVar [[r.Upscale.Quality:3]]
[2024.09.07-19.00.00:011][  0]LogConfig: Setting CVar [[r.Tonemapper.GrainQuantization:1]]
[2024.09.07-19.00.00:011][  0]LogConfig: Setting CVar [[r.LightShaftQuality:1]]
[2024.09.07-19.00.00:011][  0]LogConfig: Setting CVar [[r.Filter.SizeScale:1]]
[2024.09.07-19.00.00:011][  0]LogConfig: Setting CVar [[r.Tonemapper.Quality:5]]
[2024.09.07-19.00.00:011][  0]LogConfig: Setting CVar [[r.DOF.Gather.AccumulatorQuality:1        ; higher gathering accumulator quality]]
[2024.09.07-19.00.00:011][  0]LogConfig: Setting CVar [[r.DOF.Gather.PostfilterMethod:1          ; Median3x3 postfilering method]]
[2024.09.07-19.00.00:011][  0]LogConfig: Setting CVar [[r.DOF.Gather.EnableBokehSettings:0       ; no bokeh simulation when gathering]]
[2024.09.07-19.00.00:011][  0]LogConfig: Setting CVar [[r.DOF.Gather.RingCount:4                 ; medium number of samples when gathering]]
[2024.09.07-19.00.00:011][  0]LogConfig: Setting CVar [[r.DOF.Scatter.ForegroundCompositing:1    ; additive foreground scattering]]
[2024.09.07-19.00.00:011][  0]LogConfig: Setting CVar [[r.DOF.Scatter.BackgroundCompositing:2    ; additive background scattering]]
[2024.09.07-19.00.00:011][  0]LogConfig: Setting CVar [[r.DOF.Scatter.EnableBokehSettings:1      ; bokeh simulation when scattering]]
[2024.09.07-19.00.00:011][  0]LogConfig: Setting CVar [[r.DOF.Scatter.MaxSpriteRatio:0.1         ; only a maximum of 10% of scattered bokeh]]
[2024.09.07-19.00.00:011][  0]LogConfig: Setting CVar [[r.DOF.Recombine.Quality:1                ; cheap slight out of focus]]
[2024.09.07-19.00.00:011][  0]LogConfig: Setting CVar [[r.DOF.Recombine.EnableBokehSettings:0    ; no bokeh simulation on slight out of focus]]
[2024.09.07-19.00.00:011][  0]LogConfig: Setting CVar [[r.DOF.TemporalAAQuality:1                ; more stable temporal accumulation]]
[2024.09.07-19.00.00:011][  0]LogConfig: Setting CVar [[r.DOF.Kernel.MaxForegroundRadius:0.025]]
[2024.09.07-19.00.00:011][  0]LogConfig: Setting CVar [[r.DOF.Kernel.MaxBackgroundRadius:0.025]]
[2024.09.07-19.00.00:011][  0]LogConfig: Applying CVar settings from Section [TextureQuality@3] File [C:/Users/alexi/Downloads/New_Marilao/ManilaOutbreak-Game/MarilaOubreaks/Saved/Config/Windows/Scalability.ini]
[2024.09.07-19.00.00:011][  0]LogConfig: Setting CVar [[r.Streaming.MipBias:0]]
[2024.09.07-19.00.00:011][  0]LogConfig: Setting CVar [[r.Streaming.AmortizeCPUToGPUCopy:0]]
[2024.09.07-19.00.00:011][  0]LogConfig: Setting CVar [[r.Streaming.MaxNumTexturesToStreamPerFrame:0]]
[2024.09.07-19.00.00:011][  0]LogConfig: Setting CVar [[r.Streaming.Boost:1]]
[2024.09.07-19.00.00:011][  0]LogConfig: Setting CVar [[r.MaxAnisotropy:8]]
[2024.09.07-19.00.00:011][  0]LogConfig: Setting CVar [[r.Streaming.LimitPoolSizeToVRAM:0]]
[2024.09.07-19.00.00:011][  0]LogConfig: Setting CVar [[r.Streaming.PoolSize:1000]]
[2024.09.07-19.00.00:011][  0]LogConfig: Setting CVar [[r.Streaming.MaxEffectiveScreenSize:0]]
[2024.09.07-19.00.00:011][  0]LogConfig: Applying CVar settings from Section [EffectsQuality@3] File [C:/Users/alexi/Downloads/New_Marilao/ManilaOutbreak-Game/MarilaOubreaks/Saved/Config/Windows/Scalability.ini]
[2024.09.07-19.00.00:012][  0]LogConfig: Setting CVar [[r.TranslucencyLightingVolumeDim:64]]
[2024.09.07-19.00.00:012][  0]LogConfig: Setting CVar [[r.RefractionQuality:2]]
[2024.09.07-19.00.00:012][  0]LogConfig: Setting CVar [[r.SSR.Quality:3]]
[2024.09.07-19.00.00:012][  0]LogConfig: Setting CVar [[r.SceneColorFormat:4]]
[2024.09.07-19.00.00:012][  0]LogConfig: Setting CVar [[r.DetailMode:2]]
[2024.09.07-19.00.00:012][  0]LogConfig: Setting CVar [[r.TranslucencyVolumeBlur:1]]
[2024.09.07-19.00.00:012][  0]LogConfig: Setting CVar [[r.MaterialQualityLevel:1 ; High quality]]
[2024.09.07-19.00.00:012][  0]LogConfig: Setting CVar [[r.SSS.Scale:1]]
[2024.09.07-19.00.00:012][  0]LogConfig: Setting CVar [[r.SSS.SampleSet:2]]
[2024.09.07-19.00.00:012][  0]LogConfig: Setting CVar [[r.SSS.Quality:1]]
[2024.09.07-19.00.00:012][  0]LogConfig: Setting CVar [[r.SSS.HalfRes:1]]
[2024.09.07-19.00.00:012][  0]LogConfig: Setting CVar [[r.EmitterSpawnRateScale:1.0]]
[2024.09.07-19.00.00:012][  0]LogConfig: Setting CVar [[r.ParticleLightQuality:2]]
[2024.09.07-19.00.00:012][  0]LogConfig: Applying CVar settings from Section [FoliageQuality@3] File [C:/Users/alexi/Downloads/New_Marilao/ManilaOutbreak-Game/MarilaOubreaks/Saved/Config/Windows/Scalability.ini]
[2024.09.07-19.00.00:012][  0]LogConfig: Setting CVar [[foliage.DensityScale:1.0]]
[2024.09.07-19.00.00:012][  0]LogConfig: Setting CVar [[grass.DensityScale:1.0]]
[2024.09.07-19.00.00:012][  0]LogConfig: Applying CVar settings from Section [Startup] File [../../../Engine/Config/ConsoleVariables.ini]
[2024.09.07-19.00.00:013][  0]LogConfig: Setting CVar [[net.UseAdaptiveNetUpdateFrequency:0]]
[2024.09.07-19.00.00:013][  0]LogConfig: Setting CVar [[p.chaos.AllowCreatePhysxBodies:1]]
[2024.09.07-19.00.00:013][  0]LogConfig: Applying CVar settings from Section [ConsoleVariables] File [C:/Users/alexi/Downloads/New_Marilao/ManilaOutbreak-Game/MarilaOubreaks/Saved/Config/Windows/Engine.ini]
[2024.09.07-19.00.00:013][  0]LogInit: Computer: ALEXISLAPTOP
[2024.09.07-19.00.00:013][  0]LogInit: User: alexi
[2024.09.07-19.00.00:013][  0]LogInit: CPU Page size=4096, Cores=4
[2024.09.07-19.00.00:013][  0]LogInit: High frequency timer resolution =10.000000 MHz
[2024.09.07-19.00.00:014][  0]LogMemory: Memory total: Physical=7.8GB (8GB approx)
[2024.09.07-19.00.00:014][  0]LogMemory: Platform Memory Stats for Windows
[2024.09.07-19.00.00:014][  0]LogMemory: Process Physical Memory: 100.90 MB used, 100.90 MB peak
[2024.09.07-19.00.00:014][  0]LogMemory: Process Virtual Memory: 86.41 MB used, 86.41 MB peak
[2024.09.07-19.00.00:014][  0]LogMemory: Physical Memory: 6681.14 MB used,  1316.54 MB free, 7997.68 MB total
[2024.09.07-19.00.00:014][  0]LogMemory: Virtual Memory: 4636.39 MB used,  134213088.00 MB free, 134217728.00 MB total
[2024.09.07-19.00.00:062][  0]LogInit: Using OS detected language (en-US).
[2024.09.07-19.00.00:062][  0]LogInit: Using OS detected locale (en-PH).
[2024.09.07-19.00.00:065][  0]LogTextLocalizationManager: No specific localization for 'en-US' exists, so the 'en' localization will be used.
[2024.09.07-19.00.00:473][  0]LogInit: Setting process to per monitor DPI aware
[2024.09.07-19.00.00:544][  0]LogSlate: New Slate User Created.  User Index 0, Is Virtual User: 0
[2024.09.07-19.00.00:544][  0]LogSlate: Slate User Registered.  User Index 0, Is Virtual User: 0
[2024.09.07-19.00.01:209][  0]LogHMD: Failed to initialize OpenVR with code 110
[2024.09.07-19.00.01:209][  0]LogD3D11RHI: D3D11 adapters:
[2024.09.07-19.00.01:669][  0]LogD3D11RHI:    0. 'Intel(R) UHD Graphics' (Feature Level 11_0)
[2024.09.07-19.00.01:669][  0]LogD3D11RHI:       128/0/3998 MB DedicatedVideo/DedicatedSystem/SharedSystem, Outputs:1, VendorId:0x8086
[2024.09.07-19.00.01:675][  0]LogD3D11RHI:    1. 'Microsoft Basic Render Driver' (Feature Level 11_0)
[2024.09.07-19.00.01:675][  0]LogD3D11RHI:       0/0/3998 MB DedicatedVideo/DedicatedSystem/SharedSystem, Outputs:0, VendorId:0x1414
[2024.09.07-19.00.01:675][  0]LogD3D11RHI: Chosen D3D11 Adapter: 0
[2024.09.07-19.00.01:692][  0]LogD3D11RHI: Creating new Direct3DDevice
[2024.09.07-19.00.01:692][  0]LogD3D11RHI:     GPU DeviceId: 0x4e71 (for the marketing name, search the web for "GPU Device Id")
[2024.09.07-19.00.01:693][  0]LogWindows: EnumDisplayDevices:
[2024.09.07-19.00.01:693][  0]LogWindows:    0. 'Intel(R) UHD Graphics' (P:1 D:1)
[2024.09.07-19.00.01:694][  0]LogWindows:    1. 'Intel(R) UHD Graphics' (P:0 D:0)
[2024.09.07-19.00.01:694][  0]LogWindows:    2. 'Intel(R) UHD Graphics' (P:0 D:0)
[2024.09.07-19.00.01:695][  0]LogWindows: DebugString: FoundDriverCount:3 
[2024.09.07-19.00.01:695][  0]LogD3D11RHI:     Adapter Name: Intel(R) UHD Graphics
[2024.09.07-19.00.01:695][  0]LogD3D11RHI:   Driver Version: 27.20.100.9079 (internal:27.20.100.9079, unified:27.20.100.9079)
[2024.09.07-19.00.01:695][  0]LogD3D11RHI:      Driver Date: 12-11-2020
[2024.09.07-19.00.01:695][  0]LogRHI: Texture pool is 1489 MB (70% of 2127 MB)
[2024.09.07-19.00.02:075][  0]LogD3D11RHI: Async texture creation enabled
[2024.09.07-19.00.02:083][  0]LogRendererCore: FGlobalReadBuffer::InitRHI
[2024.09.07-19.00.02:084][  0]LogRendererCore: FGlobalReadBuffer::InitRHI
[2024.09.07-19.00.02:085][  0]LogRendererCore: FGlobalReadBuffer::InitRHI
[2024.09.07-19.00.02:090][  0]LogD3D11RHI: GPU Timing Frequency: 19.200000 (Debug: 2 0)
[2024.09.07-19.00.02:920][  0]LogTemp: Display: Module 'AllDesktopTargetPlatform' loaded TargetPlatform 'AllDesktop'
[2024.09.07-19.00.02:955][  0]LogTemp: Display: Module 'MacClientTargetPlatform' loaded TargetPlatform 'MacClient'
[2024.09.07-19.00.02:990][  0]LogTemp: Display: Module 'MacNoEditorTargetPlatform' loaded TargetPlatform 'MacNoEditor'
[2024.09.07-19.00.03:025][  0]LogTemp: Display: Module 'MacServerTargetPlatform' loaded TargetPlatform 'MacServer'
[2024.09.07-19.00.03:060][  0]LogTemp: Display: Module 'MacTargetPlatform' loaded TargetPlatform 'Mac'
[2024.09.07-19.00.03:095][  0]LogTemp: Display: Module 'WindowsClientTargetPlatform' loaded TargetPlatform 'WindowsClient'
[2024.09.07-19.00.03:129][  0]LogTemp: Display: Module 'WindowsNoEditorTargetPlatform' loaded TargetPlatform 'WindowsNoEditor'
[2024.09.07-19.00.03:164][  0]LogTemp: Display: Module 'WindowsServerTargetPlatform' loaded TargetPlatform 'WindowsServer'
[2024.09.07-19.00.03:181][  0]LogTemp: Display: Module 'WindowsTargetPlatform' loaded TargetPlatform 'Windows'
[2024.09.07-19.00.03:375][  0]LogTemp: Display: Module 'AndroidTargetPlatform' loaded TargetPlatform 'Android'
[2024.09.07-19.00.03:375][  0]LogTemp: Display: Module 'AndroidTargetPlatform' loaded TargetPlatform 'Android_ASTC'
[2024.09.07-19.00.03:375][  0]LogTemp: Display: Module 'AndroidTargetPlatform' loaded TargetPlatform 'Android_ATC'
[2024.09.07-19.00.03:376][  0]LogTemp: Display: Module 'AndroidTargetPlatform' loaded TargetPlatform 'Android_DXT'
[2024.09.07-19.00.03:376][  0]LogTemp: Display: Module 'AndroidTargetPlatform' loaded TargetPlatform 'Android_ETC1'
[2024.09.07-19.00.03:376][  0]LogTemp: Display: Module 'AndroidTargetPlatform' loaded TargetPlatform 'Android_ETC1a'
[2024.09.07-19.00.03:376][  0]LogTemp: Display: Module 'AndroidTargetPlatform' loaded TargetPlatform 'Android_ETC2'
[2024.09.07-19.00.03:376][  0]LogTemp: Display: Module 'AndroidTargetPlatform' loaded TargetPlatform 'Android_PVRTC'
[2024.09.07-19.00.03:376][  0]LogTemp: Display: Module 'AndroidTargetPlatform' loaded TargetPlatform 'AndroidClient'
[2024.09.07-19.00.03:376][  0]LogTemp: Display: Module 'AndroidTargetPlatform' loaded TargetPlatform 'Android_ASTCClient'
[2024.09.07-19.00.03:376][  0]LogTemp: Display: Module 'AndroidTargetPlatform' loaded TargetPlatform 'Android_ATCClient'
[2024.09.07-19.00.03:376][  0]LogTemp: Display: Module 'AndroidTargetPlatform' loaded TargetPlatform 'Android_DXTClient'
[2024.09.07-19.00.03:376][  0]LogTemp: Display: Module 'AndroidTargetPlatform' loaded TargetPlatform 'Android_ETC1Client'
[2024.09.07-19.00.03:376][  0]LogTemp: Display: Module 'AndroidTargetPlatform' loaded TargetPlatform 'Android_ETC1aClient'
[2024.09.07-19.00.03:376][  0]LogTemp: Display: Module 'AndroidTargetPlatform' loaded TargetPlatform 'Android_ETC2Client'
[2024.09.07-19.00.03:376][  0]LogTemp: Display: Module 'AndroidTargetPlatform' loaded TargetPlatform 'Android_PVRTCClient'
[2024.09.07-19.00.03:376][  0]LogTemp: Display: Module 'AndroidTargetPlatform' loaded TargetPlatform 'Android_Multi'
[2024.09.07-19.00.03:376][  0]LogTemp: Display: Module 'AndroidTargetPlatform' loaded TargetPlatform 'Android_MultiClient'
[2024.09.07-19.00.03:381][  0]LogTemp: Display: Module 'HTML5TargetPlatform' loaded TargetPlatform 'HTML5'
[2024.09.07-19.00.03:472][  0]LogTemp: Display: Module 'IOSTargetPlatform' loaded TargetPlatform 'IOSClient'
[2024.09.07-19.00.03:472][  0]LogTemp: Display: Module 'IOSTargetPlatform' loaded TargetPlatform 'IOS'
[2024.09.07-19.00.03:532][  0]LogTemp: Display: Module 'TVOSTargetPlatform' loaded TargetPlatform 'TVOSClient'
[2024.09.07-19.00.03:532][  0]LogTemp: Display: Module 'TVOSTargetPlatform' loaded TargetPlatform 'TVOS'
[2024.09.07-19.00.03:563][  0]LogTemp: Display: Module 'LinuxClientTargetPlatform' loaded TargetPlatform 'LinuxClient'
[2024.09.07-19.00.03:594][  0]LogTemp: Display: Module 'LinuxNoEditorTargetPlatform' loaded TargetPlatform 'LinuxNoEditor'
[2024.09.07-19.00.03:624][  0]LogTemp: Display: Module 'LinuxServerTargetPlatform' loaded TargetPlatform 'LinuxServer'
[2024.09.07-19.00.03:657][  0]LogTemp: Display: Module 'LinuxTargetPlatform' loaded TargetPlatform 'Linux'
[2024.09.07-19.00.03:769][  0]LogTemp: Display: Module 'LuminTargetPlatform' loaded TargetPlatform 'Lumin'
[2024.09.07-19.00.03:770][  0]LogTemp: Display: Module 'LuminTargetPlatform' loaded TargetPlatform 'LuminClient'
[2024.09.07-19.00.03:770][  0]LogTargetPlatformManager: Display: Building Assets For Windows
[2024.09.07-19.00.03:794][  0]LogAudioDebug: Display: Lib vorbis DLL was dynamically loaded.
[2024.09.07-19.00.03:931][  0]LogShaderCompilers: Guid format shader working directory is -41 characters bigger than the processId version (../../../../../../Users/alexi/Downloads/New_Marilao/ManilaOutbreak-Game/MarilaOubreaks/Intermediate/Shaders/WorkingDirectory/21516/).
[2024.09.07-19.00.03:932][  0]LogShaderCompilers: Cleaned the shader compiler working directory 'C:/Users/alexi/AppData/Local/Temp/UnrealShaderWorkingDir/0F8DF3E9447E0C3E017B1A990B4B8D90/'.
[2024.09.07-19.00.03:937][  0]LogXGEController: Cannot use XGE Controller as Incredibuild is not installed on this machine.
[2024.09.07-19.00.03:938][  0]LogShaderCompilers: Cannot use XGE Shader Compiler as Incredibuild is not installed on this machine.
[2024.09.07-19.00.03:938][  0]LogShaderCompilers: Display: Using Local Shader Compiler.
[2024.09.07-19.00.06:168][  0]LogDerivedDataCache: Display: Max Cache Size: 512 MB
[2024.09.07-19.00.06:309][  0]LogDerivedDataCache: Loaded boot cache 0.14s 79MB C:/Users/alexi/AppData/Local/UnrealEngine/4.22/DerivedDataCache/Boot.ddc.
[2024.09.07-19.00.06:309][  0]LogDerivedDataCache: Display: Loaded Boot cache: C:/Users/alexi/AppData/Local/UnrealEngine/4.22/DerivedDataCache/Boot.ddc
[2024.09.07-19.00.06:309][  0]LogDerivedDataCache: FDerivedDataBackendGraph:  Pak pak cache file ../../../../../../Users/alexi/Downloads/New_Marilao/ManilaOutbreak-Game/MarilaOubreaks/DerivedDataCache/DDC.ddp not found, will not use a pak cache.
[2024.09.07-19.00.06:309][  0]LogDerivedDataCache: Unable to find inner node Pak for hierarchical cache Hierarchy.
[2024.09.07-19.00.06:309][  0]LogDerivedDataCache: FDerivedDataBackendGraph:  CompressedPak pak cache file ../../../../../../Users/alexi/Downloads/New_Marilao/ManilaOutbreak-Game/MarilaOubreaks/DerivedDataCache/Compressed.ddp not found, will not use a pak cache.
[2024.09.07-19.00.06:309][  0]LogDerivedDataCache: Unable to find inner node CompressedPak for hierarchical cache Hierarchy.
[2024.09.07-19.00.06:332][  0]LogDerivedDataCache: Display: Pak cache opened for reading ../../../Engine/DerivedDataCache/Compressed.ddp.
[2024.09.07-19.00.06:332][  0]LogDerivedDataCache: FDerivedDataBackendGraph:  EnterprisePak pak cache file ../../../Enterprise/DerivedDataCache/Compressed.ddp not found, will not use a pak cache.
[2024.09.07-19.00.06:332][  0]LogDerivedDataCache: Unable to find inner node EnterprisePak for hierarchical cache Hierarchy.
[2024.09.07-19.00.06:349][  0]LogDerivedDataCache: Using Local data cache path C:/Users/alexi/AppData/Local/UnrealEngine/Common/DerivedDataCache: Writable
[2024.09.07-19.00.06:349][  0]LogDerivedDataCache: Shared data cache path not found in *engine.ini, will not use an Shared cache.
[2024.09.07-19.00.06:349][  0]LogDerivedDataCache: Unable to find inner node Shared for hierarchical cache Hierarchy.
[2024.09.07-19.00.06:397][  0]LogMaterial: Verifying Global Shaders for PCD3D_SM5
[2024.09.07-19.00.06:399][  0]LogSlate: Using FreeType 2.6.0
[2024.09.07-19.00.06:402][  0]LogSlate: SlateFontServices - WITH_FREETYPE: 1, WITH_HARFBUZZ: 1
[2024.09.07-19.00.06:609][  0]LogAssetRegistry: FAssetRegistry took 0.0495 seconds to start up
[2024.09.07-19.00.07:479][  0]LogInit: Selected Device Profile: [Windows]
[2024.09.07-19.00.07:864][  0]LogMeshReduction: Using QuadricMeshReduction for automatic static mesh reduction
[2024.09.07-19.00.07:864][  0]LogMeshReduction: Using SimplygonMeshReduction for automatic skeletal mesh reduction
[2024.09.07-19.00.07:864][  0]LogMeshReduction: Using ProxyLODMeshReduction for automatic mesh merging
[2024.09.07-19.00.07:864][  0]LogMeshReduction: No distributed automatic mesh merging module available
[2024.09.07-19.00.07:864][  0]LogMeshMerging: No distributed automatic mesh merging module available
[2024.09.07-19.00.07:891][  0]LogNetVersion: MarilaOubreaks 1.0.0, NetCL: 5660361, EngineNetVer: 10, GameNetVer: 0 (Checksum: 2523874334)
[2024.09.07-19.00.09:072][  0]LogPackageLocalizationCache: Processed 11 localized package path(s) for 1 prioritized culture(s) in 0.138507 seconds
[2024.09.07-19.00.09:086][  0]LogUObjectArray: 42218 objects as part of root set at end of initial load.
[2024.09.07-19.00.09:086][  0]LogUObjectAllocator: 7328024 out of 0 bytes used by permanent object pool.
[2024.09.07-19.00.09:086][  0]LogUObjectArray: CloseDisregardForGC: 0/0 objects in disregard for GC pool
[2024.09.07-19.00.11:700][  0]LogTcpMessaging: Initializing TcpMessaging bridge
[2024.09.07-19.00.11:717][  0]LogUdpMessaging: Initializing bridge on interface 0.0.0.0:0 to multicast group 230.0.0.1:6666.
[2024.09.07-19.00.11:913][  0]SourceControl: Source control is disabled
[2024.09.07-19.00.11:914][  0]SourceControl: Source control is disabled
[2024.09.07-19.00.11:917][  0]SourceControl: Source control is disabled
[2024.09.07-19.00.11:920][  0]SourceControl: Source control is disabled
[2024.09.07-19.00.11:942][  0]LogVSAccessor: Display: Unable to create Visual Studio setup instance: 80040154
[2024.09.07-19.00.11:944][  0]LogVSAccessor: Display: Unable to create Visual Studio setup instance: 80040154
[2024.09.07-19.00.12:254][  0]LogAndroidPermission: UAndroidPermissionCallbackProxy::GetInstance
[2024.09.07-19.00.12:406][  0]LogOcInput: OculusInput pre-init called
[2024.09.07-19.00.14:535][  0]LogEngine: Initializing Engine...
[2024.09.07-19.00.14:536][  0]LogHMD: Failed to initialize OpenVR with code 110
[2024.09.07-19.00.14:540][  0]LogStats: UGameplayTagsManager::InitializeManager -  0.002 s
[2024.09.07-19.00.15:179][  0]LogInit: Initializing FReadOnlyCVARCache
[2024.09.07-19.00.15:217][  0]LogAIModule: Creating AISystem for world Untitled
[2024.09.07-19.00.15:252][  0]LogInit: XAudio2 using 'Speakers (Realtek(R) Audio)' : 2 channels at 48 kHz using 32 bits per sample (channel mask 0x3)
[2024.09.07-19.00.15:311][  0]LogInit: FAudioDevice initialized.
[2024.09.07-19.00.15:312][  0]LogNetVersion: Set ProjectVersion to 1.0.0.0. Version Checksum will be recalculated on next use.
[2024.09.07-19.00.15:587][  0]LogDerivedDataCache: Saved boot cache 0.27s 79MB C:/Users/alexi/AppData/Local/UnrealEngine/4.22/DerivedDataCache/Boot.ddc.
[2024.09.07-19.00.15:600][  0]LogInit: Texture streaming: Enabled
[2024.09.07-19.00.15:650][  0]LogEngineSessionManager: EngineSessionManager initialized
[2024.09.07-19.00.18:802][  0]LogMaterial: Verifying Global Shaders for PCD3D_SM4
[2024.09.07-19.00.18:804][  0]LogInit: Transaction tracking system initialized
[2024.09.07-19.00.18:865][  0]BlueprintLog: New page: Editor Load
[2024.09.07-19.00.19:079][  0]LocalizationService: Localization service is disabled
[2024.09.07-19.00.24:441][  0]LogVSAccessor: Display: Unable to create Visual Studio setup instance: 80040154
[2024.09.07-19.00.24:444][  0]LogVSAccessor: Display: Unable to create Visual Studio setup instance: 80040154
[2024.09.07-19.00.25:655][  0]LogCook: Display: Max memory allowance for cook 16384mb min free memory 0mb
[2024.09.07-19.00.25:655][  0]LogCook: Display: Mobile HDR setting 1
[2024.09.07-19.00.26:266][  0]LogFileCache: Scanning file cache for directory 'C:/Users/alexi/Downloads/New_Marilao/ManilaOutbreak-Game/MarilaOubreaks/Content/' took 0.12s
[2024.09.07-19.00.26:383][  0]SourceControl: Source control is disabled
[2024.09.07-19.00.26:383][  0]Cmd: MAP LOAD FILE="../../../../../../Users/alexi/Downloads/New_Marilao/ManilaOutbreak-Game/MarilaOubreaks/Content/ThirdPersonBP/Maps/ThirdPersonExampleMap.umap" TEMPLATE=0 SHOWPROGRESS=1 FEATURELEVEL=3
[2024.09.07-19.00.26:383][  0]LogEditorServer: Warning: Can't find file '../../../../../../Users/alexi/Downloads/New_Marilao/ManilaOutbreak-Game/MarilaOubreaks/Content/ThirdPersonBP/Maps/ThirdPersonExampleMap.umap'
[2024.09.07-19.00.26:383][  0]Cmd: MAP CHECKDEP NOCLEARLOG
[2024.09.07-19.00.26:384][  0]MapCheck: Map check complete: 0 Error(s), 0 Warning(s), took 0.321ms to complete.
[2024.09.07-19.00.26:384][  0]LogFileHelpers: Loading map 'ThirdPersonExampleMap' took 0.001
[2024.09.07-19.00.26:483][  0]LogWorld: Changing Feature Level (Enum) from 3 to 2
[2024.09.07-19.00.26:677][  0]LogSlate: Updating window title bar state: overlay mode, drag disabled, window buttons hidden, title bar hidden
[2024.09.07-19.00.26:696][  0]LogSlate: Updating window title bar state: overlay mode, drag disabled, window buttons hidden, title bar hidden
[2024.09.07-19.00.26:713][  0]LogSlate: Updating window title bar state: overlay mode, drag disabled, window buttons hidden, title bar hidden
[2024.09.07-19.00.26:731][  0]LogSlate: Updating window title bar state: overlay mode, drag disabled, window buttons hidden, title bar hidden
[2024.09.07-19.00.26:765][  0]LogCollectionManager: Loaded 0 collections in 0.004345 seconds
[2024.09.07-19.00.26:802][  0]LogFileCache: Scanning file cache for directory 'C:/Users/alexi/Downloads/New_Marilao/ManilaOutbreak-Game/MarilaOubreaks/Saved/Collections/' took 0.01s
[2024.09.07-19.00.26:802][  0]LogFileCache: Scanning file cache for directory 'C:/Users/alexi/Downloads/New_Marilao/ManilaOutbreak-Game/MarilaOubreaks/Content/Developers/alexi/Collections/' took 0.00s
[2024.09.07-19.00.26:802][  0]LogFileCache: Scanning file cache for directory 'C:/Users/alexi/Downloads/New_Marilao/ManilaOutbreak-Game/MarilaOubreaks/Content/Collections/' took 0.00s
[2024.09.07-19.00.26:802][  0]LogCollectionManager: Rebuilt the GUID cache for 0 collections in 0.000001 seconds
[2024.09.07-19.00.26:822][  0]LogContentBrowser: Native class hierarchy populated in 0.0188 seconds. Added 2853 classes and 675 folders.
[2024.09.07-19.00.26:851][  0]LogContentBrowser: Native class hierarchy updated for 'WidgetCarousel' in 0.0005 seconds. Added 0 classes and 0 folders.
[2024.09.07-19.00.26:866][  0]LogPakFile: Registered encryption key '00000000000000000000000000000000': 0 pak files mounted, 0 remain pending
[2024.09.07-19.00.26:892][  0]LogPakFile: Registered encryption key '00000000000000000000000000000000': 0 pak files mounted, 0 remain pending
[2024.09.07-19.00.26:946][  0]LogPakFile: Registered encryption key '00000000000000000000000000000000': 0 pak files mounted, 0 remain pending
[2024.09.07-19.00.26:964][  0]LogPakFile: Registered encryption key '00000000000000000000000000000000': 0 pak files mounted, 0 remain pending
[2024.09.07-19.00.26:983][  0]LogPakFile: Registered encryption key '00000000000000000000000000000000': 0 pak files mounted, 0 remain pending
[2024.09.07-19.00.27:000][  0]LogPakFile: Registered encryption key '00000000000000000000000000000000': 0 pak files mounted, 0 remain pending
[2024.09.07-19.00.27:017][  0]LogPakFile: Registered encryption key '00000000000000000000000000000000': 0 pak files mounted, 0 remain pending
[2024.09.07-19.00.27:038][  0]LogPakFile: Registered encryption key '00000000000000000000000000000000': 0 pak files mounted, 0 remain pending
[2024.09.07-19.00.27:055][  0]LogPakFile: Registered encryption key '00000000000000000000000000000000': 0 pak files mounted, 0 remain pending
[2024.09.07-19.00.27:076][  0]LogPakFile: Registered encryption key '00000000000000000000000000000000': 0 pak files mounted, 0 remain pending
[2024.09.07-19.00.27:095][  0]LogPakFile: Registered encryption key '00000000000000000000000000000000': 0 pak files mounted, 0 remain pending
[2024.09.07-19.00.27:114][  0]LogPakFile: Registered encryption key '00000000000000000000000000000000': 0 pak files mounted, 0 remain pending
[2024.09.07-19.00.27:132][  0]LogPakFile: Registered encryption key '00000000000000000000000000000000': 0 pak files mounted, 0 remain pending
[2024.09.07-19.00.27:151][  0]LogPakFile: Registered encryption key '00000000000000000000000000000000': 0 pak files mounted, 0 remain pending
[2024.09.07-19.00.27:168][  0]LogPakFile: Registered encryption key '00000000000000000000000000000000': 0 pak files mounted, 0 remain pending
[2024.09.07-19.00.27:186][  0]LogPakFile: Registered encryption key '00000000000000000000000000000000': 0 pak files mounted, 0 remain pending
[2024.09.07-19.00.27:261][  0]LogPakFile: Registered encryption key '00000000000000000000000000000000': 0 pak files mounted, 0 remain pending
[2024.09.07-19.00.27:279][  0]LogPakFile: Registered encryption key '00000000000000000000000000000000': 0 pak files mounted, 0 remain pending
[2024.09.07-19.00.27:296][  0]LogPakFile: Registered encryption key '00000000000000000000000000000000': 0 pak files mounted, 0 remain pending
[2024.09.07-19.00.27:314][  0]LogPakFile: Registered encryption key '00000000000000000000000000000000': 0 pak files mounted, 0 remain pending
[2024.09.07-19.00.27:333][  0]LogPakFile: Registered encryption key '00000000000000000000000000000000': 0 pak files mounted, 0 remain pending
[2024.09.07-19.00.27:350][  0]LogPakFile: Registered encryption key '00000000000000000000000000000000': 0 pak files mounted, 0 remain pending
[2024.09.07-19.00.27:367][  0]LogPakFile: Registered encryption key '00000000000000000000000000000000': 0 pak files mounted, 0 remain pending
[2024.09.07-19.00.27:386][  0]LogPakFile: Registered encryption key '00000000000000000000000000000000': 0 pak files mounted, 0 remain pending
[2024.09.07-19.00.27:403][  0]LogPakFile: Registered encryption key '00000000000000000000000000000000': 0 pak files mounted, 0 remain pending
[2024.09.07-19.00.27:421][  0]LogPakFile: Registered encryption key '00000000000000000000000000000000': 0 pak files mounted, 0 remain pending
[2024.09.07-19.00.27:890][  0]LogContentBrowser: Native class hierarchy updated for 'AddContentDialog' in 0.0005 seconds. Added 0 classes and 0 folders.
[2024.09.07-19.00.27:917][  0]LogContentBrowser: Native class hierarchy updated for 'SceneOutliner' in 0.0005 seconds. Added 1 classes and 2 folders.
[2024.09.07-19.00.27:993][  0]LogSlate: Took 0.009877 seconds to synchronously load lazily loaded font '../../../Engine/Content/Slate/Fonts/Roboto-Regular.ttf' (155K)
[2024.09.07-19.00.27:997][  0]LogSlate: Took 0.000615 seconds to synchronously load lazily loaded font '../../../Engine/Content/Slate/Fonts/Roboto-Bold.ttf' (160K)
[2024.09.07-19.00.28:025][  0]LogSlate: Took 0.016800 seconds to synchronously load lazily loaded font '../../../Engine/Content/Editor/Slate/Fonts/FontAwesome.ttf' (139K)
[2024.09.07-19.00.28:398][  0]LogRenderer: Reallocating scene render targets to support 844x436 Format 10 NumSamples 1 (Frame:1).
[2024.09.07-19.00.28:679][  0]LogContentBrowser: Native class hierarchy updated for 'HierarchicalLODOutliner' in 0.0006 seconds. Added 0 classes and 0 folders.
[2024.09.07-19.00.28:679][  0]LogLoad: (Engine Initialization) Total time: 33.55 seconds
[2024.09.07-19.00.28:679][  0]LogLoad: (Engine Initialization) Total Blueprint compile time: 0.00 seconds
[2024.09.07-19.00.28:765][  0]LogContentStreaming: Texture pool size now 1000 MB
[2024.09.07-19.00.28:863][  1]LogFileCache: Retrieving MD5 hashes for directory 'C:/Users/alexi/Downloads/New_Marilao/ManilaOutbreak-Game/MarilaOubreaks/Content/' took 0.15s
[2024.09.07-19.00.29:250][  2]LogSlate: Took 0.021930 seconds to synchronously load lazily loaded font '../../../Engine/Content/Slate/Fonts/Roboto-Light.ttf' (167K)
[2024.09.07-19.00.29:429][  4]LogAssetRegistry: Asset discovery search completed in 22.8433 seconds
[2024.09.07-19.00.29:436][  4]LogCollectionManager: Rebuilt the object cache for 0 collections in 0.000001 seconds (found 0 objects)
[2024.09.07-19.00.29:436][  4]LogCollectionManager: Fixed up redirectors for 0 collections in 0.000204 seconds (updated 0 objects)
[2024.09.07-19.00.29:788][ 13]LogSlate: Took 0.000547 seconds to synchronously load lazily loaded font '../../../Engine/Content/Slate/Fonts/Roboto-Light.ttf' (167K)
[2024.09.07-19.00.33:677][232]LogSlate: FSceneViewport::OnFocusLost() reason 0
[2024.09.07-19.00.34:004][246]LogBlueprint: Warning: [Compiler Bars] Invalid property 'Characters' class, replaced with Object.  Please fix or remove.
[2024.09.07-19.00.34:005][246]LogBlueprint: Warning: [Compiler Bars] Invalid property 'Character_Reference' class, replaced with Object.  Please fix or remove.
[2024.09.07-19.00.34:027][246]LogBlueprint: Warning: [Compiler Bars] Invalid property 'Characters' class, replaced with Object.  Please fix or remove.
[2024.09.07-19.00.34:027][246]LogBlueprint: Warning: [Compiler Bars] Invalid property 'Character_Reference' class, replaced with Object.  Please fix or remove.
[2024.09.07-19.00.34:084][246]LogBlueprint: Warning: [Compiler Bars] [0038.95] Compile of Bars successful, but with 4 Warning(s) [in 81 ms] (/Game/BArs/Bars.Bars)
[2024.09.07-19.00.34:216][246]LogAssetEditorManager: Opening Asset editor for WidgetBlueprint /Game/BArs/Bars.Bars
[2024.09.07-19.00.35:129][246]LogContentBrowser: Native class hierarchy updated for 'BlueprintGraph' in 0.0012 seconds. Added 121 classes and 0 folders.
[2024.09.07-19.00.37:179][246]LogBlueprintActionDatabase: Requesting refresh due to module change: SequencerWidgets (loaded)
[2024.09.07-19.00.38:252][246]LogSlate: Took 0.014761 seconds to synchronously load lazily loaded font '../../../Engine/Content/Slate/Fonts/Roboto-BoldCondensed.ttf' (158K)
[2024.09.07-19.01.30:492][192]LogUObjectHash: Compacting FUObjectHashTables data took  16.72ms
[2024.09.07-19.01.30:881][192]LogSlate: Window 'MarilaOubreaks - Unreal Editor' being destroyed
[2024.09.07-19.01.31:224][193]Cmd: QUIT_EDITOR
[2024.09.07-19.01.31:275][193]LogWindowsTextInputMethodSystem: Display: IME system now deactivated.
[2024.09.07-19.01.31:306][193]LogExit: Preparing to exit.
[2024.09.07-19.01.32:020][193]LogExit: Editor shut down
[2024.09.07-19.01.32:022][193]LogExit: Transaction tracking system shut down
[2024.09.07-19.01.32:767][193]LogExit: Object subsystem successfully closed.
[2024.09.07-19.01.32:817][193]LogShaderCompilers: Display: Shaders left to compile 0
[2024.09.07-19.01.32:843][193]LogD3D11RHI: Shutdown
[2024.09.07-19.01.32:843][193]LogD3D11RHI: CleanupD3DDevice
[2024.09.07-19.01.32:844][193]LogRendererCore: FGlobalReadBuffer::ReleaseRHI
[2024.09.07-19.01.32:844][193]LogRendererCore: FGlobalDynamicReadBuffer::Cleanup()
[2024.09.07-19.01.32:845][193]LogRendererCore: FGlobalReadBuffer::ReleaseRHI
[2024.09.07-19.01.32:845][193]LogRendererCore: FGlobalDynamicReadBuffer::Cleanup()
[2024.09.07-19.01.32:845][193]LogRendererCore: FGlobalReadBuffer::ReleaseRHI
[2024.09.07-19.01.32:845][193]LogRendererCore: FGlobalDynamicReadBuffer::Cleanup()
[2024.09.07-19.01.33:005][193]LogD3D11RHI: ~FD3D11DynamicRHI
[2024.09.07-19.01.33:137][193]LogModuleManager: Shutting down and abandoning module SequencerWidgets (656)
[2024.09.07-19.01.33:137][193]LogModuleManager: Shutting down and abandoning module BlueprintGraph (654)
[2024.09.07-19.01.33:137][193]LogModuleManager: Shutting down and abandoning module HierarchicalLODOutliner (652)
[2024.09.07-19.01.33:137][193]LogModuleManager: Shutting down and abandoning module SceneOutliner (650)
[2024.09.07-19.01.33:137][193]LogModuleManager: Shutting down and abandoning module AddContentDialog (648)
[2024.09.07-19.01.33:140][193]LogModuleManager: Shutting down and abandoning module WidgetCarousel (647)
[2024.09.07-19.01.33:140][193]LogModuleManager: Shutting down and abandoning module EditorWidgets (644)
[2024.09.07-19.01.33:140][193]LogModuleManager: Shutting down and abandoning module CollectionManager (642)
[2024.09.07-19.01.33:141][193]LogModuleManager: Shutting down and abandoning module FoliageEdit (640)
[2024.09.07-19.01.33:143][193]LogModuleManager: Shutting down and abandoning module LandscapeEditor (638)
[2024.09.07-19.01.33:145][193]LogModuleManager: Shutting down and abandoning module MeshPaintMode (636)
[2024.09.07-19.01.33:145][193]LogModuleManager: Shutting down and abandoning module SceneDepthPickerMode (634)
[2024.09.07-19.01.33:145][193]LogModuleManager: Shutting down and abandoning module ActorPickerMode (632)
[2024.09.07-19.01.33:145][193]LogModuleManager: Shutting down and abandoning module GeometryMode (630)
[2024.09.07-19.01.33:145][193]LogModuleManager: Shutting down and abandoning module TextureAlignMode (628)
[2024.09.07-19.01.33:146][193]LogModuleManager: Shutting down and abandoning module BspMode (626)
[2024.09.07-19.01.33:146][193]LogModuleManager: Shutting down and abandoning module PIEPreviewDeviceProfileSelector (624)
[2024.09.07-19.01.33:147][193]LogModuleManager: Shutting down and abandoning module SequenceRecorderSections (622)
[2024.09.07-19.01.33:148][193]LogModuleManager: Shutting down and abandoning module AutomationWorker (620)
[2024.09.07-19.01.33:148][193]LogModuleManager: Shutting down and abandoning module OculusMR (618)
[2024.09.07-19.01.33:148][193]LogModuleManager: Shutting down and abandoning module AudioCaptureEditor (616)
[2024.09.07-19.01.33:148][193]LogModuleManager: Shutting down and abandoning module MatineeToLevelSequence (614)
[2024.09.07-19.01.33:149][193]LogModuleManager: Shutting down and abandoning module LevelSequenceEditor (612)
[2024.09.07-19.01.33:150][193]LogModuleManager: Shutting down and abandoning module PlacementMode (611)
[2024.09.07-19.01.33:150][193]LogModuleManager: Shutting down and abandoning module MaterialEditor (610)
[2024.09.07-19.01.33:151][193]LogModuleManager: Shutting down and abandoning module ActorSequenceEditor (606)
[2024.09.07-19.01.33:152][193]LogModuleManager: Shutting down and abandoning module WmfMediaFactory (604)
[2024.09.07-19.01.33:152][193]LogModuleManager: Shutting down and abandoning module WmfMediaEditor (602)
[2024.09.07-19.01.33:152][193]LogModuleManager: Shutting down and abandoning module WebMMediaFactory (600)
[2024.09.07-19.01.33:152][193]LogModuleManager: Shutting down and abandoning module WebMMediaEditor (598)
[2024.09.07-19.01.33:152][193]LogModuleManager: Shutting down and abandoning module WebMMedia (596)
[2024.09.07-19.01.33:152][193]LogModuleManager: Shutting down and abandoning module MediaPlayerEditor (594)
[2024.09.07-19.01.33:154][193]LogModuleManager: Shutting down and abandoning module MediaCompositingEditor (592)
[2024.09.07-19.01.33:155][193]LogModuleManager: Shutting down and abandoning module SequenceRecorder (591)
[2024.09.07-19.01.33:155][193]LogModuleManager: Shutting down and abandoning module OpenExrWrapper (588)
[2024.09.07-19.01.33:155][193]LogModuleManager: Shutting down and abandoning module ImgMediaFactory (586)
[2024.09.07-19.01.33:155][193]LogModuleManager: Shutting down and abandoning module ImgMediaEditor (584)
[2024.09.07-19.01.33:155][193]LogModuleManager: Shutting down and abandoning module AvfMediaFactory (582)
[2024.09.07-19.01.33:155][193]LogModuleManager: Shutting down and abandoning module AvfMediaEditor (580)
[2024.09.07-19.01.33:155][193]LogModuleManager: Shutting down and abandoning module AndroidMediaFactory (578)
[2024.09.07-19.01.33:155][193]LogModuleManager: Shutting down and abandoning module AndroidMediaEditor (576)
[2024.09.07-19.01.33:155][193]LogModuleManager: Shutting down and abandoning module MagicLeapCameraPreviewFactory (574)
[2024.09.07-19.01.33:155][193]LogModuleManager: Shutting down and abandoning module MagicLeapMediaCodecFactory (572)
[2024.09.07-19.01.33:155][193]LogModuleManager: Shutting down and abandoning module MagicLeapMediaFactory (570)
[2024.09.07-19.01.33:155][193]LogModuleManager: Shutting down and abandoning module MagicLeapMediaEditor (568)
[2024.09.07-19.01.33:155][193]LogModuleManager: Shutting down and abandoning module CharacterAI (566)
[2024.09.07-19.01.33:155][193]LogModuleManager: Shutting down and abandoning module SmartSnapping (564)
[2024.09.07-19.01.33:155][193]LogModuleManager: Shutting down and abandoning module SessionServices (562)
[2024.09.07-19.01.33:155][193]LogModuleManager: Shutting down and abandoning module MeshPaint (560)
[2024.09.07-19.01.33:156][193]LogModuleManager: Shutting down and abandoning module ViewportSnapping (558)
[2024.09.07-19.01.33:156][193]LogModuleManager: Shutting down and abandoning module ViewportInteraction (556)
[2024.09.07-19.01.33:156][193]LogModuleManager: Shutting down and abandoning module ClothPainter (554)
[2024.09.07-19.01.33:157][193]LogModuleManager: Shutting down and abandoning module SkeletalMeshEditor (553)
[2024.09.07-19.01.33:159][193]LogModuleManager: Shutting down and abandoning module LogVisualizer (550)
[2024.09.07-19.01.33:160][193]LogModuleManager: Shutting down and abandoning module IntroTutorials (548)
[2024.09.07-19.01.33:162][193]LogModuleManager: Shutting down and abandoning module GameProjectGeneration (547)
[2024.09.07-19.01.33:162][193]LogModuleManager: Shutting down and abandoning module LuminPlatformEditor (544)
[2024.09.07-19.01.33:163][193]LogModuleManager: Shutting down and abandoning module IOSPlatformEditor (542)
[2024.09.07-19.01.33:163][193]LogModuleManager: Shutting down and abandoning module HTML5PlatformEditor (540)
[2024.09.07-19.01.33:163][193]LogModuleManager: Shutting down and abandoning module AndroidPlatformEditor (538)
[2024.09.07-19.01.33:163][193]LogModuleManager: Shutting down and abandoning module AndroidDeviceDetection (537)
[2024.09.07-19.01.33:433][193]LogModuleManager: Shutting down and abandoning module WindowsPlatformEditor (534)
[2024.09.07-19.01.33:433][193]LogModuleManager: Shutting down and abandoning module LuminRuntimeSettings (532)
[2024.09.07-19.01.33:433][193]LogModuleManager: Shutting down and abandoning module IOSRuntimeSettings (530)
[2024.09.07-19.01.33:433][193]LogModuleManager: Shutting down and abandoning module AndroidRuntimeSettings (528)
[2024.09.07-19.01.33:433][193]LogModuleManager: Shutting down and abandoning module TimeManagementEditor (526)
[2024.09.07-19.01.33:433][193]LogModuleManager: Shutting down and abandoning module InputBindingEditor (524)
[2024.09.07-19.01.33:437][193]LogModuleManager: Shutting down and abandoning module MergeActors (522)
[2024.09.07-19.01.33:437][193]LogModuleManager: Shutting down and abandoning module LocalizationDashboard (520)
[2024.09.07-19.01.33:438][193]LogModuleManager: Shutting down and abandoning module LocalizationService (519)
[2024.09.07-19.01.33:439][193]LogModuleManager: Shutting down and abandoning module HardwareTargeting (516)
[2024.09.07-19.01.33:439][193]LogModuleManager: Shutting down and abandoning module DeviceProfileEditor (514)
[2024.09.07-19.01.33:439][193]LogModuleManager: Shutting down and abandoning module UndoHistory (512)
[2024.09.07-19.01.33:440][193]LogModuleManager: Shutting down and abandoning module XmlParser (510)
[2024.09.07-19.01.33:440][193]LogModuleManager: Shutting down and abandoning module Blutility (508)
[2024.09.07-19.01.33:440][193]LogModuleManager: Shutting down and abandoning module ProjectSettingsViewer (506)
[2024.09.07-19.01.33:440][193]LogModuleManager: Shutting down and abandoning module ProjectTargetPlatformEditor (505)
[2024.09.07-19.01.33:440][193]LogModuleManager: Shutting down and abandoning module EditorSettingsViewer (502)
[2024.09.07-19.01.33:441][193]LogModuleManager: Shutting down and abandoning module SettingsEditor (500)
[2024.09.07-19.01.33:441][193]LogModuleManager: Shutting down and abandoning module ProjectLauncher (498)
[2024.09.07-19.01.33:442][193]LogModuleManager: Shutting down and abandoning module SessionFrontend (496)
[2024.09.07-19.01.33:443][193]LogModuleManager: Shutting down and abandoning module ProfilerClient (494)
[2024.09.07-19.01.33:444][193]LogModuleManager: Shutting down and abandoning module DeviceManager (492)
[2024.09.07-19.01.33:446][193]LogModuleManager: Shutting down and abandoning module TargetDeviceServices (491)
[2024.09.07-19.01.33:502][193]LogModuleManager: Shutting down and abandoning module AutomationController (488)
[2024.09.07-19.01.33:503][193]LogModuleManager: Shutting down and abandoning module AutomationWindow (486)
[2024.09.07-19.01.33:505][193]LogModuleManager: Shutting down and abandoning module Layers (484)
[2024.09.07-19.01.33:510][193]LogModuleManager: Shutting down and abandoning module ComponentVisualizers (482)
[2024.09.07-19.01.33:510][193]LogModuleManager: Shutting down and abandoning module DetailCustomizations (480)
[2024.09.07-19.01.33:516][193]LogModuleManager: Shutting down and abandoning module PackagesDialog (478)
[2024.09.07-19.01.33:518][193]LogModuleManager: Shutting down and abandoning module AnimationBlueprintEditor (476)
[2024.09.07-19.01.33:533][193]LogModuleManager: Shutting down and abandoning module Persona (474)
[2024.09.07-19.01.33:534][193]LogModuleManager: Shutting down and abandoning module AdvancedPreviewScene (473)
[2024.09.07-19.01.33:534][193]LogModuleManager: Shutting down and abandoning module AnimGraph (471)
[2024.09.07-19.01.33:534][193]LogModuleManager: Shutting down and abandoning module Kismet (468)
[2024.09.07-19.01.33:546][193]LogModuleManager: Shutting down and abandoning module GraphEditor (466)
[2024.09.07-19.01.33:550][193]LogModuleManager: Shutting down and abandoning module ClassViewer (464)
[2024.09.07-19.01.33:550][193]LogModuleManager: Shutting down and abandoning module Toolbox (462)
[2024.09.07-19.01.33:550][193]LogModuleManager: Shutting down and abandoning module ModuleUI (460)
[2024.09.07-19.01.33:550][193]LogModuleManager: Shutting down and abandoning module MovieSceneTools (458)
[2024.09.07-19.01.33:551][193]LogModuleManager: Shutting down and abandoning module OutputLog (456)
[2024.09.07-19.01.33:551][193]LogModuleManager: Shutting down and abandoning module GammaUI (454)
[2024.09.07-19.01.33:552][193]LogModuleManager: Shutting down and abandoning module Documentation (452)
[2024.09.07-19.01.33:552][193]LogModuleManager: Shutting down and abandoning module LiveCoding (450)
[2024.09.07-19.01.33:553][193]LogModuleManager: Shutting down and abandoning module LevelSequence (448)
[2024.09.07-19.01.33:553][193]LogModuleManager: Shutting down and abandoning module MovieSceneTracks (446)
[2024.09.07-19.01.33:553][193]LogModuleManager: Shutting down and abandoning module MovieScene (444)
[2024.09.07-19.01.33:553][193]LogModuleManager: Shutting down and abandoning module StreamingPauseRendering (442)
[2024.09.07-19.01.33:553][193]LogModuleManager: Shutting down and abandoning module LauncherPlatform (440)
[2024.09.07-19.01.33:553][193]LogModuleManager: Shutting down and abandoning module AnalyticsET (438)
[2024.09.07-19.01.33:553][193]LogModuleManager: Shutting down and abandoning module PortalServices (436)
[2024.09.07-19.01.33:553][193]LogModuleManager: Shutting down and abandoning module PortalRpc (434)
[2024.09.07-19.01.33:553][193]LogModuleManager: Shutting down and abandoning module MessagingRpc (432)
[2024.09.07-19.01.33:553][193]LogModuleManager: Shutting down and abandoning module AIModule (430)
[2024.09.07-19.01.33:560][193]LogModuleManager: Shutting down and abandoning module GameplayDebugger (429)
[2024.09.07-19.01.33:561][193]LogModuleManager: Shutting down and abandoning module AITestSuite (427)
[2024.09.07-19.01.33:562][193]LogModuleManager: Shutting down and abandoning module NavigationSystem (425)
[2024.09.07-19.01.33:562][193]LogModuleManager: Shutting down and abandoning module DesktopPlatform (422)
[2024.09.07-19.01.33:562][193]LogModuleManager: Shutting down and abandoning module ImageWriteQueue (420)
[2024.09.07-19.01.33:580][193]LogModuleManager: Shutting down and abandoning module ProfilerService (418)
[2024.09.07-19.01.33:701][193]LogModuleManager: Shutting down and abandoning module TaskGraph (416)
[2024.09.07-19.01.33:702][193]LogModuleManager: Shutting down and abandoning module SteamVRController (414)
[2024.09.07-19.01.33:702][193]LogModuleManager: Shutting down and abandoning module ProceduralMeshComponentEditor (412)
[2024.09.07-19.01.33:703][193]LogModuleManager: Shutting down and abandoning module ProceduralMeshComponent (410)
[2024.09.07-19.01.33:703][193]LogModuleManager: Shutting down and abandoning module OculusEditor (408)
[2024.09.07-19.01.33:704][193]LogModuleManager: Shutting down and abandoning module OculusInput (406)
[2024.09.07-19.01.33:704][193]LogModuleManager: Shutting down and abandoning module MobilePatchingUtils (404)
[2024.09.07-19.01.33:704][193]LogModuleManager: Shutting down and abandoning module EditableMesh (402)
[2024.09.07-19.01.33:704][193]LogModuleManager: Shutting down and abandoning module CustomMeshComponent (400)
[2024.09.07-19.01.33:704][193]LogModuleManager: Shutting down and abandoning module CableComponent (398)
[2024.09.07-19.01.33:705][193]LogModuleManager: Shutting down and abandoning module AudioCapture (396)
[2024.09.07-19.01.33:705][193]LogModuleManager: Shutting down and abandoning module ArchVisCharacter (394)
[2024.09.07-19.01.33:705][193]LogModuleManager: Shutting down and abandoning module AndroidPermission (392)
[2024.09.07-19.01.33:705][193]LogModuleManager: Shutting down and abandoning module NUTUnrealEngine4 (390)
[2024.09.07-19.01.33:705][193]LogModuleManager: Shutting down and abandoning module NetcodeUnitTest (388)
[2024.09.07-19.01.33:706][193]LogModuleManager: Shutting down and abandoning module MediaCompositing (386)
[2024.09.07-19.01.33:706][193]LogModuleManager: Shutting down and abandoning module LinearTimecode (384)
[2024.09.07-19.01.33:706][193]LogModuleManager: Shutting down and abandoning module ImgMedia (382)
[2024.09.07-19.01.33:706][193]LogModuleManager: Shutting down and abandoning module MagicLeapHelperVulkan (380)
[2024.09.07-19.01.33:706][193]LogModuleManager: Shutting down and abandoning module MagicLeapHelperOpenGL (378)
[2024.09.07-19.01.33:707][193]LogModuleManager: Shutting down and abandoning module MagicLeapAudio (376)
[2024.09.07-19.01.33:707][193]LogModuleManager: Shutting down and abandoning module NiagaraEditorWidgets (374)
[2024.09.07-19.01.33:708][193]LogModuleManager: Shutting down and abandoning module NiagaraEditor (372)
[2024.09.07-19.01.33:709][193]LogModuleManager: Shutting down and abandoning module HTML5Networking (370)
[2024.09.07-19.01.33:709][193]LogModuleManager: Shutting down and abandoning module GeometryCacheTracks (368)
[2024.09.07-19.01.33:709][193]LogModuleManager: Shutting down and abandoning module GeometryCacheSequencer (366)
[2024.09.07-19.01.33:709][193]LogModuleManager: Shutting down and abandoning module BackChannel (364)
[2024.09.07-19.01.33:709][193]LogModuleManager: Shutting down and abandoning module AppleVision (362)
[2024.09.07-19.01.33:710][193]LogModuleManager: Shutting down and abandoning module AppleImageUtilsBlueprintSupport (360)
[2024.09.07-19.01.33:710][193]LogModuleManager: Shutting down and abandoning module AppleImageUtils (358)
[2024.09.07-19.01.33:710][193]LogModuleManager: Shutting down and abandoning module AlembicImporter (356)
[2024.09.07-19.01.33:710][193]LogModuleManager: Shutting down and abandoning module AlembicLibrary (355)
[2024.09.07-19.01.33:710][193]LogModuleManager: Shutting down and abandoning module GeometryCache (354)
[2024.09.07-19.01.33:710][193]LogModuleManager: Shutting down and abandoning module GeometryCacheEd (353)
[2024.09.07-19.01.33:710][193]LogModuleManager: Shutting down and abandoning module VariantManagerContent (348)
[2024.09.07-19.01.33:710][193]LogModuleManager: Shutting down and abandoning module DatasmithContentEditor (346)
[2024.09.07-19.01.33:711][193]LogModuleManager: Shutting down and abandoning module SpeedTreeImporter (344)
[2024.09.07-19.01.33:711][193]LogModuleManager: Shutting down and abandoning module PluginBrowser (342)
[2024.09.07-19.01.33:713][193]LogModuleManager: Shutting down and abandoning module MobileLauncherProfileWizard (340)
[2024.09.07-19.01.33:713][193]LogModuleManager: Shutting down and abandoning module MaterialAnalyzer (338)
[2024.09.07-19.01.33:714][193]LogModuleManager: Shutting down and abandoning module CryptoKeysOpenSSL (336)
[2024.09.07-19.01.33:714][193]LogModuleManager: Shutting down and abandoning module CryptoKeys (334)
[2024.09.07-19.01.33:714][193]LogModuleManager: Shutting down and abandoning module VisualStudioSourceCodeAccess (332)
[2024.09.07-19.01.33:714][193]LogModuleManager: Shutting down and abandoning module VisualStudioCodeSourceCodeAccess (330)
[2024.09.07-19.01.33:714][193]LogModuleManager: Shutting down and abandoning module UObjectPlugin (328)
[2024.09.07-19.01.33:714][193]LogModuleManager: Shutting down and abandoning module SubversionSourceControl (326)
[2024.09.07-19.01.33:715][193]LogModuleManager: Shutting down and abandoning module PerforceSourceControl (324)
[2024.09.07-19.01.33:717][193]LogModuleManager: Shutting down and abandoning module GitSourceControl (322)
[2024.09.07-19.01.33:717][193]LogModuleManager: Shutting down and abandoning module SourceControl (321)
[2024.09.07-19.01.33:718][193]LogModuleManager: Shutting down and abandoning module CLionSourceCodeAccess (318)
[2024.09.07-19.01.33:718][193]LogModuleManager: Shutting down and abandoning module AnimationSharingEd (316)
[2024.09.07-19.01.33:719][193]LogModuleManager: Shutting down and abandoning module ActorLayerUtilitiesEditor (314)
[2024.09.07-19.01.33:719][193]LogModuleManager: Shutting down and abandoning module ActorLayerUtilities (312)
[2024.09.07-19.01.33:719][193]LogModuleManager: Shutting down and abandoning module LightPropagationVolumeEditor (310)
[2024.09.07-19.01.33:719][193]LogModuleManager: Shutting down and abandoning module PaperTiledImporter (308)
[2024.09.07-19.01.33:719][193]LogModuleManager: Shutting down and abandoning module PaperSpriteSheetImporter (306)
[2024.09.07-19.01.33:719][193]LogModuleManager: Shutting down and abandoning module Paper2DEditor (304)
[2024.09.07-19.01.33:720][193]LogModuleManager: Shutting down and abandoning module SignificanceManager (302)
[2024.09.07-19.01.33:720][193]LogModuleManager: Shutting down and abandoning module RuntimePhysXCooking (300)
[2024.09.07-19.01.33:720][193]LogModuleManager: Shutting down and abandoning module PhysXVehiclesEditor (298)
[2024.09.07-19.01.33:720][193]LogModuleManager: Shutting down and abandoning module PhysXVehicles (296)
[2024.09.07-19.01.33:720][193]LogModuleManager: Shutting down and abandoning module LocationServicesBPLibrary (294)
[2024.09.07-19.01.33:720][193]LogModuleManager: Shutting down and abandoning module ActorSequence (292)
[2024.09.07-19.01.33:720][193]LogModuleManager: Shutting down and abandoning module UdpMessaging (290)
[2024.09.07-19.01.33:825][193]LogModuleManager: Shutting down and abandoning module TcpMessaging (288)
[2024.09.07-19.01.33:928][193]LogModuleManager: Shutting down and abandoning module MagicLeapIdentity (286)
[2024.09.07-19.01.33:928][193]LogModuleManager: Shutting down and abandoning module MagicLeapSecureStorage (284)
[2024.09.07-19.01.33:928][193]LogModuleManager: Shutting down and abandoning module MagicLeapHandTracking (282)
[2024.09.07-19.01.33:930][193]LogModuleManager: Shutting down and abandoning module MagicLeapEyeTracker (280)
[2024.09.07-19.01.33:930][193]LogModuleManager: Shutting down and abandoning module MagicLeapController (278)
[2024.09.07-19.01.33:930][193]LogSlate: Slate User Destroyed.  User Index 0, Is Virtual User: 0
[2024.09.07-19.01.33:930][193]LogModuleManager: Shutting down and abandoning module MagicLeapAR (276)
[2024.09.07-19.01.33:930][193]LogModuleManager: Shutting down and abandoning module AugmentedReality (275)
[2024.09.07-19.01.33:930][193]LogModuleManager: Shutting down and abandoning module Niagara (272)
[2024.09.07-19.01.33:931][193]LogModuleManager: Shutting down and abandoning module NiagaraCore (270)
[2024.09.07-19.01.33:932][193]LogModuleManager: Shutting down and abandoning module GameplayTagsEditor (268)
[2024.09.07-19.01.33:934][193]LogModuleManager: Shutting down and abandoning module FacialAnimationEditor (266)
[2024.09.07-19.01.33:934][193]LogModuleManager: Shutting down and abandoning module FacialAnimation (264)
[2024.09.07-19.01.33:934][193]LogModuleManager: Shutting down and abandoning module DataValidation (262)
[2024.09.07-19.01.33:934][193]LogModuleManager: Shutting down and abandoning module AssetManagerEditor (260)
[2024.09.07-19.01.33:937][193]LogModuleManager: Shutting down and abandoning module LevelEditor (259)
[2024.09.07-19.01.33:939][193]LogModuleManager: Shutting down and abandoning module PixelInspectorModule (258)
[2024.09.07-19.01.33:941][193]LogModuleManager: Shutting down and abandoning module CommonMenuExtensions (256)
[2024.09.07-19.01.33:941][193]LogModuleManager: Shutting down and abandoning module MainFrame (254)
[2024.09.07-19.01.33:941][193]LogModuleManager: Shutting down and abandoning module HotReload (253)
[2024.09.07-19.01.33:944][193]LogModuleManager: Shutting down and abandoning module ContentBrowser (249)
[2024.09.07-19.01.33:946][193]LogModuleManager: Shutting down and abandoning module TreeMap (247)
[2024.09.07-19.01.33:949][193]LogModuleManager: Shutting down and abandoning module AnimationSharing (244)
[2024.09.07-19.01.33:949][193]LogModuleManager: Shutting down and abandoning module LightPropagationVolumeRuntime (242)
[2024.09.07-19.01.33:949][193]LogModuleManager: Shutting down and abandoning module AISupportModule (240)
[2024.09.07-19.01.33:949][193]LogModuleManager: Shutting down and abandoning module Paper2D (238)
[2024.09.07-19.01.33:951][193]LogModuleManager: Shutting down and abandoning module WindowsMoviePlayer (236)
[2024.09.07-19.01.33:952][193]LogModuleManager: Shutting down and abandoning module WebMMoviePlayer (234)
[2024.09.07-19.01.33:953][193]LogModuleManager: Shutting down and abandoning module PacketHandler (232)
[2024.09.07-19.01.33:953][193]LogModuleManager: Shutting down and abandoning module ClothingSystemEditor (230)
[2024.09.07-19.01.33:953][193]LogModuleManager: Shutting down and abandoning module ClothingSystemRuntime (228)
[2024.09.07-19.01.33:954][193]LogModuleManager: Shutting down and abandoning module MediaAssets (226)
[2024.09.07-19.01.33:954][193]LogModuleManager: Shutting down and abandoning module Overlay (224)
[2024.09.07-19.01.33:954][193]LogModuleManager: Shutting down and abandoning module OverlayEditor (223)
[2024.09.07-19.01.33:954][193]LogModuleManager: Shutting down and abandoning module VREditor (220)
[2024.09.07-19.01.33:955][193]LogModuleManager: Shutting down and abandoning module StringTableEditor (218)
[2024.09.07-19.01.33:956][193]LogModuleManager: Shutting down and abandoning module GameplayTasksEditor (216)
[2024.09.07-19.01.33:956][193]LogModuleManager: Shutting down and abandoning module BehaviorTreeEditor (214)
[2024.09.07-19.01.33:958][193]LogModuleManager: Shutting down and abandoning module FunctionalTesting (212)
[2024.09.07-19.01.33:959][193]LogModuleManager: Shutting down and abandoning module CollisionAnalyzer (210)
[2024.09.07-19.01.33:960][193]LogModuleManager: Shutting down and abandoning module WorkspaceMenuStructure (209)
[2024.09.07-19.01.33:960][193]LogModuleManager: Shutting down and abandoning module UMG (206)
[2024.09.07-19.01.33:960][193]LogModuleManager: Shutting down and abandoning module UMGEditor (205)
[2024.09.07-19.01.33:960][193]LogModuleManager: Shutting down and abandoning module Sequencer (204)
[2024.09.07-19.01.33:961][193]LogModuleManager: Shutting down and abandoning module MessageLog (201)
[2024.09.07-19.01.33:961][193]LogModuleManager: Shutting down and abandoning module SlateReflector (196)
[2024.09.07-19.01.33:964][193]LogModuleManager: Shutting down and abandoning module Slate (194)
[2024.09.07-19.01.33:964][193]LogModuleManager: Shutting down and abandoning module EditorStyle (192)
[2024.09.07-19.01.33:966][193]LogModuleManager: Shutting down and abandoning module UnrealEd (190)
[2024.09.07-19.01.33:966][193]LogModuleManager: Shutting down and abandoning module MRMesh (188)
[2024.09.07-19.01.33:966][193]LogModuleManager: Shutting down and abandoning module SourceCodeAccess (186)
[2024.09.07-19.01.33:966][193]LogModuleManager: Shutting down and abandoning module HeadMountedDisplay (184)
[2024.09.07-19.01.33:966][193]LogModuleManager: Shutting down and abandoning module XAudio2 (182)
[2024.09.07-19.01.33:966][193]LogModuleManager: Shutting down and abandoning module Networking (180)
[2024.09.07-19.01.33:966][193]LogModuleManager: Shutting down and abandoning module Core (178)
[2024.09.07-19.01.33:966][193]LogModuleManager: Shutting down and abandoning module KismetCompiler (176)
[2024.09.07-19.01.33:966][193]LogModuleManager: Shutting down and abandoning module MeshUtilities (174)
[2024.09.07-19.01.33:966][193]LogModuleManager: Shutting down and abandoning module MeshMergeUtilities (173)
[2024.09.07-19.01.33:968][193]LogModuleManager: Shutting down and abandoning module MeshReductionInterface (172)
[2024.09.07-19.01.33:968][193]LogModuleManager: Shutting down and abandoning module SkeletalMeshReduction (171)
[2024.09.07-19.01.33:968][193]LogModuleManager: Shutting down and abandoning module ProxyLODMeshReduction (169)
[2024.09.07-19.01.33:969][193]LogModuleManager: Shutting down and abandoning module QuadricMeshReduction (167)
[2024.09.07-19.01.33:969][193]LogModuleManager: Shutting down and abandoning module MaterialBaking (163)
[2024.09.07-19.01.33:971][193]LogModuleManager: Shutting down and abandoning module DerivedDataCache (158)
[2024.09.07-19.01.34:122][193]LogDerivedDataCache: Shutdown
[2024.09.07-19.01.34:122][193]LogModuleManager: Shutting down and abandoning module XGEController (156)
[2024.09.07-19.01.34:123][193]LogModuleManager: Shutting down and abandoning module TargetPlatform (154)
[2024.09.07-19.01.34:124][193]LogModuleManager: Shutting down and abandoning module VulkanShaderFormat (153)
[2024.09.07-19.01.34:124][193]LogModuleManager: Shutting down and abandoning module ShaderFormatVectorVM (151)
[2024.09.07-19.01.34:125][193]LogModuleManager: Shutting down and abandoning module ShaderFormatOpenGL (149)
[2024.09.07-19.01.34:126][193]LogModuleManager: Shutting down and abandoning module ShaderFormatD3D (147)
[2024.09.07-19.01.34:126][193]LogModuleManager: Shutting down and abandoning module MetalShaderFormat (145)
[2024.09.07-19.01.34:126][193]LogModuleManager: Shutting down and abandoning module TextureFormatUncompressed (143)
[2024.09.07-19.01.34:126][193]LogModuleManager: Shutting down and abandoning module TextureFormatPVR (141)
[2024.09.07-19.01.34:126][193]LogModuleManager: Shutting down and abandoning module TextureFormatDXT (139)
[2024.09.07-19.01.34:127][193]LogModuleManager: Shutting down and abandoning module TextureFormatIntelISPCTexComp (137)
[2024.09.07-19.01.34:127][193]LogModuleManager: Shutting down and abandoning module TextureFormatASTC (135)
[2024.09.07-19.01.34:127][193]LogModuleManager: Shutting down and abandoning module ImageWrapper (134)
[2024.09.07-19.01.34:127][193]LogModuleManager: Shutting down and abandoning module TextureFormatAndroid (131)
[2024.09.07-19.01.34:127][193]LogModuleManager: Shutting down and abandoning module AudioFormatOpus (129)
[2024.09.07-19.01.34:127][193]LogModuleManager: Shutting down and abandoning module AudioFormatOgg (127)
[2024.09.07-19.01.34:127][193]LogModuleManager: Shutting down and abandoning module AudioFormatADPCM (125)
[2024.09.07-19.01.34:128][193]LogModuleManager: Shutting down and abandoning module LuminTargetPlatform (123)
[2024.09.07-19.01.34:129][193]LogModuleManager: Shutting down and abandoning module LinuxTargetPlatform (121)
[2024.09.07-19.01.34:130][193]LogModuleManager: Shutting down and abandoning module LinuxServerTargetPlatform (119)
[2024.09.07-19.01.34:131][193]LogModuleManager: Shutting down and abandoning module LinuxNoEditorTargetPlatform (117)
[2024.09.07-19.01.34:131][193]LogModuleManager: Shutting down and abandoning module LinuxClientTargetPlatform (115)
[2024.09.07-19.01.34:131][193]LogModuleManager: Shutting down and abandoning module TVOSTargetPlatform (113)
[2024.09.07-19.01.34:132][193]LogModuleManager: Shutting down and abandoning module Messaging (111)
[2024.09.07-19.01.34:132][193]LogModuleManager: Shutting down and abandoning module IOSTargetPlatform (109)
[2024.09.07-19.01.34:134][193]LogModuleManager: Shutting down and abandoning module HTML5TargetPlatform (107)
[2024.09.07-19.01.34:134][193]LogModuleManager: Shutting down and abandoning module AndroidTargetPlatform (105)
[2024.09.07-19.01.34:145][193]LogModuleManager: Shutting down and abandoning module WindowsTargetPlatform (103)
[2024.09.07-19.01.34:146][193]LogModuleManager: Shutting down and abandoning module WindowsServerTargetPlatform (101)
[2024.09.07-19.01.34:146][193]LogModuleManager: Shutting down and abandoning module WindowsNoEditorTargetPlatform (99)
[2024.09.07-19.01.34:146][193]LogModuleManager: Shutting down and abandoning module WindowsClientTargetPlatform (97)
[2024.09.07-19.01.34:146][193]LogModuleManager: Shutting down and abandoning module MacTargetPlatform (95)
[2024.09.07-19.01.34:146][193]LogModuleManager: Shutting down and abandoning module MacServerTargetPlatform (93)
[2024.09.07-19.01.34:146][193]LogModuleManager: Shutting down and abandoning module MacNoEditorTargetPlatform (91)
[2024.09.07-19.01.34:146][193]LogModuleManager: Shutting down and abandoning module MacClientTargetPlatform (89)
[2024.09.07-19.01.34:146][193]LogModuleManager: Shutting down and abandoning module AllDesktopTargetPlatform (87)
[2024.09.07-19.01.34:146][193]LogModuleManager: Shutting down and abandoning module InputCore (84)
[2024.09.07-19.01.34:146][193]LogModuleManager: Shutting down and abandoning module Settings (82)
[2024.09.07-19.01.34:146][193]LogModuleManager: Shutting down and abandoning module DirectoryWatcher (80)
[2024.09.07-19.01.34:146][193]LogModuleManager: Shutting down and abandoning module PhysXCooking (78)
[2024.09.07-19.01.34:146][193]LogModuleManager: Shutting down and abandoning module SteamVR (76)
[2024.09.07-19.01.34:147][193]LogHMD: Freeing OpenVRDLLHandle.
[2024.09.07-19.01.34:147][193]LogModuleManager: Shutting down and abandoning module OculusHMD (74)
[2024.09.07-19.01.34:147][193]LogModuleManager: Shutting down and abandoning module ExampleDeviceProfileSelector (72)
[2024.09.07-19.01.34:147][193]LogModuleManager: Shutting down and abandoning module LauncherChunkInstaller (70)
[2024.09.07-19.01.34:147][193]LogModuleManager: Shutting down and abandoning module OnlineBlueprintSupport (68)
[2024.09.07-19.01.34:147][193]LogModuleManager: Shutting down and abandoning module OnlineSubsystem (64)
[2024.09.07-19.01.34:152][193]LogModuleManager: Shutting down and abandoning module XMPP (59)
[2024.09.07-19.01.34:153][193]LogModuleManager: Shutting down and abandoning module WebSockets (58)
[2024.09.07-19.01.34:176][193]LogModuleManager: Shutting down and abandoning module HTTP (55)
[2024.09.07-19.01.34:178][193]LogHttp: Display: Http module shutting down, but needs to wait on 1 outstanding Http requests:
[2024.09.07-19.01.34:178][193]LogHttp: Display: 	verb=[POST] url=[https://datarouter.ol.epicgames.com/datarouter/api/v1/public/data?SessionID=%7B6ECEDB26-491E-D05A-1FF2-E68B4FFE0E08%7D&AppID=UEEditor.Rocket.Release&AppVersion=4.22.3-7053642%2B%2B%2BUE4%2BRelease-4.22&UserID=b27576c145c9ae15565263a0ea3d50bf%7C379ebc34babe4849ad2903098f619c22%7C4c82821e-8c7d-4bbb-8b52-0fc166e09071&AppEnvironment=datacollector-binary&UploadType=eteventstream] status=Processing
[2024.09.07-19.01.34:210][193]LogModuleManager: Shutting down and abandoning module SSL (54)
[2024.09.07-19.01.34:214][193]LogModuleManager: Shutting down and abandoning module WmfMedia (50)
[2024.09.07-19.01.34:220][193]LogModuleManager: Shutting down and abandoning module Media (49)
[2024.09.07-19.01.34:227][193]LogModuleManager: Shutting down and abandoning module MagicLeap (46)
[2024.09.07-19.01.34:228][193]LogModuleManager: Shutting down and abandoning module NiagaraVertexFactories (44)
[2024.09.07-19.01.34:228][193]LogModuleManager: Shutting down and abandoning module NiagaraShader (42)
[2024.09.07-19.01.34:228][193]LogModuleManager: Shutting down and abandoning module DatasmithContent (40)
[2024.09.07-19.01.34:229][193]LogModuleManager: Shutting down and abandoning module AnimationModifiers (38)
[2024.09.07-19.01.34:230][193]LogModuleManager: Shutting down and abandoning module PropertyEditor (37)
[2024.09.07-19.01.34:231][193]LogModuleManager: Shutting down and abandoning module AudioEditor (34)
[2024.09.07-19.01.34:233][193]LogModuleManager: Shutting down and abandoning module TextureCompressor (32)
[2024.09.07-19.01.34:234][193]LogModuleManager: Shutting down and abandoning module RenderCore (30)
[2024.09.07-19.01.34:234][193]LogModuleManager: Shutting down and abandoning module Landscape (28)
[2024.09.07-19.01.34:234][193]LogModuleManager: Shutting down and abandoning module SlateRHIRenderer (26)
[2024.09.07-19.01.34:235][193]LogModuleManager: Shutting down and abandoning module OpenGLDrv (24)
[2024.09.07-19.01.34:236][193]LogModuleManager: Shutting down and abandoning module D3D11RHI (22)
[2024.09.07-19.01.34:236][193]LogModuleManager: Shutting down and abandoning module AnimGraphRuntime (20)
[2024.09.07-19.01.34:236][193]LogModuleManager: Shutting down and abandoning module Renderer (18)
[2024.09.07-19.01.34:236][193]LogModuleManager: Shutting down and abandoning module Engine (16)
[2024.09.07-19.01.34:236][193]LogModuleManager: Shutting down and abandoning module CoreUObject (14)
[2024.09.07-19.01.34:236][193]LogModuleManager: Shutting down and abandoning module NetworkFile (12)
[2024.09.07-19.01.34:237][193]LogModuleManager: Shutting down and abandoning module CookedIterativeFile (10)
[2024.09.07-19.01.34:237][193]LogModuleManager: Shutting down and abandoning module StreamingFile (8)
[2024.09.07-19.01.34:237][193]LogModuleManager: Shutting down and abandoning module SandboxFile (6)
[2024.09.07-19.01.34:237][193]LogModuleManager: Shutting down and abandoning module PakFile (4)
[2024.09.07-19.01.34:237][193]LogModuleManager: Shutting down and abandoning module RSA (3)
[2024.09.07-19.01.34:249][193]LogExit: Exiting.
[2024.09.07-19.01.34:263][193]Log file closed, 09/08/24 03:01:34
