Log file open, 11/09/24 22:44:31
LogWindows: Failed to load 'aqProf.dll' (GetLastError=126)
LogWindows: File 'aqProf.dll' does not exist
LogWindows: Failed to load 'VtuneApi.dll' (GetLastError=126)
LogWindows: File 'VtuneApi.dll' does not exist
LogWindows: Failed to load 'VtuneApi32e.dll' (GetLastError=126)
LogWindows: File 'VtuneApi32e.dll' does not exist
LogConsoleResponse: Display: Failed to find resolution value strings in scalability ini. Falling back to default.
LogInit: Display: Running engine for game: MarilaOubreaks
LogPakFile: Registered encryption key '00000000000000000000000000000000': 0 pak files mounted, 0 remain pending
LogPlatformFile: Not using cached read wrapper
LogTaskGraph: Started task graph with 5 named threads and 14 total threads with 3 sets of task threads.
LogStats: Stats thread started at 0.254838
LogD3D11RHI: Loaded GFSDK_Aftermath_Lib.x64.dll
LogICUInternationalization: ICU TimeZone Detection - Raw Offset: +8:00, Platform Override: ''
LogPluginManager: Mounting plugin Paper2D
LogPluginManager: Mounting plugin AISupport
LogPluginManager: Mounting plugin LightPropagationVolume
LogPluginManager: Mounting plugin ActorLayerUtilities
LogPluginManager: Mounting plugin AnimationSharing
LogPluginManager: Mounting plugin CLionSourceCodeAccess
LogPluginManager: Mounting plugin CodeLiteSourceCodeAccess
LogPluginManager: Mounting plugin GitSourceControl
LogPluginManager: Mounting plugin KDevelopSourceCodeAccess
LogPluginManager: Mounting plugin NullSourceCodeAccess
LogPluginManager: Mounting plugin PerforceSourceControl
LogPluginManager: Mounting plugin SubversionSourceControl
LogPluginManager: Mounting plugin UObjectPlugin
LogPluginManager: Mounting plugin VisualStudioCodeSourceCodeAccess
LogPluginManager: Mounting plugin VisualStudioSourceCodeAccess
LogPluginManager: Mounting plugin XCodeSourceCodeAccess
LogPluginManager: Mounting plugin AssetManagerEditor
LogPluginManager: Mounting plugin CryptoKeys
LogPluginManager: Mounting plugin DataValidation
LogPluginManager: Mounting plugin FacialAnimation
LogPluginManager: Mounting plugin GameplayTagsEditor
LogPluginManager: Mounting plugin MacGraphicsSwitching
LogPluginManager: Mounting plugin MaterialAnalyzer
LogPluginManager: Mounting plugin MobileLauncherProfileWizard
LogPluginManager: Mounting plugin PluginBrowser
LogPluginManager: Mounting plugin SpeedTreeImporter
LogPluginManager: Mounting plugin DatasmithContent
LogPluginManager: Mounting plugin VariantManagerContent
LogPluginManager: Mounting plugin AlembicImporter
LogPluginManager: Mounting plugin AppleImageUtils
LogPluginManager: Mounting plugin AppleVision
LogPluginManager: Mounting plugin BackChannel
LogPluginManager: Mounting plugin CharacterAI
LogPluginManager: Mounting plugin GeometryCache
LogPluginManager: Mounting plugin HTML5Networking
LogPluginManager: Mounting plugin ProxyLODPlugin
LogPluginManager: Mounting plugin SkeletalReduction
LogPluginManager: Mounting plugin Niagara
LogPluginManager: Mounting plugin MagicLeap
LogPluginManager: Mounting plugin MagicLeapMedia
LogPluginManager: Mounting plugin AndroidMedia
LogPluginManager: Mounting plugin AvfMedia
LogPluginManager: Mounting plugin ImgMedia
LogPluginManager: Mounting plugin LinearTimecode
LogPluginManager: Mounting plugin MediaCompositing
LogPluginManager: Mounting plugin MediaPlayerEditor
LogPluginManager: Mounting plugin WebMMedia
LogPluginManager: Mounting plugin WmfMedia
LogPluginManager: Mounting plugin TcpMessaging
LogPluginManager: Mounting plugin UdpMessaging
LogPluginManager: Mounting plugin ActorSequence
LogPluginManager: Mounting plugin LevelSequenceEditor
LogPluginManager: Mounting plugin MatineeToLevelSequence
LogPluginManager: Mounting plugin NetcodeUnitTest
LogPluginManager: Mounting plugin NUTUnrealEngine4
LogPluginManager: Mounting plugin OnlineSubsystemGooglePlay
LogPluginManager: Mounting plugin OnlineSubsystemIOS
LogPluginManager: Mounting plugin OnlineSubsystem
LogPluginManager: Mounting plugin OnlineSubsystemNull
LogPluginManager: Mounting plugin OnlineSubsystemUtils
LogPluginManager: Mounting plugin LauncherChunkInstaller
LogPluginManager: Mounting plugin AndroidDeviceProfileSelector
LogPluginManager: Mounting plugin AndroidMoviePlayer
LogPluginManager: Mounting plugin AndroidPermission
LogPluginManager: Mounting plugin AppleMoviePlayer
LogPluginManager: Mounting plugin ArchVisCharacter
LogPluginManager: Mounting plugin AudioCapture
LogPluginManager: Mounting plugin CableComponent
LogPluginManager: Mounting plugin CustomMeshComponent
LogPluginManager: Mounting plugin EditableMesh
LogPluginManager: Mounting plugin ExampleDeviceProfileSelector
LogPluginManager: Mounting plugin Firebase
LogPluginManager: Mounting plugin GoogleCloudMessaging
LogPluginManager: Mounting plugin IOSDeviceProfileSelector
LogPluginManager: Mounting plugin LinuxDeviceProfileSelector
LogPluginManager: Mounting plugin LocationServicesBPLibrary
LogPluginManager: Mounting plugin MobilePatchingUtils
LogPluginManager: Mounting plugin OculusVR
LogPluginManager: Mounting plugin PhysXVehicles
LogPluginManager: Mounting plugin ProceduralMeshComponent
LogPluginManager: Mounting plugin RuntimePhysXCooking
LogPluginManager: Mounting plugin SignificanceManager
LogPluginManager: Mounting plugin SteamVR
LogPluginManager: Mounting plugin WebMMoviePlayer
LogPluginManager: Mounting plugin WindowsMoviePlayer
LogInit: Using libcurl 7.55.1-DEV
LogInit:  - built for x86_64-pc-win32
LogInit:  - supports SSL with OpenSSL/1.1.1
LogInit:  - supports HTTP deflate (compression) using libz 1.2.8
LogInit:  - other features:
LogInit:      CURL_VERSION_SSL
LogInit:      CURL_VERSION_LIBZ
LogInit:      CURL_VERSION_IPV6
LogInit:      CURL_VERSION_ASYNCHDNS
LogInit:      CURL_VERSION_LARGEFILE
LogInit:      CURL_VERSION_IDN
LogInit:  CurlRequestOptions (configurable via config and command line):
LogInit:  - bVerifyPeer = true  - Libcurl will verify peer certificate
LogInit:  - bUseHttpProxy = false  - Libcurl will NOT use HTTP proxy
LogInit:  - bDontReuseConnections = false  - Libcurl will reuse connections
LogInit:  - MaxHostConnections = 16  - Libcurl will limit the number of connections to a host
LogInit:  - LocalHostAddr = Default
LogInit:  - BufferSize = 65536
LogInit: WinSock: version 1.1 (2.2), MaxSocks=32767, MaxUdp=65467
LogInit: Build: ++UE4+Release-4.22-CL-7053642
LogInit: Engine Version: 4.22.3-7053642+++UE4+Release-4.22
LogInit: Compatible Engine Version: 4.22.0-5660361+++UE4+Release-4.22
LogInit: Net CL: 5660361
LogInit: OS: Windows 10 (Release 2009) (), CPU: Intel(R) Pentium(R) Silver N6000 @ 1.10GHz, GPU: Intel(R) UHD Graphics
LogInit: Compiled (64-bit): Jun 18 2019 03:09:11
LogInit: Compiled with Visual C++: 19.16.27025.01
LogInit: Build Configuration: Development
LogInit: Branch Name: ++UE4+Release-4.22
LogInit: Command Line: 
LogInit: Base Directory: C:/Program Files/Epic Games/UE_4.22/Engine/Binaries/Win64/
LogInit: Installed Engine Build: 1
LogDevObjectVersion: Number of dev versions registered: 23
LogDevObjectVersion:   Dev-Blueprints (B0D832E4-1F89-4F0D-ACCF-7EB736FD4AA2): 10
LogDevObjectVersion:   Dev-Build (E1C64328-A22C-4D53-A36C-8E866417BD8C): 0
LogDevObjectVersion:   Dev-Core (375EC13C-06E4-48FB-B500-84F0262A717E): 3
LogDevObjectVersion:   Dev-Editor (E4B068ED-F494-42E9-A231-DA0B2E46BB41): 30
LogDevObjectVersion:   Dev-Framework (CFFC743F-43B0-4480-9391-14DF171D2073): 35
LogDevObjectVersion:   Dev-Mobile (B02B49B5-BB20-44E9-A304-32B752E40360): 2
LogDevObjectVersion:   Dev-Networking (A4E4105C-59A1-49B5-A7C5-40C4547EDFEE): 0
LogDevObjectVersion:   Dev-Online (39C831C9-5AE6-47DC-9A44-9C173E1C8E7C): 0
LogDevObjectVersion:   Dev-Physics (78F01B33-EBEA-4F98-B9B4-84EACCB95AA2): 0
LogDevObjectVersion:   Dev-Platform (6631380F-2D4D-43E0-8009-CF276956A95A): 0
LogDevObjectVersion:   Dev-Rendering (12F88B9F-8875-4AFC-A67C-D90C383ABD29): 28
LogDevObjectVersion:   Dev-Sequencer (7B5AE74C-D270-4C10-A958-57980B212A5A): 11
LogDevObjectVersion:   Dev-VR (D7296918-1DD6-4BDD-9DE2-64A83CC13884): 2
LogDevObjectVersion:   Dev-LoadTimes (C2A15278-BFE7-4AFE-6C17-90FF531DF755): 1
LogDevObjectVersion:   Private-Geometry (6EACA3D4-40EC-4CC1-B786-8BED09428FC5): 3
LogDevObjectVersion:   Dev-AnimPhys (29E575DD-E0A3-4627-9D10-D276232CDCEA): 17
LogDevObjectVersion:   Dev-Anim (AF43A65D-7FD3-4947-9873-3E8ED9C1BB05): 2
LogDevObjectVersion:   Dev-ReflectionCapture (6B266CEC-1EC7-4B8F-A30B-E4D90942FC07): 1
LogDevObjectVersion:   Dev-Automation (0DF73D61-A23F-47EA-B727-89E90C41499A): 1
LogDevObjectVersion:   FortniteMain (601D1886-AC64-4F84-AA16-D3DE0DEAC7D6): 25
LogDevObjectVersion:   Dev-Enterprise (9DFFBCD6-494F-0158-E221-12823C92A888): 6
LogDevObjectVersion:   Dev-Niagara (F2AED0AC-9AFE-416F-8664-AA7FFA26D6FC): 1
LogDevObjectVersion:   Dev-Destruction (174F1F0B-B4C6-45A5-B13F-2EE8D0FB917D): 2
LogInit: Presizing for max 16777216 objects, including 0 objects not considered by GC, pre-allocating 0 bytes for permanent pool.
LogInit: Object subsystem initialized
LogConfig: Setting CVar [[con.DebugEarlyDefault:1]]
LogConfig: Setting CVar [[r.setres:1280x720]]
[2024.11.09-14.44.32:283][  0]LogConfig: Setting CVar [[r.VSync:0]]
[2024.11.09-14.44.32:283][  0]LogConfig: Setting CVar [[r.RHICmdBypass:0]]
[2024.11.09-14.44.32:283][  0]LogConfig: Applying CVar settings from Section [/Script/Engine.RendererSettings] File [C:/Users/alexi/Downloads/New_Marilao/ManilaOutbreak-Game/MarilaOubreaks/Saved/Config/Windows/Engine.ini]
[2024.11.09-14.44.32:283][  0]LogConfig: Setting CVar [[r.GPUCrashDebugging:0]]
[2024.11.09-14.44.32:283][  0]LogConfig: Applying CVar settings from Section [/Script/Engine.RendererOverrideSettings] File [C:/Users/alexi/Downloads/New_Marilao/ManilaOutbreak-Game/MarilaOubreaks/Saved/Config/Windows/Engine.ini]
[2024.11.09-14.44.32:283][  0]LogConfig: Applying CVar settings from Section [/Script/Engine.StreamingSettings] File [C:/Users/alexi/Downloads/New_Marilao/ManilaOutbreak-Game/MarilaOubreaks/Saved/Config/Windows/Engine.ini]
[2024.11.09-14.44.32:283][  0]LogConfig: Setting CVar [[s.MinBulkDataSizeForAsyncLoading:131072]]
[2024.11.09-14.44.32:283][  0]LogConfig: Setting CVar [[s.AsyncLoadingThreadEnabled:0]]
[2024.11.09-14.44.32:283][  0]LogConfig: Setting CVar [[s.EventDrivenLoaderEnabled:1]]
[2024.11.09-14.44.32:284][  0]LogConfig: Setting CVar [[s.WarnIfTimeLimitExceeded:0]]
[2024.11.09-14.44.32:284][  0]LogConfig: Setting CVar [[s.TimeLimitExceededMultiplier:1.5]]
[2024.11.09-14.44.32:284][  0]LogConfig: Setting CVar [[s.TimeLimitExceededMinTime:0.005]]
[2024.11.09-14.44.32:284][  0]LogConfig: Setting CVar [[s.UseBackgroundLevelStreaming:1]]
[2024.11.09-14.44.32:284][  0]LogConfig: Setting CVar [[s.PriorityAsyncLoadingExtraTime:15.0]]
[2024.11.09-14.44.32:284][  0]LogConfig: Setting CVar [[s.LevelStreamingActorsUpdateTimeLimit:5.0]]
[2024.11.09-14.44.32:284][  0]LogConfig: Setting CVar [[s.PriorityLevelStreamingActorsUpdateExtraTime:5.0]]
[2024.11.09-14.44.32:284][  0]LogConfig: Setting CVar [[s.LevelStreamingComponentsRegistrationGranularity:10]]
[2024.11.09-14.44.32:284][  0]LogConfig: Setting CVar [[s.UnregisterComponentsTimeLimit:1.0]]
[2024.11.09-14.44.32:284][  0]LogConfig: Setting CVar [[s.LevelStreamingComponentsUnregistrationGranularity:5]]
[2024.11.09-14.44.32:284][  0]LogConfig: Applying CVar settings from Section [/Script/Engine.GarbageCollectionSettings] File [C:/Users/alexi/Downloads/New_Marilao/ManilaOutbreak-Game/MarilaOubreaks/Saved/Config/Windows/Engine.ini]
[2024.11.09-14.44.32:284][  0]LogConfig: Setting CVar [[gc.MaxObjectsNotConsideredByGC:1]]
[2024.11.09-14.44.32:284][  0]LogConfig: Setting CVar [[gc.SizeOfPermanentObjectPool:0]]
[2024.11.09-14.44.32:284][  0]LogConfig: Setting CVar [[gc.FlushStreamingOnGC:0]]
[2024.11.09-14.44.32:284][  0]LogConfig: Setting CVar [[gc.NumRetriesBeforeForcingGC:10]]
[2024.11.09-14.44.32:284][  0]LogConfig: Setting CVar [[gc.AllowParallelGC:1]]
[2024.11.09-14.44.32:284][  0]LogConfig: Setting CVar [[gc.TimeBetweenPurgingPendingKillObjects:61.1]]
[2024.11.09-14.44.32:284][  0]LogConfig: Setting CVar [[gc.MaxObjectsInEditor:16777216]]
[2024.11.09-14.44.32:284][  0]LogConfig: Setting CVar [[gc.IncrementalBeginDestroyEnabled:1]]
[2024.11.09-14.44.32:284][  0]LogConfig: Setting CVar [[gc.CreateGCClusters:1]]
[2024.11.09-14.44.32:284][  0]LogConfig: Setting CVar [[gc.MinGCClusterSize:5]]
[2024.11.09-14.44.32:284][  0]LogConfig: Setting CVar [[gc.ActorClusteringEnabled:0]]
[2024.11.09-14.44.32:284][  0]LogConfig: Setting CVar [[gc.BlueprintClusteringEnabled:0]]
[2024.11.09-14.44.32:284][  0]LogConfig: Setting CVar [[gc.UseDisregardForGCOnDedicatedServers:0]]
[2024.11.09-14.44.32:284][  0]LogConfig: Applying CVar settings from Section [/Script/Engine.NetworkSettings] File [C:/Users/alexi/Downloads/New_Marilao/ManilaOutbreak-Game/MarilaOubreaks/Saved/Config/Windows/Engine.ini]
[2024.11.09-14.44.32:284][  0]LogConfig: Applying CVar settings from Section [/Script/UnrealEd.CookerSettings] File [C:/Users/alexi/Downloads/New_Marilao/ManilaOutbreak-Game/MarilaOubreaks/Saved/Config/Windows/Engine.ini]
[2024.11.09-14.44.32:288][  0]LogConfig: Applying CVar settings from Section [ViewDistanceQuality@3] File [C:/Users/alexi/Downloads/New_Marilao/ManilaOutbreak-Game/MarilaOubreaks/Saved/Config/Windows/Scalability.ini]
[2024.11.09-14.44.32:288][  0]LogConfig: Setting CVar [[r.SkeletalMeshLODBias:0]]
[2024.11.09-14.44.32:288][  0]LogConfig: Setting CVar [[r.ViewDistanceScale:1.0]]
[2024.11.09-14.44.32:288][  0]LogConfig: Applying CVar settings from Section [AntiAliasingQuality@3] File [C:/Users/alexi/Downloads/New_Marilao/ManilaOutbreak-Game/MarilaOubreaks/Saved/Config/Windows/Scalability.ini]
[2024.11.09-14.44.32:288][  0]LogConfig: Setting CVar [[r.PostProcessAAQuality:4]]
[2024.11.09-14.44.32:288][  0]LogConfig: Applying CVar settings from Section [ShadowQuality@3] File [C:/Users/alexi/Downloads/New_Marilao/ManilaOutbreak-Game/MarilaOubreaks/Saved/Config/Windows/Scalability.ini]
[2024.11.09-14.44.32:288][  0]LogConfig: Setting CVar [[r.LightFunctionQuality:1]]
[2024.11.09-14.44.32:288][  0]LogConfig: Setting CVar [[r.ShadowQuality:5]]
[2024.11.09-14.44.32:288][  0]LogConfig: Setting CVar [[r.Shadow.CSM.MaxCascades:10]]
[2024.11.09-14.44.32:288][  0]LogConfig: Setting CVar [[r.Shadow.MaxResolution:2048]]
[2024.11.09-14.44.32:288][  0]LogConfig: Setting CVar [[r.Shadow.MaxCSMResolution:2048]]
[2024.11.09-14.44.32:288][  0]LogConfig: Setting CVar [[r.Shadow.RadiusThreshold:0.01]]
[2024.11.09-14.44.32:288][  0]LogConfig: Setting CVar [[r.Shadow.DistanceScale:1.0]]
[2024.11.09-14.44.32:288][  0]LogConfig: Setting CVar [[r.Shadow.CSM.TransitionScale:1.0]]
[2024.11.09-14.44.32:288][  0]LogConfig: Setting CVar [[r.Shadow.PreShadowResolutionFactor:1.0]]
[2024.11.09-14.44.32:288][  0]LogConfig: Setting CVar [[r.DistanceFieldShadowing:1]]
[2024.11.09-14.44.32:288][  0]LogConfig: Setting CVar [[r.DistanceFieldAO:1]]
[2024.11.09-14.44.32:288][  0]LogConfig: Setting CVar [[r.AOQuality:2]]
[2024.11.09-14.44.32:288][  0]LogConfig: Setting CVar [[r.VolumetricFog:1]]
[2024.11.09-14.44.32:288][  0]LogConfig: Setting CVar [[r.VolumetricFog.GridPixelSize:8]]
[2024.11.09-14.44.32:288][  0]LogConfig: Setting CVar [[r.VolumetricFog.GridSizeZ:128]]
[2024.11.09-14.44.32:288][  0]LogConfig: Setting CVar [[r.VolumetricFog.HistoryMissSupersampleCount:4]]
[2024.11.09-14.44.32:288][  0]LogConfig: Setting CVar [[r.LightMaxDrawDistanceScale:1]]
[2024.11.09-14.44.32:288][  0]LogConfig: Setting CVar [[r.CapsuleShadows:1]]
[2024.11.09-14.44.32:288][  0]LogConfig: Applying CVar settings from Section [PostProcessQuality@3] File [C:/Users/alexi/Downloads/New_Marilao/ManilaOutbreak-Game/MarilaOubreaks/Saved/Config/Windows/Scalability.ini]
[2024.11.09-14.44.32:288][  0]LogConfig: Setting CVar [[r.MotionBlurQuality:4]]
[2024.11.09-14.44.32:288][  0]LogConfig: Setting CVar [[r.AmbientOcclusionMipLevelFactor:0.4]]
[2024.11.09-14.44.32:288][  0]LogConfig: Setting CVar [[r.AmbientOcclusionMaxQuality:100]]
[2024.11.09-14.44.32:288][  0]LogConfig: Setting CVar [[r.AmbientOcclusionLevels:-1]]
[2024.11.09-14.44.32:288][  0]LogConfig: Setting CVar [[r.AmbientOcclusionRadiusScale:1.0]]
[2024.11.09-14.44.32:288][  0]LogConfig: Setting CVar [[r.DepthOfFieldQuality:2]]
[2024.11.09-14.44.32:288][  0]LogConfig: Setting CVar [[r.RenderTargetPoolMin:400]]
[2024.11.09-14.44.32:288][  0]LogConfig: Setting CVar [[r.LensFlareQuality:2]]
[2024.11.09-14.44.32:288][  0]LogConfig: Setting CVar [[r.SceneColorFringeQuality:1]]
[2024.11.09-14.44.32:288][  0]LogConfig: Setting CVar [[r.EyeAdaptationQuality:2]]
[2024.11.09-14.44.32:288][  0]LogConfig: Setting CVar [[r.BloomQuality:5]]
[2024.11.09-14.44.32:288][  0]LogConfig: Setting CVar [[r.FastBlurThreshold:100]]
[2024.11.09-14.44.32:288][  0]LogConfig: Setting CVar [[r.Upscale.Quality:3]]
[2024.11.09-14.44.32:288][  0]LogConfig: Setting CVar [[r.Tonemapper.GrainQuantization:1]]
[2024.11.09-14.44.32:288][  0]LogConfig: Setting CVar [[r.LightShaftQuality:1]]
[2024.11.09-14.44.32:289][  0]LogConfig: Setting CVar [[r.Filter.SizeScale:1]]
[2024.11.09-14.44.32:289][  0]LogConfig: Setting CVar [[r.Tonemapper.Quality:5]]
[2024.11.09-14.44.32:289][  0]LogConfig: Setting CVar [[r.DOF.Gather.AccumulatorQuality:1        ; higher gathering accumulator quality]]
[2024.11.09-14.44.32:289][  0]LogConfig: Setting CVar [[r.DOF.Gather.PostfilterMethod:1          ; Median3x3 postfilering method]]
[2024.11.09-14.44.32:289][  0]LogConfig: Setting CVar [[r.DOF.Gather.EnableBokehSettings:0       ; no bokeh simulation when gathering]]
[2024.11.09-14.44.32:289][  0]LogConfig: Setting CVar [[r.DOF.Gather.RingCount:4                 ; medium number of samples when gathering]]
[2024.11.09-14.44.32:289][  0]LogConfig: Setting CVar [[r.DOF.Scatter.ForegroundCompositing:1    ; additive foreground scattering]]
[2024.11.09-14.44.32:289][  0]LogConfig: Setting CVar [[r.DOF.Scatter.BackgroundCompositing:2    ; additive background scattering]]
[2024.11.09-14.44.32:289][  0]LogConfig: Setting CVar [[r.DOF.Scatter.EnableBokehSettings:1      ; bokeh simulation when scattering]]
[2024.11.09-14.44.32:289][  0]LogConfig: Setting CVar [[r.DOF.Scatter.MaxSpriteRatio:0.1         ; only a maximum of 10% of scattered bokeh]]
[2024.11.09-14.44.32:289][  0]LogConfig: Setting CVar [[r.DOF.Recombine.Quality:1                ; cheap slight out of focus]]
[2024.11.09-14.44.32:289][  0]LogConfig: Setting CVar [[r.DOF.Recombine.EnableBokehSettings:0    ; no bokeh simulation on slight out of focus]]
[2024.11.09-14.44.32:289][  0]LogConfig: Setting CVar [[r.DOF.TemporalAAQuality:1                ; more stable temporal accumulation]]
[2024.11.09-14.44.32:289][  0]LogConfig: Setting CVar [[r.DOF.Kernel.MaxForegroundRadius:0.025]]
[2024.11.09-14.44.32:289][  0]LogConfig: Setting CVar [[r.DOF.Kernel.MaxBackgroundRadius:0.025]]
[2024.11.09-14.44.32:289][  0]LogConfig: Applying CVar settings from Section [TextureQuality@3] File [C:/Users/alexi/Downloads/New_Marilao/ManilaOutbreak-Game/MarilaOubreaks/Saved/Config/Windows/Scalability.ini]
[2024.11.09-14.44.32:289][  0]LogConfig: Setting CVar [[r.Streaming.MipBias:0]]
[2024.11.09-14.44.32:289][  0]LogConfig: Setting CVar [[r.Streaming.AmortizeCPUToGPUCopy:0]]
[2024.11.09-14.44.32:289][  0]LogConfig: Setting CVar [[r.Streaming.MaxNumTexturesToStreamPerFrame:0]]
[2024.11.09-14.44.32:289][  0]LogConfig: Setting CVar [[r.Streaming.Boost:1]]
[2024.11.09-14.44.32:289][  0]LogConfig: Setting CVar [[r.MaxAnisotropy:8]]
[2024.11.09-14.44.32:289][  0]LogConfig: Setting CVar [[r.Streaming.LimitPoolSizeToVRAM:0]]
[2024.11.09-14.44.32:289][  0]LogConfig: Setting CVar [[r.Streaming.PoolSize:1000]]
[2024.11.09-14.44.32:289][  0]LogConfig: Setting CVar [[r.Streaming.MaxEffectiveScreenSize:0]]
[2024.11.09-14.44.32:289][  0]LogConfig: Applying CVar settings from Section [EffectsQuality@3] File [C:/Users/alexi/Downloads/New_Marilao/ManilaOutbreak-Game/MarilaOubreaks/Saved/Config/Windows/Scalability.ini]
[2024.11.09-14.44.32:289][  0]LogConfig: Setting CVar [[r.TranslucencyLightingVolumeDim:64]]
[2024.11.09-14.44.32:289][  0]LogConfig: Setting CVar [[r.RefractionQuality:2]]
[2024.11.09-14.44.32:289][  0]LogConfig: Setting CVar [[r.SSR.Quality:3]]
[2024.11.09-14.44.32:289][  0]LogConfig: Setting CVar [[r.SceneColorFormat:4]]
[2024.11.09-14.44.32:289][  0]LogConfig: Setting CVar [[r.DetailMode:2]]
[2024.11.09-14.44.32:289][  0]LogConfig: Setting CVar [[r.TranslucencyVolumeBlur:1]]
[2024.11.09-14.44.32:289][  0]LogConfig: Setting CVar [[r.MaterialQualityLevel:1 ; High quality]]
[2024.11.09-14.44.32:289][  0]LogConfig: Setting CVar [[r.SSS.Scale:1]]
[2024.11.09-14.44.32:289][  0]LogConfig: Setting CVar [[r.SSS.SampleSet:2]]
[2024.11.09-14.44.32:289][  0]LogConfig: Setting CVar [[r.SSS.Quality:1]]
[2024.11.09-14.44.32:289][  0]LogConfig: Setting CVar [[r.SSS.HalfRes:1]]
[2024.11.09-14.44.32:289][  0]LogConfig: Setting CVar [[r.EmitterSpawnRateScale:1.0]]
[2024.11.09-14.44.32:289][  0]LogConfig: Setting CVar [[r.ParticleLightQuality:2]]
[2024.11.09-14.44.32:289][  0]LogConfig: Applying CVar settings from Section [FoliageQuality@3] File [C:/Users/alexi/Downloads/New_Marilao/ManilaOutbreak-Game/MarilaOubreaks/Saved/Config/Windows/Scalability.ini]
[2024.11.09-14.44.32:289][  0]LogConfig: Setting CVar [[foliage.DensityScale:1.0]]
[2024.11.09-14.44.32:289][  0]LogConfig: Setting CVar [[grass.DensityScale:1.0]]
[2024.11.09-14.44.32:289][  0]LogInit: Selected Device Profile: [Windows]
[2024.11.09-14.44.32:289][  0]LogInit: Applying CVar settings loaded from the selected device profile: [Windows]
[2024.11.09-14.44.32:300][  0]LogHAL: Display: Platform has ~ 8 GB [8386174976 / 8589934592 / 8], which maps to Default [LargestMinGB=32, LargerMinGB=12, DefaultMinGB=8, SmallerMinGB=6, SmallestMinGB=0)
[2024.11.09-14.44.32:300][  0]LogConfig: Setting CVar [[r.Vulkan.UseRealUBs:0		; Required until we fix HLR fall-out]]
[2024.11.09-14.44.32:300][  0]LogInit: Going up to parent DeviceProfile []
[2024.11.09-14.44.32:300][  0]LogConfig: Applying CVar settings from Section [ViewDistanceQuality@1] File [C:/Users/alexi/Downloads/New_Marilao/ManilaOutbreak-Game/MarilaOubreaks/Saved/Config/Windows/Scalability.ini]
[2024.11.09-14.44.32:300][  0]LogConfig: Setting CVar [[r.SkeletalMeshLODBias:1]]
[2024.11.09-14.44.32:300][  0]LogConfig: Setting CVar [[r.ViewDistanceScale:0.6]]
[2024.11.09-14.44.32:300][  0]LogConfig: Applying CVar settings from Section [AntiAliasingQuality@1] File [C:/Users/alexi/Downloads/New_Marilao/ManilaOutbreak-Game/MarilaOubreaks/Saved/Config/Windows/Scalability.ini]
[2024.11.09-14.44.32:300][  0]LogConfig: Setting CVar [[r.PostProcessAAQuality:2]]
[2024.11.09-14.44.32:300][  0]LogConfig: Applying CVar settings from Section [ShadowQuality@1] File [C:/Users/alexi/Downloads/New_Marilao/ManilaOutbreak-Game/MarilaOubreaks/Saved/Config/Windows/Scalability.ini]
[2024.11.09-14.44.32:300][  0]LogConfig: Setting CVar [[r.LightFunctionQuality:1]]
[2024.11.09-14.44.32:300][  0]LogConfig: Setting CVar [[r.ShadowQuality:3]]
[2024.11.09-14.44.32:300][  0]LogConfig: Setting CVar [[r.Shadow.CSM.MaxCascades:1]]
[2024.11.09-14.44.32:300][  0]LogConfig: Setting CVar [[r.Shadow.MaxResolution:1024]]
[2024.11.09-14.44.32:300][  0]LogConfig: Setting CVar [[r.Shadow.MaxCSMResolution:1024]]
[2024.11.09-14.44.32:300][  0]LogConfig: Setting CVar [[r.Shadow.RadiusThreshold:0.05]]
[2024.11.09-14.44.32:300][  0]LogConfig: Setting CVar [[r.Shadow.DistanceScale:0.7]]
[2024.11.09-14.44.32:300][  0]LogConfig: Setting CVar [[r.Shadow.CSM.TransitionScale:0.25]]
[2024.11.09-14.44.32:300][  0]LogConfig: Setting CVar [[r.Shadow.PreShadowResolutionFactor:0.5]]
[2024.11.09-14.44.32:300][  0]LogConfig: Setting CVar [[r.DistanceFieldShadowing:0]]
[2024.11.09-14.44.32:300][  0]LogConfig: Setting CVar [[r.DistanceFieldAO:0]]
[2024.11.09-14.44.32:300][  0]LogConfig: Setting CVar [[r.VolumetricFog:0]]
[2024.11.09-14.44.32:300][  0]LogConfig: Setting CVar [[r.LightMaxDrawDistanceScale:.5]]
[2024.11.09-14.44.32:300][  0]LogConfig: Setting CVar [[r.CapsuleShadows:1]]
[2024.11.09-14.44.32:300][  0]LogConfig: Applying CVar settings from Section [PostProcessQuality@1] File [C:/Users/alexi/Downloads/New_Marilao/ManilaOutbreak-Game/MarilaOubreaks/Saved/Config/Windows/Scalability.ini]
[2024.11.09-14.44.32:300][  0]LogConfig: Setting CVar [[r.MotionBlurQuality:3]]
[2024.11.09-14.44.32:300][  0]LogConfig: Setting CVar [[r.AmbientOcclusionMipLevelFactor:1.0]]
[2024.11.09-14.44.32:300][  0]LogConfig: Setting CVar [[r.AmbientOcclusionMaxQuality:60]]
[2024.11.09-14.44.32:300][  0]LogConfig: Setting CVar [[r.AmbientOcclusionLevels:-1]]
[2024.11.09-14.44.32:301][  0]LogConfig: Setting CVar [[r.AmbientOcclusionRadiusScale:1.5]]
[2024.11.09-14.44.32:301][  0]LogConfig: Setting CVar [[r.DepthOfFieldQuality:1]]
[2024.11.09-14.44.32:301][  0]LogConfig: Setting CVar [[r.RenderTargetPoolMin:350]]
[2024.11.09-14.44.32:301][  0]LogConfig: Setting CVar [[r.LensFlareQuality:0]]
[2024.11.09-14.44.32:301][  0]LogConfig: Setting CVar [[r.SceneColorFringeQuality:0]]
[2024.11.09-14.44.32:301][  0]LogConfig: Setting CVar [[r.EyeAdaptationQuality:0]]
[2024.11.09-14.44.32:301][  0]LogConfig: Setting CVar [[r.BloomQuality:4]]
[2024.11.09-14.44.32:301][  0]LogConfig: Setting CVar [[r.FastBlurThreshold:2]]
[2024.11.09-14.44.32:301][  0]LogConfig: Setting CVar [[r.Upscale.Quality:2]]
[2024.11.09-14.44.32:301][  0]LogConfig: Setting CVar [[r.Tonemapper.GrainQuantization:0]]
[2024.11.09-14.44.32:301][  0]LogConfig: Setting CVar [[r.LightShaftQuality:0]]
[2024.11.09-14.44.32:301][  0]LogConfig: Setting CVar [[r.Filter.SizeScale:0.7]]
[2024.11.09-14.44.32:301][  0]LogConfig: Setting CVar [[r.Tonemapper.Quality:2]]
[2024.11.09-14.44.32:301][  0]LogConfig: Setting CVar [[r.DOF.Gather.AccumulatorQuality:0        ; lower gathering accumulator quality]]
[2024.11.09-14.44.32:301][  0]LogConfig: Setting CVar [[r.DOF.Gather.PostfilterMethod:2          ; Max3x3 postfilering method]]
[2024.11.09-14.44.32:301][  0]LogConfig: Setting CVar [[r.DOF.Gather.EnableBokehSettings:0       ; no bokeh simulation when gathering]]
[2024.11.09-14.44.32:301][  0]LogConfig: Setting CVar [[r.DOF.Gather.RingCount:3                 ; low number of samples when gathering]]
[2024.11.09-14.44.32:301][  0]LogConfig: Setting CVar [[r.DOF.Scatter.ForegroundCompositing:0    ; no foreground scattering]]
[2024.11.09-14.44.32:301][  0]LogConfig: Setting CVar [[r.DOF.Scatter.BackgroundCompositing:0    ; no foreground scattering]]
[2024.11.09-14.44.32:301][  0]LogConfig: Setting CVar [[r.DOF.Recombine.Quality:0                ; no slight out of focus]]
[2024.11.09-14.44.32:301][  0]LogConfig: Setting CVar [[r.DOF.TemporalAAQuality:0                ; faster temporal accumulation]]
[2024.11.09-14.44.32:301][  0]LogConfig: Setting CVar [[r.DOF.Kernel.MaxForegroundRadius:0.006   ; required because low gathering and no scattering and not looking great at 1080p]]
[2024.11.09-14.44.32:301][  0]LogConfig: Setting CVar [[r.DOF.Kernel.MaxBackgroundRadius:0.006   ; required because low gathering and no scattering and not looking great at 1080p]]
[2024.11.09-14.44.32:301][  0]LogConfig: Applying CVar settings from Section [TextureQuality@1] File [C:/Users/alexi/Downloads/New_Marilao/ManilaOutbreak-Game/MarilaOubreaks/Saved/Config/Windows/Scalability.ini]
[2024.11.09-14.44.32:301][  0]LogConfig: Setting CVar [[r.Streaming.MipBias:1]]
[2024.11.09-14.44.32:301][  0]LogConfig: Setting CVar [[r.Streaming.AmortizeCPUToGPUCopy:0]]
[2024.11.09-14.44.32:301][  0]LogConfig: Setting CVar [[r.Streaming.MaxNumTexturesToStreamPerFrame:0]]
[2024.11.09-14.44.32:301][  0]LogConfig: Setting CVar [[r.Streaming.Boost:1]]
[2024.11.09-14.44.32:301][  0]LogConfig: Setting CVar [[r.MaxAnisotropy:2]]
[2024.11.09-14.44.32:301][  0]LogConfig: Setting CVar [[r.Streaming.LimitPoolSizeToVRAM:1]]
[2024.11.09-14.44.32:301][  0]LogConfig: Setting CVar [[r.Streaming.PoolSize:600]]
[2024.11.09-14.44.32:301][  0]LogConfig: Setting CVar [[r.Streaming.MaxEffectiveScreenSize:0]]
[2024.11.09-14.44.32:301][  0]LogConfig: Applying CVar settings from Section [EffectsQuality@1] File [C:/Users/alexi/Downloads/New_Marilao/ManilaOutbreak-Game/MarilaOubreaks/Saved/Config/Windows/Scalability.ini]
[2024.11.09-14.44.32:301][  0]LogConfig: Setting CVar [[r.TranslucencyLightingVolumeDim:32]]
[2024.11.09-14.44.32:301][  0]LogConfig: Setting CVar [[r.RefractionQuality:0]]
[2024.11.09-14.44.32:301][  0]LogConfig: Setting CVar [[r.SSR.Quality:0]]
[2024.11.09-14.44.32:301][  0]LogConfig: Setting CVar [[r.SceneColorFormat:3]]
[2024.11.09-14.44.32:301][  0]LogConfig: Setting CVar [[r.DetailMode:1]]
[2024.11.09-14.44.32:301][  0]LogConfig: Setting CVar [[r.TranslucencyVolumeBlur:0]]
[2024.11.09-14.44.32:301][  0]LogConfig: Setting CVar [[r.MaterialQualityLevel:2 ; Medium quality]]
[2024.11.09-14.44.32:301][  0]LogConfig: Setting CVar [[r.SSS.Scale:0.75]]
[2024.11.09-14.44.32:301][  0]LogConfig: Setting CVar [[r.SSS.SampleSet:0]]
[2024.11.09-14.44.32:301][  0]LogConfig: Setting CVar [[r.SSS.Quality:0]]
[2024.11.09-14.44.32:301][  0]LogConfig: Setting CVar [[r.SSS.HalfRes:1]]
[2024.11.09-14.44.32:301][  0]LogConfig: Setting CVar [[r.EmitterSpawnRateScale:0.25]]
[2024.11.09-14.44.32:301][  0]LogConfig: Setting CVar [[r.ParticleLightQuality:0]]
[2024.11.09-14.44.32:301][  0]LogConfig: Applying CVar settings from Section [FoliageQuality@1] File [C:/Users/alexi/Downloads/New_Marilao/ManilaOutbreak-Game/MarilaOubreaks/Saved/Config/Windows/Scalability.ini]
[2024.11.09-14.44.32:301][  0]LogConfig: Setting CVar [[foliage.DensityScale:0.4]]
[2024.11.09-14.44.32:301][  0]LogConfig: Setting CVar [[grass.DensityScale:0.4]]
[2024.11.09-14.44.32:301][  0]LogConfig: Applying CVar settings from Section [Startup] File [../../../Engine/Config/ConsoleVariables.ini]
[2024.11.09-14.44.32:302][  0]LogConfig: Setting CVar [[net.UseAdaptiveNetUpdateFrequency:0]]
[2024.11.09-14.44.32:302][  0]LogConfig: Setting CVar [[p.chaos.AllowCreatePhysxBodies:1]]
[2024.11.09-14.44.32:302][  0]LogConfig: Applying CVar settings from Section [ConsoleVariables] File [C:/Users/alexi/Downloads/New_Marilao/ManilaOutbreak-Game/MarilaOubreaks/Saved/Config/Windows/Engine.ini]
[2024.11.09-14.44.32:302][  0]LogInit: Computer: ALEXISLAPTOP
[2024.11.09-14.44.32:302][  0]LogInit: User: alexi
[2024.11.09-14.44.32:302][  0]LogInit: CPU Page size=4096, Cores=4
[2024.11.09-14.44.32:302][  0]LogInit: High frequency timer resolution =10.000000 MHz
[2024.11.09-14.44.32:302][  0]LogMemory: Memory total: Physical=7.8GB (8GB approx)
[2024.11.09-14.44.32:302][  0]LogMemory: Platform Memory Stats for Windows
[2024.11.09-14.44.32:302][  0]LogMemory: Process Physical Memory: 101.81 MB used, 101.81 MB peak
[2024.11.09-14.44.32:302][  0]LogMemory: Process Virtual Memory: 89.50 MB used, 89.50 MB peak
[2024.11.09-14.44.32:302][  0]LogMemory: Physical Memory: 3916.79 MB used,  4080.89 MB free, 7997.68 MB total
[2024.11.09-14.44.32:302][  0]LogMemory: Virtual Memory: 4639.57 MB used,  134213088.00 MB free, 134217728.00 MB total
[2024.11.09-14.44.32:328][  0]LogInit: Using OS detected language (en-US).
[2024.11.09-14.44.32:328][  0]LogInit: Using OS detected locale (en-PH).
[2024.11.09-14.44.32:330][  0]LogTextLocalizationManager: No specific localization for 'en-US' exists, so the 'en' localization will be used.
[2024.11.09-14.44.32:523][  0]LogInit: Setting process to per monitor DPI aware
[2024.11.09-14.44.32:563][  0]LogSlate: New Slate User Created.  User Index 0, Is Virtual User: 0
[2024.11.09-14.44.32:563][  0]LogSlate: Slate User Registered.  User Index 0, Is Virtual User: 0
[2024.11.09-14.44.32:808][  0]LogHMD: Failed to initialize OpenVR with code 110
[2024.11.09-14.44.32:808][  0]LogD3D11RHI: D3D11 adapters:
[2024.11.09-14.44.33:182][  0]LogD3D11RHI:    0. 'Intel(R) UHD Graphics' (Feature Level 11_0)
[2024.11.09-14.44.33:182][  0]LogD3D11RHI:       128/0/3998 MB DedicatedVideo/DedicatedSystem/SharedSystem, Outputs:1, VendorId:0x8086
[2024.11.09-14.44.33:186][  0]LogD3D11RHI:    1. 'Microsoft Basic Render Driver' (Feature Level 11_0)
[2024.11.09-14.44.33:186][  0]LogD3D11RHI:       0/0/3998 MB DedicatedVideo/DedicatedSystem/SharedSystem, Outputs:0, VendorId:0x1414
[2024.11.09-14.44.33:186][  0]LogD3D11RHI: Chosen D3D11 Adapter: 0
[2024.11.09-14.44.33:193][  0]LogD3D11RHI: Creating new Direct3DDevice
[2024.11.09-14.44.33:193][  0]LogD3D11RHI:     GPU DeviceId: 0x4e71 (for the marketing name, search the web for "GPU Device Id")
[2024.11.09-14.44.33:193][  0]LogWindows: EnumDisplayDevices:
[2024.11.09-14.44.33:193][  0]LogWindows:    0. 'Intel(R) UHD Graphics' (P:1 D:1)
[2024.11.09-14.44.33:193][  0]LogWindows:    1. 'Intel(R) UHD Graphics' (P:0 D:0)
[2024.11.09-14.44.33:194][  0]LogWindows:    2. 'Intel(R) UHD Graphics' (P:0 D:0)
[2024.11.09-14.44.33:194][  0]LogWindows: DebugString: FoundDriverCount:3 
[2024.11.09-14.44.33:194][  0]LogD3D11RHI:     Adapter Name: Intel(R) UHD Graphics
[2024.11.09-14.44.33:194][  0]LogD3D11RHI:   Driver Version: 27.20.100.9079 (internal:27.20.100.9079, unified:27.20.100.9079)
[2024.11.09-14.44.33:194][  0]LogD3D11RHI:      Driver Date: 12-11-2020
[2024.11.09-14.44.33:194][  0]LogRHI: Texture pool is 1489 MB (70% of 2127 MB)
[2024.11.09-14.44.33:524][  0]LogD3D11RHI: Async texture creation enabled
[2024.11.09-14.44.33:528][  0]LogRendererCore: FGlobalReadBuffer::InitRHI
[2024.11.09-14.44.33:529][  0]LogRendererCore: FGlobalReadBuffer::InitRHI
[2024.11.09-14.44.33:529][  0]LogRendererCore: FGlobalReadBuffer::InitRHI
[2024.11.09-14.44.33:531][  0]LogD3D11RHI: GPU Timing Frequency: 19.200000 (Debug: 2 0)
[2024.11.09-14.44.33:913][  0]LogTemp: Display: Module 'AllDesktopTargetPlatform' loaded TargetPlatform 'AllDesktop'
[2024.11.09-14.44.33:931][  0]LogTemp: Display: Module 'MacClientTargetPlatform' loaded TargetPlatform 'MacClient'
[2024.11.09-14.44.33:950][  0]LogTemp: Display: Module 'MacNoEditorTargetPlatform' loaded TargetPlatform 'MacNoEditor'
[2024.11.09-14.44.33:968][  0]LogTemp: Display: Module 'MacServerTargetPlatform' loaded TargetPlatform 'MacServer'
[2024.11.09-14.44.33:987][  0]LogTemp: Display: Module 'MacTargetPlatform' loaded TargetPlatform 'Mac'
[2024.11.09-14.44.34:005][  0]LogTemp: Display: Module 'WindowsClientTargetPlatform' loaded TargetPlatform 'WindowsClient'
[2024.11.09-14.44.34:025][  0]LogTemp: Display: Module 'WindowsNoEditorTargetPlatform' loaded TargetPlatform 'WindowsNoEditor'
[2024.11.09-14.44.34:043][  0]LogTemp: Display: Module 'WindowsServerTargetPlatform' loaded TargetPlatform 'WindowsServer'
[2024.11.09-14.44.34:052][  0]LogTemp: Display: Module 'WindowsTargetPlatform' loaded TargetPlatform 'Windows'
[2024.11.09-14.44.34:151][  0]LogTemp: Display: Module 'AndroidTargetPlatform' loaded TargetPlatform 'Android'
[2024.11.09-14.44.34:151][  0]LogTemp: Display: Module 'AndroidTargetPlatform' loaded TargetPlatform 'Android_ASTC'
[2024.11.09-14.44.34:151][  0]LogTemp: Display: Module 'AndroidTargetPlatform' loaded TargetPlatform 'Android_ATC'
[2024.11.09-14.44.34:151][  0]LogTemp: Display: Module 'AndroidTargetPlatform' loaded TargetPlatform 'Android_DXT'
[2024.11.09-14.44.34:151][  0]LogTemp: Display: Module 'AndroidTargetPlatform' loaded TargetPlatform 'Android_ETC1'
[2024.11.09-14.44.34:151][  0]LogTemp: Display: Module 'AndroidTargetPlatform' loaded TargetPlatform 'Android_ETC1a'
[2024.11.09-14.44.34:151][  0]LogTemp: Display: Module 'AndroidTargetPlatform' loaded TargetPlatform 'Android_ETC2'
[2024.11.09-14.44.34:151][  0]LogTemp: Display: Module 'AndroidTargetPlatform' loaded TargetPlatform 'Android_PVRTC'
[2024.11.09-14.44.34:151][  0]LogTemp: Display: Module 'AndroidTargetPlatform' loaded TargetPlatform 'AndroidClient'
[2024.11.09-14.44.34:151][  0]LogTemp: Display: Module 'AndroidTargetPlatform' loaded TargetPlatform 'Android_ASTCClient'
[2024.11.09-14.44.34:151][  0]LogTemp: Display: Module 'AndroidTargetPlatform' loaded TargetPlatform 'Android_ATCClient'
[2024.11.09-14.44.34:151][  0]LogTemp: Display: Module 'AndroidTargetPlatform' loaded TargetPlatform 'Android_DXTClient'
[2024.11.09-14.44.34:151][  0]LogTemp: Display: Module 'AndroidTargetPlatform' loaded TargetPlatform 'Android_ETC1Client'
[2024.11.09-14.44.34:151][  0]LogTemp: Display: Module 'AndroidTargetPlatform' loaded TargetPlatform 'Android_ETC1aClient'
[2024.11.09-14.44.34:151][  0]LogTemp: Display: Module 'AndroidTargetPlatform' loaded TargetPlatform 'Android_ETC2Client'
[2024.11.09-14.44.34:151][  0]LogTemp: Display: Module 'AndroidTargetPlatform' loaded TargetPlatform 'Android_PVRTCClient'
[2024.11.09-14.44.34:151][  0]LogTemp: Display: Module 'AndroidTargetPlatform' loaded TargetPlatform 'Android_Multi'
[2024.11.09-14.44.34:151][  0]LogTemp: Display: Module 'AndroidTargetPlatform' loaded TargetPlatform 'Android_MultiClient'
[2024.11.09-14.44.34:154][  0]LogTemp: Display: Module 'HTML5TargetPlatform' loaded TargetPlatform 'HTML5'
[2024.11.09-14.44.34:213][  0]LogTemp: Display: Module 'IOSTargetPlatform' loaded TargetPlatform 'IOSClient'
[2024.11.09-14.44.34:213][  0]LogTemp: Display: Module 'IOSTargetPlatform' loaded TargetPlatform 'IOS'
[2024.11.09-14.44.34:244][  0]LogTemp: Display: Module 'TVOSTargetPlatform' loaded TargetPlatform 'TVOSClient'
[2024.11.09-14.44.34:244][  0]LogTemp: Display: Module 'TVOSTargetPlatform' loaded TargetPlatform 'TVOS'
[2024.11.09-14.44.34:260][  0]LogTemp: Display: Module 'LinuxClientTargetPlatform' loaded TargetPlatform 'LinuxClient'
[2024.11.09-14.44.34:276][  0]LogTemp: Display: Module 'LinuxNoEditorTargetPlatform' loaded TargetPlatform 'LinuxNoEditor'
[2024.11.09-14.44.34:292][  0]LogTemp: Display: Module 'LinuxServerTargetPlatform' loaded TargetPlatform 'LinuxServer'
[2024.11.09-14.44.34:309][  0]LogTemp: Display: Module 'LinuxTargetPlatform' loaded TargetPlatform 'Linux'
[2024.11.09-14.44.34:368][  0]LogTemp: Display: Module 'LuminTargetPlatform' loaded TargetPlatform 'Lumin'
[2024.11.09-14.44.34:368][  0]LogTemp: Display: Module 'LuminTargetPlatform' loaded TargetPlatform 'LuminClient'
[2024.11.09-14.44.34:369][  0]LogTargetPlatformManager: Display: Building Assets For Windows
[2024.11.09-14.44.34:382][  0]LogAudioDebug: Display: Lib vorbis DLL was dynamically loaded.
[2024.11.09-14.44.34:453][  0]LogShaderCompilers: Guid format shader working directory is -41 characters bigger than the processId version (../../../../../../Users/alexi/Downloads/New_Marilao/ManilaOutbreak-Game/MarilaOubreaks/Intermediate/Shaders/WorkingDirectory/15212/).
[2024.11.09-14.44.34:453][  0]LogShaderCompilers: Cleaned the shader compiler working directory 'C:/Users/alexi/AppData/Local/Temp/UnrealShaderWorkingDir/55C4826548F222E6216A95B9C38AB36C/'.
[2024.11.09-14.44.34:456][  0]LogXGEController: Cannot use XGE Controller as Incredibuild is not installed on this machine.
[2024.11.09-14.44.34:456][  0]LogShaderCompilers: Cannot use XGE Shader Compiler as Incredibuild is not installed on this machine.
[2024.11.09-14.44.34:456][  0]LogShaderCompilers: Display: Using Local Shader Compiler.
[2024.11.09-14.44.35:539][  0]LogDerivedDataCache: Display: Max Cache Size: 512 MB
[2024.11.09-14.44.35:597][  0]LogDerivedDataCache: Loaded boot cache 0.06s 79MB C:/Users/alexi/AppData/Local/UnrealEngine/4.22/DerivedDataCache/Boot.ddc.
[2024.11.09-14.44.35:597][  0]LogDerivedDataCache: Display: Loaded Boot cache: C:/Users/alexi/AppData/Local/UnrealEngine/4.22/DerivedDataCache/Boot.ddc
[2024.11.09-14.44.35:598][  0]LogDerivedDataCache: FDerivedDataBackendGraph:  Pak pak cache file ../../../../../../Users/alexi/Downloads/New_Marilao/ManilaOutbreak-Game/MarilaOubreaks/DerivedDataCache/DDC.ddp not found, will not use a pak cache.
[2024.11.09-14.44.35:598][  0]LogDerivedDataCache: Unable to find inner node Pak for hierarchical cache Hierarchy.
[2024.11.09-14.44.35:598][  0]LogDerivedDataCache: FDerivedDataBackendGraph:  CompressedPak pak cache file ../../../../../../Users/alexi/Downloads/New_Marilao/ManilaOutbreak-Game/MarilaOubreaks/DerivedDataCache/Compressed.ddp not found, will not use a pak cache.
[2024.11.09-14.44.35:598][  0]LogDerivedDataCache: Unable to find inner node CompressedPak for hierarchical cache Hierarchy.
[2024.11.09-14.44.35:611][  0]LogDerivedDataCache: Display: Pak cache opened for reading ../../../Engine/DerivedDataCache/Compressed.ddp.
[2024.11.09-14.44.35:611][  0]LogDerivedDataCache: FDerivedDataBackendGraph:  EnterprisePak pak cache file ../../../Enterprise/DerivedDataCache/Compressed.ddp not found, will not use a pak cache.
[2024.11.09-14.44.35:611][  0]LogDerivedDataCache: Unable to find inner node EnterprisePak for hierarchical cache Hierarchy.
[2024.11.09-14.44.35:625][  0]LogDerivedDataCache: Using Local data cache path C:/Users/alexi/AppData/Local/UnrealEngine/Common/DerivedDataCache: Writable
[2024.11.09-14.44.35:625][  0]LogDerivedDataCache: Shared data cache path not found in *engine.ini, will not use an Shared cache.
[2024.11.09-14.44.35:625][  0]LogDerivedDataCache: Unable to find inner node Shared for hierarchical cache Hierarchy.
[2024.11.09-14.44.35:653][  0]LogMaterial: Verifying Global Shaders for PCD3D_SM5
[2024.11.09-14.44.35:654][  0]LogSlate: Using FreeType 2.6.0
[2024.11.09-14.44.35:655][  0]LogSlate: SlateFontServices - WITH_FREETYPE: 1, WITH_HARFBUZZ: 1
[2024.11.09-14.44.35:761][  0]LogAssetRegistry: FAssetRegistry took 0.0378 seconds to start up
[2024.11.09-14.44.36:262][  0]LogInit: Selected Device Profile: [Windows]
[2024.11.09-14.44.36:465][  0]LogMeshReduction: Using QuadricMeshReduction for automatic static mesh reduction
[2024.11.09-14.44.36:465][  0]LogMeshReduction: Using SimplygonMeshReduction for automatic skeletal mesh reduction
[2024.11.09-14.44.36:465][  0]LogMeshReduction: Using ProxyLODMeshReduction for automatic mesh merging
[2024.11.09-14.44.36:465][  0]LogMeshReduction: No distributed automatic mesh merging module available
[2024.11.09-14.44.36:465][  0]LogMeshMerging: No distributed automatic mesh merging module available
[2024.11.09-14.44.36:478][  0]LogNetVersion: MarilaOubreaks 1.0.0, NetCL: 5660361, EngineNetVer: 10, GameNetVer: 0 (Checksum: 2523874334)
[2024.11.09-14.44.37:013][  0]LogPackageLocalizationCache: Processed 11 localized package path(s) for 1 prioritized culture(s) in 0.072169 seconds
[2024.11.09-14.44.37:022][  0]LogUObjectArray: 42218 objects as part of root set at end of initial load.
[2024.11.09-14.44.37:022][  0]LogUObjectAllocator: 7328024 out of 0 bytes used by permanent object pool.
[2024.11.09-14.44.37:022][  0]LogUObjectArray: CloseDisregardForGC: 0/0 objects in disregard for GC pool
[2024.11.09-14.44.38:151][  0]LogTcpMessaging: Initializing TcpMessaging bridge
[2024.11.09-14.44.38:166][  0]LogUdpMessaging: Initializing bridge on interface 0.0.0.0:0 to multicast group 230.0.0.1:6666.
[2024.11.09-14.44.38:306][  0]SourceControl: Source control is disabled
[2024.11.09-14.44.38:306][  0]SourceControl: Source control is disabled
[2024.11.09-14.44.38:308][  0]SourceControl: Source control is disabled
[2024.11.09-14.44.38:310][  0]SourceControl: Source control is disabled
[2024.11.09-14.44.38:450][  0]LogAndroidPermission: UAndroidPermissionCallbackProxy::GetInstance
[2024.11.09-14.44.38:535][  0]LogOcInput: OculusInput pre-init called
[2024.11.09-14.44.39:460][  0]LogEngine: Initializing Engine...
[2024.11.09-14.44.39:461][  0]LogHMD: Failed to initialize OpenVR with code 110
[2024.11.09-14.44.39:463][  0]LogStats: UGameplayTagsManager::InitializeManager -  0.001 s
[2024.11.09-14.44.39:728][  0]LogInit: Initializing FReadOnlyCVARCache
[2024.11.09-14.44.39:748][  0]LogAIModule: Creating AISystem for world Untitled
[2024.11.09-14.44.39:757][  0]LogInit: XAudio2 using 'Speakers (Realtek(R) Audio)' : 2 channels at 48 kHz using 32 bits per sample (channel mask 0x3)
[2024.11.09-14.44.40:321][  0]LogInit: FAudioDevice initialized.
[2024.11.09-14.44.40:322][  0]LogNetVersion: Set ProjectVersion to 1.0.0.0. Version Checksum will be recalculated on next use.
[2024.11.09-14.44.40:386][  0]LogDerivedDataCache: Saved boot cache 0.06s 79MB C:/Users/alexi/AppData/Local/UnrealEngine/4.22/DerivedDataCache/Boot.ddc.
[2024.11.09-14.44.40:391][  0]LogInit: Texture streaming: Enabled
[2024.11.09-14.44.40:418][  0]LogEngineSessionManager: EngineSessionManager initialized
[2024.11.09-14.44.41:751][  0]LogMaterial: Verifying Global Shaders for PCD3D_SM4
[2024.11.09-14.44.41:752][  0]LogInit: Transaction tracking system initialized
[2024.11.09-14.44.41:784][  0]BlueprintLog: New page: Editor Load
[2024.11.09-14.44.41:897][  0]LocalizationService: Localization service is disabled
[2024.11.09-14.44.42:404][  0]LogCook: Display: Max memory allowance for cook 16384mb min free memory 0mb
[2024.11.09-14.44.42:404][  0]LogCook: Display: Mobile HDR setting 1
[2024.11.09-14.44.42:673][  0]LogFileCache: Scanning file cache for directory 'C:/Users/alexi/Downloads/New_Marilao/ManilaOutbreak-Game/MarilaOubreaks/Content/' took 0.11s
[2024.11.09-14.44.42:673][  0]SourceControl: Source control is disabled
[2024.11.09-14.44.42:673][  0]Cmd: MAP LOAD FILE="../../../../../../Users/alexi/Downloads/New_Marilao/ManilaOutbreak-Game/MarilaOubreaks/Content/ThirdPersonBP/Maps/ThirdPersonExampleMap.umap" TEMPLATE=0 SHOWPROGRESS=1 FEATURELEVEL=3
[2024.11.09-14.44.42:674][  0]LogEditorServer: Warning: Can't find file '../../../../../../Users/alexi/Downloads/New_Marilao/ManilaOutbreak-Game/MarilaOubreaks/Content/ThirdPersonBP/Maps/ThirdPersonExampleMap.umap'
[2024.11.09-14.44.42:674][  0]Cmd: MAP CHECKDEP NOCLEARLOG
[2024.11.09-14.44.42:674][  0]MapCheck: Map check complete: 0 Error(s), 0 Warning(s), took 0.175ms to complete.
[2024.11.09-14.44.42:674][  0]LogFileHelpers: Loading map 'ThirdPersonExampleMap' took 0.001
[2024.11.09-14.44.42:747][  0]LogWorld: Changing Feature Level (Enum) from 3 to 2
[2024.11.09-14.44.42:830][  0]LogSlate: Updating window title bar state: overlay mode, drag disabled, window buttons hidden, title bar hidden
[2024.11.09-14.44.42:840][  0]LogSlate: Updating window title bar state: overlay mode, drag disabled, window buttons hidden, title bar hidden
[2024.11.09-14.44.42:849][  0]LogSlate: Updating window title bar state: overlay mode, drag disabled, window buttons hidden, title bar hidden
[2024.11.09-14.44.42:858][  0]LogSlate: Updating window title bar state: overlay mode, drag disabled, window buttons hidden, title bar hidden
[2024.11.09-14.44.42:866][  0]LogCollectionManager: Loaded 0 collections in 0.002383 seconds
[2024.11.09-14.44.42:883][  0]LogFileCache: Scanning file cache for directory 'C:/Users/alexi/Downloads/New_Marilao/ManilaOutbreak-Game/MarilaOubreaks/Saved/Collections/' took 0.01s
[2024.11.09-14.44.42:883][  0]LogFileCache: Scanning file cache for directory 'C:/Users/alexi/Downloads/New_Marilao/ManilaOutbreak-Game/MarilaOubreaks/Content/Developers/alexi/Collections/' took 0.00s
[2024.11.09-14.44.42:883][  0]LogFileCache: Scanning file cache for directory 'C:/Users/alexi/Downloads/New_Marilao/ManilaOutbreak-Game/MarilaOubreaks/Content/Collections/' took 0.00s
[2024.11.09-14.44.42:883][  0]LogCollectionManager: Rebuilt the GUID cache for 0 collections in 0.000000 seconds
[2024.11.09-14.44.42:894][  0]LogContentBrowser: Native class hierarchy populated in 0.0111 seconds. Added 2853 classes and 675 folders.
[2024.11.09-14.44.42:904][  0]LogContentBrowser: Native class hierarchy updated for 'WidgetCarousel' in 0.0003 seconds. Added 0 classes and 0 folders.
[2024.11.09-14.44.42:907][  0]LogPakFile: Registered encryption key '00000000000000000000000000000000': 0 pak files mounted, 0 remain pending
[2024.11.09-14.44.42:908][  0]LogPakFile: Registered encryption key '00000000000000000000000000000000': 0 pak files mounted, 0 remain pending
[2024.11.09-14.44.42:908][  0]LogPakFile: Registered encryption key '00000000000000000000000000000000': 0 pak files mounted, 0 remain pending
[2024.11.09-14.44.42:909][  0]LogPakFile: Registered encryption key '00000000000000000000000000000000': 0 pak files mounted, 0 remain pending
[2024.11.09-14.44.42:909][  0]LogPakFile: Registered encryption key '00000000000000000000000000000000': 0 pak files mounted, 0 remain pending
[2024.11.09-14.44.42:910][  0]LogPakFile: Registered encryption key '00000000000000000000000000000000': 0 pak files mounted, 0 remain pending
[2024.11.09-14.44.42:910][  0]LogPakFile: Registered encryption key '00000000000000000000000000000000': 0 pak files mounted, 0 remain pending
[2024.11.09-14.44.42:911][  0]LogPakFile: Registered encryption key '00000000000000000000000000000000': 0 pak files mounted, 0 remain pending
[2024.11.09-14.44.42:912][  0]LogPakFile: Registered encryption key '00000000000000000000000000000000': 0 pak files mounted, 0 remain pending
[2024.11.09-14.44.42:912][  0]LogPakFile: Registered encryption key '00000000000000000000000000000000': 0 pak files mounted, 0 remain pending
[2024.11.09-14.44.42:913][  0]LogPakFile: Registered encryption key '00000000000000000000000000000000': 0 pak files mounted, 0 remain pending
[2024.11.09-14.44.42:913][  0]LogPakFile: Registered encryption key '00000000000000000000000000000000': 0 pak files mounted, 0 remain pending
[2024.11.09-14.44.42:914][  0]LogPakFile: Registered encryption key '00000000000000000000000000000000': 0 pak files mounted, 0 remain pending
[2024.11.09-14.44.42:914][  0]LogPakFile: Registered encryption key '00000000000000000000000000000000': 0 pak files mounted, 0 remain pending
[2024.11.09-14.44.42:916][  0]LogPakFile: Registered encryption key '00000000000000000000000000000000': 0 pak files mounted, 0 remain pending
[2024.11.09-14.44.42:916][  0]LogPakFile: Registered encryption key '00000000000000000000000000000000': 0 pak files mounted, 0 remain pending
[2024.11.09-14.44.42:917][  0]LogPakFile: Registered encryption key '00000000000000000000000000000000': 0 pak files mounted, 0 remain pending
[2024.11.09-14.44.42:917][  0]LogPakFile: Registered encryption key '00000000000000000000000000000000': 0 pak files mounted, 0 remain pending
[2024.11.09-14.44.42:918][  0]LogPakFile: Registered encryption key '00000000000000000000000000000000': 0 pak files mounted, 0 remain pending
[2024.11.09-14.44.42:919][  0]LogPakFile: Registered encryption key '00000000000000000000000000000000': 0 pak files mounted, 0 remain pending
[2024.11.09-14.44.42:919][  0]LogPakFile: Registered encryption key '00000000000000000000000000000000': 0 pak files mounted, 0 remain pending
[2024.11.09-14.44.42:920][  0]LogPakFile: Registered encryption key '00000000000000000000000000000000': 0 pak files mounted, 0 remain pending
[2024.11.09-14.44.42:920][  0]LogPakFile: Registered encryption key '00000000000000000000000000000000': 0 pak files mounted, 0 remain pending
[2024.11.09-14.44.42:921][  0]LogPakFile: Registered encryption key '00000000000000000000000000000000': 0 pak files mounted, 0 remain pending
[2024.11.09-14.44.42:922][  0]LogPakFile: Registered encryption key '00000000000000000000000000000000': 0 pak files mounted, 0 remain pending
[2024.11.09-14.44.42:922][  0]LogPakFile: Registered encryption key '00000000000000000000000000000000': 0 pak files mounted, 0 remain pending
[2024.11.09-14.44.42:963][  0]LogContentBrowser: Native class hierarchy updated for 'AddContentDialog' in 0.0003 seconds. Added 0 classes and 0 folders.
[2024.11.09-14.44.42:972][  0]LogContentBrowser: Native class hierarchy updated for 'SceneOutliner' in 0.0004 seconds. Added 1 classes and 2 folders.
[2024.11.09-14.44.43:043][  0]LogSlate: Took 0.000458 seconds to synchronously load lazily loaded font '../../../Engine/Content/Slate/Fonts/Roboto-Regular.ttf' (155K)
[2024.11.09-14.44.43:049][  0]LogSlate: Took 0.001262 seconds to synchronously load lazily loaded font '../../../Engine/Content/Slate/Fonts/Roboto-Bold.ttf' (160K)
[2024.11.09-14.44.43:054][  0]LogSlate: Took 0.000325 seconds to synchronously load lazily loaded font '../../../Engine/Content/Editor/Slate/Fonts/FontAwesome.ttf' (139K)
[2024.11.09-14.44.43:181][  0]LogRenderer: Reallocating scene render targets to support 864x344 Format 9 NumSamples 1 (Frame:1).
[2024.11.09-14.44.43:306][  0]LogContentBrowser: Native class hierarchy updated for 'HierarchicalLODOutliner' in 0.0004 seconds. Added 0 classes and 0 folders.
[2024.11.09-14.44.43:306][  0]LogLoad: (Engine Initialization) Total time: 13.31 seconds
[2024.11.09-14.44.43:306][  0]LogLoad: (Engine Initialization) Total Blueprint compile time: 0.00 seconds
[2024.11.09-14.44.43:388][  0]LogContentStreaming: Texture pool size now 600 MB
[2024.11.09-14.44.43:448][  1]LogFileCache: Retrieving MD5 hashes for directory 'C:/Users/alexi/Downloads/New_Marilao/ManilaOutbreak-Game/MarilaOubreaks/Content/' took 0.11s
[2024.11.09-14.44.43:744][  2]LogAssetRegistry: Asset discovery search completed in 8.0062 seconds
[2024.11.09-14.44.43:749][  2]LogCollectionManager: Rebuilt the object cache for 0 collections in 0.000000 seconds (found 0 objects)
[2024.11.09-14.44.43:749][  2]LogCollectionManager: Fixed up redirectors for 0 collections in 0.000118 seconds (updated 0 objects)
[2024.11.09-14.44.44:478][  5]LogSlate: Took 0.000328 seconds to synchronously load lazily loaded font '../../../Engine/Content/Slate/Fonts/Roboto-Light.ttf' (167K)
[2024.11.09-14.44.44:487][  5]LogAssetEditorManager: Opening Asset editor for Blueprint /Game/BackgroundVideo/BP_MOVIEAUDIO.BP_MOVIEAUDIO
[2024.11.09-14.44.44:837][  5]LogEnum: Warning: Enum name collision: 'BP_DemoDisplay_Enum::ROund' is in both '/Game/Realistic_Starter_VFX_Pack_Vol2/Demo_Room/BluePrint/BP_DemoDisplay_Enum.BP_DemoDisplay_Enum' and '/Game/FXVarietyPack/EpicContent/Blueprints/BP_DemoDisplay_Enum.BP_DemoDisplay_Enum'
[2024.11.09-14.44.44:837][  5]LogEnum: Warning: Enum name collision: 'BP_DemoDisplay_Enum::SquareL' is in both '/Game/Realistic_Starter_VFX_Pack_Vol2/Demo_Room/BluePrint/BP_DemoDisplay_Enum.BP_DemoDisplay_Enum' and '/Game/FXVarietyPack/EpicContent/Blueprints/BP_DemoDisplay_Enum.BP_DemoDisplay_Enum'
[2024.11.09-14.44.44:837][  5]LogEnum: Warning: Enum name collision: 'BP_DemoDisplay_Enum::RoomL' is in both '/Game/Realistic_Starter_VFX_Pack_Vol2/Demo_Room/BluePrint/BP_DemoDisplay_Enum.BP_DemoDisplay_Enum' and '/Game/FXVarietyPack/EpicContent/Blueprints/BP_DemoDisplay_Enum.BP_DemoDisplay_Enum'
[2024.11.09-14.44.44:837][  5]LogEnum: Warning: Enum name collision: 'BP_DemoDisplay_Enum::DescriptionOnly' is in both '/Game/Realistic_Starter_VFX_Pack_Vol2/Demo_Room/BluePrint/BP_DemoDisplay_Enum.BP_DemoDisplay_Enum' and '/Game/FXVarietyPack/EpicContent/Blueprints/BP_DemoDisplay_Enum.BP_DemoDisplay_Enum'
[2024.11.09-14.44.44:837][  5]LogEnum: Warning: Enum name collision: 'BP_DemoDisplay_Enum::NewEnumerator0' is in both '/Game/Realistic_Starter_VFX_Pack_Vol2/Demo_Room/BluePrint/BP_DemoDisplay_Enum.BP_DemoDisplay_Enum' and '/Game/FXVarietyPack/EpicContent/Blueprints/BP_DemoDisplay_Enum.BP_DemoDisplay_Enum'
[2024.11.09-14.44.44:837][  5]LogEnum: Warning: Enum name collision: 'BP_DemoDisplay_Enum::BP_DemoDisplay_MAX' is in both '/Game/Realistic_Starter_VFX_Pack_Vol2/Demo_Room/BluePrint/BP_DemoDisplay_Enum.BP_DemoDisplay_Enum' and '/Game/FXVarietyPack/EpicContent/Blueprints/BP_DemoDisplay_Enum.BP_DemoDisplay_Enum'
[2024.11.09-14.44.44:837][  5]LogEnum: Warning: Enum name collision: 'BP_DemoDisplay_Enum::ROund' is in both '/Game/Realistic_Starter_VFX_Pack_Vol2/Demo_Room/BluePrint/BP_DemoDisplay_Enum.BP_DemoDisplay_Enum' and '/Game/FXVarietyPack/EpicContent/Blueprints/BP_DemoDisplay_Enum.BP_DemoDisplay_Enum'
[2024.11.09-14.44.44:837][  5]LogEnum: Warning: Enum name collision: 'BP_DemoDisplay_Enum::SquareL' is in both '/Game/Realistic_Starter_VFX_Pack_Vol2/Demo_Room/BluePrint/BP_DemoDisplay_Enum.BP_DemoDisplay_Enum' and '/Game/FXVarietyPack/EpicContent/Blueprints/BP_DemoDisplay_Enum.BP_DemoDisplay_Enum'
[2024.11.09-14.44.44:837][  5]LogEnum: Warning: Enum name collision: 'BP_DemoDisplay_Enum::RoomL' is in both '/Game/Realistic_Starter_VFX_Pack_Vol2/Demo_Room/BluePrint/BP_DemoDisplay_Enum.BP_DemoDisplay_Enum' and '/Game/FXVarietyPack/EpicContent/Blueprints/BP_DemoDisplay_Enum.BP_DemoDisplay_Enum'
[2024.11.09-14.44.44:837][  5]LogEnum: Warning: Enum name collision: 'BP_DemoDisplay_Enum::DescriptionOnly' is in both '/Game/Realistic_Starter_VFX_Pack_Vol2/Demo_Room/BluePrint/BP_DemoDisplay_Enum.BP_DemoDisplay_Enum' and '/Game/FXVarietyPack/EpicContent/Blueprints/BP_DemoDisplay_Enum.BP_DemoDisplay_Enum'
[2024.11.09-14.44.44:838][  5]LogEnum: Warning: Enum name collision: 'BP_DemoDisplay_Enum::NewEnumerator0' is in both '/Game/Realistic_Starter_VFX_Pack_Vol2/Demo_Room/BluePrint/BP_DemoDisplay_Enum.BP_DemoDisplay_Enum' and '/Game/FXVarietyPack/EpicContent/Blueprints/BP_DemoDisplay_Enum.BP_DemoDisplay_Enum'
[2024.11.09-14.44.44:838][  5]LogEnum: Warning: Enum name collision: 'BP_DemoRoom_Enum::Standard' is in both '/Game/Realistic_Starter_VFX_Pack_Vol2/Demo_Room/BluePrint/BP_DemoRoom_Enum.BP_DemoRoom_Enum' and '/Game/FXVarietyPack/EpicContent/Blueprints/BP_DemoRoom_Enum.BP_DemoRoom_Enum'
[2024.11.09-14.44.44:838][  5]LogEnum: Warning: Enum name collision: 'BP_DemoRoom_Enum::RoofwithHole' is in both '/Game/Realistic_Starter_VFX_Pack_Vol2/Demo_Room/BluePrint/BP_DemoRoom_Enum.BP_DemoRoom_Enum' and '/Game/FXVarietyPack/EpicContent/Blueprints/BP_DemoRoom_Enum.BP_DemoRoom_Enum'
[2024.11.09-14.44.44:838][  5]LogEnum: Warning: Enum name collision: 'BP_DemoRoom_Enum::RoofOpen' is in both '/Game/Realistic_Starter_VFX_Pack_Vol2/Demo_Room/BluePrint/BP_DemoRoom_Enum.BP_DemoRoom_Enum' and '/Game/FXVarietyPack/EpicContent/Blueprints/BP_DemoRoom_Enum.BP_DemoRoom_Enum'
[2024.11.09-14.44.44:838][  5]LogEnum: Warning: Enum name collision: 'BP_DemoRoom_Enum::BP_DemoRoom_MAX' is in both '/Game/Realistic_Starter_VFX_Pack_Vol2/Demo_Room/BluePrint/BP_DemoRoom_Enum.BP_DemoRoom_Enum' and '/Game/FXVarietyPack/EpicContent/Blueprints/BP_DemoRoom_Enum.BP_DemoRoom_Enum'
[2024.11.09-14.44.44:838][  5]LogEnum: Warning: Enum name collision: 'BP_DemoRoom_Enum::Standard' is in both '/Game/Realistic_Starter_VFX_Pack_Vol2/Demo_Room/BluePrint/BP_DemoRoom_Enum.BP_DemoRoom_Enum' and '/Game/FXVarietyPack/EpicContent/Blueprints/BP_DemoRoom_Enum.BP_DemoRoom_Enum'
[2024.11.09-14.44.44:838][  5]LogEnum: Warning: Enum name collision: 'BP_DemoRoom_Enum::RoofwithHole' is in both '/Game/Realistic_Starter_VFX_Pack_Vol2/Demo_Room/BluePrint/BP_DemoRoom_Enum.BP_DemoRoom_Enum' and '/Game/FXVarietyPack/EpicContent/Blueprints/BP_DemoRoom_Enum.BP_DemoRoom_Enum'
[2024.11.09-14.44.44:838][  5]LogEnum: Warning: Enum name collision: 'BP_DemoRoom_Enum::RoofOpen' is in both '/Game/Realistic_Starter_VFX_Pack_Vol2/Demo_Room/BluePrint/BP_DemoRoom_Enum.BP_DemoRoom_Enum' and '/Game/FXVarietyPack/EpicContent/Blueprints/BP_DemoRoom_Enum.BP_DemoRoom_Enum'
[2024.11.09-14.44.44:863][  5]LogContentBrowser: Native class hierarchy updated for 'BlueprintGraph' in 0.0007 seconds. Added 121 classes and 0 folders.
[2024.11.09-14.44.45:908][  5]LogWorld: Changing Feature Level (Enum) from 3 to 2
[2024.11.09-14.44.46:094][  5]LogAssetEditorManager: Opening Asset editor for WidgetBlueprint /Game/Widgets/MainMenu_Widget.MainMenu_Widget
[2024.11.09-14.44.46:533][  5]LogBlueprintActionDatabase: Requesting refresh due to module change: SequencerWidgets (loaded)
[2024.11.09-14.44.46:690][  5]LogAssetEditorManager: Opening Asset editor for WidgetBlueprint /Game/Widgets/Backstory_Widget.Backstory_Widget
[2024.11.09-14.44.47:287][  5]LogAssetEditorManager: Opening Asset editor for MediaPlayer /Game/MainMenu/NewMediaPlayer.NewMediaPlayer
[2024.11.09-14.44.47:311][  5]LogMaterial: Display: Missing cached shader map for material Material_0, compiling. 
[2024.11.09-14.44.47:336][  5]LogMaterial: Display: Missing cached shader map for material Material_0, compiling. 
[2024.11.09-14.44.47:631][  5]LogAssetEditorManager: Opening Asset editor for MediaPlayer /Game/BackgroundVideo/Story.Story
[2024.11.09-14.44.47:648][  5]LogMaterial: Display: Missing cached shader map for material Material_1, compiling. 
[2024.11.09-14.44.47:663][  5]LogMaterial: Display: Missing cached shader map for material Material_1, compiling. 
[2024.11.09-14.44.48:104][  5]LogAssetEditorManager: Opening Asset editor for FileMediaSource /Game/MainMenu/Background.Background
[2024.11.09-14.44.49:839][  5]LogContentBrowser: Verbose: The majority of assets in the view are of type: FileMediaSource
[2024.11.09-14.44.52:535][100]LogSlate: FSceneViewport::OnFocusLost() reason 0
[2024.11.09-14.44.52:557][100]LogContentBrowser: Verbose: The majority of assets in the view are of type: FileMediaSource
[2024.11.09-14.45.00:582][456]LogSlate: Window 'NewMediaPlayer' being destroyed
[2024.11.09-14.45.02:807][580]LogSlate: Took 0.000360 seconds to synchronously load lazily loaded font '../../../Engine/Content/Slate/Fonts/Roboto-Light.ttf' (167K)
[2024.11.09-14.46.46:578][650]LogSlate: Took 0.000394 seconds to synchronously load lazily loaded font '../../../Engine/Content/Slate/Fonts/Roboto-BoldCondensed.ttf' (158K)
[2024.11.09-14.46.46:644][651]LogSlate: Took 0.011289 seconds to synchronously load lazily loaded font '../../../Engine/Content/Slate/Fonts/Roboto-Italic.ttf' (157K)
[2024.11.09-14.47.27:415][298]LogSlate: Window 'Background' being destroyed
[2024.11.09-14.47.34:650][627]LogAssetEditorManager: Opening Asset editor for FileMediaSource /Game/MainMenu/Background.Background
[2024.11.09-14.50.40:172][821]LogUObjectHash: Compacting FUObjectHashTables data took   9.60ms
[2024.11.09-14.50.42:881][821]LogSlate: Window 'Save Content' being destroyed
[2024.11.09-14.50.43:383][821]LogSlate: Window 'MarilaOubreaks - Unreal Editor' being destroyed
[2024.11.09-14.50.43:637][822]Cmd: QUIT_EDITOR
[2024.11.09-14.50.43:675][822]LogWindowsTextInputMethodSystem: Display: IME system now deactivated.
[2024.11.09-14.50.43:692][822]LogExit: Preparing to exit.
[2024.11.09-14.50.44:495][822]LogExit: Editor shut down
[2024.11.09-14.50.44:496][822]LogExit: Transaction tracking system shut down
[2024.11.09-14.50.45:051][822]LogExit: Object subsystem successfully closed.
[2024.11.09-14.50.45:078][822]LogShaderCompilers: Display: Shaders left to compile 0
[2024.11.09-14.50.45:092][822]LogD3D11RHI: Shutdown
[2024.11.09-14.50.45:092][822]LogD3D11RHI: CleanupD3DDevice
[2024.11.09-14.50.45:093][822]LogRendererCore: FGlobalReadBuffer::ReleaseRHI
[2024.11.09-14.50.45:093][822]LogRendererCore: FGlobalDynamicReadBuffer::Cleanup()
[2024.11.09-14.50.45:093][822]LogRendererCore: FGlobalReadBuffer::ReleaseRHI
[2024.11.09-14.50.45:093][822]LogRendererCore: FGlobalDynamicReadBuffer::Cleanup()
[2024.11.09-14.50.45:093][822]LogRendererCore: FGlobalReadBuffer::ReleaseRHI
[2024.11.09-14.50.45:093][822]LogRendererCore: FGlobalDynamicReadBuffer::Cleanup()
[2024.11.09-14.50.45:123][822]LogD3D11RHI: ~FD3D11DynamicRHI
[2024.11.09-14.50.45:371][822]LogModuleManager: Shutting down and abandoning module SequencerWidgets (656)
[2024.11.09-14.50.45:371][822]LogModuleManager: Shutting down and abandoning module BlueprintGraph (654)
[2024.11.09-14.50.45:371][822]LogModuleManager: Shutting down and abandoning module HierarchicalLODOutliner (652)
[2024.11.09-14.50.45:371][822]LogModuleManager: Shutting down and abandoning module SceneOutliner (650)
[2024.11.09-14.50.45:371][822]LogModuleManager: Shutting down and abandoning module AddContentDialog (648)
[2024.11.09-14.50.45:371][822]LogModuleManager: Shutting down and abandoning module WidgetCarousel (647)
[2024.11.09-14.50.45:371][822]LogModuleManager: Shutting down and abandoning module EditorWidgets (644)
[2024.11.09-14.50.45:371][822]LogModuleManager: Shutting down and abandoning module CollectionManager (642)
[2024.11.09-14.50.45:372][822]LogModuleManager: Shutting down and abandoning module FoliageEdit (640)
[2024.11.09-14.50.45:372][822]LogModuleManager: Shutting down and abandoning module LandscapeEditor (638)
[2024.11.09-14.50.45:372][822]LogModuleManager: Shutting down and abandoning module MeshPaintMode (636)
[2024.11.09-14.50.45:372][822]LogModuleManager: Shutting down and abandoning module SceneDepthPickerMode (634)
[2024.11.09-14.50.45:372][822]LogModuleManager: Shutting down and abandoning module ActorPickerMode (632)
[2024.11.09-14.50.45:372][822]LogModuleManager: Shutting down and abandoning module GeometryMode (630)
[2024.11.09-14.50.45:372][822]LogModuleManager: Shutting down and abandoning module TextureAlignMode (628)
[2024.11.09-14.50.45:372][822]LogModuleManager: Shutting down and abandoning module BspMode (626)
[2024.11.09-14.50.45:372][822]LogModuleManager: Shutting down and abandoning module PIEPreviewDeviceProfileSelector (624)
[2024.11.09-14.50.45:372][822]LogModuleManager: Shutting down and abandoning module SequenceRecorderSections (622)
[2024.11.09-14.50.45:372][822]LogModuleManager: Shutting down and abandoning module AutomationWorker (620)
[2024.11.09-14.50.45:372][822]LogModuleManager: Shutting down and abandoning module OculusMR (618)
[2024.11.09-14.50.45:372][822]LogModuleManager: Shutting down and abandoning module AudioCaptureEditor (616)
[2024.11.09-14.50.45:372][822]LogModuleManager: Shutting down and abandoning module MatineeToLevelSequence (614)
[2024.11.09-14.50.45:372][822]LogModuleManager: Shutting down and abandoning module LevelSequenceEditor (612)
[2024.11.09-14.50.45:372][822]LogModuleManager: Shutting down and abandoning module PlacementMode (611)
[2024.11.09-14.50.45:372][822]LogModuleManager: Shutting down and abandoning module MaterialEditor (610)
[2024.11.09-14.50.45:372][822]LogModuleManager: Shutting down and abandoning module ActorSequenceEditor (606)
[2024.11.09-14.50.45:372][822]LogModuleManager: Shutting down and abandoning module WmfMediaFactory (604)
[2024.11.09-14.50.45:372][822]LogModuleManager: Shutting down and abandoning module WmfMediaEditor (602)
[2024.11.09-14.50.45:372][822]LogModuleManager: Shutting down and abandoning module WebMMediaFactory (600)
[2024.11.09-14.50.45:373][822]LogModuleManager: Shutting down and abandoning module WebMMediaEditor (598)
[2024.11.09-14.50.45:373][822]LogModuleManager: Shutting down and abandoning module WebMMedia (596)
[2024.11.09-14.50.45:373][822]LogModuleManager: Shutting down and abandoning module MediaPlayerEditor (594)
[2024.11.09-14.50.45:373][822]LogModuleManager: Shutting down and abandoning module MediaCompositingEditor (592)
[2024.11.09-14.50.45:373][822]LogModuleManager: Shutting down and abandoning module SequenceRecorder (591)
[2024.11.09-14.50.45:373][822]LogModuleManager: Shutting down and abandoning module OpenExrWrapper (588)
[2024.11.09-14.50.45:373][822]LogModuleManager: Shutting down and abandoning module ImgMediaFactory (586)
[2024.11.09-14.50.45:373][822]LogModuleManager: Shutting down and abandoning module ImgMediaEditor (584)
[2024.11.09-14.50.45:373][822]LogModuleManager: Shutting down and abandoning module AvfMediaFactory (582)
[2024.11.09-14.50.45:373][822]LogModuleManager: Shutting down and abandoning module AvfMediaEditor (580)
[2024.11.09-14.50.45:373][822]LogModuleManager: Shutting down and abandoning module AndroidMediaFactory (578)
[2024.11.09-14.50.45:373][822]LogModuleManager: Shutting down and abandoning module AndroidMediaEditor (576)
[2024.11.09-14.50.45:373][822]LogModuleManager: Shutting down and abandoning module MagicLeapCameraPreviewFactory (574)
[2024.11.09-14.50.45:373][822]LogModuleManager: Shutting down and abandoning module MagicLeapMediaCodecFactory (572)
[2024.11.09-14.50.45:373][822]LogModuleManager: Shutting down and abandoning module MagicLeapMediaFactory (570)
[2024.11.09-14.50.45:373][822]LogModuleManager: Shutting down and abandoning module MagicLeapMediaEditor (568)
[2024.11.09-14.50.45:373][822]LogModuleManager: Shutting down and abandoning module CharacterAI (566)
[2024.11.09-14.50.45:373][822]LogModuleManager: Shutting down and abandoning module SmartSnapping (564)
[2024.11.09-14.50.45:373][822]LogModuleManager: Shutting down and abandoning module SessionServices (562)
[2024.11.09-14.50.45:373][822]LogModuleManager: Shutting down and abandoning module MeshPaint (560)
[2024.11.09-14.50.45:373][822]LogModuleManager: Shutting down and abandoning module ViewportSnapping (558)
[2024.11.09-14.50.45:373][822]LogModuleManager: Shutting down and abandoning module ViewportInteraction (556)
[2024.11.09-14.50.45:373][822]LogModuleManager: Shutting down and abandoning module ClothPainter (554)
[2024.11.09-14.50.45:373][822]LogModuleManager: Shutting down and abandoning module SkeletalMeshEditor (553)
[2024.11.09-14.50.45:373][822]LogModuleManager: Shutting down and abandoning module LogVisualizer (550)
[2024.11.09-14.50.45:373][822]LogModuleManager: Shutting down and abandoning module IntroTutorials (548)
[2024.11.09-14.50.45:373][822]LogModuleManager: Shutting down and abandoning module GameProjectGeneration (547)
[2024.11.09-14.50.45:373][822]LogModuleManager: Shutting down and abandoning module LuminPlatformEditor (544)
[2024.11.09-14.50.45:373][822]LogModuleManager: Shutting down and abandoning module IOSPlatformEditor (542)
[2024.11.09-14.50.45:373][822]LogModuleManager: Shutting down and abandoning module HTML5PlatformEditor (540)
[2024.11.09-14.50.45:373][822]LogModuleManager: Shutting down and abandoning module AndroidPlatformEditor (538)
[2024.11.09-14.50.45:374][822]LogModuleManager: Shutting down and abandoning module AndroidDeviceDetection (537)
[2024.11.09-14.50.46:702][822]LogModuleManager: Shutting down and abandoning module WindowsPlatformEditor (534)
[2024.11.09-14.50.46:702][822]LogModuleManager: Shutting down and abandoning module LuminRuntimeSettings (532)
[2024.11.09-14.50.46:702][822]LogModuleManager: Shutting down and abandoning module IOSRuntimeSettings (530)
[2024.11.09-14.50.46:702][822]LogModuleManager: Shutting down and abandoning module AndroidRuntimeSettings (528)
[2024.11.09-14.50.46:702][822]LogModuleManager: Shutting down and abandoning module TimeManagementEditor (526)
[2024.11.09-14.50.46:702][822]LogModuleManager: Shutting down and abandoning module InputBindingEditor (524)
[2024.11.09-14.50.46:702][822]LogModuleManager: Shutting down and abandoning module MergeActors (522)
[2024.11.09-14.50.46:702][822]LogModuleManager: Shutting down and abandoning module LocalizationDashboard (520)
[2024.11.09-14.50.46:702][822]LogModuleManager: Shutting down and abandoning module LocalizationService (519)
[2024.11.09-14.50.46:702][822]LogModuleManager: Shutting down and abandoning module HardwareTargeting (516)
[2024.11.09-14.50.46:702][822]LogModuleManager: Shutting down and abandoning module DeviceProfileEditor (514)
[2024.11.09-14.50.46:703][822]LogModuleManager: Shutting down and abandoning module UndoHistory (512)
[2024.11.09-14.50.46:703][822]LogModuleManager: Shutting down and abandoning module XmlParser (510)
[2024.11.09-14.50.46:703][822]LogModuleManager: Shutting down and abandoning module Blutility (508)
[2024.11.09-14.50.46:703][822]LogModuleManager: Shutting down and abandoning module ProjectSettingsViewer (506)
[2024.11.09-14.50.46:703][822]LogModuleManager: Shutting down and abandoning module ProjectTargetPlatformEditor (505)
[2024.11.09-14.50.46:703][822]LogModuleManager: Shutting down and abandoning module EditorSettingsViewer (502)
[2024.11.09-14.50.46:703][822]LogModuleManager: Shutting down and abandoning module SettingsEditor (500)
[2024.11.09-14.50.46:703][822]LogModuleManager: Shutting down and abandoning module ProjectLauncher (498)
[2024.11.09-14.50.46:703][822]LogModuleManager: Shutting down and abandoning module SessionFrontend (496)
[2024.11.09-14.50.46:704][822]LogModuleManager: Shutting down and abandoning module ProfilerClient (494)
[2024.11.09-14.50.46:704][822]LogModuleManager: Shutting down and abandoning module DeviceManager (492)
[2024.11.09-14.50.46:704][822]LogModuleManager: Shutting down and abandoning module TargetDeviceServices (491)
[2024.11.09-14.50.46:748][822]LogModuleManager: Shutting down and abandoning module AutomationController (488)
[2024.11.09-14.50.46:748][822]LogModuleManager: Shutting down and abandoning module AutomationWindow (486)
[2024.11.09-14.50.46:748][822]LogModuleManager: Shutting down and abandoning module Layers (484)
[2024.11.09-14.50.46:748][822]LogModuleManager: Shutting down and abandoning module ComponentVisualizers (482)
[2024.11.09-14.50.46:748][822]LogModuleManager: Shutting down and abandoning module DetailCustomizations (480)
[2024.11.09-14.50.46:748][822]LogModuleManager: Shutting down and abandoning module PackagesDialog (478)
[2024.11.09-14.50.46:749][822]LogModuleManager: Shutting down and abandoning module AnimationBlueprintEditor (476)
[2024.11.09-14.50.46:749][822]LogModuleManager: Shutting down and abandoning module Persona (474)
[2024.11.09-14.50.46:749][822]LogModuleManager: Shutting down and abandoning module AdvancedPreviewScene (473)
[2024.11.09-14.50.46:749][822]LogModuleManager: Shutting down and abandoning module AnimGraph (471)
[2024.11.09-14.50.46:749][822]LogModuleManager: Shutting down and abandoning module Kismet (468)
[2024.11.09-14.50.46:759][822]LogModuleManager: Shutting down and abandoning module GraphEditor (466)
[2024.11.09-14.50.46:759][822]LogModuleManager: Shutting down and abandoning module ClassViewer (464)
[2024.11.09-14.50.46:759][822]LogModuleManager: Shutting down and abandoning module Toolbox (462)
[2024.11.09-14.50.46:759][822]LogModuleManager: Shutting down and abandoning module ModuleUI (460)
[2024.11.09-14.50.46:759][822]LogModuleManager: Shutting down and abandoning module MovieSceneTools (458)
[2024.11.09-14.50.46:759][822]LogModuleManager: Shutting down and abandoning module OutputLog (456)
[2024.11.09-14.50.46:759][822]LogModuleManager: Shutting down and abandoning module GammaUI (454)
[2024.11.09-14.50.46:759][822]LogModuleManager: Shutting down and abandoning module Documentation (452)
[2024.11.09-14.50.46:759][822]LogModuleManager: Shutting down and abandoning module LiveCoding (450)
[2024.11.09-14.50.46:760][822]LogModuleManager: Shutting down and abandoning module LevelSequence (448)
[2024.11.09-14.50.46:760][822]LogModuleManager: Shutting down and abandoning module MovieSceneTracks (446)
[2024.11.09-14.50.46:760][822]LogModuleManager: Shutting down and abandoning module MovieScene (444)
[2024.11.09-14.50.46:760][822]LogModuleManager: Shutting down and abandoning module StreamingPauseRendering (442)
[2024.11.09-14.50.46:760][822]LogModuleManager: Shutting down and abandoning module LauncherPlatform (440)
[2024.11.09-14.50.46:760][822]LogModuleManager: Shutting down and abandoning module AnalyticsET (438)
[2024.11.09-14.50.46:760][822]LogModuleManager: Shutting down and abandoning module PortalServices (436)
[2024.11.09-14.50.46:760][822]LogModuleManager: Shutting down and abandoning module PortalRpc (434)
[2024.11.09-14.50.46:760][822]LogModuleManager: Shutting down and abandoning module MessagingRpc (432)
[2024.11.09-14.50.46:760][822]LogModuleManager: Shutting down and abandoning module AIModule (430)
[2024.11.09-14.50.46:760][822]LogModuleManager: Shutting down and abandoning module GameplayDebugger (429)
[2024.11.09-14.50.46:760][822]LogModuleManager: Shutting down and abandoning module AITestSuite (427)
[2024.11.09-14.50.46:760][822]LogModuleManager: Shutting down and abandoning module NavigationSystem (425)
[2024.11.09-14.50.46:760][822]LogModuleManager: Shutting down and abandoning module DesktopPlatform (422)
[2024.11.09-14.50.46:760][822]LogModuleManager: Shutting down and abandoning module ImageWriteQueue (420)
[2024.11.09-14.50.46:765][822]LogModuleManager: Shutting down and abandoning module ProfilerService (418)
[2024.11.09-14.50.46:939][822]LogModuleManager: Shutting down and abandoning module TaskGraph (416)
[2024.11.09-14.50.46:939][822]LogModuleManager: Shutting down and abandoning module SteamVRController (414)
[2024.11.09-14.50.46:939][822]LogModuleManager: Shutting down and abandoning module ProceduralMeshComponentEditor (412)
[2024.11.09-14.50.46:939][822]LogModuleManager: Shutting down and abandoning module ProceduralMeshComponent (410)
[2024.11.09-14.50.46:940][822]LogModuleManager: Shutting down and abandoning module OculusEditor (408)
[2024.11.09-14.50.46:940][822]LogModuleManager: Shutting down and abandoning module OculusInput (406)
[2024.11.09-14.50.46:940][822]LogModuleManager: Shutting down and abandoning module MobilePatchingUtils (404)
[2024.11.09-14.50.46:940][822]LogModuleManager: Shutting down and abandoning module EditableMesh (402)
[2024.11.09-14.50.46:940][822]LogModuleManager: Shutting down and abandoning module CustomMeshComponent (400)
[2024.11.09-14.50.46:940][822]LogModuleManager: Shutting down and abandoning module CableComponent (398)
[2024.11.09-14.50.46:940][822]LogModuleManager: Shutting down and abandoning module AudioCapture (396)
[2024.11.09-14.50.46:940][822]LogModuleManager: Shutting down and abandoning module ArchVisCharacter (394)
[2024.11.09-14.50.46:940][822]LogModuleManager: Shutting down and abandoning module AndroidPermission (392)
[2024.11.09-14.50.46:940][822]LogModuleManager: Shutting down and abandoning module NUTUnrealEngine4 (390)
[2024.11.09-14.50.46:940][822]LogModuleManager: Shutting down and abandoning module NetcodeUnitTest (388)
[2024.11.09-14.50.46:940][822]LogModuleManager: Shutting down and abandoning module MediaCompositing (386)
[2024.11.09-14.50.46:940][822]LogModuleManager: Shutting down and abandoning module LinearTimecode (384)
[2024.11.09-14.50.46:940][822]LogModuleManager: Shutting down and abandoning module ImgMedia (382)
[2024.11.09-14.50.46:940][822]LogModuleManager: Shutting down and abandoning module MagicLeapHelperVulkan (380)
[2024.11.09-14.50.46:941][822]LogModuleManager: Shutting down and abandoning module MagicLeapHelperOpenGL (378)
[2024.11.09-14.50.46:941][822]LogModuleManager: Shutting down and abandoning module MagicLeapAudio (376)
[2024.11.09-14.50.46:941][822]LogModuleManager: Shutting down and abandoning module NiagaraEditorWidgets (374)
[2024.11.09-14.50.46:941][822]LogModuleManager: Shutting down and abandoning module NiagaraEditor (372)
[2024.11.09-14.50.46:941][822]LogModuleManager: Shutting down and abandoning module HTML5Networking (370)
[2024.11.09-14.50.46:942][822]LogModuleManager: Shutting down and abandoning module GeometryCacheTracks (368)
[2024.11.09-14.50.46:942][822]LogModuleManager: Shutting down and abandoning module GeometryCacheSequencer (366)
[2024.11.09-14.50.46:942][822]LogModuleManager: Shutting down and abandoning module BackChannel (364)
[2024.11.09-14.50.46:942][822]LogModuleManager: Shutting down and abandoning module AppleVision (362)
[2024.11.09-14.50.46:942][822]LogModuleManager: Shutting down and abandoning module AppleImageUtilsBlueprintSupport (360)
[2024.11.09-14.50.46:942][822]LogModuleManager: Shutting down and abandoning module AppleImageUtils (358)
[2024.11.09-14.50.46:942][822]LogModuleManager: Shutting down and abandoning module AlembicImporter (356)
[2024.11.09-14.50.46:942][822]LogModuleManager: Shutting down and abandoning module AlembicLibrary (355)
[2024.11.09-14.50.46:942][822]LogModuleManager: Shutting down and abandoning module GeometryCache (354)
[2024.11.09-14.50.46:942][822]LogModuleManager: Shutting down and abandoning module GeometryCacheEd (353)
[2024.11.09-14.50.46:943][822]LogModuleManager: Shutting down and abandoning module VariantManagerContent (348)
[2024.11.09-14.50.46:943][822]LogModuleManager: Shutting down and abandoning module DatasmithContentEditor (346)
[2024.11.09-14.50.46:943][822]LogModuleManager: Shutting down and abandoning module SpeedTreeImporter (344)
[2024.11.09-14.50.46:943][822]LogModuleManager: Shutting down and abandoning module PluginBrowser (342)
[2024.11.09-14.50.46:943][822]LogModuleManager: Shutting down and abandoning module MobileLauncherProfileWizard (340)
[2024.11.09-14.50.46:943][822]LogModuleManager: Shutting down and abandoning module MaterialAnalyzer (338)
[2024.11.09-14.50.46:943][822]LogModuleManager: Shutting down and abandoning module CryptoKeysOpenSSL (336)
[2024.11.09-14.50.46:943][822]LogModuleManager: Shutting down and abandoning module CryptoKeys (334)
[2024.11.09-14.50.46:943][822]LogModuleManager: Shutting down and abandoning module VisualStudioSourceCodeAccess (332)
[2024.11.09-14.50.46:943][822]LogModuleManager: Shutting down and abandoning module VisualStudioCodeSourceCodeAccess (330)
[2024.11.09-14.50.46:943][822]LogModuleManager: Shutting down and abandoning module UObjectPlugin (328)
[2024.11.09-14.50.46:943][822]LogModuleManager: Shutting down and abandoning module SubversionSourceControl (326)
[2024.11.09-14.50.46:943][822]LogModuleManager: Shutting down and abandoning module PerforceSourceControl (324)
[2024.11.09-14.50.46:943][822]LogModuleManager: Shutting down and abandoning module GitSourceControl (322)
[2024.11.09-14.50.46:944][822]LogModuleManager: Shutting down and abandoning module SourceControl (321)
[2024.11.09-14.50.46:944][822]LogModuleManager: Shutting down and abandoning module CLionSourceCodeAccess (318)
[2024.11.09-14.50.46:944][822]LogModuleManager: Shutting down and abandoning module AnimationSharingEd (316)
[2024.11.09-14.50.46:944][822]LogModuleManager: Shutting down and abandoning module ActorLayerUtilitiesEditor (314)
[2024.11.09-14.50.46:944][822]LogModuleManager: Shutting down and abandoning module ActorLayerUtilities (312)
[2024.11.09-14.50.46:944][822]LogModuleManager: Shutting down and abandoning module LightPropagationVolumeEditor (310)
[2024.11.09-14.50.46:944][822]LogModuleManager: Shutting down and abandoning module PaperTiledImporter (308)
[2024.11.09-14.50.46:944][822]LogModuleManager: Shutting down and abandoning module PaperSpriteSheetImporter (306)
[2024.11.09-14.50.46:944][822]LogModuleManager: Shutting down and abandoning module Paper2DEditor (304)
[2024.11.09-14.50.46:944][822]LogModuleManager: Shutting down and abandoning module SignificanceManager (302)
[2024.11.09-14.50.46:944][822]LogModuleManager: Shutting down and abandoning module RuntimePhysXCooking (300)
[2024.11.09-14.50.46:944][822]LogModuleManager: Shutting down and abandoning module PhysXVehiclesEditor (298)
[2024.11.09-14.50.46:944][822]LogModuleManager: Shutting down and abandoning module PhysXVehicles (296)
[2024.11.09-14.50.46:944][822]LogModuleManager: Shutting down and abandoning module LocationServicesBPLibrary (294)
[2024.11.09-14.50.46:945][822]LogModuleManager: Shutting down and abandoning module ActorSequence (292)
[2024.11.09-14.50.46:945][822]LogModuleManager: Shutting down and abandoning module UdpMessaging (290)
[2024.11.09-14.50.47:046][822]LogModuleManager: Shutting down and abandoning module TcpMessaging (288)
[2024.11.09-14.50.47:147][822]LogModuleManager: Shutting down and abandoning module MagicLeapIdentity (286)
[2024.11.09-14.50.47:147][822]LogModuleManager: Shutting down and abandoning module MagicLeapSecureStorage (284)
[2024.11.09-14.50.47:147][822]LogModuleManager: Shutting down and abandoning module MagicLeapHandTracking (282)
[2024.11.09-14.50.47:147][822]LogModuleManager: Shutting down and abandoning module MagicLeapEyeTracker (280)
[2024.11.09-14.50.47:147][822]LogModuleManager: Shutting down and abandoning module MagicLeapController (278)
[2024.11.09-14.50.47:148][822]LogSlate: Slate User Destroyed.  User Index 0, Is Virtual User: 0
[2024.11.09-14.50.47:148][822]LogModuleManager: Shutting down and abandoning module MagicLeapAR (276)
[2024.11.09-14.50.47:148][822]LogModuleManager: Shutting down and abandoning module AugmentedReality (275)
[2024.11.09-14.50.47:148][822]LogModuleManager: Shutting down and abandoning module Niagara (272)
[2024.11.09-14.50.47:148][822]LogModuleManager: Shutting down and abandoning module NiagaraCore (270)
[2024.11.09-14.50.47:148][822]LogModuleManager: Shutting down and abandoning module GameplayTagsEditor (268)
[2024.11.09-14.50.47:148][822]LogModuleManager: Shutting down and abandoning module FacialAnimationEditor (266)
[2024.11.09-14.50.47:148][822]LogModuleManager: Shutting down and abandoning module FacialAnimation (264)
[2024.11.09-14.50.47:148][822]LogModuleManager: Shutting down and abandoning module DataValidation (262)
[2024.11.09-14.50.47:148][822]LogModuleManager: Shutting down and abandoning module AssetManagerEditor (260)
[2024.11.09-14.50.47:149][822]LogModuleManager: Shutting down and abandoning module LevelEditor (259)
[2024.11.09-14.50.47:150][822]LogModuleManager: Shutting down and abandoning module PixelInspectorModule (258)
[2024.11.09-14.50.47:150][822]LogModuleManager: Shutting down and abandoning module CommonMenuExtensions (256)
[2024.11.09-14.50.47:150][822]LogModuleManager: Shutting down and abandoning module MainFrame (254)
[2024.11.09-14.50.47:151][822]LogModuleManager: Shutting down and abandoning module HotReload (253)
[2024.11.09-14.50.47:151][822]LogModuleManager: Shutting down and abandoning module ContentBrowser (249)
[2024.11.09-14.50.47:152][822]LogModuleManager: Shutting down and abandoning module TreeMap (247)
[2024.11.09-14.50.47:152][822]LogModuleManager: Shutting down and abandoning module AnimationSharing (244)
[2024.11.09-14.50.47:152][822]LogModuleManager: Shutting down and abandoning module LightPropagationVolumeRuntime (242)
[2024.11.09-14.50.47:152][822]LogModuleManager: Shutting down and abandoning module AISupportModule (240)
[2024.11.09-14.50.47:152][822]LogModuleManager: Shutting down and abandoning module Paper2D (238)
[2024.11.09-14.50.47:152][822]LogModuleManager: Shutting down and abandoning module WindowsMoviePlayer (236)
[2024.11.09-14.50.47:152][822]LogModuleManager: Shutting down and abandoning module WebMMoviePlayer (234)
[2024.11.09-14.50.47:153][822]LogModuleManager: Shutting down and abandoning module PacketHandler (232)
[2024.11.09-14.50.47:153][822]LogModuleManager: Shutting down and abandoning module ClothingSystemEditor (230)
[2024.11.09-14.50.47:153][822]LogModuleManager: Shutting down and abandoning module ClothingSystemRuntime (228)
[2024.11.09-14.50.47:153][822]LogModuleManager: Shutting down and abandoning module MediaAssets (226)
[2024.11.09-14.50.47:153][822]LogModuleManager: Shutting down and abandoning module Overlay (224)
[2024.11.09-14.50.47:153][822]LogModuleManager: Shutting down and abandoning module OverlayEditor (223)
[2024.11.09-14.50.47:153][822]LogModuleManager: Shutting down and abandoning module VREditor (220)
[2024.11.09-14.50.47:153][822]LogModuleManager: Shutting down and abandoning module StringTableEditor (218)
[2024.11.09-14.50.47:153][822]LogModuleManager: Shutting down and abandoning module GameplayTasksEditor (216)
[2024.11.09-14.50.47:153][822]LogModuleManager: Shutting down and abandoning module BehaviorTreeEditor (214)
[2024.11.09-14.50.47:153][822]LogModuleManager: Shutting down and abandoning module FunctionalTesting (212)
[2024.11.09-14.50.47:153][822]LogModuleManager: Shutting down and abandoning module CollisionAnalyzer (210)
[2024.11.09-14.50.47:153][822]LogModuleManager: Shutting down and abandoning module WorkspaceMenuStructure (209)
[2024.11.09-14.50.47:153][822]LogModuleManager: Shutting down and abandoning module UMG (206)
[2024.11.09-14.50.47:153][822]LogModuleManager: Shutting down and abandoning module UMGEditor (205)
[2024.11.09-14.50.47:153][822]LogModuleManager: Shutting down and abandoning module Sequencer (204)
[2024.11.09-14.50.47:153][822]LogModuleManager: Shutting down and abandoning module MessageLog (201)
[2024.11.09-14.50.47:153][822]LogModuleManager: Shutting down and abandoning module SlateReflector (196)
[2024.11.09-14.50.47:153][822]LogModuleManager: Shutting down and abandoning module Slate (194)
[2024.11.09-14.50.47:153][822]LogModuleManager: Shutting down and abandoning module EditorStyle (192)
[2024.11.09-14.50.47:156][822]LogModuleManager: Shutting down and abandoning module UnrealEd (190)
[2024.11.09-14.50.47:156][822]LogModuleManager: Shutting down and abandoning module MRMesh (188)
[2024.11.09-14.50.47:156][822]LogModuleManager: Shutting down and abandoning module SourceCodeAccess (186)
[2024.11.09-14.50.47:156][822]LogModuleManager: Shutting down and abandoning module HeadMountedDisplay (184)
[2024.11.09-14.50.47:156][822]LogModuleManager: Shutting down and abandoning module XAudio2 (182)
[2024.11.09-14.50.47:156][822]LogModuleManager: Shutting down and abandoning module Networking (180)
[2024.11.09-14.50.47:156][822]LogModuleManager: Shutting down and abandoning module Core (178)
[2024.11.09-14.50.47:156][822]LogModuleManager: Shutting down and abandoning module KismetCompiler (176)
[2024.11.09-14.50.47:156][822]LogModuleManager: Shutting down and abandoning module MeshUtilities (174)
[2024.11.09-14.50.47:156][822]LogModuleManager: Shutting down and abandoning module MeshMergeUtilities (173)
[2024.11.09-14.50.47:156][822]LogModuleManager: Shutting down and abandoning module MeshReductionInterface (172)
[2024.11.09-14.50.47:156][822]LogModuleManager: Shutting down and abandoning module SkeletalMeshReduction (171)
[2024.11.09-14.50.47:156][822]LogModuleManager: Shutting down and abandoning module ProxyLODMeshReduction (169)
[2024.11.09-14.50.47:156][822]LogModuleManager: Shutting down and abandoning module QuadricMeshReduction (167)
[2024.11.09-14.50.47:156][822]LogModuleManager: Shutting down and abandoning module MaterialBaking (163)
[2024.11.09-14.50.47:156][822]LogModuleManager: Shutting down and abandoning module DerivedDataCache (158)
[2024.11.09-14.50.47:172][822]LogDerivedDataCache: Shutdown
[2024.11.09-14.50.47:172][822]LogModuleManager: Shutting down and abandoning module XGEController (156)
[2024.11.09-14.50.47:172][822]LogModuleManager: Shutting down and abandoning module TargetPlatform (154)
[2024.11.09-14.50.47:172][822]LogModuleManager: Shutting down and abandoning module VulkanShaderFormat (153)
[2024.11.09-14.50.47:172][822]LogModuleManager: Shutting down and abandoning module ShaderFormatVectorVM (151)
[2024.11.09-14.50.47:172][822]LogModuleManager: Shutting down and abandoning module ShaderFormatOpenGL (149)
[2024.11.09-14.50.47:172][822]LogModuleManager: Shutting down and abandoning module ShaderFormatD3D (147)
[2024.11.09-14.50.47:172][822]LogModuleManager: Shutting down and abandoning module MetalShaderFormat (145)
[2024.11.09-14.50.47:172][822]LogModuleManager: Shutting down and abandoning module TextureFormatUncompressed (143)
[2024.11.09-14.50.47:172][822]LogModuleManager: Shutting down and abandoning module TextureFormatPVR (141)
[2024.11.09-14.50.47:172][822]LogModuleManager: Shutting down and abandoning module TextureFormatDXT (139)
[2024.11.09-14.50.47:172][822]LogModuleManager: Shutting down and abandoning module TextureFormatIntelISPCTexComp (137)
[2024.11.09-14.50.47:173][822]LogModuleManager: Shutting down and abandoning module TextureFormatASTC (135)
[2024.11.09-14.50.47:173][822]LogModuleManager: Shutting down and abandoning module ImageWrapper (134)
[2024.11.09-14.50.47:173][822]LogModuleManager: Shutting down and abandoning module TextureFormatAndroid (131)
[2024.11.09-14.50.47:173][822]LogModuleManager: Shutting down and abandoning module AudioFormatOpus (129)
[2024.11.09-14.50.47:173][822]LogModuleManager: Shutting down and abandoning module AudioFormatOgg (127)
[2024.11.09-14.50.47:173][822]LogModuleManager: Shutting down and abandoning module AudioFormatADPCM (125)
[2024.11.09-14.50.47:173][822]LogModuleManager: Shutting down and abandoning module LuminTargetPlatform (123)
[2024.11.09-14.50.47:175][822]LogModuleManager: Shutting down and abandoning module LinuxTargetPlatform (121)
[2024.11.09-14.50.47:175][822]LogModuleManager: Shutting down and abandoning module LinuxServerTargetPlatform (119)
[2024.11.09-14.50.47:175][822]LogModuleManager: Shutting down and abandoning module LinuxNoEditorTargetPlatform (117)
[2024.11.09-14.50.47:175][822]LogModuleManager: Shutting down and abandoning module LinuxClientTargetPlatform (115)
[2024.11.09-14.50.47:175][822]LogModuleManager: Shutting down and abandoning module TVOSTargetPlatform (113)
[2024.11.09-14.50.47:177][822]LogModuleManager: Shutting down and abandoning module Messaging (111)
[2024.11.09-14.50.47:177][822]LogModuleManager: Shutting down and abandoning module IOSTargetPlatform (109)
[2024.11.09-14.50.47:178][822]LogModuleManager: Shutting down and abandoning module HTML5TargetPlatform (107)
[2024.11.09-14.50.47:178][822]LogModuleManager: Shutting down and abandoning module AndroidTargetPlatform (105)
[2024.11.09-14.50.47:187][822]LogModuleManager: Shutting down and abandoning module WindowsTargetPlatform (103)
[2024.11.09-14.50.47:187][822]LogModuleManager: Shutting down and abandoning module WindowsServerTargetPlatform (101)
[2024.11.09-14.50.47:187][822]LogModuleManager: Shutting down and abandoning module WindowsNoEditorTargetPlatform (99)
[2024.11.09-14.50.47:187][822]LogModuleManager: Shutting down and abandoning module WindowsClientTargetPlatform (97)
[2024.11.09-14.50.47:187][822]LogModuleManager: Shutting down and abandoning module MacTargetPlatform (95)
[2024.11.09-14.50.47:187][822]LogModuleManager: Shutting down and abandoning module MacServerTargetPlatform (93)
[2024.11.09-14.50.47:187][822]LogModuleManager: Shutting down and abandoning module MacNoEditorTargetPlatform (91)
[2024.11.09-14.50.47:187][822]LogModuleManager: Shutting down and abandoning module MacClientTargetPlatform (89)
[2024.11.09-14.50.47:187][822]LogModuleManager: Shutting down and abandoning module AllDesktopTargetPlatform (87)
[2024.11.09-14.50.47:187][822]LogModuleManager: Shutting down and abandoning module InputCore (84)
[2024.11.09-14.50.47:187][822]LogModuleManager: Shutting down and abandoning module Settings (82)
[2024.11.09-14.50.47:187][822]LogModuleManager: Shutting down and abandoning module DirectoryWatcher (80)
[2024.11.09-14.50.47:187][822]LogModuleManager: Shutting down and abandoning module PhysXCooking (78)
[2024.11.09-14.50.47:187][822]LogModuleManager: Shutting down and abandoning module SteamVR (76)
[2024.11.09-14.50.47:187][822]LogHMD: Freeing OpenVRDLLHandle.
[2024.11.09-14.50.47:187][822]LogModuleManager: Shutting down and abandoning module OculusHMD (74)
[2024.11.09-14.50.47:187][822]LogModuleManager: Shutting down and abandoning module ExampleDeviceProfileSelector (72)
[2024.11.09-14.50.47:187][822]LogModuleManager: Shutting down and abandoning module LauncherChunkInstaller (70)
[2024.11.09-14.50.47:187][822]LogModuleManager: Shutting down and abandoning module OnlineBlueprintSupport (68)
[2024.11.09-14.50.47:187][822]LogModuleManager: Shutting down and abandoning module OnlineSubsystem (64)
[2024.11.09-14.50.47:189][822]LogModuleManager: Shutting down and abandoning module XMPP (59)
[2024.11.09-14.50.47:189][822]LogModuleManager: Shutting down and abandoning module WebSockets (58)
[2024.11.09-14.50.47:225][822]LogModuleManager: Shutting down and abandoning module HTTP (55)
[2024.11.09-14.50.47:225][822]LogHttp: Display: Http module shutting down, but needs to wait on 1 outstanding Http requests:
[2024.11.09-14.50.47:225][822]LogHttp: Display: 	verb=[POST] url=[https://datarouter.ol.epicgames.com/datarouter/api/v1/public/data?SessionID=%7B9ED3E912-45C6-BF43-56C7-CD87A677042C%7D&AppID=UEEditor.Rocket.Release&AppVersion=4.22.3-7053642%2B%2B%2BUE4%2BRelease-4.22&UserID=b27576c145c9ae15565263a0ea3d50bf%7C379ebc34babe4849ad2903098f619c22%7C4c82821e-8c7d-4bbb-8b52-0fc166e09071&AppEnvironment=datacollector-binary&UploadType=eteventstream] status=Processing
[2024.11.09-14.50.47:254][822]LogModuleManager: Shutting down and abandoning module SSL (54)
[2024.11.09-14.50.47:258][822]LogModuleManager: Shutting down and abandoning module WmfMedia (50)
[2024.11.09-14.50.47:274][822]LogModuleManager: Shutting down and abandoning module Media (49)
[2024.11.09-14.50.47:282][822]LogModuleManager: Shutting down and abandoning module MagicLeap (46)
[2024.11.09-14.50.47:282][822]LogModuleManager: Shutting down and abandoning module NiagaraVertexFactories (44)
[2024.11.09-14.50.47:282][822]LogModuleManager: Shutting down and abandoning module NiagaraShader (42)
[2024.11.09-14.50.47:282][822]LogModuleManager: Shutting down and abandoning module DatasmithContent (40)
[2024.11.09-14.50.47:283][822]LogModuleManager: Shutting down and abandoning module AnimationModifiers (38)
[2024.11.09-14.50.47:283][822]LogModuleManager: Shutting down and abandoning module PropertyEditor (37)
[2024.11.09-14.50.47:283][822]LogModuleManager: Shutting down and abandoning module AudioEditor (34)
[2024.11.09-14.50.47:284][822]LogModuleManager: Shutting down and abandoning module TextureCompressor (32)
[2024.11.09-14.50.47:284][822]LogModuleManager: Shutting down and abandoning module RenderCore (30)
[2024.11.09-14.50.47:284][822]LogModuleManager: Shutting down and abandoning module Landscape (28)
[2024.11.09-14.50.47:284][822]LogModuleManager: Shutting down and abandoning module SlateRHIRenderer (26)
[2024.11.09-14.50.47:286][822]LogModuleManager: Shutting down and abandoning module OpenGLDrv (24)
[2024.11.09-14.50.47:286][822]LogModuleManager: Shutting down and abandoning module D3D11RHI (22)
[2024.11.09-14.50.47:286][822]LogModuleManager: Shutting down and abandoning module AnimGraphRuntime (20)
[2024.11.09-14.50.47:286][822]LogModuleManager: Shutting down and abandoning module Renderer (18)
[2024.11.09-14.50.47:286][822]LogModuleManager: Shutting down and abandoning module Engine (16)
[2024.11.09-14.50.47:286][822]LogModuleManager: Shutting down and abandoning module CoreUObject (14)
[2024.11.09-14.50.47:286][822]LogModuleManager: Shutting down and abandoning module NetworkFile (12)
[2024.11.09-14.50.47:287][822]LogModuleManager: Shutting down and abandoning module CookedIterativeFile (10)
[2024.11.09-14.50.47:287][822]LogModuleManager: Shutting down and abandoning module StreamingFile (8)
[2024.11.09-14.50.47:287][822]LogModuleManager: Shutting down and abandoning module SandboxFile (6)
[2024.11.09-14.50.47:287][822]LogModuleManager: Shutting down and abandoning module PakFile (4)
[2024.11.09-14.50.47:287][822]LogModuleManager: Shutting down and abandoning module RSA (3)
[2024.11.09-14.50.47:295][822]LogExit: Exiting.
[2024.11.09-14.50.47:303][822]Log file closed, 11/09/24 22:50:47
