Log file open, 09/13/24 23:41:27
LogWindows: Failed to load 'aqProf.dll' (GetLastError=126)
LogWindows: File 'aqProf.dll' does not exist
LogWindows: Failed to load 'VtuneApi.dll' (GetLastError=126)
LogWindows: File 'VtuneApi.dll' does not exist
LogWindows: Failed to load 'VtuneApi32e.dll' (GetLastError=126)
LogWindows: File 'VtuneApi32e.dll' does not exist
LogConsoleResponse: Display: Failed to find resolution value strings in scalability ini. Falling back to default.
LogInit: Display: Running engine for game: MarilaOubreaks
LogPakFile: Registered encryption key '00000000000000000000000000000000': 0 pak files mounted, 0 remain pending
LogPlatformFile: Not using cached read wrapper
LogTaskGraph: Started task graph with 5 named threads and 35 total threads with 3 sets of task threads.
LogStats: Stats thread started at 0.540505
LogD3D11RHI: Loaded GFSDK_Aftermath_Lib.x64.dll
LogICUInternationalization: ICU TimeZone Detection - Raw Offset: +8:00, Platform Override: ''
LogPluginManager: Mounting plugin Paper2D
LogPluginManager: Mounting plugin AISupport
LogPluginManager: Mounting plugin LightPropagationVolume
LogPluginManager: Mounting plugin ActorLayerUtilities
LogPluginManager: Mounting plugin AnimationSharing
LogPluginManager: Mounting plugin CLionSourceCodeAccess
LogPluginManager: Mounting plugin CodeLiteSourceCodeAccess
LogPluginManager: Mounting plugin GitSourceControl
LogPluginManager: Mounting plugin KDevelopSourceCodeAccess
LogPluginManager: Mounting plugin NullSourceCodeAccess
LogPluginManager: Mounting plugin PerforceSourceControl
LogPluginManager: Mounting plugin SubversionSourceControl
LogPluginManager: Mounting plugin UObjectPlugin
LogPluginManager: Mounting plugin VisualStudioCodeSourceCodeAccess
LogPluginManager: Mounting plugin VisualStudioSourceCodeAccess
LogPluginManager: Mounting plugin XCodeSourceCodeAccess
LogPluginManager: Mounting plugin AssetManagerEditor
LogPluginManager: Mounting plugin CryptoKeys
LogPluginManager: Mounting plugin DataValidation
LogPluginManager: Mounting plugin FacialAnimation
LogPluginManager: Mounting plugin GameplayTagsEditor
LogPluginManager: Mounting plugin MacGraphicsSwitching
LogPluginManager: Mounting plugin MaterialAnalyzer
LogPluginManager: Mounting plugin MobileLauncherProfileWizard
LogPluginManager: Mounting plugin PluginBrowser
LogPluginManager: Mounting plugin SpeedTreeImporter
LogPluginManager: Mounting plugin DatasmithContent
LogPluginManager: Mounting plugin VariantManagerContent
LogPluginManager: Mounting plugin AlembicImporter
LogPluginManager: Mounting plugin AppleImageUtils
LogPluginManager: Mounting plugin AppleVision
LogPluginManager: Mounting plugin BackChannel
LogPluginManager: Mounting plugin CharacterAI
LogPluginManager: Mounting plugin GeometryCache
LogPluginManager: Mounting plugin HTML5Networking
LogPluginManager: Mounting plugin ProxyLODPlugin
LogPluginManager: Mounting plugin SkeletalReduction
LogPluginManager: Mounting plugin Niagara
LogPluginManager: Mounting plugin MagicLeap
LogPluginManager: Mounting plugin MagicLeapMedia
LogPluginManager: Mounting plugin AndroidMedia
LogPluginManager: Mounting plugin AvfMedia
LogPluginManager: Mounting plugin ImgMedia
LogPluginManager: Mounting plugin LinearTimecode
LogPluginManager: Mounting plugin MediaCompositing
LogPluginManager: Mounting plugin MediaPlayerEditor
LogPluginManager: Mounting plugin WebMMedia
LogPluginManager: Mounting plugin WmfMedia
LogPluginManager: Mounting plugin TcpMessaging
LogPluginManager: Mounting plugin UdpMessaging
LogPluginManager: Mounting plugin ActorSequence
LogPluginManager: Mounting plugin LevelSequenceEditor
LogPluginManager: Mounting plugin MatineeToLevelSequence
LogPluginManager: Mounting plugin NetcodeUnitTest
LogPluginManager: Mounting plugin NUTUnrealEngine4
LogPluginManager: Mounting plugin OnlineSubsystemGooglePlay
LogPluginManager: Mounting plugin OnlineSubsystemIOS
LogPluginManager: Mounting plugin OnlineSubsystem
LogPluginManager: Mounting plugin OnlineSubsystemNull
LogPluginManager: Mounting plugin OnlineSubsystemUtils
LogPluginManager: Mounting plugin LauncherChunkInstaller
LogPluginManager: Mounting plugin AndroidDeviceProfileSelector
LogPluginManager: Mounting plugin AndroidMoviePlayer
LogPluginManager: Mounting plugin AndroidPermission
LogPluginManager: Mounting plugin AppleMoviePlayer
LogPluginManager: Mounting plugin ArchVisCharacter
LogPluginManager: Mounting plugin AudioCapture
LogPluginManager: Mounting plugin CableComponent
LogPluginManager: Mounting plugin CustomMeshComponent
LogPluginManager: Mounting plugin EditableMesh
LogPluginManager: Mounting plugin ExampleDeviceProfileSelector
LogPluginManager: Mounting plugin Firebase
LogPluginManager: Mounting plugin GoogleCloudMessaging
LogPluginManager: Mounting plugin IOSDeviceProfileSelector
LogPluginManager: Mounting plugin LinuxDeviceProfileSelector
LogPluginManager: Mounting plugin LocationServicesBPLibrary
LogPluginManager: Mounting plugin MobilePatchingUtils
LogPluginManager: Mounting plugin OculusVR
LogPluginManager: Mounting plugin PhysXVehicles
LogPluginManager: Mounting plugin ProceduralMeshComponent
LogPluginManager: Mounting plugin RuntimePhysXCooking
LogPluginManager: Mounting plugin SignificanceManager
LogPluginManager: Mounting plugin SteamVR
LogPluginManager: Mounting plugin WebMMoviePlayer
LogPluginManager: Mounting plugin WindowsMoviePlayer
LogInit: Using libcurl 7.55.1-DEV
LogInit:  - built for x86_64-pc-win32
LogInit:  - supports SSL with OpenSSL/1.1.1
LogInit:  - supports HTTP deflate (compression) using libz 1.2.8
LogInit:  - other features:
LogInit:      CURL_VERSION_SSL
LogInit:      CURL_VERSION_LIBZ
LogInit:      CURL_VERSION_IPV6
LogInit:      CURL_VERSION_ASYNCHDNS
LogInit:      CURL_VERSION_LARGEFILE
LogInit:      CURL_VERSION_IDN
LogInit:  CurlRequestOptions (configurable via config and command line):
LogInit:  - bVerifyPeer = true  - Libcurl will verify peer certificate
LogInit:  - bUseHttpProxy = false  - Libcurl will NOT use HTTP proxy
LogInit:  - bDontReuseConnections = false  - Libcurl will reuse connections
LogInit:  - MaxHostConnections = 16  - Libcurl will limit the number of connections to a host
LogInit:  - LocalHostAddr = Default
LogInit:  - BufferSize = 65536
LogInit: WinSock: version 1.1 (2.2), MaxSocks=32767, MaxUdp=65467
LogInit: Build: ++UE4+Release-4.22-CL-7053642
LogInit: Engine Version: 4.22.3-7053642+++UE4+Release-4.22
LogInit: Compatible Engine Version: 4.22.0-5660361+++UE4+Release-4.22
LogInit: Net CL: 5660361
LogInit: OS: Windows 10 (Release 2009) (), CPU: AMD Ryzen 5 5500U with Radeon Graphics         , GPU: AMD Radeon(TM) Graphics
LogInit: Compiled (64-bit): Jun 18 2019 03:09:11
LogInit: Compiled with Visual C++: 19.16.27025.01
LogInit: Build Configuration: Development
LogInit: Branch Name: ++UE4+Release-4.22
LogInit: Command Line: 
LogInit: Base Directory: C:/Program Files/Epic Games/UE_4.22/Engine/Binaries/Win64/
LogInit: Installed Engine Build: 1
LogDevObjectVersion: Number of dev versions registered: 23
LogDevObjectVersion:   Dev-Blueprints (B0D832E4-1F89-4F0D-ACCF-7EB736FD4AA2): 10
LogDevObjectVersion:   Dev-Build (E1C64328-A22C-4D53-A36C-8E866417BD8C): 0
LogDevObjectVersion:   Dev-Core (375EC13C-06E4-48FB-B500-84F0262A717E): 3
LogDevObjectVersion:   Dev-Editor (E4B068ED-F494-42E9-A231-DA0B2E46BB41): 30
LogDevObjectVersion:   Dev-Framework (CFFC743F-43B0-4480-9391-14DF171D2073): 35
LogDevObjectVersion:   Dev-Mobile (B02B49B5-BB20-44E9-A304-32B752E40360): 2
LogDevObjectVersion:   Dev-Networking (A4E4105C-59A1-49B5-A7C5-40C4547EDFEE): 0
LogDevObjectVersion:   Dev-Online (39C831C9-5AE6-47DC-9A44-9C173E1C8E7C): 0
LogDevObjectVersion:   Dev-Physics (78F01B33-EBEA-4F98-B9B4-84EACCB95AA2): 0
LogDevObjectVersion:   Dev-Platform (6631380F-2D4D-43E0-8009-CF276956A95A): 0
LogDevObjectVersion:   Dev-Rendering (12F88B9F-8875-4AFC-A67C-D90C383ABD29): 28
LogDevObjectVersion:   Dev-Sequencer (7B5AE74C-D270-4C10-A958-57980B212A5A): 11
LogDevObjectVersion:   Dev-VR (D7296918-1DD6-4BDD-9DE2-64A83CC13884): 2
LogDevObjectVersion:   Dev-LoadTimes (C2A15278-BFE7-4AFE-6C17-90FF531DF755): 1
LogDevObjectVersion:   Private-Geometry (6EACA3D4-40EC-4CC1-B786-8BED09428FC5): 3
LogDevObjectVersion:   Dev-AnimPhys (29E575DD-E0A3-4627-9D10-D276232CDCEA): 17
LogDevObjectVersion:   Dev-Anim (AF43A65D-7FD3-4947-9873-3E8ED9C1BB05): 2
LogDevObjectVersion:   Dev-ReflectionCapture (6B266CEC-1EC7-4B8F-A30B-E4D90942FC07): 1
LogDevObjectVersion:   Dev-Automation (0DF73D61-A23F-47EA-B727-89E90C41499A): 1
LogDevObjectVersion:   FortniteMain (601D1886-AC64-4F84-AA16-D3DE0DEAC7D6): 25
LogDevObjectVersion:   Dev-Enterprise (9DFFBCD6-494F-0158-E221-12823C92A888): 6
LogDevObjectVersion:   Dev-Niagara (F2AED0AC-9AFE-416F-8664-AA7FFA26D6FC): 1
LogDevObjectVersion:   Dev-Destruction (174F1F0B-B4C6-45A5-B13F-2EE8D0FB917D): 2
LogInit: Presizing for max 16777216 objects, including 0 objects not considered by GC, pre-allocating 0 bytes for permanent pool.
LogInit: Object subsystem initialized
LogConfig: Setting CVar [[con.DebugEarlyDefault:1]]
LogConfig: Setting CVar [[r.setres:1280x720]]
[2024.09.13-15.41.27:418][  0]LogConfig: Setting CVar [[r.VSync:0]]
[2024.09.13-15.41.27:418][  0]LogConfig: Setting CVar [[r.RHICmdBypass:0]]
[2024.09.13-15.41.27:418][  0]LogConfig: Applying CVar settings from Section [/Script/Engine.RendererSettings] File [C:/Users/markr/MarilaOutbreak/ManilaOutbreak-Game/MarilaOubreaks/Saved/Config/Windows/Engine.ini]
[2024.09.13-15.41.27:418][  0]LogConfig: Setting CVar [[r.GPUCrashDebugging:0]]
[2024.09.13-15.41.27:418][  0]LogConfig: Applying CVar settings from Section [/Script/Engine.RendererOverrideSettings] File [C:/Users/markr/MarilaOutbreak/ManilaOutbreak-Game/MarilaOubreaks/Saved/Config/Windows/Engine.ini]
[2024.09.13-15.41.27:418][  0]LogConfig: Applying CVar settings from Section [/Script/Engine.StreamingSettings] File [C:/Users/markr/MarilaOutbreak/ManilaOutbreak-Game/MarilaOubreaks/Saved/Config/Windows/Engine.ini]
[2024.09.13-15.41.27:418][  0]LogConfig: Setting CVar [[s.MinBulkDataSizeForAsyncLoading:131072]]
[2024.09.13-15.41.27:418][  0]LogConfig: Setting CVar [[s.AsyncLoadingThreadEnabled:0]]
[2024.09.13-15.41.27:418][  0]LogConfig: Setting CVar [[s.EventDrivenLoaderEnabled:1]]
[2024.09.13-15.41.27:418][  0]LogConfig: Setting CVar [[s.WarnIfTimeLimitExceeded:0]]
[2024.09.13-15.41.27:418][  0]LogConfig: Setting CVar [[s.TimeLimitExceededMultiplier:1.5]]
[2024.09.13-15.41.27:418][  0]LogConfig: Setting CVar [[s.TimeLimitExceededMinTime:0.005]]
[2024.09.13-15.41.27:418][  0]LogConfig: Setting CVar [[s.UseBackgroundLevelStreaming:1]]
[2024.09.13-15.41.27:418][  0]LogConfig: Setting CVar [[s.PriorityAsyncLoadingExtraTime:15.0]]
[2024.09.13-15.41.27:418][  0]LogConfig: Setting CVar [[s.LevelStreamingActorsUpdateTimeLimit:5.0]]
[2024.09.13-15.41.27:418][  0]LogConfig: Setting CVar [[s.PriorityLevelStreamingActorsUpdateExtraTime:5.0]]
[2024.09.13-15.41.27:418][  0]LogConfig: Setting CVar [[s.LevelStreamingComponentsRegistrationGranularity:10]]
[2024.09.13-15.41.27:418][  0]LogConfig: Setting CVar [[s.UnregisterComponentsTimeLimit:1.0]]
[2024.09.13-15.41.27:418][  0]LogConfig: Setting CVar [[s.LevelStreamingComponentsUnregistrationGranularity:5]]
[2024.09.13-15.41.27:418][  0]LogConfig: Applying CVar settings from Section [/Script/Engine.GarbageCollectionSettings] File [C:/Users/markr/MarilaOutbreak/ManilaOutbreak-Game/MarilaOubreaks/Saved/Config/Windows/Engine.ini]
[2024.09.13-15.41.27:418][  0]LogConfig: Setting CVar [[gc.MaxObjectsNotConsideredByGC:1]]
[2024.09.13-15.41.27:418][  0]LogConfig: Setting CVar [[gc.SizeOfPermanentObjectPool:0]]
[2024.09.13-15.41.27:418][  0]LogConfig: Setting CVar [[gc.FlushStreamingOnGC:0]]
[2024.09.13-15.41.27:418][  0]LogConfig: Setting CVar [[gc.NumRetriesBeforeForcingGC:10]]
[2024.09.13-15.41.27:418][  0]LogConfig: Setting CVar [[gc.AllowParallelGC:1]]
[2024.09.13-15.41.27:418][  0]LogConfig: Setting CVar [[gc.TimeBetweenPurgingPendingKillObjects:61.1]]
[2024.09.13-15.41.27:418][  0]LogConfig: Setting CVar [[gc.MaxObjectsInEditor:16777216]]
[2024.09.13-15.41.27:418][  0]LogConfig: Setting CVar [[gc.IncrementalBeginDestroyEnabled:1]]
[2024.09.13-15.41.27:418][  0]LogConfig: Setting CVar [[gc.CreateGCClusters:1]]
[2024.09.13-15.41.27:418][  0]LogConfig: Setting CVar [[gc.MinGCClusterSize:5]]
[2024.09.13-15.41.27:418][  0]LogConfig: Setting CVar [[gc.ActorClusteringEnabled:0]]
[2024.09.13-15.41.27:418][  0]LogConfig: Setting CVar [[gc.BlueprintClusteringEnabled:0]]
[2024.09.13-15.41.27:418][  0]LogConfig: Setting CVar [[gc.UseDisregardForGCOnDedicatedServers:0]]
[2024.09.13-15.41.27:418][  0]LogConfig: Applying CVar settings from Section [/Script/Engine.NetworkSettings] File [C:/Users/markr/MarilaOutbreak/ManilaOutbreak-Game/MarilaOubreaks/Saved/Config/Windows/Engine.ini]
[2024.09.13-15.41.27:418][  0]LogConfig: Applying CVar settings from Section [/Script/UnrealEd.CookerSettings] File [C:/Users/markr/MarilaOutbreak/ManilaOutbreak-Game/MarilaOubreaks/Saved/Config/Windows/Engine.ini]
[2024.09.13-15.41.27:420][  0]LogConfig: Applying CVar settings from Section [ViewDistanceQuality@3] File [C:/Users/markr/MarilaOutbreak/ManilaOutbreak-Game/MarilaOubreaks/Saved/Config/Windows/Scalability.ini]
[2024.09.13-15.41.27:420][  0]LogConfig: Setting CVar [[r.SkeletalMeshLODBias:0]]
[2024.09.13-15.41.27:420][  0]LogConfig: Setting CVar [[r.ViewDistanceScale:1.0]]
[2024.09.13-15.41.27:420][  0]LogConfig: Applying CVar settings from Section [AntiAliasingQuality@3] File [C:/Users/markr/MarilaOutbreak/ManilaOutbreak-Game/MarilaOubreaks/Saved/Config/Windows/Scalability.ini]
[2024.09.13-15.41.27:420][  0]LogConfig: Setting CVar [[r.PostProcessAAQuality:4]]
[2024.09.13-15.41.27:420][  0]LogConfig: Applying CVar settings from Section [ShadowQuality@3] File [C:/Users/markr/MarilaOutbreak/ManilaOutbreak-Game/MarilaOubreaks/Saved/Config/Windows/Scalability.ini]
[2024.09.13-15.41.27:420][  0]LogConfig: Setting CVar [[r.LightFunctionQuality:1]]
[2024.09.13-15.41.27:420][  0]LogConfig: Setting CVar [[r.ShadowQuality:5]]
[2024.09.13-15.41.27:420][  0]LogConfig: Setting CVar [[r.Shadow.CSM.MaxCascades:10]]
[2024.09.13-15.41.27:420][  0]LogConfig: Setting CVar [[r.Shadow.MaxResolution:2048]]
[2024.09.13-15.41.27:420][  0]LogConfig: Setting CVar [[r.Shadow.MaxCSMResolution:2048]]
[2024.09.13-15.41.27:420][  0]LogConfig: Setting CVar [[r.Shadow.RadiusThreshold:0.01]]
[2024.09.13-15.41.27:420][  0]LogConfig: Setting CVar [[r.Shadow.DistanceScale:1.0]]
[2024.09.13-15.41.27:420][  0]LogConfig: Setting CVar [[r.Shadow.CSM.TransitionScale:1.0]]
[2024.09.13-15.41.27:420][  0]LogConfig: Setting CVar [[r.Shadow.PreShadowResolutionFactor:1.0]]
[2024.09.13-15.41.27:420][  0]LogConfig: Setting CVar [[r.DistanceFieldShadowing:1]]
[2024.09.13-15.41.27:420][  0]LogConfig: Setting CVar [[r.DistanceFieldAO:1]]
[2024.09.13-15.41.27:420][  0]LogConfig: Setting CVar [[r.AOQuality:2]]
[2024.09.13-15.41.27:420][  0]LogConfig: Setting CVar [[r.VolumetricFog:1]]
[2024.09.13-15.41.27:420][  0]LogConfig: Setting CVar [[r.VolumetricFog.GridPixelSize:8]]
[2024.09.13-15.41.27:420][  0]LogConfig: Setting CVar [[r.VolumetricFog.GridSizeZ:128]]
[2024.09.13-15.41.27:420][  0]LogConfig: Setting CVar [[r.VolumetricFog.HistoryMissSupersampleCount:4]]
[2024.09.13-15.41.27:420][  0]LogConfig: Setting CVar [[r.LightMaxDrawDistanceScale:1]]
[2024.09.13-15.41.27:420][  0]LogConfig: Setting CVar [[r.CapsuleShadows:1]]
[2024.09.13-15.41.27:420][  0]LogConfig: Applying CVar settings from Section [PostProcessQuality@3] File [C:/Users/markr/MarilaOutbreak/ManilaOutbreak-Game/MarilaOubreaks/Saved/Config/Windows/Scalability.ini]
[2024.09.13-15.41.27:420][  0]LogConfig: Setting CVar [[r.MotionBlurQuality:4]]
[2024.09.13-15.41.27:420][  0]LogConfig: Setting CVar [[r.AmbientOcclusionMipLevelFactor:0.4]]
[2024.09.13-15.41.27:420][  0]LogConfig: Setting CVar [[r.AmbientOcclusionMaxQuality:100]]
[2024.09.13-15.41.27:420][  0]LogConfig: Setting CVar [[r.AmbientOcclusionLevels:-1]]
[2024.09.13-15.41.27:420][  0]LogConfig: Setting CVar [[r.AmbientOcclusionRadiusScale:1.0]]
[2024.09.13-15.41.27:420][  0]LogConfig: Setting CVar [[r.DepthOfFieldQuality:2]]
[2024.09.13-15.41.27:420][  0]LogConfig: Setting CVar [[r.RenderTargetPoolMin:400]]
[2024.09.13-15.41.27:420][  0]LogConfig: Setting CVar [[r.LensFlareQuality:2]]
[2024.09.13-15.41.27:420][  0]LogConfig: Setting CVar [[r.SceneColorFringeQuality:1]]
[2024.09.13-15.41.27:420][  0]LogConfig: Setting CVar [[r.EyeAdaptationQuality:2]]
[2024.09.13-15.41.27:420][  0]LogConfig: Setting CVar [[r.BloomQuality:5]]
[2024.09.13-15.41.27:420][  0]LogConfig: Setting CVar [[r.FastBlurThreshold:100]]
[2024.09.13-15.41.27:420][  0]LogConfig: Setting CVar [[r.Upscale.Quality:3]]
[2024.09.13-15.41.27:420][  0]LogConfig: Setting CVar [[r.Tonemapper.GrainQuantization:1]]
[2024.09.13-15.41.27:420][  0]LogConfig: Setting CVar [[r.LightShaftQuality:1]]
[2024.09.13-15.41.27:420][  0]LogConfig: Setting CVar [[r.Filter.SizeScale:1]]
[2024.09.13-15.41.27:420][  0]LogConfig: Setting CVar [[r.Tonemapper.Quality:5]]
[2024.09.13-15.41.27:420][  0]LogConfig: Setting CVar [[r.DOF.Gather.AccumulatorQuality:1        ; higher gathering accumulator quality]]
[2024.09.13-15.41.27:420][  0]LogConfig: Setting CVar [[r.DOF.Gather.PostfilterMethod:1          ; Median3x3 postfilering method]]
[2024.09.13-15.41.27:420][  0]LogConfig: Setting CVar [[r.DOF.Gather.EnableBokehSettings:0       ; no bokeh simulation when gathering]]
[2024.09.13-15.41.27:420][  0]LogConfig: Setting CVar [[r.DOF.Gather.RingCount:4                 ; medium number of samples when gathering]]
[2024.09.13-15.41.27:420][  0]LogConfig: Setting CVar [[r.DOF.Scatter.ForegroundCompositing:1    ; additive foreground scattering]]
[2024.09.13-15.41.27:420][  0]LogConfig: Setting CVar [[r.DOF.Scatter.BackgroundCompositing:2    ; additive background scattering]]
[2024.09.13-15.41.27:420][  0]LogConfig: Setting CVar [[r.DOF.Scatter.EnableBokehSettings:1      ; bokeh simulation when scattering]]
[2024.09.13-15.41.27:420][  0]LogConfig: Setting CVar [[r.DOF.Scatter.MaxSpriteRatio:0.1         ; only a maximum of 10% of scattered bokeh]]
[2024.09.13-15.41.27:420][  0]LogConfig: Setting CVar [[r.DOF.Recombine.Quality:1                ; cheap slight out of focus]]
[2024.09.13-15.41.27:420][  0]LogConfig: Setting CVar [[r.DOF.Recombine.EnableBokehSettings:0    ; no bokeh simulation on slight out of focus]]
[2024.09.13-15.41.27:420][  0]LogConfig: Setting CVar [[r.DOF.TemporalAAQuality:1                ; more stable temporal accumulation]]
[2024.09.13-15.41.27:420][  0]LogConfig: Setting CVar [[r.DOF.Kernel.MaxForegroundRadius:0.025]]
[2024.09.13-15.41.27:420][  0]LogConfig: Setting CVar [[r.DOF.Kernel.MaxBackgroundRadius:0.025]]
[2024.09.13-15.41.27:420][  0]LogConfig: Applying CVar settings from Section [TextureQuality@3] File [C:/Users/markr/MarilaOutbreak/ManilaOutbreak-Game/MarilaOubreaks/Saved/Config/Windows/Scalability.ini]
[2024.09.13-15.41.27:420][  0]LogConfig: Setting CVar [[r.Streaming.MipBias:0]]
[2024.09.13-15.41.27:420][  0]LogConfig: Setting CVar [[r.Streaming.AmortizeCPUToGPUCopy:0]]
[2024.09.13-15.41.27:420][  0]LogConfig: Setting CVar [[r.Streaming.MaxNumTexturesToStreamPerFrame:0]]
[2024.09.13-15.41.27:420][  0]LogConfig: Setting CVar [[r.Streaming.Boost:1]]
[2024.09.13-15.41.27:420][  0]LogConfig: Setting CVar [[r.MaxAnisotropy:8]]
[2024.09.13-15.41.27:420][  0]LogConfig: Setting CVar [[r.Streaming.LimitPoolSizeToVRAM:0]]
[2024.09.13-15.41.27:420][  0]LogConfig: Setting CVar [[r.Streaming.PoolSize:1000]]
[2024.09.13-15.41.27:420][  0]LogConfig: Setting CVar [[r.Streaming.MaxEffectiveScreenSize:0]]
[2024.09.13-15.41.27:420][  0]LogConfig: Applying CVar settings from Section [EffectsQuality@3] File [C:/Users/markr/MarilaOutbreak/ManilaOutbreak-Game/MarilaOubreaks/Saved/Config/Windows/Scalability.ini]
[2024.09.13-15.41.27:420][  0]LogConfig: Setting CVar [[r.TranslucencyLightingVolumeDim:64]]
[2024.09.13-15.41.27:420][  0]LogConfig: Setting CVar [[r.RefractionQuality:2]]
[2024.09.13-15.41.27:420][  0]LogConfig: Setting CVar [[r.SSR.Quality:3]]
[2024.09.13-15.41.27:420][  0]LogConfig: Setting CVar [[r.SceneColorFormat:4]]
[2024.09.13-15.41.27:420][  0]LogConfig: Setting CVar [[r.DetailMode:2]]
[2024.09.13-15.41.27:420][  0]LogConfig: Setting CVar [[r.TranslucencyVolumeBlur:1]]
[2024.09.13-15.41.27:420][  0]LogConfig: Setting CVar [[r.MaterialQualityLevel:1 ; High quality]]
[2024.09.13-15.41.27:420][  0]LogConfig: Setting CVar [[r.SSS.Scale:1]]
[2024.09.13-15.41.27:420][  0]LogConfig: Setting CVar [[r.SSS.SampleSet:2]]
[2024.09.13-15.41.27:420][  0]LogConfig: Setting CVar [[r.SSS.Quality:1]]
[2024.09.13-15.41.27:420][  0]LogConfig: Setting CVar [[r.SSS.HalfRes:1]]
[2024.09.13-15.41.27:420][  0]LogConfig: Setting CVar [[r.EmitterSpawnRateScale:1.0]]
[2024.09.13-15.41.27:420][  0]LogConfig: Setting CVar [[r.ParticleLightQuality:2]]
[2024.09.13-15.41.27:420][  0]LogConfig: Applying CVar settings from Section [FoliageQuality@3] File [C:/Users/markr/MarilaOutbreak/ManilaOutbreak-Game/MarilaOubreaks/Saved/Config/Windows/Scalability.ini]
[2024.09.13-15.41.27:420][  0]LogConfig: Setting CVar [[foliage.DensityScale:1.0]]
[2024.09.13-15.41.27:420][  0]LogConfig: Setting CVar [[grass.DensityScale:1.0]]
[2024.09.13-15.41.27:420][  0]LogInit: Selected Device Profile: [Windows]
[2024.09.13-15.41.27:420][  0]LogInit: Applying CVar settings loaded from the selected device profile: [Windows]
[2024.09.13-15.41.27:429][  0]LogHAL: Display: Platform has ~ 8 GB [7879598080 / 8589934592 / 8], which maps to Default [LargestMinGB=32, LargerMinGB=12, DefaultMinGB=8, SmallerMinGB=6, SmallestMinGB=0)
[2024.09.13-15.41.27:429][  0]LogConfig: Setting CVar [[r.Vulkan.UseRealUBs:0		; Required until we fix HLR fall-out]]
[2024.09.13-15.41.27:429][  0]LogInit: Going up to parent DeviceProfile []
[2024.09.13-15.41.27:429][  0]LogConfig: Applying CVar settings from Section [ViewDistanceQuality@2] File [C:/Users/markr/MarilaOutbreak/ManilaOutbreak-Game/MarilaOubreaks/Saved/Config/Windows/Scalability.ini]
[2024.09.13-15.41.27:429][  0]LogConfig: Setting CVar [[r.SkeletalMeshLODBias:0]]
[2024.09.13-15.41.27:429][  0]LogConfig: Setting CVar [[r.ViewDistanceScale:0.8]]
[2024.09.13-15.41.27:429][  0]LogConfig: Applying CVar settings from Section [AntiAliasingQuality@2] File [C:/Users/markr/MarilaOutbreak/ManilaOutbreak-Game/MarilaOubreaks/Saved/Config/Windows/Scalability.ini]
[2024.09.13-15.41.27:429][  0]LogConfig: Setting CVar [[r.PostProcessAAQuality:3]]
[2024.09.13-15.41.27:429][  0]LogConfig: Applying CVar settings from Section [ShadowQuality@2] File [C:/Users/markr/MarilaOutbreak/ManilaOutbreak-Game/MarilaOubreaks/Saved/Config/Windows/Scalability.ini]
[2024.09.13-15.41.27:429][  0]LogConfig: Setting CVar [[r.LightFunctionQuality:1]]
[2024.09.13-15.41.27:429][  0]LogConfig: Setting CVar [[r.ShadowQuality:5]]
[2024.09.13-15.41.27:429][  0]LogConfig: Setting CVar [[r.Shadow.CSM.MaxCascades:4]]
[2024.09.13-15.41.27:429][  0]LogConfig: Setting CVar [[r.Shadow.MaxResolution:1024]]
[2024.09.13-15.41.27:429][  0]LogConfig: Setting CVar [[r.Shadow.MaxCSMResolution:2048]]
[2024.09.13-15.41.27:429][  0]LogConfig: Setting CVar [[r.Shadow.RadiusThreshold:0.04]]
[2024.09.13-15.41.27:429][  0]LogConfig: Setting CVar [[r.Shadow.DistanceScale:0.85]]
[2024.09.13-15.41.27:429][  0]LogConfig: Setting CVar [[r.Shadow.CSM.TransitionScale:0.8]]
[2024.09.13-15.41.27:429][  0]LogConfig: Setting CVar [[r.Shadow.PreShadowResolutionFactor:0.5]]
[2024.09.13-15.41.27:430][  0]LogConfig: Setting CVar [[r.DistanceFieldShadowing:1]]
[2024.09.13-15.41.27:430][  0]LogConfig: Setting CVar [[r.DistanceFieldAO:1]]
[2024.09.13-15.41.27:430][  0]LogConfig: Setting CVar [[r.AOQuality:1]]
[2024.09.13-15.41.27:430][  0]LogConfig: Setting CVar [[r.VolumetricFog:1]]
[2024.09.13-15.41.27:430][  0]LogConfig: Setting CVar [[r.VolumetricFog.GridPixelSize:16]]
[2024.09.13-15.41.27:430][  0]LogConfig: Setting CVar [[r.VolumetricFog.GridSizeZ:64]]
[2024.09.13-15.41.27:430][  0]LogConfig: Setting CVar [[r.VolumetricFog.HistoryMissSupersampleCount:4]]
[2024.09.13-15.41.27:430][  0]LogConfig: Setting CVar [[r.LightMaxDrawDistanceScale:1]]
[2024.09.13-15.41.27:430][  0]LogConfig: Setting CVar [[r.CapsuleShadows:1]]
[2024.09.13-15.41.27:430][  0]LogConfig: Applying CVar settings from Section [PostProcessQuality@2] File [C:/Users/markr/MarilaOutbreak/ManilaOutbreak-Game/MarilaOubreaks/Saved/Config/Windows/Scalability.ini]
[2024.09.13-15.41.27:430][  0]LogConfig: Setting CVar [[r.MotionBlurQuality:3]]
[2024.09.13-15.41.27:430][  0]LogConfig: Setting CVar [[r.AmbientOcclusionMipLevelFactor:0.6]]
[2024.09.13-15.41.27:430][  0]LogConfig: Setting CVar [[r.AmbientOcclusionMaxQuality:100]]
[2024.09.13-15.41.27:430][  0]LogConfig: Setting CVar [[r.AmbientOcclusionLevels:-1]]
[2024.09.13-15.41.27:430][  0]LogConfig: Setting CVar [[r.AmbientOcclusionRadiusScale:1.5]]
[2024.09.13-15.41.27:430][  0]LogConfig: Setting CVar [[r.DepthOfFieldQuality:2]]
[2024.09.13-15.41.27:430][  0]LogConfig: Setting CVar [[r.RenderTargetPoolMin:400]]
[2024.09.13-15.41.27:430][  0]LogConfig: Setting CVar [[r.LensFlareQuality:2]]
[2024.09.13-15.41.27:430][  0]LogConfig: Setting CVar [[r.SceneColorFringeQuality:1]]
[2024.09.13-15.41.27:430][  0]LogConfig: Setting CVar [[r.EyeAdaptationQuality:2]]
[2024.09.13-15.41.27:430][  0]LogConfig: Setting CVar [[r.BloomQuality:5]]
[2024.09.13-15.41.27:430][  0]LogConfig: Setting CVar [[r.FastBlurThreshold:3]]
[2024.09.13-15.41.27:430][  0]LogConfig: Setting CVar [[r.Upscale.Quality:2]]
[2024.09.13-15.41.27:430][  0]LogConfig: Setting CVar [[r.Tonemapper.GrainQuantization:1]]
[2024.09.13-15.41.27:430][  0]LogConfig: Setting CVar [[r.LightShaftQuality:1]]
[2024.09.13-15.41.27:430][  0]LogConfig: Setting CVar [[r.Filter.SizeScale:0.8]]
[2024.09.13-15.41.27:430][  0]LogConfig: Setting CVar [[r.Tonemapper.Quality:5]]
[2024.09.13-15.41.27:430][  0]LogConfig: Setting CVar [[r.DOF.Gather.AccumulatorQuality:0        ; lower gathering accumulator quality]]
[2024.09.13-15.41.27:430][  0]LogConfig: Setting CVar [[r.DOF.Gather.PostfilterMethod:2          ; Max3x3 postfilering method]]
[2024.09.13-15.41.27:430][  0]LogConfig: Setting CVar [[r.DOF.Gather.EnableBokehSettings:0       ; no bokeh simulation when gathering]]
[2024.09.13-15.41.27:430][  0]LogConfig: Setting CVar [[r.DOF.Gather.RingCount:4                 ; medium number of samples when gathering]]
[2024.09.13-15.41.27:430][  0]LogConfig: Setting CVar [[r.DOF.Scatter.ForegroundCompositing:1    ; additive foreground scattering]]
[2024.09.13-15.41.27:430][  0]LogConfig: Setting CVar [[r.DOF.Scatter.BackgroundCompositing:1    ; no background occlusion]]
[2024.09.13-15.41.27:430][  0]LogConfig: Setting CVar [[r.DOF.Scatter.EnableBokehSettings:0      ; no bokeh simulation when scattering]]
[2024.09.13-15.41.27:430][  0]LogConfig: Setting CVar [[r.DOF.Scatter.MaxSpriteRatio:0.04        ; only a maximum of 4% of scattered bokeh]]
[2024.09.13-15.41.27:430][  0]LogConfig: Setting CVar [[r.DOF.Recombine.Quality:0                ; no slight out of focus]]
[2024.09.13-15.41.27:430][  0]LogConfig: Setting CVar [[r.DOF.TemporalAAQuality:0                ; faster temporal accumulation]]
[2024.09.13-15.41.27:430][  0]LogConfig: Setting CVar [[r.DOF.Kernel.MaxForegroundRadius:0.012   ; required because of AccumulatorQuality=0]]
[2024.09.13-15.41.27:430][  0]LogConfig: Setting CVar [[r.DOF.Kernel.MaxBackgroundRadius:0.012   ; required because of AccumulatorQuality=0]]
[2024.09.13-15.41.27:430][  0]LogConfig: Applying CVar settings from Section [TextureQuality@2] File [C:/Users/markr/MarilaOutbreak/ManilaOutbreak-Game/MarilaOubreaks/Saved/Config/Windows/Scalability.ini]
[2024.09.13-15.41.27:430][  0]LogConfig: Setting CVar [[r.Streaming.MipBias:0]]
[2024.09.13-15.41.27:430][  0]LogConfig: Setting CVar [[r.Streaming.AmortizeCPUToGPUCopy:0]]
[2024.09.13-15.41.27:430][  0]LogConfig: Setting CVar [[r.Streaming.MaxNumTexturesToStreamPerFrame:0]]
[2024.09.13-15.41.27:430][  0]LogConfig: Setting CVar [[r.Streaming.Boost:1]]
[2024.09.13-15.41.27:430][  0]LogConfig: Setting CVar [[r.MaxAnisotropy:4]]
[2024.09.13-15.41.27:430][  0]LogConfig: Setting CVar [[r.Streaming.LimitPoolSizeToVRAM:1]]
[2024.09.13-15.41.27:430][  0]LogConfig: Setting CVar [[r.Streaming.PoolSize:800]]
[2024.09.13-15.41.27:430][  0]LogConfig: Setting CVar [[r.Streaming.MaxEffectiveScreenSize:0]]
[2024.09.13-15.41.27:430][  0]LogConfig: Applying CVar settings from Section [EffectsQuality@2] File [C:/Users/markr/MarilaOutbreak/ManilaOutbreak-Game/MarilaOubreaks/Saved/Config/Windows/Scalability.ini]
[2024.09.13-15.41.27:430][  0]LogConfig: Setting CVar [[r.TranslucencyLightingVolumeDim:48]]
[2024.09.13-15.41.27:430][  0]LogConfig: Setting CVar [[r.RefractionQuality:2]]
[2024.09.13-15.41.27:430][  0]LogConfig: Setting CVar [[r.SSR.Quality:2]]
[2024.09.13-15.41.27:430][  0]LogConfig: Setting CVar [[r.SceneColorFormat:3]]
[2024.09.13-15.41.27:430][  0]LogConfig: Setting CVar [[r.DetailMode:1]]
[2024.09.13-15.41.27:430][  0]LogConfig: Setting CVar [[r.TranslucencyVolumeBlur:1]]
[2024.09.13-15.41.27:430][  0]LogConfig: Setting CVar [[r.MaterialQualityLevel:1 ; High quality]]
[2024.09.13-15.41.27:430][  0]LogConfig: Setting CVar [[r.SSS.Scale:1]]
[2024.09.13-15.41.27:430][  0]LogConfig: Setting CVar [[r.SSS.SampleSet:1]]
[2024.09.13-15.41.27:430][  0]LogConfig: Setting CVar [[r.SSS.Quality:-1]]
[2024.09.13-15.41.27:430][  0]LogConfig: Setting CVar [[r.SSS.HalfRes:1]]
[2024.09.13-15.41.27:430][  0]LogConfig: Setting CVar [[r.EmitterSpawnRateScale:0.5]]
[2024.09.13-15.41.27:430][  0]LogConfig: Setting CVar [[r.ParticleLightQuality:1]]
[2024.09.13-15.41.27:430][  0]LogConfig: Applying CVar settings from Section [FoliageQuality@2] File [C:/Users/markr/MarilaOutbreak/ManilaOutbreak-Game/MarilaOubreaks/Saved/Config/Windows/Scalability.ini]
[2024.09.13-15.41.27:430][  0]LogConfig: Setting CVar [[foliage.DensityScale:0.8]]
[2024.09.13-15.41.27:430][  0]LogConfig: Setting CVar [[grass.DensityScale:0.8]]
[2024.09.13-15.41.27:430][  0]LogConfig: Applying CVar settings from Section [Startup] File [../../../Engine/Config/ConsoleVariables.ini]
[2024.09.13-15.41.27:430][  0]LogConfig: Setting CVar [[net.UseAdaptiveNetUpdateFrequency:0]]
[2024.09.13-15.41.27:430][  0]LogConfig: Setting CVar [[p.chaos.AllowCreatePhysxBodies:1]]
[2024.09.13-15.41.27:430][  0]LogConfig: Applying CVar settings from Section [ConsoleVariables] File [C:/Users/markr/MarilaOutbreak/ManilaOutbreak-Game/MarilaOubreaks/Saved/Config/Windows/Engine.ini]
[2024.09.13-15.41.27:430][  0]LogInit: Computer: FEEDER
[2024.09.13-15.41.27:430][  0]LogInit: User: markr
[2024.09.13-15.41.27:431][  0]LogInit: CPU Page size=4096, Cores=6
[2024.09.13-15.41.27:431][  0]LogInit: High frequency timer resolution =10.000000 MHz
[2024.09.13-15.41.27:431][  0]LogMemory: Memory total: Physical=7.3GB (8GB approx)
[2024.09.13-15.41.27:431][  0]LogMemory: Platform Memory Stats for Windows
[2024.09.13-15.41.27:431][  0]LogMemory: Process Physical Memory: 101.06 MB used, 101.06 MB peak
[2024.09.13-15.41.27:431][  0]LogMemory: Process Virtual Memory: 102.65 MB used, 102.65 MB peak
[2024.09.13-15.41.27:431][  0]LogMemory: Physical Memory: 4292.62 MB used,  3221.95 MB free, 7514.57 MB total
[2024.09.13-15.41.27:431][  0]LogMemory: Virtual Memory: 4682.04 MB used,  134213048.00 MB free, 134217728.00 MB total
[2024.09.13-15.41.27:468][  0]LogInit: Using OS detected language (en-US).
[2024.09.13-15.41.27:468][  0]LogInit: Using OS detected locale (en-PH).
[2024.09.13-15.41.27:468][  0]LogTextLocalizationManager: No specific localization for 'en-US' exists, so the 'en' localization will be used.
[2024.09.13-15.41.27:627][  0]LogInit: Setting process to per monitor DPI aware
[2024.09.13-15.41.27:658][  0]LogSlate: New Slate User Created.  User Index 0, Is Virtual User: 0
[2024.09.13-15.41.27:658][  0]LogSlate: Slate User Registered.  User Index 0, Is Virtual User: 0
[2024.09.13-15.41.27:830][  0]LogHMD: Failed to initialize OpenVR with code 110
[2024.09.13-15.41.27:830][  0]LogD3D11RHI: D3D11 adapters:
[2024.09.13-15.41.27:965][  0]LogD3D11RHI:    0. 'NVIDIA GeForce RTX 3050 Laptop GPU' (Feature Level 11_0)
[2024.09.13-15.41.27:965][  0]LogD3D11RHI:       3964/0/3757 MB DedicatedVideo/DedicatedSystem/SharedSystem, Outputs:1, VendorId:0x10de
[2024.09.13-15.41.28:010][  0]LogD3D11RHI:    1. 'AMD Radeon(TM) Graphics' (Feature Level 11_0)
[2024.09.13-15.41.28:010][  0]LogD3D11RHI:       495/0/3757 MB DedicatedVideo/DedicatedSystem/SharedSystem, Outputs:0, VendorId:0x1002
[2024.09.13-15.41.28:013][  0]LogD3D11RHI:    2. 'Microsoft Basic Render Driver' (Feature Level 11_0)
[2024.09.13-15.41.28:013][  0]LogD3D11RHI:       0/0/3757 MB DedicatedVideo/DedicatedSystem/SharedSystem, Outputs:0, VendorId:0x1414
[2024.09.13-15.41.28:013][  0]LogD3D11RHI: Chosen D3D11 Adapter: 0
[2024.09.13-15.41.28:019][  0]LogD3D11RHI: Creating new Direct3DDevice
[2024.09.13-15.41.28:019][  0]LogD3D11RHI:     GPU DeviceId: 0x25a2 (for the marketing name, search the web for "GPU Device Id")
[2024.09.13-15.41.28:019][  0]LogWindows: EnumDisplayDevices:
[2024.09.13-15.41.28:020][  0]LogWindows:    0. 'AMD Radeon(TM) Graphics' (P:1 D:1)
[2024.09.13-15.41.28:020][  0]LogWindows:    1. 'AMD Radeon(TM) Graphics' (P:0 D:0)
[2024.09.13-15.41.28:020][  0]LogWindows:    2. 'AMD Radeon(TM) Graphics' (P:0 D:0)
[2024.09.13-15.41.28:020][  0]LogWindows: DebugString: PrimaryIsNotTheChoosenAdapter PrimaryIsNotTheChoosenAdapter PrimaryIsNotTheChoosenAdapter FoundDriverCount:0 
[2024.09.13-15.41.28:020][  0]LogD3D11RHI:     Adapter Name: NVIDIA GeForce RTX 3050 Laptop GPU
[2024.09.13-15.41.28:020][  0]LogD3D11RHI:   Driver Version: Unknown (internal:Unknown, unified:Unknown)
[2024.09.13-15.41.28:020][  0]LogD3D11RHI:      Driver Date: Unknown
[2024.09.13-15.41.28:020][  0]LogRHI: Texture pool is 2774 MB (70% of 3964 MB)
[2024.09.13-15.41.28:093][  0]LogD3D11RHI: Async texture creation enabled
[2024.09.13-15.41.28:100][  0]LogRendererCore: FGlobalReadBuffer::InitRHI
[2024.09.13-15.41.28:100][  0]LogRendererCore: FGlobalReadBuffer::InitRHI
[2024.09.13-15.41.28:100][  0]LogRendererCore: FGlobalReadBuffer::InitRHI
[2024.09.13-15.41.28:108][  0]LogD3D11RHI: GPU Timing Frequency: 1000.000000 (Debug: 2 1)
[2024.09.13-15.41.28:393][  0]LogTemp: Display: Module 'AllDesktopTargetPlatform' loaded TargetPlatform 'AllDesktop'
[2024.09.13-15.41.28:407][  0]LogTemp: Display: Module 'MacClientTargetPlatform' loaded TargetPlatform 'MacClient'
[2024.09.13-15.41.28:422][  0]LogTemp: Display: Module 'MacNoEditorTargetPlatform' loaded TargetPlatform 'MacNoEditor'
[2024.09.13-15.41.28:436][  0]LogTemp: Display: Module 'MacServerTargetPlatform' loaded TargetPlatform 'MacServer'
[2024.09.13-15.41.28:451][  0]LogTemp: Display: Module 'MacTargetPlatform' loaded TargetPlatform 'Mac'
[2024.09.13-15.41.28:465][  0]LogTemp: Display: Module 'WindowsClientTargetPlatform' loaded TargetPlatform 'WindowsClient'
[2024.09.13-15.41.28:480][  0]LogTemp: Display: Module 'WindowsNoEditorTargetPlatform' loaded TargetPlatform 'WindowsNoEditor'
[2024.09.13-15.41.28:495][  0]LogTemp: Display: Module 'WindowsServerTargetPlatform' loaded TargetPlatform 'WindowsServer'
[2024.09.13-15.41.28:502][  0]LogTemp: Display: Module 'WindowsTargetPlatform' loaded TargetPlatform 'Windows'
[2024.09.13-15.41.28:587][  0]LogTemp: Display: Module 'AndroidTargetPlatform' loaded TargetPlatform 'Android'
[2024.09.13-15.41.28:587][  0]LogTemp: Display: Module 'AndroidTargetPlatform' loaded TargetPlatform 'Android_ASTC'
[2024.09.13-15.41.28:587][  0]LogTemp: Display: Module 'AndroidTargetPlatform' loaded TargetPlatform 'Android_ATC'
[2024.09.13-15.41.28:587][  0]LogTemp: Display: Module 'AndroidTargetPlatform' loaded TargetPlatform 'Android_DXT'
[2024.09.13-15.41.28:587][  0]LogTemp: Display: Module 'AndroidTargetPlatform' loaded TargetPlatform 'Android_ETC1'
[2024.09.13-15.41.28:587][  0]LogTemp: Display: Module 'AndroidTargetPlatform' loaded TargetPlatform 'Android_ETC1a'
[2024.09.13-15.41.28:587][  0]LogTemp: Display: Module 'AndroidTargetPlatform' loaded TargetPlatform 'Android_ETC2'
[2024.09.13-15.41.28:587][  0]LogTemp: Display: Module 'AndroidTargetPlatform' loaded TargetPlatform 'Android_PVRTC'
[2024.09.13-15.41.28:587][  0]LogTemp: Display: Module 'AndroidTargetPlatform' loaded TargetPlatform 'AndroidClient'
[2024.09.13-15.41.28:587][  0]LogTemp: Display: Module 'AndroidTargetPlatform' loaded TargetPlatform 'Android_ASTCClient'
[2024.09.13-15.41.28:587][  0]LogTemp: Display: Module 'AndroidTargetPlatform' loaded TargetPlatform 'Android_ATCClient'
[2024.09.13-15.41.28:587][  0]LogTemp: Display: Module 'AndroidTargetPlatform' loaded TargetPlatform 'Android_DXTClient'
[2024.09.13-15.41.28:587][  0]LogTemp: Display: Module 'AndroidTargetPlatform' loaded TargetPlatform 'Android_ETC1Client'
[2024.09.13-15.41.28:587][  0]LogTemp: Display: Module 'AndroidTargetPlatform' loaded TargetPlatform 'Android_ETC1aClient'
[2024.09.13-15.41.28:587][  0]LogTemp: Display: Module 'AndroidTargetPlatform' loaded TargetPlatform 'Android_ETC2Client'
[2024.09.13-15.41.28:587][  0]LogTemp: Display: Module 'AndroidTargetPlatform' loaded TargetPlatform 'Android_PVRTCClient'
[2024.09.13-15.41.28:587][  0]LogTemp: Display: Module 'AndroidTargetPlatform' loaded TargetPlatform 'Android_Multi'
[2024.09.13-15.41.28:587][  0]LogTemp: Display: Module 'AndroidTargetPlatform' loaded TargetPlatform 'Android_MultiClient'
[2024.09.13-15.41.28:589][  0]LogTemp: Display: Module 'HTML5TargetPlatform' loaded TargetPlatform 'HTML5'
[2024.09.13-15.41.28:642][  0]LogTemp: Display: Module 'IOSTargetPlatform' loaded TargetPlatform 'IOSClient'
[2024.09.13-15.41.28:642][  0]LogTemp: Display: Module 'IOSTargetPlatform' loaded TargetPlatform 'IOS'
[2024.09.13-15.41.28:666][  0]LogTemp: Display: Module 'TVOSTargetPlatform' loaded TargetPlatform 'TVOSClient'
[2024.09.13-15.41.28:666][  0]LogTemp: Display: Module 'TVOSTargetPlatform' loaded TargetPlatform 'TVOS'
[2024.09.13-15.41.28:678][  0]LogTemp: Display: Module 'LinuxClientTargetPlatform' loaded TargetPlatform 'LinuxClient'
[2024.09.13-15.41.28:691][  0]LogTemp: Display: Module 'LinuxNoEditorTargetPlatform' loaded TargetPlatform 'LinuxNoEditor'
[2024.09.13-15.41.28:703][  0]LogTemp: Display: Module 'LinuxServerTargetPlatform' loaded TargetPlatform 'LinuxServer'
[2024.09.13-15.41.28:716][  0]LogTemp: Display: Module 'LinuxTargetPlatform' loaded TargetPlatform 'Linux'
[2024.09.13-15.41.28:763][  0]LogTemp: Display: Module 'LuminTargetPlatform' loaded TargetPlatform 'Lumin'
[2024.09.13-15.41.28:763][  0]LogTemp: Display: Module 'LuminTargetPlatform' loaded TargetPlatform 'LuminClient'
[2024.09.13-15.41.28:764][  0]LogTargetPlatformManager: Display: Building Assets For Windows
[2024.09.13-15.41.28:774][  0]LogAudioDebug: Display: Lib vorbis DLL was dynamically loaded.
[2024.09.13-15.41.28:826][  0]LogShaderCompilers: Guid format shader working directory is -34 characters bigger than the processId version (../../../../../../Users/markr/MarilaOutbreak/ManilaOutbreak-Game/MarilaOubreaks/Intermediate/Shaders/WorkingDirectory/13348/).
[2024.09.13-15.41.28:827][  0]LogShaderCompilers: Cleaned the shader compiler working directory 'C:/Users/markr/AppData/Local/Temp/UnrealShaderWorkingDir/4066F2E347A9143A285DB4A75943B84E/'.
[2024.09.13-15.41.28:829][  0]LogXGEController: Cannot use XGE Controller as Incredibuild is not installed on this machine.
[2024.09.13-15.41.28:830][  0]LogShaderCompilers: Cannot use XGE Shader Compiler as Incredibuild is not installed on this machine.
[2024.09.13-15.41.28:830][  0]LogShaderCompilers: Display: Using Local Shader Compiler.
[2024.09.13-15.41.29:318][  0]LogDerivedDataCache: Display: Max Cache Size: 512 MB
[2024.09.13-15.41.29:392][  0]LogDerivedDataCache: Loaded boot cache 0.07s 79MB C:/Users/markr/AppData/Local/UnrealEngine/4.22/DerivedDataCache/Boot.ddc.
[2024.09.13-15.41.29:392][  0]LogDerivedDataCache: Display: Loaded Boot cache: C:/Users/markr/AppData/Local/UnrealEngine/4.22/DerivedDataCache/Boot.ddc
[2024.09.13-15.41.29:393][  0]LogDerivedDataCache: FDerivedDataBackendGraph:  Pak pak cache file ../../../../../../Users/markr/MarilaOutbreak/ManilaOutbreak-Game/MarilaOubreaks/DerivedDataCache/DDC.ddp not found, will not use a pak cache.
[2024.09.13-15.41.29:393][  0]LogDerivedDataCache: Unable to find inner node Pak for hierarchical cache Hierarchy.
[2024.09.13-15.41.29:393][  0]LogDerivedDataCache: FDerivedDataBackendGraph:  CompressedPak pak cache file ../../../../../../Users/markr/MarilaOutbreak/ManilaOutbreak-Game/MarilaOubreaks/DerivedDataCache/Compressed.ddp not found, will not use a pak cache.
[2024.09.13-15.41.29:393][  0]LogDerivedDataCache: Unable to find inner node CompressedPak for hierarchical cache Hierarchy.
[2024.09.13-15.41.29:410][  0]LogDerivedDataCache: Display: Pak cache opened for reading ../../../Engine/DerivedDataCache/Compressed.ddp.
[2024.09.13-15.41.29:410][  0]LogDerivedDataCache: FDerivedDataBackendGraph:  EnterprisePak pak cache file ../../../Enterprise/DerivedDataCache/Compressed.ddp not found, will not use a pak cache.
[2024.09.13-15.41.29:410][  0]LogDerivedDataCache: Unable to find inner node EnterprisePak for hierarchical cache Hierarchy.
[2024.09.13-15.41.29:423][  0]LogDerivedDataCache: Using Local data cache path C:/Users/markr/AppData/Local/UnrealEngine/Common/DerivedDataCache: Writable
[2024.09.13-15.41.29:423][  0]LogDerivedDataCache: Shared data cache path not found in *engine.ini, will not use an Shared cache.
[2024.09.13-15.41.29:423][  0]LogDerivedDataCache: Unable to find inner node Shared for hierarchical cache Hierarchy.
[2024.09.13-15.41.29:445][  0]LogMaterial: Verifying Global Shaders for PCD3D_SM5
[2024.09.13-15.41.29:446][  0]LogSlate: Using FreeType 2.6.0
[2024.09.13-15.41.29:447][  0]LogSlate: SlateFontServices - WITH_FREETYPE: 1, WITH_HARFBUZZ: 1
[2024.09.13-15.41.29:536][  0]LogAssetRegistry: FAssetRegistry took 0.0383 seconds to start up
[2024.09.13-15.41.29:927][  0]LogInit: Selected Device Profile: [Windows]
[2024.09.13-15.41.30:055][  0]LogMeshReduction: Using QuadricMeshReduction for automatic static mesh reduction
[2024.09.13-15.41.30:055][  0]LogMeshReduction: Using SimplygonMeshReduction for automatic skeletal mesh reduction
[2024.09.13-15.41.30:055][  0]LogMeshReduction: Using ProxyLODMeshReduction for automatic mesh merging
[2024.09.13-15.41.30:055][  0]LogMeshReduction: No distributed automatic mesh merging module available
[2024.09.13-15.41.30:055][  0]LogMeshMerging: No distributed automatic mesh merging module available
[2024.09.13-15.41.30:073][  0]LogNetVersion: MarilaOubreaks 1.0.0, NetCL: 5660361, EngineNetVer: 10, GameNetVer: 0 (Checksum: 2523874334)
[2024.09.13-15.41.30:514][  0]LogPackageLocalizationCache: Processed 11 localized package path(s) for 1 prioritized culture(s) in 0.053223 seconds
[2024.09.13-15.41.30:525][  0]LogUObjectArray: 42218 objects as part of root set at end of initial load.
[2024.09.13-15.41.30:525][  0]LogUObjectAllocator: 7328024 out of 0 bytes used by permanent object pool.
[2024.09.13-15.41.30:525][  0]LogUObjectArray: CloseDisregardForGC: 0/0 objects in disregard for GC pool
[2024.09.13-15.41.31:353][  0]LogTcpMessaging: Initializing TcpMessaging bridge
[2024.09.13-15.41.31:369][  0]LogUdpMessaging: Initializing bridge on interface 0.0.0.0:0 to multicast group 230.0.0.1:6666.
[2024.09.13-15.41.31:487][  0]SourceControl: Source control is disabled
[2024.09.13-15.41.31:487][  0]SourceControl: Source control is disabled
[2024.09.13-15.41.31:489][  0]SourceControl: Source control is disabled
[2024.09.13-15.41.31:490][  0]SourceControl: Source control is disabled
[2024.09.13-15.41.31:615][  0]LogAndroidPermission: UAndroidPermissionCallbackProxy::GetInstance
[2024.09.13-15.41.31:698][  0]LogOcInput: OculusInput pre-init called
[2024.09.13-15.41.32:349][  0]LogEngine: Initializing Engine...
[2024.09.13-15.41.32:349][  0]LogHMD: Failed to initialize OpenVR with code 110
[2024.09.13-15.41.32:351][  0]LogStats: UGameplayTagsManager::InitializeManager -  0.000 s
[2024.09.13-15.41.32:556][  0]LogInit: Initializing FReadOnlyCVARCache
[2024.09.13-15.41.32:573][  0]LogAIModule: Creating AISystem for world Untitled
[2024.09.13-15.41.32:584][  0]LogInit: XAudio2 using 'Speakers (Realtek(R) Audio)' : 2 channels at 48 kHz using 32 bits per sample (channel mask 0x3)
[2024.09.13-15.41.32:608][  0]LogInit: FAudioDevice initialized.
[2024.09.13-15.41.32:608][  0]LogNetVersion: Set ProjectVersion to 1.0.0.0. Version Checksum will be recalculated on next use.
[2024.09.13-15.41.32:689][  0]LogDerivedDataCache: Saved boot cache 0.08s 79MB C:/Users/markr/AppData/Local/UnrealEngine/4.22/DerivedDataCache/Boot.ddc.
[2024.09.13-15.41.32:693][  0]LogInit: Texture streaming: Enabled
[2024.09.13-15.41.32:714][  0]LogEngineSessionManager: EngineSessionManager initialized
[2024.09.13-15.41.33:737][  0]LogMaterial: Verifying Global Shaders for PCD3D_SM4
[2024.09.13-15.41.33:740][  0]LogInit: Transaction tracking system initialized
[2024.09.13-15.41.33:782][  0]BlueprintLog: New page: Editor Load
[2024.09.13-15.41.33:979][  0]LocalizationService: Localization service is disabled
[2024.09.13-15.41.35:556][  0]LogCook: Display: Max memory allowance for cook 16384mb min free memory 0mb
[2024.09.13-15.41.35:556][  0]LogCook: Display: Mobile HDR setting 1
[2024.09.13-15.41.35:845][  0]LogFileCache: Scanning file cache for directory 'C:/Users/markr/MarilaOutbreak/ManilaOutbreak-Game/MarilaOubreaks/Content/' took 0.07s
[2024.09.13-15.41.35:845][  0]SourceControl: Source control is disabled
[2024.09.13-15.41.35:845][  0]Cmd: MAP LOAD FILE="../../../../../../Users/markr/MarilaOutbreak/ManilaOutbreak-Game/MarilaOubreaks/Content/ThirdPersonBP/Maps/ThirdPersonExampleMap.umap" TEMPLATE=0 SHOWPROGRESS=1 FEATURELEVEL=3
[2024.09.13-15.41.35:845][  0]LogEditorServer: Warning: Can't find file '../../../../../../Users/markr/MarilaOutbreak/ManilaOutbreak-Game/MarilaOubreaks/Content/ThirdPersonBP/Maps/ThirdPersonExampleMap.umap'
[2024.09.13-15.41.35:845][  0]Cmd: MAP CHECKDEP NOCLEARLOG
[2024.09.13-15.41.35:845][  0]MapCheck: Map check complete: 0 Error(s), 0 Warning(s), took 0.112ms to complete.
[2024.09.13-15.41.35:845][  0]LogFileHelpers: Loading map 'ThirdPersonExampleMap' took 0.000
[2024.09.13-15.41.35:918][  0]LogWorld: Changing Feature Level (Enum) from 3 to 2
[2024.09.13-15.41.35:974][  0]LogSlate: Updating window title bar state: overlay mode, drag disabled, window buttons hidden, title bar hidden
[2024.09.13-15.41.35:982][  0]LogSlate: Updating window title bar state: overlay mode, drag disabled, window buttons hidden, title bar hidden
[2024.09.13-15.41.35:990][  0]LogSlate: Updating window title bar state: overlay mode, drag disabled, window buttons hidden, title bar hidden
[2024.09.13-15.41.35:997][  0]LogSlate: Updating window title bar state: overlay mode, drag disabled, window buttons hidden, title bar hidden
[2024.09.13-15.41.36:004][  0]LogCollectionManager: Loaded 0 collections in 0.001644 seconds
[2024.09.13-15.41.36:022][  0]LogFileCache: Scanning file cache for directory 'C:/Users/markr/MarilaOutbreak/ManilaOutbreak-Game/MarilaOubreaks/Saved/Collections/' took 0.01s
[2024.09.13-15.41.36:022][  0]LogFileCache: Scanning file cache for directory 'C:/Users/markr/MarilaOutbreak/ManilaOutbreak-Game/MarilaOubreaks/Content/Developers/markr/Collections/' took 0.00s
[2024.09.13-15.41.36:022][  0]LogFileCache: Scanning file cache for directory 'C:/Users/markr/MarilaOutbreak/ManilaOutbreak-Game/MarilaOubreaks/Content/Collections/' took 0.00s
[2024.09.13-15.41.36:022][  0]LogCollectionManager: Rebuilt the GUID cache for 0 collections in 0.000000 seconds
[2024.09.13-15.41.36:032][  0]LogContentBrowser: Native class hierarchy populated in 0.0100 seconds. Added 2853 classes and 675 folders.
[2024.09.13-15.41.36:040][  0]LogContentBrowser: Native class hierarchy updated for 'WidgetCarousel' in 0.0003 seconds. Added 0 classes and 0 folders.
[2024.09.13-15.41.36:045][  0]LogPakFile: Registered encryption key '00000000000000000000000000000000': 0 pak files mounted, 0 remain pending
[2024.09.13-15.41.36:047][  0]LogPakFile: Registered encryption key '00000000000000000000000000000000': 0 pak files mounted, 0 remain pending
[2024.09.13-15.41.36:048][  0]LogPakFile: Registered encryption key '00000000000000000000000000000000': 0 pak files mounted, 0 remain pending
[2024.09.13-15.41.36:050][  0]LogPakFile: Registered encryption key '00000000000000000000000000000000': 0 pak files mounted, 0 remain pending
[2024.09.13-15.41.36:051][  0]LogPakFile: Registered encryption key '00000000000000000000000000000000': 0 pak files mounted, 0 remain pending
[2024.09.13-15.41.36:053][  0]LogPakFile: Registered encryption key '00000000000000000000000000000000': 0 pak files mounted, 0 remain pending
[2024.09.13-15.41.36:055][  0]LogPakFile: Registered encryption key '00000000000000000000000000000000': 0 pak files mounted, 0 remain pending
[2024.09.13-15.41.36:057][  0]LogPakFile: Registered encryption key '00000000000000000000000000000000': 0 pak files mounted, 0 remain pending
[2024.09.13-15.41.36:058][  0]LogPakFile: Registered encryption key '00000000000000000000000000000000': 0 pak files mounted, 0 remain pending
[2024.09.13-15.41.36:059][  0]LogPakFile: Registered encryption key '00000000000000000000000000000000': 0 pak files mounted, 0 remain pending
[2024.09.13-15.41.36:060][  0]LogPakFile: Registered encryption key '00000000000000000000000000000000': 0 pak files mounted, 0 remain pending
[2024.09.13-15.41.36:062][  0]LogPakFile: Registered encryption key '00000000000000000000000000000000': 0 pak files mounted, 0 remain pending
[2024.09.13-15.41.36:063][  0]LogPakFile: Registered encryption key '00000000000000000000000000000000': 0 pak files mounted, 0 remain pending
[2024.09.13-15.41.36:065][  0]LogPakFile: Registered encryption key '00000000000000000000000000000000': 0 pak files mounted, 0 remain pending
[2024.09.13-15.41.36:066][  0]LogPakFile: Registered encryption key '00000000000000000000000000000000': 0 pak files mounted, 0 remain pending
[2024.09.13-15.41.36:067][  0]LogPakFile: Registered encryption key '00000000000000000000000000000000': 0 pak files mounted, 0 remain pending
[2024.09.13-15.41.36:068][  0]LogPakFile: Registered encryption key '00000000000000000000000000000000': 0 pak files mounted, 0 remain pending
[2024.09.13-15.41.36:070][  0]LogPakFile: Registered encryption key '00000000000000000000000000000000': 0 pak files mounted, 0 remain pending
[2024.09.13-15.41.36:072][  0]LogPakFile: Registered encryption key '00000000000000000000000000000000': 0 pak files mounted, 0 remain pending
[2024.09.13-15.41.36:073][  0]LogPakFile: Registered encryption key '00000000000000000000000000000000': 0 pak files mounted, 0 remain pending
[2024.09.13-15.41.36:075][  0]LogPakFile: Registered encryption key '00000000000000000000000000000000': 0 pak files mounted, 0 remain pending
[2024.09.13-15.41.36:086][  0]LogPakFile: Registered encryption key '00000000000000000000000000000000': 0 pak files mounted, 0 remain pending
[2024.09.13-15.41.36:087][  0]LogPakFile: Registered encryption key '00000000000000000000000000000000': 0 pak files mounted, 0 remain pending
[2024.09.13-15.41.36:089][  0]LogPakFile: Registered encryption key '00000000000000000000000000000000': 0 pak files mounted, 0 remain pending
[2024.09.13-15.41.36:091][  0]LogPakFile: Registered encryption key '00000000000000000000000000000000': 0 pak files mounted, 0 remain pending
[2024.09.13-15.41.36:092][  0]LogPakFile: Registered encryption key '00000000000000000000000000000000': 0 pak files mounted, 0 remain pending
[2024.09.13-15.41.36:263][  0]LogContentBrowser: Native class hierarchy updated for 'AddContentDialog' in 0.0008 seconds. Added 0 classes and 0 folders.
[2024.09.13-15.41.36:320][  0]LogContentBrowser: Native class hierarchy updated for 'SceneOutliner' in 0.0010 seconds. Added 1 classes and 2 folders.
[2024.09.13-15.41.36:349][  0]LogSlate: Took 0.000723 seconds to synchronously load lazily loaded font '../../../Engine/Content/Slate/Fonts/Roboto-Regular.ttf' (155K)
[2024.09.13-15.41.36:352][  0]LogSlate: Took 0.000575 seconds to synchronously load lazily loaded font '../../../Engine/Content/Slate/Fonts/Roboto-Bold.ttf' (160K)
[2024.09.13-15.41.36:363][  0]LogSlate: Took 0.001981 seconds to synchronously load lazily loaded font '../../../Engine/Content/Editor/Slate/Fonts/FontAwesome.ttf' (139K)
[2024.09.13-15.41.36:445][  0]LogRenderer: Reallocating scene render targets to support 956x480 Format 9 NumSamples 1 (Frame:1).
[2024.09.13-15.41.36:690][  0]LogContentBrowser: Native class hierarchy updated for 'HierarchicalLODOutliner' in 0.0003 seconds. Added 0 classes and 0 folders.
[2024.09.13-15.41.36:690][  0]LogLoad: (Engine Initialization) Total time: 11.28 seconds
[2024.09.13-15.41.36:690][  0]LogLoad: (Engine Initialization) Total Blueprint compile time: 0.00 seconds
[2024.09.13-15.41.36:776][  0]LogContentStreaming: Texture pool size now 800 MB
[2024.09.13-15.41.36:795][  0]LogSlate: Took 0.000695 seconds to synchronously load lazily loaded font '../../../Engine/Content/Slate/Fonts/Roboto-Light.ttf' (167K)
[2024.09.13-15.41.36:816][  1]LogFileCache: Retrieving MD5 hashes for directory 'C:/Users/markr/MarilaOutbreak/ManilaOutbreak-Game/MarilaOubreaks/Content/' took 0.09s
[2024.09.13-15.41.36:874][  1]LogAssetRegistry: Asset discovery search completed in 7.3618 seconds
[2024.09.13-15.41.36:878][  1]LogCollectionManager: Rebuilt the object cache for 0 collections in 0.000001 seconds (found 0 objects)
[2024.09.13-15.41.36:878][  1]LogCollectionManager: Fixed up redirectors for 0 collections in 0.000101 seconds (updated 0 objects)
[2024.09.13-15.42.28:155][155]LogSlate: FSceneViewport::OnFocusLost() reason 0
[2024.09.13-15.42.28:427][155]LogUObjectHash: Compacting FUObjectHashTables data took   1.99ms
[2024.09.13-15.42.28:542][155]LogSlate: Window 'MarilaOubreaks - Unreal Editor' being destroyed
[2024.09.13-15.42.28:733][156]Cmd: QUIT_EDITOR
[2024.09.13-15.42.28:805][156]LogWindowsTextInputMethodSystem: Display: IME system now deactivated.
[2024.09.13-15.42.28:815][156]LogExit: Preparing to exit.
[2024.09.13-15.42.29:443][156]LogExit: Editor shut down
[2024.09.13-15.42.29:443][156]LogExit: Transaction tracking system shut down
[2024.09.13-15.42.29:673][156]LogExit: Object subsystem successfully closed.
[2024.09.13-15.42.29:701][156]LogShaderCompilers: Display: Shaders left to compile 0
[2024.09.13-15.42.29:711][156]LogD3D11RHI: Shutdown
[2024.09.13-15.42.29:711][156]LogD3D11RHI: CleanupD3DDevice
[2024.09.13-15.42.29:711][156]LogRendererCore: FGlobalReadBuffer::ReleaseRHI
[2024.09.13-15.42.29:711][156]LogRendererCore: FGlobalDynamicReadBuffer::Cleanup()
[2024.09.13-15.42.29:711][156]LogRendererCore: FGlobalReadBuffer::ReleaseRHI
[2024.09.13-15.42.29:711][156]LogRendererCore: FGlobalDynamicReadBuffer::Cleanup()
[2024.09.13-15.42.29:711][156]LogRendererCore: FGlobalReadBuffer::ReleaseRHI
[2024.09.13-15.42.29:711][156]LogRendererCore: FGlobalDynamicReadBuffer::Cleanup()
[2024.09.13-15.42.29:800][156]LogD3D11RHI: ~FD3D11DynamicRHI
[2024.09.13-15.42.29:813][156]LogModuleManager: Shutting down and abandoning module HierarchicalLODOutliner (652)
[2024.09.13-15.42.29:813][156]LogModuleManager: Shutting down and abandoning module SceneOutliner (650)
[2024.09.13-15.42.29:813][156]LogModuleManager: Shutting down and abandoning module AddContentDialog (648)
[2024.09.13-15.42.29:813][156]LogModuleManager: Shutting down and abandoning module WidgetCarousel (647)
[2024.09.13-15.42.29:813][156]LogModuleManager: Shutting down and abandoning module EditorWidgets (644)
[2024.09.13-15.42.29:813][156]LogModuleManager: Shutting down and abandoning module CollectionManager (642)
[2024.09.13-15.42.29:813][156]LogModuleManager: Shutting down and abandoning module FoliageEdit (640)
[2024.09.13-15.42.29:814][156]LogModuleManager: Shutting down and abandoning module LandscapeEditor (638)
[2024.09.13-15.42.29:814][156]LogModuleManager: Shutting down and abandoning module MeshPaintMode (636)
[2024.09.13-15.42.29:814][156]LogModuleManager: Shutting down and abandoning module SceneDepthPickerMode (634)
[2024.09.13-15.42.29:814][156]LogModuleManager: Shutting down and abandoning module ActorPickerMode (632)
[2024.09.13-15.42.29:814][156]LogModuleManager: Shutting down and abandoning module GeometryMode (630)
[2024.09.13-15.42.29:814][156]LogModuleManager: Shutting down and abandoning module TextureAlignMode (628)
[2024.09.13-15.42.29:814][156]LogModuleManager: Shutting down and abandoning module BspMode (626)
[2024.09.13-15.42.29:814][156]LogModuleManager: Shutting down and abandoning module PIEPreviewDeviceProfileSelector (624)
[2024.09.13-15.42.29:814][156]LogModuleManager: Shutting down and abandoning module SequenceRecorderSections (622)
[2024.09.13-15.42.29:814][156]LogModuleManager: Shutting down and abandoning module AutomationWorker (620)
[2024.09.13-15.42.29:814][156]LogModuleManager: Shutting down and abandoning module OculusMR (618)
[2024.09.13-15.42.29:814][156]LogModuleManager: Shutting down and abandoning module AudioCaptureEditor (616)
[2024.09.13-15.42.29:814][156]LogModuleManager: Shutting down and abandoning module MatineeToLevelSequence (614)
[2024.09.13-15.42.29:814][156]LogModuleManager: Shutting down and abandoning module LevelSequenceEditor (612)
[2024.09.13-15.42.29:814][156]LogModuleManager: Shutting down and abandoning module PlacementMode (611)
[2024.09.13-15.42.29:814][156]LogModuleManager: Shutting down and abandoning module MaterialEditor (610)
[2024.09.13-15.42.29:814][156]LogModuleManager: Shutting down and abandoning module ActorSequenceEditor (606)
[2024.09.13-15.42.29:814][156]LogModuleManager: Shutting down and abandoning module WmfMediaFactory (604)
[2024.09.13-15.42.29:814][156]LogModuleManager: Shutting down and abandoning module WmfMediaEditor (602)
[2024.09.13-15.42.29:814][156]LogModuleManager: Shutting down and abandoning module WebMMediaFactory (600)
[2024.09.13-15.42.29:814][156]LogModuleManager: Shutting down and abandoning module WebMMediaEditor (598)
[2024.09.13-15.42.29:814][156]LogModuleManager: Shutting down and abandoning module WebMMedia (596)
[2024.09.13-15.42.29:814][156]LogModuleManager: Shutting down and abandoning module MediaPlayerEditor (594)
[2024.09.13-15.42.29:814][156]LogModuleManager: Shutting down and abandoning module MediaCompositingEditor (592)
[2024.09.13-15.42.29:814][156]LogModuleManager: Shutting down and abandoning module SequenceRecorder (591)
[2024.09.13-15.42.29:814][156]LogModuleManager: Shutting down and abandoning module OpenExrWrapper (588)
[2024.09.13-15.42.29:814][156]LogModuleManager: Shutting down and abandoning module ImgMediaFactory (586)
[2024.09.13-15.42.29:814][156]LogModuleManager: Shutting down and abandoning module ImgMediaEditor (584)
[2024.09.13-15.42.29:814][156]LogModuleManager: Shutting down and abandoning module AvfMediaFactory (582)
[2024.09.13-15.42.29:814][156]LogModuleManager: Shutting down and abandoning module AvfMediaEditor (580)
[2024.09.13-15.42.29:814][156]LogModuleManager: Shutting down and abandoning module AndroidMediaFactory (578)
[2024.09.13-15.42.29:814][156]LogModuleManager: Shutting down and abandoning module AndroidMediaEditor (576)
[2024.09.13-15.42.29:814][156]LogModuleManager: Shutting down and abandoning module MagicLeapCameraPreviewFactory (574)
[2024.09.13-15.42.29:814][156]LogModuleManager: Shutting down and abandoning module MagicLeapMediaCodecFactory (572)
[2024.09.13-15.42.29:814][156]LogModuleManager: Shutting down and abandoning module MagicLeapMediaFactory (570)
[2024.09.13-15.42.29:814][156]LogModuleManager: Shutting down and abandoning module MagicLeapMediaEditor (568)
[2024.09.13-15.42.29:814][156]LogModuleManager: Shutting down and abandoning module CharacterAI (566)
[2024.09.13-15.42.29:814][156]LogModuleManager: Shutting down and abandoning module SmartSnapping (564)
[2024.09.13-15.42.29:814][156]LogModuleManager: Shutting down and abandoning module SessionServices (562)
[2024.09.13-15.42.29:814][156]LogModuleManager: Shutting down and abandoning module MeshPaint (560)
[2024.09.13-15.42.29:814][156]LogModuleManager: Shutting down and abandoning module ViewportSnapping (558)
[2024.09.13-15.42.29:814][156]LogModuleManager: Shutting down and abandoning module ViewportInteraction (556)
[2024.09.13-15.42.29:814][156]LogModuleManager: Shutting down and abandoning module ClothPainter (554)
[2024.09.13-15.42.29:814][156]LogModuleManager: Shutting down and abandoning module SkeletalMeshEditor (553)
[2024.09.13-15.42.29:814][156]LogModuleManager: Shutting down and abandoning module LogVisualizer (550)
[2024.09.13-15.42.29:814][156]LogModuleManager: Shutting down and abandoning module IntroTutorials (548)
[2024.09.13-15.42.29:814][156]LogModuleManager: Shutting down and abandoning module GameProjectGeneration (547)
[2024.09.13-15.42.29:814][156]LogModuleManager: Shutting down and abandoning module LuminPlatformEditor (544)
[2024.09.13-15.42.29:814][156]LogModuleManager: Shutting down and abandoning module IOSPlatformEditor (542)
[2024.09.13-15.42.29:814][156]LogModuleManager: Shutting down and abandoning module HTML5PlatformEditor (540)
[2024.09.13-15.42.29:814][156]LogModuleManager: Shutting down and abandoning module AndroidPlatformEditor (538)
[2024.09.13-15.42.29:814][156]LogModuleManager: Shutting down and abandoning module AndroidDeviceDetection (537)
[2024.09.13-15.42.30:176][156]LogModuleManager: Shutting down and abandoning module WindowsPlatformEditor (534)
[2024.09.13-15.42.30:176][156]LogModuleManager: Shutting down and abandoning module LuminRuntimeSettings (532)
[2024.09.13-15.42.30:176][156]LogModuleManager: Shutting down and abandoning module IOSRuntimeSettings (530)
[2024.09.13-15.42.30:176][156]LogModuleManager: Shutting down and abandoning module AndroidRuntimeSettings (528)
[2024.09.13-15.42.30:176][156]LogModuleManager: Shutting down and abandoning module TimeManagementEditor (526)
[2024.09.13-15.42.30:176][156]LogModuleManager: Shutting down and abandoning module InputBindingEditor (524)
[2024.09.13-15.42.30:176][156]LogModuleManager: Shutting down and abandoning module MergeActors (522)
[2024.09.13-15.42.30:176][156]LogModuleManager: Shutting down and abandoning module LocalizationDashboard (520)
[2024.09.13-15.42.30:176][156]LogModuleManager: Shutting down and abandoning module LocalizationService (519)
[2024.09.13-15.42.30:176][156]LogModuleManager: Shutting down and abandoning module HardwareTargeting (516)
[2024.09.13-15.42.30:176][156]LogModuleManager: Shutting down and abandoning module DeviceProfileEditor (514)
[2024.09.13-15.42.30:176][156]LogModuleManager: Shutting down and abandoning module UndoHistory (512)
[2024.09.13-15.42.30:176][156]LogModuleManager: Shutting down and abandoning module XmlParser (510)
[2024.09.13-15.42.30:176][156]LogModuleManager: Shutting down and abandoning module Blutility (508)
[2024.09.13-15.42.30:176][156]LogModuleManager: Shutting down and abandoning module ProjectSettingsViewer (506)
[2024.09.13-15.42.30:176][156]LogModuleManager: Shutting down and abandoning module ProjectTargetPlatformEditor (505)
[2024.09.13-15.42.30:177][156]LogModuleManager: Shutting down and abandoning module EditorSettingsViewer (502)
[2024.09.13-15.42.30:177][156]LogModuleManager: Shutting down and abandoning module SettingsEditor (500)
[2024.09.13-15.42.30:177][156]LogModuleManager: Shutting down and abandoning module ProjectLauncher (498)
[2024.09.13-15.42.30:177][156]LogModuleManager: Shutting down and abandoning module SessionFrontend (496)
[2024.09.13-15.42.30:177][156]LogModuleManager: Shutting down and abandoning module ProfilerClient (494)
[2024.09.13-15.42.30:177][156]LogModuleManager: Shutting down and abandoning module DeviceManager (492)
[2024.09.13-15.42.30:177][156]LogModuleManager: Shutting down and abandoning module TargetDeviceServices (491)
[2024.09.13-15.42.30:209][156]LogModuleManager: Shutting down and abandoning module AutomationController (488)
[2024.09.13-15.42.30:209][156]LogModuleManager: Shutting down and abandoning module AutomationWindow (486)
[2024.09.13-15.42.30:209][156]LogModuleManager: Shutting down and abandoning module Layers (484)
[2024.09.13-15.42.30:209][156]LogModuleManager: Shutting down and abandoning module ComponentVisualizers (482)
[2024.09.13-15.42.30:209][156]LogModuleManager: Shutting down and abandoning module DetailCustomizations (480)
[2024.09.13-15.42.30:209][156]LogModuleManager: Shutting down and abandoning module PackagesDialog (478)
[2024.09.13-15.42.30:209][156]LogModuleManager: Shutting down and abandoning module AnimationBlueprintEditor (476)
[2024.09.13-15.42.30:209][156]LogModuleManager: Shutting down and abandoning module Persona (474)
[2024.09.13-15.42.30:209][156]LogModuleManager: Shutting down and abandoning module AdvancedPreviewScene (473)
[2024.09.13-15.42.30:209][156]LogModuleManager: Shutting down and abandoning module AnimGraph (471)
[2024.09.13-15.42.30:209][156]LogModuleManager: Shutting down and abandoning module Kismet (468)
[2024.09.13-15.42.30:209][156]LogModuleManager: Shutting down and abandoning module GraphEditor (466)
[2024.09.13-15.42.30:210][156]LogModuleManager: Shutting down and abandoning module ClassViewer (464)
[2024.09.13-15.42.30:210][156]LogModuleManager: Shutting down and abandoning module Toolbox (462)
[2024.09.13-15.42.30:210][156]LogModuleManager: Shutting down and abandoning module ModuleUI (460)
[2024.09.13-15.42.30:210][156]LogModuleManager: Shutting down and abandoning module MovieSceneTools (458)
[2024.09.13-15.42.30:210][156]LogModuleManager: Shutting down and abandoning module OutputLog (456)
[2024.09.13-15.42.30:210][156]LogModuleManager: Shutting down and abandoning module GammaUI (454)
[2024.09.13-15.42.30:210][156]LogModuleManager: Shutting down and abandoning module Documentation (452)
[2024.09.13-15.42.30:210][156]LogModuleManager: Shutting down and abandoning module LiveCoding (450)
[2024.09.13-15.42.30:210][156]LogModuleManager: Shutting down and abandoning module LevelSequence (448)
[2024.09.13-15.42.30:210][156]LogModuleManager: Shutting down and abandoning module MovieSceneTracks (446)
[2024.09.13-15.42.30:210][156]LogModuleManager: Shutting down and abandoning module MovieScene (444)
[2024.09.13-15.42.30:210][156]LogModuleManager: Shutting down and abandoning module StreamingPauseRendering (442)
[2024.09.13-15.42.30:210][156]LogModuleManager: Shutting down and abandoning module LauncherPlatform (440)
[2024.09.13-15.42.30:210][156]LogModuleManager: Shutting down and abandoning module AnalyticsET (438)
[2024.09.13-15.42.30:210][156]LogModuleManager: Shutting down and abandoning module PortalServices (436)
[2024.09.13-15.42.30:210][156]LogModuleManager: Shutting down and abandoning module PortalRpc (434)
[2024.09.13-15.42.30:210][156]LogModuleManager: Shutting down and abandoning module MessagingRpc (432)
[2024.09.13-15.42.30:210][156]LogModuleManager: Shutting down and abandoning module AIModule (430)
[2024.09.13-15.42.30:210][156]LogModuleManager: Shutting down and abandoning module GameplayDebugger (429)
[2024.09.13-15.42.30:210][156]LogModuleManager: Shutting down and abandoning module AITestSuite (427)
[2024.09.13-15.42.30:210][156]LogModuleManager: Shutting down and abandoning module NavigationSystem (425)
[2024.09.13-15.42.30:210][156]LogModuleManager: Shutting down and abandoning module DesktopPlatform (422)
[2024.09.13-15.42.30:210][156]LogModuleManager: Shutting down and abandoning module ImageWriteQueue (420)
[2024.09.13-15.42.30:216][156]LogModuleManager: Shutting down and abandoning module ProfilerService (418)
[2024.09.13-15.42.30:337][156]LogModuleManager: Shutting down and abandoning module TaskGraph (416)
[2024.09.13-15.42.30:337][156]LogModuleManager: Shutting down and abandoning module SteamVRController (414)
[2024.09.13-15.42.30:337][156]LogModuleManager: Shutting down and abandoning module ProceduralMeshComponentEditor (412)
[2024.09.13-15.42.30:337][156]LogModuleManager: Shutting down and abandoning module ProceduralMeshComponent (410)
[2024.09.13-15.42.30:337][156]LogModuleManager: Shutting down and abandoning module OculusEditor (408)
[2024.09.13-15.42.30:337][156]LogModuleManager: Shutting down and abandoning module OculusInput (406)
[2024.09.13-15.42.30:337][156]LogModuleManager: Shutting down and abandoning module MobilePatchingUtils (404)
[2024.09.13-15.42.30:337][156]LogModuleManager: Shutting down and abandoning module EditableMesh (402)
[2024.09.13-15.42.30:337][156]LogModuleManager: Shutting down and abandoning module CustomMeshComponent (400)
[2024.09.13-15.42.30:338][156]LogModuleManager: Shutting down and abandoning module CableComponent (398)
[2024.09.13-15.42.30:338][156]LogModuleManager: Shutting down and abandoning module AudioCapture (396)
[2024.09.13-15.42.30:338][156]LogModuleManager: Shutting down and abandoning module ArchVisCharacter (394)
[2024.09.13-15.42.30:338][156]LogModuleManager: Shutting down and abandoning module AndroidPermission (392)
[2024.09.13-15.42.30:338][156]LogModuleManager: Shutting down and abandoning module NUTUnrealEngine4 (390)
[2024.09.13-15.42.30:338][156]LogModuleManager: Shutting down and abandoning module NetcodeUnitTest (388)
[2024.09.13-15.42.30:338][156]LogModuleManager: Shutting down and abandoning module MediaCompositing (386)
[2024.09.13-15.42.30:338][156]LogModuleManager: Shutting down and abandoning module LinearTimecode (384)
[2024.09.13-15.42.30:338][156]LogModuleManager: Shutting down and abandoning module ImgMedia (382)
[2024.09.13-15.42.30:338][156]LogModuleManager: Shutting down and abandoning module MagicLeapHelperVulkan (380)
[2024.09.13-15.42.30:338][156]LogModuleManager: Shutting down and abandoning module MagicLeapHelperOpenGL (378)
[2024.09.13-15.42.30:338][156]LogModuleManager: Shutting down and abandoning module MagicLeapAudio (376)
[2024.09.13-15.42.30:338][156]LogModuleManager: Shutting down and abandoning module NiagaraEditorWidgets (374)
[2024.09.13-15.42.30:338][156]LogModuleManager: Shutting down and abandoning module NiagaraEditor (372)
[2024.09.13-15.42.30:338][156]LogModuleManager: Shutting down and abandoning module HTML5Networking (370)
[2024.09.13-15.42.30:338][156]LogModuleManager: Shutting down and abandoning module GeometryCacheTracks (368)
[2024.09.13-15.42.30:338][156]LogModuleManager: Shutting down and abandoning module GeometryCacheSequencer (366)
[2024.09.13-15.42.30:338][156]LogModuleManager: Shutting down and abandoning module BackChannel (364)
[2024.09.13-15.42.30:338][156]LogModuleManager: Shutting down and abandoning module AppleVision (362)
[2024.09.13-15.42.30:338][156]LogModuleManager: Shutting down and abandoning module AppleImageUtilsBlueprintSupport (360)
[2024.09.13-15.42.30:338][156]LogModuleManager: Shutting down and abandoning module AppleImageUtils (358)
[2024.09.13-15.42.30:338][156]LogModuleManager: Shutting down and abandoning module AlembicImporter (356)
[2024.09.13-15.42.30:338][156]LogModuleManager: Shutting down and abandoning module AlembicLibrary (355)
[2024.09.13-15.42.30:338][156]LogModuleManager: Shutting down and abandoning module GeometryCache (354)
[2024.09.13-15.42.30:338][156]LogModuleManager: Shutting down and abandoning module GeometryCacheEd (353)
[2024.09.13-15.42.30:338][156]LogModuleManager: Shutting down and abandoning module VariantManagerContent (348)
[2024.09.13-15.42.30:338][156]LogModuleManager: Shutting down and abandoning module DatasmithContentEditor (346)
[2024.09.13-15.42.30:338][156]LogModuleManager: Shutting down and abandoning module SpeedTreeImporter (344)
[2024.09.13-15.42.30:338][156]LogModuleManager: Shutting down and abandoning module PluginBrowser (342)
[2024.09.13-15.42.30:338][156]LogModuleManager: Shutting down and abandoning module MobileLauncherProfileWizard (340)
[2024.09.13-15.42.30:338][156]LogModuleManager: Shutting down and abandoning module MaterialAnalyzer (338)
[2024.09.13-15.42.30:338][156]LogModuleManager: Shutting down and abandoning module CryptoKeysOpenSSL (336)
[2024.09.13-15.42.30:338][156]LogModuleManager: Shutting down and abandoning module CryptoKeys (334)
[2024.09.13-15.42.30:338][156]LogModuleManager: Shutting down and abandoning module VisualStudioSourceCodeAccess (332)
[2024.09.13-15.42.30:338][156]LogModuleManager: Shutting down and abandoning module VisualStudioCodeSourceCodeAccess (330)
[2024.09.13-15.42.30:338][156]LogModuleManager: Shutting down and abandoning module UObjectPlugin (328)
[2024.09.13-15.42.30:338][156]LogModuleManager: Shutting down and abandoning module SubversionSourceControl (326)
[2024.09.13-15.42.30:338][156]LogModuleManager: Shutting down and abandoning module PerforceSourceControl (324)
[2024.09.13-15.42.30:338][156]LogModuleManager: Shutting down and abandoning module GitSourceControl (322)
[2024.09.13-15.42.30:338][156]LogModuleManager: Shutting down and abandoning module SourceControl (321)
[2024.09.13-15.42.30:338][156]LogModuleManager: Shutting down and abandoning module CLionSourceCodeAccess (318)
[2024.09.13-15.42.30:338][156]LogModuleManager: Shutting down and abandoning module AnimationSharingEd (316)
[2024.09.13-15.42.30:338][156]LogModuleManager: Shutting down and abandoning module ActorLayerUtilitiesEditor (314)
[2024.09.13-15.42.30:338][156]LogModuleManager: Shutting down and abandoning module ActorLayerUtilities (312)
[2024.09.13-15.42.30:338][156]LogModuleManager: Shutting down and abandoning module LightPropagationVolumeEditor (310)
[2024.09.13-15.42.30:338][156]LogModuleManager: Shutting down and abandoning module PaperTiledImporter (308)
[2024.09.13-15.42.30:338][156]LogModuleManager: Shutting down and abandoning module PaperSpriteSheetImporter (306)
[2024.09.13-15.42.30:338][156]LogModuleManager: Shutting down and abandoning module Paper2DEditor (304)
[2024.09.13-15.42.30:338][156]LogModuleManager: Shutting down and abandoning module SignificanceManager (302)
[2024.09.13-15.42.30:338][156]LogModuleManager: Shutting down and abandoning module RuntimePhysXCooking (300)
[2024.09.13-15.42.30:338][156]LogModuleManager: Shutting down and abandoning module PhysXVehiclesEditor (298)
[2024.09.13-15.42.30:338][156]LogModuleManager: Shutting down and abandoning module PhysXVehicles (296)
[2024.09.13-15.42.30:338][156]LogModuleManager: Shutting down and abandoning module LocationServicesBPLibrary (294)
[2024.09.13-15.42.30:338][156]LogModuleManager: Shutting down and abandoning module ActorSequence (292)
[2024.09.13-15.42.30:338][156]LogModuleManager: Shutting down and abandoning module UdpMessaging (290)
[2024.09.13-15.42.30:439][156]LogModuleManager: Shutting down and abandoning module TcpMessaging (288)
[2024.09.13-15.42.30:540][156]LogModuleManager: Shutting down and abandoning module MagicLeapIdentity (286)
[2024.09.13-15.42.30:540][156]LogModuleManager: Shutting down and abandoning module MagicLeapSecureStorage (284)
[2024.09.13-15.42.30:540][156]LogModuleManager: Shutting down and abandoning module MagicLeapHandTracking (282)
[2024.09.13-15.42.30:540][156]LogModuleManager: Shutting down and abandoning module MagicLeapEyeTracker (280)
[2024.09.13-15.42.30:540][156]LogModuleManager: Shutting down and abandoning module MagicLeapController (278)
[2024.09.13-15.42.30:540][156]LogSlate: Slate User Destroyed.  User Index 0, Is Virtual User: 0
[2024.09.13-15.42.30:540][156]LogModuleManager: Shutting down and abandoning module MagicLeapAR (276)
[2024.09.13-15.42.30:540][156]LogModuleManager: Shutting down and abandoning module AugmentedReality (275)
[2024.09.13-15.42.30:540][156]LogModuleManager: Shutting down and abandoning module Niagara (272)
[2024.09.13-15.42.30:540][156]LogModuleManager: Shutting down and abandoning module NiagaraCore (270)
[2024.09.13-15.42.30:540][156]LogModuleManager: Shutting down and abandoning module GameplayTagsEditor (268)
[2024.09.13-15.42.30:540][156]LogModuleManager: Shutting down and abandoning module FacialAnimationEditor (266)
[2024.09.13-15.42.30:540][156]LogModuleManager: Shutting down and abandoning module FacialAnimation (264)
[2024.09.13-15.42.30:540][156]LogModuleManager: Shutting down and abandoning module DataValidation (262)
[2024.09.13-15.42.30:541][156]LogModuleManager: Shutting down and abandoning module AssetManagerEditor (260)
[2024.09.13-15.42.30:541][156]LogModuleManager: Shutting down and abandoning module LevelEditor (259)
[2024.09.13-15.42.30:542][156]LogModuleManager: Shutting down and abandoning module PixelInspectorModule (258)
[2024.09.13-15.42.30:542][156]LogModuleManager: Shutting down and abandoning module CommonMenuExtensions (256)
[2024.09.13-15.42.30:542][156]LogModuleManager: Shutting down and abandoning module MainFrame (254)
[2024.09.13-15.42.30:542][156]LogModuleManager: Shutting down and abandoning module HotReload (253)
[2024.09.13-15.42.30:542][156]LogModuleManager: Shutting down and abandoning module ContentBrowser (249)
[2024.09.13-15.42.30:543][156]LogModuleManager: Shutting down and abandoning module TreeMap (247)
[2024.09.13-15.42.30:543][156]LogModuleManager: Shutting down and abandoning module AnimationSharing (244)
[2024.09.13-15.42.30:543][156]LogModuleManager: Shutting down and abandoning module LightPropagationVolumeRuntime (242)
[2024.09.13-15.42.30:543][156]LogModuleManager: Shutting down and abandoning module AISupportModule (240)
[2024.09.13-15.42.30:543][156]LogModuleManager: Shutting down and abandoning module Paper2D (238)
[2024.09.13-15.42.30:543][156]LogModuleManager: Shutting down and abandoning module WindowsMoviePlayer (236)
[2024.09.13-15.42.30:543][156]LogModuleManager: Shutting down and abandoning module WebMMoviePlayer (234)
[2024.09.13-15.42.30:543][156]LogModuleManager: Shutting down and abandoning module PacketHandler (232)
[2024.09.13-15.42.30:543][156]LogModuleManager: Shutting down and abandoning module ClothingSystemEditor (230)
[2024.09.13-15.42.30:543][156]LogModuleManager: Shutting down and abandoning module ClothingSystemRuntime (228)
[2024.09.13-15.42.30:543][156]LogModuleManager: Shutting down and abandoning module MediaAssets (226)
[2024.09.13-15.42.30:543][156]LogModuleManager: Shutting down and abandoning module Overlay (224)
[2024.09.13-15.42.30:543][156]LogModuleManager: Shutting down and abandoning module OverlayEditor (223)
[2024.09.13-15.42.30:544][156]LogModuleManager: Shutting down and abandoning module VREditor (220)
[2024.09.13-15.42.30:544][156]LogModuleManager: Shutting down and abandoning module StringTableEditor (218)
[2024.09.13-15.42.30:544][156]LogModuleManager: Shutting down and abandoning module GameplayTasksEditor (216)
[2024.09.13-15.42.30:544][156]LogModuleManager: Shutting down and abandoning module BehaviorTreeEditor (214)
[2024.09.13-15.42.30:544][156]LogModuleManager: Shutting down and abandoning module FunctionalTesting (212)
[2024.09.13-15.42.30:544][156]LogModuleManager: Shutting down and abandoning module CollisionAnalyzer (210)
[2024.09.13-15.42.30:544][156]LogModuleManager: Shutting down and abandoning module WorkspaceMenuStructure (209)
[2024.09.13-15.42.30:544][156]LogModuleManager: Shutting down and abandoning module UMG (206)
[2024.09.13-15.42.30:544][156]LogModuleManager: Shutting down and abandoning module UMGEditor (205)
[2024.09.13-15.42.30:544][156]LogModuleManager: Shutting down and abandoning module Sequencer (204)
[2024.09.13-15.42.30:544][156]LogModuleManager: Shutting down and abandoning module MessageLog (201)
[2024.09.13-15.42.30:544][156]LogModuleManager: Shutting down and abandoning module SlateReflector (196)
[2024.09.13-15.42.30:544][156]LogModuleManager: Shutting down and abandoning module Slate (194)
[2024.09.13-15.42.30:544][156]LogModuleManager: Shutting down and abandoning module EditorStyle (192)
[2024.09.13-15.42.30:546][156]LogModuleManager: Shutting down and abandoning module UnrealEd (190)
[2024.09.13-15.42.30:546][156]LogModuleManager: Shutting down and abandoning module MRMesh (188)
[2024.09.13-15.42.30:546][156]LogModuleManager: Shutting down and abandoning module SourceCodeAccess (186)
[2024.09.13-15.42.30:546][156]LogModuleManager: Shutting down and abandoning module HeadMountedDisplay (184)
[2024.09.13-15.42.30:546][156]LogModuleManager: Shutting down and abandoning module XAudio2 (182)
[2024.09.13-15.42.30:546][156]LogModuleManager: Shutting down and abandoning module Networking (180)
[2024.09.13-15.42.30:546][156]LogModuleManager: Shutting down and abandoning module Core (178)
[2024.09.13-15.42.30:546][156]LogModuleManager: Shutting down and abandoning module KismetCompiler (176)
[2024.09.13-15.42.30:546][156]LogModuleManager: Shutting down and abandoning module MeshUtilities (174)
[2024.09.13-15.42.30:546][156]LogModuleManager: Shutting down and abandoning module MeshMergeUtilities (173)
[2024.09.13-15.42.30:546][156]LogModuleManager: Shutting down and abandoning module MeshReductionInterface (172)
[2024.09.13-15.42.30:546][156]LogModuleManager: Shutting down and abandoning module SkeletalMeshReduction (171)
[2024.09.13-15.42.30:546][156]LogModuleManager: Shutting down and abandoning module ProxyLODMeshReduction (169)
[2024.09.13-15.42.30:546][156]LogModuleManager: Shutting down and abandoning module QuadricMeshReduction (167)
[2024.09.13-15.42.30:546][156]LogModuleManager: Shutting down and abandoning module MaterialBaking (163)
[2024.09.13-15.42.30:546][156]LogModuleManager: Shutting down and abandoning module DerivedDataCache (158)
[2024.09.13-15.42.30:999][156]LogDerivedDataCache: Shutdown
[2024.09.13-15.42.30:999][156]LogModuleManager: Shutting down and abandoning module XGEController (156)
[2024.09.13-15.42.30:999][156]LogModuleManager: Shutting down and abandoning module TargetPlatform (154)
[2024.09.13-15.42.30:999][156]LogModuleManager: Shutting down and abandoning module VulkanShaderFormat (153)
[2024.09.13-15.42.30:999][156]LogModuleManager: Shutting down and abandoning module ShaderFormatVectorVM (151)
[2024.09.13-15.42.30:999][156]LogModuleManager: Shutting down and abandoning module ShaderFormatOpenGL (149)
[2024.09.13-15.42.30:999][156]LogModuleManager: Shutting down and abandoning module ShaderFormatD3D (147)
[2024.09.13-15.42.30:999][156]LogModuleManager: Shutting down and abandoning module MetalShaderFormat (145)
[2024.09.13-15.42.30:999][156]LogModuleManager: Shutting down and abandoning module TextureFormatUncompressed (143)
[2024.09.13-15.42.30:999][156]LogModuleManager: Shutting down and abandoning module TextureFormatPVR (141)
[2024.09.13-15.42.30:999][156]LogModuleManager: Shutting down and abandoning module TextureFormatDXT (139)
[2024.09.13-15.42.31:000][156]LogModuleManager: Shutting down and abandoning module TextureFormatIntelISPCTexComp (137)
[2024.09.13-15.42.31:000][156]LogModuleManager: Shutting down and abandoning module TextureFormatASTC (135)
[2024.09.13-15.42.31:000][156]LogModuleManager: Shutting down and abandoning module ImageWrapper (134)
[2024.09.13-15.42.31:000][156]LogModuleManager: Shutting down and abandoning module TextureFormatAndroid (131)
[2024.09.13-15.42.31:000][156]LogModuleManager: Shutting down and abandoning module AudioFormatOpus (129)
[2024.09.13-15.42.31:000][156]LogModuleManager: Shutting down and abandoning module AudioFormatOgg (127)
[2024.09.13-15.42.31:000][156]LogModuleManager: Shutting down and abandoning module AudioFormatADPCM (125)
[2024.09.13-15.42.31:000][156]LogModuleManager: Shutting down and abandoning module LuminTargetPlatform (123)
[2024.09.13-15.42.31:000][156]LogModuleManager: Shutting down and abandoning module LinuxTargetPlatform (121)
[2024.09.13-15.42.31:001][156]LogModuleManager: Shutting down and abandoning module LinuxServerTargetPlatform (119)
[2024.09.13-15.42.31:001][156]LogModuleManager: Shutting down and abandoning module LinuxNoEditorTargetPlatform (117)
[2024.09.13-15.42.31:001][156]LogModuleManager: Shutting down and abandoning module LinuxClientTargetPlatform (115)
[2024.09.13-15.42.31:001][156]LogModuleManager: Shutting down and abandoning module TVOSTargetPlatform (113)
[2024.09.13-15.42.31:001][156]LogModuleManager: Shutting down and abandoning module Messaging (111)
[2024.09.13-15.42.31:001][156]LogModuleManager: Shutting down and abandoning module IOSTargetPlatform (109)
[2024.09.13-15.42.31:002][156]LogModuleManager: Shutting down and abandoning module HTML5TargetPlatform (107)
[2024.09.13-15.42.31:002][156]LogModuleManager: Shutting down and abandoning module AndroidTargetPlatform (105)
[2024.09.13-15.42.31:008][156]LogModuleManager: Shutting down and abandoning module WindowsTargetPlatform (103)
[2024.09.13-15.42.31:008][156]LogModuleManager: Shutting down and abandoning module WindowsServerTargetPlatform (101)
[2024.09.13-15.42.31:008][156]LogModuleManager: Shutting down and abandoning module WindowsNoEditorTargetPlatform (99)
[2024.09.13-15.42.31:008][156]LogModuleManager: Shutting down and abandoning module WindowsClientTargetPlatform (97)
[2024.09.13-15.42.31:008][156]LogModuleManager: Shutting down and abandoning module MacTargetPlatform (95)
[2024.09.13-15.42.31:008][156]LogModuleManager: Shutting down and abandoning module MacServerTargetPlatform (93)
[2024.09.13-15.42.31:008][156]LogModuleManager: Shutting down and abandoning module MacNoEditorTargetPlatform (91)
[2024.09.13-15.42.31:008][156]LogModuleManager: Shutting down and abandoning module MacClientTargetPlatform (89)
[2024.09.13-15.42.31:008][156]LogModuleManager: Shutting down and abandoning module AllDesktopTargetPlatform (87)
[2024.09.13-15.42.31:008][156]LogModuleManager: Shutting down and abandoning module InputCore (84)
[2024.09.13-15.42.31:008][156]LogModuleManager: Shutting down and abandoning module Settings (82)
[2024.09.13-15.42.31:008][156]LogModuleManager: Shutting down and abandoning module DirectoryWatcher (80)
[2024.09.13-15.42.31:008][156]LogModuleManager: Shutting down and abandoning module PhysXCooking (78)
[2024.09.13-15.42.31:008][156]LogModuleManager: Shutting down and abandoning module SteamVR (76)
[2024.09.13-15.42.31:008][156]LogHMD: Freeing OpenVRDLLHandle.
[2024.09.13-15.42.31:008][156]LogModuleManager: Shutting down and abandoning module OculusHMD (74)
[2024.09.13-15.42.31:008][156]LogModuleManager: Shutting down and abandoning module ExampleDeviceProfileSelector (72)
[2024.09.13-15.42.31:008][156]LogModuleManager: Shutting down and abandoning module LauncherChunkInstaller (70)
[2024.09.13-15.42.31:008][156]LogModuleManager: Shutting down and abandoning module OnlineBlueprintSupport (68)
[2024.09.13-15.42.31:008][156]LogModuleManager: Shutting down and abandoning module OnlineSubsystem (64)
[2024.09.13-15.42.31:010][156]LogModuleManager: Shutting down and abandoning module XMPP (59)
[2024.09.13-15.42.31:010][156]LogModuleManager: Shutting down and abandoning module WebSockets (58)
[2024.09.13-15.42.31:031][156]LogModuleManager: Shutting down and abandoning module HTTP (55)
[2024.09.13-15.42.31:031][156]LogHttp: Display: Http module shutting down, but needs to wait on 1 outstanding Http requests:
[2024.09.13-15.42.31:031][156]LogHttp: Display: 	verb=[POST] url=[https://datarouter.ol.epicgames.com/datarouter/api/v1/public/data?SessionID=%7BBC43895B-49BB-58EF-91DD-7E9BA457DB3B%7D&AppID=UEEditor.Rocket.Release&AppVersion=4.22.3-7053642%2B%2B%2BUE4%2BRelease-4.22&UserID=61a20e894c191ddc0bc1d9921c3993e3%7C5e24b9ba359d4348bc12cee7976f4f09%7C2eec299e-b4e7-48e1-9029-50d08f7b00c9&AppEnvironment=datacollector-binary&UploadType=eteventstream] status=Processing
[2024.09.13-15.42.31:050][156]LogModuleManager: Shutting down and abandoning module SSL (54)
[2024.09.13-15.42.31:051][156]LogModuleManager: Shutting down and abandoning module WmfMedia (50)
[2024.09.13-15.42.31:052][156]LogModuleManager: Shutting down and abandoning module Media (49)
[2024.09.13-15.42.31:059][156]LogModuleManager: Shutting down and abandoning module MagicLeap (46)
[2024.09.13-15.42.31:059][156]LogModuleManager: Shutting down and abandoning module NiagaraVertexFactories (44)
[2024.09.13-15.42.31:059][156]LogModuleManager: Shutting down and abandoning module NiagaraShader (42)
[2024.09.13-15.42.31:059][156]LogModuleManager: Shutting down and abandoning module DatasmithContent (40)
[2024.09.13-15.42.31:059][156]LogModuleManager: Shutting down and abandoning module AnimationModifiers (38)
[2024.09.13-15.42.31:059][156]LogModuleManager: Shutting down and abandoning module PropertyEditor (37)
[2024.09.13-15.42.31:059][156]LogModuleManager: Shutting down and abandoning module AudioEditor (34)
[2024.09.13-15.42.31:059][156]LogModuleManager: Shutting down and abandoning module TextureCompressor (32)
[2024.09.13-15.42.31:059][156]LogModuleManager: Shutting down and abandoning module RenderCore (30)
[2024.09.13-15.42.31:059][156]LogModuleManager: Shutting down and abandoning module Landscape (28)
[2024.09.13-15.42.31:059][156]LogModuleManager: Shutting down and abandoning module SlateRHIRenderer (26)
[2024.09.13-15.42.31:061][156]LogModuleManager: Shutting down and abandoning module OpenGLDrv (24)
[2024.09.13-15.42.31:061][156]LogModuleManager: Shutting down and abandoning module D3D11RHI (22)
[2024.09.13-15.42.31:061][156]LogModuleManager: Shutting down and abandoning module AnimGraphRuntime (20)
[2024.09.13-15.42.31:061][156]LogModuleManager: Shutting down and abandoning module Renderer (18)
[2024.09.13-15.42.31:061][156]LogModuleManager: Shutting down and abandoning module Engine (16)
[2024.09.13-15.42.31:061][156]LogModuleManager: Shutting down and abandoning module CoreUObject (14)
[2024.09.13-15.42.31:061][156]LogModuleManager: Shutting down and abandoning module NetworkFile (12)
[2024.09.13-15.42.31:061][156]LogModuleManager: Shutting down and abandoning module CookedIterativeFile (10)
[2024.09.13-15.42.31:061][156]LogModuleManager: Shutting down and abandoning module StreamingFile (8)
[2024.09.13-15.42.31:061][156]LogModuleManager: Shutting down and abandoning module SandboxFile (6)
[2024.09.13-15.42.31:061][156]LogModuleManager: Shutting down and abandoning module PakFile (4)
[2024.09.13-15.42.31:061][156]LogModuleManager: Shutting down and abandoning module RSA (3)
[2024.09.13-15.42.31:082][156]LogExit: Exiting.
[2024.09.13-15.42.31:089][156]Log file closed, 09/13/24 23:42:31
